[2022/11/24 22:08:17][INFO][][0] 工作路径已切换到 d:\rpa机器人\百纳\
[2022/11/24 22:08:17][INFO][流程块4.task][0] 流程 流程块4.task 开始运行
[2022/11/24 22:08:17][INFO][流程块4.task][1] 
[2022/11/24 22:08:36][INFO][流程块4.task][71] [
	"0"
]
[2022/11/24 22:08:36][INFO][流程块4.task][71] [
	"0"
]
[2022/11/24 22:08:36][INFO][流程块4.task][71] [
	"0"
]
[2022/11/24 22:08:36][INFO][流程块4.task][71] [
	"0"
]
[2022/11/24 22:08:36][INFO][流程块4.task][71] [
	"513211"
]
[2022/11/24 22:08:36][INFO][流程块4.task][75] [
	"200.00"
]
[2022/11/24 22:08:41][INFO][流程块4.task][71] [
	"0"
]
[2022/11/24 22:08:41][INFO][流程块4.task][71] [
	"0"
]
[2022/11/24 22:08:41][INFO][流程块4.task][71] [
	"0"
]
[2022/11/24 22:08:41][INFO][流程块4.task][71] [
	"0"
]
[2022/11/24 22:08:41][INFO][流程块4.task][71] [
	"0"
]
[2022/11/24 22:08:41][INFO][流程块4.task][71] [
	"0"
]
[2022/11/24 22:08:41][INFO][流程块4.task][71] [
	"0"
]
[2022/11/24 22:08:41][INFO][流程块4.task][71] [
	"0"
]
[2022/11/24 22:08:41][INFO][流程块4.task][71] [
	"0"
]
[2022/11/24 22:08:41][INFO][流程块4.task][71] [
	"0"
]
[2022/11/24 22:08:41][INFO][流程块4.task][71] [
	"0"
]
[2022/11/24 22:08:41][INFO][流程块4.task][71] [
	"0"
]
[2022/11/24 22:08:41][INFO][流程块4.task][71] [
	"0"
]
[2022/11/24 22:08:41][INFO][流程块4.task][71] [
	"0"
]
[2022/11/24 22:08:41][INFO][流程块4.task][71] [
	"517596"
]
[2022/11/24 22:08:41][INFO][流程块4.task][75] [
	"500.00"
]
[2022/11/24 22:08:47][INFO][流程块4.task][71] [
	"0"
]
[2022/11/24 22:08:47][INFO][流程块4.task][71] [
	"0"
]
[2022/11/24 22:08:47][INFO][流程块4.task][71] [
	"0"
]
[2022/11/24 22:08:47][INFO][流程块4.task][71] [
	"517660-0002"
]
[2022/11/24 22:08:47][INFO][流程块4.task][75] [
	"100.00"
]
[2022/11/24 22:08:47][INFO][流程块4.task][94] false
[2022/11/24 22:08:52][INFO][流程块4.task][71] [
	"0"
]
[2022/11/24 22:08:52][INFO][流程块4.task][71] [
	"0"
]
[2022/11/24 22:08:52][INFO][流程块4.task][71] [
	"0"
]
[2022/11/24 22:08:52][INFO][流程块4.task][71] [
	"0"
]
[2022/11/24 22:08:52][INFO][流程块4.task][71] [
	"0"
]
[2022/11/24 22:08:52][INFO][流程块4.task][71] [
	"0"
]
[2022/11/24 22:08:52][INFO][流程块4.task][71] [
	"0"
]
[2022/11/24 22:08:52][INFO][流程块4.task][71] [
	"0"
]
[2022/11/24 22:08:52][INFO][流程块4.task][71] [
	"0"
]
[2022/11/24 22:08:52][INFO][流程块4.task][71] [
	"0"
]
[2022/11/24 22:08:52][INFO][流程块4.task][71] [
	"0"
]
[2022/11/24 22:08:52][INFO][流程块4.task][71] [
	"0"
]
[2022/11/24 22:08:52][INFO][流程块4.task][71] [
	"0"
]
[2022/11/24 22:08:52][INFO][流程块4.task][71] [
	"0"
]
[2022/11/24 22:08:52][INFO][流程块4.task][71] [
	"0"
]
[2022/11/24 22:08:52][INFO][流程块4.task][71] [
	"951322-0021"
]
[2022/11/24 22:08:52][INFO][流程块4.task][75] [
	"600.00"
]
[2022/11/24 22:08:58][INFO][流程块4.task][71] [
	"0"
]
[2022/11/24 22:08:58][INFO][流程块4.task][71] [
	"0"
]
[2022/11/24 22:08:58][INFO][流程块4.task][71] [
	"0"
]
[2022/11/24 22:08:58][INFO][流程块4.task][71] [
	"0"
]
[2022/11/24 22:08:58][INFO][流程块4.task][71] [
	"0"
]
[2022/11/24 22:08:58][INFO][流程块4.task][71] [
	"0"
]
[2022/11/24 22:08:58][INFO][流程块4.task][71] [
	"0"
]
[2022/11/24 22:08:58][INFO][流程块4.task][71] [
	"0"
]
[2022/11/24 22:08:58][INFO][流程块4.task][71] [
	"0"
]
[2022/11/24 22:08:58][INFO][流程块4.task][71] [
	"958355-0021"
]
[2022/11/24 22:08:58][INFO][流程块4.task][75] [
	"600.00"
]
[2022/11/24 22:08:58][INFO][流程块4.task][94] false
[2022/11/24 22:09:03][INFO][流程块4.task][94] false
[2022/11/24 22:09:09][INFO][流程块4.task][94] false
[2022/11/24 22:09:14][INFO][流程块4.task][94] false
[2022/11/24 22:09:20][INFO][流程块4.task][71] [
	"0"
]
[2022/11/24 22:09:20][INFO][流程块4.task][71] [
	"0"
]
[2022/11/24 22:09:20][INFO][流程块4.task][71] [
	"0"
]
[2022/11/24 22:09:20][INFO][流程块4.task][71] [
	"959772"
]
[2022/11/24 22:09:20][INFO][流程块4.task][75] [
	"707.00"
]
[2022/11/24 22:09:25][INFO][流程块4.task][71] [
	"0"
]
[2022/11/24 22:09:25][INFO][流程块4.task][71] [
	"0"
]
[2022/11/24 22:09:25][INFO][流程块4.task][71] [
	"960238-0002"
]
[2022/11/24 22:09:25][INFO][流程块4.task][75] [
	"100.00"
]
[2022/11/24 22:09:25][INFO][流程块4.task][94] false
[2022/11/24 22:09:30][INFO][流程块4.task][94] false
[2022/11/24 22:09:36][INFO][流程块4.task][71] [
	"0"
]
[2022/11/24 22:09:36][INFO][流程块4.task][71] [
	"0"
]
[2022/11/24 22:09:36][INFO][流程块4.task][71] [
	"0"
]
[2022/11/24 22:09:36][INFO][流程块4.task][71] [
	"0"
]
[2022/11/24 22:09:36][INFO][流程块4.task][71] [
	"0"
]
[2022/11/24 22:09:36][INFO][流程块4.task][71] [
	"WX00001897-0001"
]
[2022/11/24 22:09:36][INFO][流程块4.task][75] [
	"754.00"
]
[2022/11/24 22:09:41][INFO][流程块4.task][71] [
	"0"
]
[2022/11/24 22:09:41][INFO][流程块4.task][71] [
	"0"
]
[2022/11/24 22:09:41][INFO][流程块4.task][71] [
	"0"
]
[2022/11/24 22:09:41][INFO][流程块4.task][71] [
	"0"
]
[2022/11/24 22:09:41][INFO][流程块4.task][71] [
	"WX00007966"
]
[2022/11/24 22:09:41][INFO][流程块4.task][75] [
	"700.00"
]
[2022/11/24 22:09:47][INFO][流程块4.task][71] [
	"0"
]
[2022/11/24 22:09:47][INFO][流程块4.task][71] [
	"0"
]
[2022/11/24 22:09:47][INFO][流程块4.task][71] [
	"0"
]
[2022/11/24 22:09:47][INFO][流程块4.task][71] [
	"0"
]
[2022/11/24 22:09:47][INFO][流程块4.task][71] [
	"WX00017212-0020"
]
[2022/11/24 22:09:47][INFO][流程块4.task][75] [
	"275.00"
]
[2022/11/24 22:09:47][INFO][流程块4.task][94] false
[2022/11/24 22:09:52][INFO][流程块4.task][71] [
	"0"
]
[2022/11/24 22:09:52][INFO][流程块4.task][71] [
	"0"
]
[2022/11/24 22:09:52][INFO][流程块4.task][71] [
	"WX00022546"
]
[2022/11/24 22:09:52][INFO][流程块4.task][75] [
	"200.00"
]
[2022/11/24 22:09:57][INFO][流程块4.task][71] [
	"0"
]
[2022/11/24 22:09:57][INFO][流程块4.task][71] [
	"0"
]
[2022/11/24 22:09:57][INFO][流程块4.task][71] [
	"WX00038873"
]
[2022/11/24 22:09:57][INFO][流程块4.task][75] [
	"200.00"
]
[2022/11/24 22:09:57][INFO][流程块4.task][94] false
[2022/11/24 22:10:03][INFO][流程块4.task][71] [
	"0"
]
[2022/11/24 22:10:03][INFO][流程块4.task][71] [
	"WX00041068"
]
[2022/11/24 22:10:03][INFO][流程块4.task][75] [
	"200.00"
]
[2022/11/24 22:10:08][INFO][流程块4.task][71] [
	"WX00041769"
]
[2022/11/24 22:10:08][INFO][流程块4.task][75] [
	"200.00"
]
[2022/11/24 22:10:08][INFO][流程块4.task][94] false
[2022/11/24 22:10:13][INFO][流程块4.task][71] [
	"0"
]
[2022/11/24 22:10:13][INFO][流程块4.task][71] [
	"0"
]
[2022/11/24 22:10:13][INFO][流程块4.task][71] [
	"0"
]
[2022/11/24 22:10:13][INFO][流程块4.task][71] [
	"0"
]
[2022/11/24 22:10:13][INFO][流程块4.task][71] [
	"0"
]
[2022/11/24 22:10:13][INFO][流程块4.task][71] [
	"0"
]
[2022/11/24 22:10:13][INFO][流程块4.task][71] [
	"0"
]
[2022/11/24 22:10:13][INFO][流程块4.task][71] [
	"0"
]
[2022/11/24 22:10:13][INFO][流程块4.task][71] [
	"0"
]
[2022/11/24 22:10:13][INFO][流程块4.task][71] [
	"0"
]
[2022/11/24 22:10:13][INFO][流程块4.task][71] [
	"0"
]
[2022/11/24 22:10:13][INFO][流程块4.task][71] [
	"0"
]
[2022/11/24 22:10:13][INFO][流程块4.task][71] [
	"0"
]
[2022/11/24 22:10:13][INFO][流程块4.task][71] [
	"0"
]
[2022/11/24 22:10:13][INFO][流程块4.task][71] [
	"0"
]
[2022/11/24 22:10:13][INFO][流程块4.task][71] [
	"WX00064839"
]
[2022/11/24 22:10:13][INFO][流程块4.task][75] [
	"56.00"
]
[2022/11/24 22:10:13][INFO][流程块4.task][94] false
[2022/11/24 22:10:19][INFO][流程块4.task][71] [
	"0"
]
[2022/11/24 22:10:19][INFO][流程块4.task][71] [
	"0"
]
[2022/11/24 22:10:19][INFO][流程块4.task][71] [
	"0"
]
[2022/11/24 22:10:19][INFO][流程块4.task][71] [
	"0"
]
[2022/11/24 22:10:19][INFO][流程块4.task][71] [
	"0"
]
[2022/11/24 22:10:19][INFO][流程块4.task][71] [
	"0"
]
[2022/11/24 22:10:19][INFO][流程块4.task][71] [
	"0"
]
[2022/11/24 22:10:19][INFO][流程块4.task][71] [
	"WX00069992"
]
[2022/11/24 22:10:19][INFO][流程块4.task][75] [
	"500.00"
]
[2022/11/24 22:10:24][INFO][流程块4.task][71] [
	"0"
]
[2022/11/24 22:10:24][INFO][流程块4.task][71] [
	"0"
]
[2022/11/24 22:10:24][INFO][流程块4.task][71] [
	"0"
]
[2022/11/24 22:10:24][INFO][流程块4.task][71] [
	"0"
]
[2022/11/24 22:10:24][INFO][流程块4.task][71] [
	"0"
]
[2022/11/24 22:10:24][INFO][流程块4.task][71] [
	"0"
]
[2022/11/24 22:10:24][INFO][流程块4.task][71] [
	"WX00073797-0002"
]
[2022/11/24 22:10:24][INFO][流程块4.task][75] [
	"100.00"
]
[2022/11/24 22:10:24][INFO][流程块4.task][94] false
[2022/11/24 22:10:30][INFO][流程块4.task][94] false
[2022/11/24 22:10:35][INFO][流程块4.task][71] [
	"0"
]
[2022/11/24 22:10:35][INFO][流程块4.task][71] [
	"0"
]
[2022/11/24 22:10:35][INFO][流程块4.task][71] [
	"0"
]
[2022/11/24 22:10:35][INFO][流程块4.task][71] [
	"0"
]
[2022/11/24 22:10:35][INFO][流程块4.task][71] [
	"WX00078656-0001"
]
[2022/11/24 22:10:35][INFO][流程块4.task][75] [
	"1000.00"
]
[2022/11/24 22:10:41][INFO][流程块4.task][71] [
	"0"
]
[2022/11/24 22:10:41][INFO][流程块4.task][71] [
	"0"
]
[2022/11/24 22:10:41][INFO][流程块4.task][71] [
	"0"
]
[2022/11/24 22:10:41][INFO][流程块4.task][71] [
	"0"
]
[2022/11/24 22:10:41][INFO][流程块4.task][71] [
	"0"
]
[2022/11/24 22:10:41][INFO][流程块4.task][71] [
	"0"
]
[2022/11/24 22:10:41][INFO][流程块4.task][71] [
	"0"
]
[2022/11/24 22:10:41][INFO][流程块4.task][71] [
	"WX00081350-0002"
]
[2022/11/24 22:10:41][INFO][流程块4.task][75] [
	"100.00"
]
[2022/11/24 22:10:41][INFO][流程块4.task][94] false
[2022/11/24 22:10:46][INFO][流程块4.task][94] false
[2022/11/24 22:10:52][INFO][流程块4.task][71] [
	"0"
]
[2022/11/24 22:10:52][INFO][流程块4.task][71] [
	"0"
]
[2022/11/24 22:10:52][INFO][流程块4.task][71] [
	"0"
]
[2022/11/24 22:10:52][INFO][流程块4.task][71] [
	"0"
]
[2022/11/24 22:10:53][INFO][流程块4.task][0] 流程块4.task 运行已结束
