[2022/11/28 23:24:08][INFO][][0] 工作路径已切换到 d:\rpa机器人\百纳\
[2022/11/28 23:24:08][INFO][流程块4.task][0] 流程 流程块4.task 开始运行
[2022/11/28 23:24:08][INFO][流程块4.task][1] 
[2022/11/28 23:24:22][INFO][流程块4.task][71] [
	"0"
]
[2022/11/28 23:24:22][INFO][流程块4.task][71] [
	"0"
]
[2022/11/28 23:24:22][INFO][流程块4.task][71] [
	"0"
]
[2022/11/28 23:24:22][INFO][流程块4.task][71] [
	"0"
]
[2022/11/28 23:24:22][INFO][流程块4.task][71] [
	"0"
]
[2022/11/28 23:24:22][INFO][流程块4.task][71] [
	"516316-0004"
]
[2022/11/28 23:24:22][INFO][流程块4.task][75] [
	"1000.00"
]
[2022/11/28 23:24:22][INFO][流程块4.task][94] false
[2022/11/28 23:24:27][INFO][流程块4.task][71] [
	"0"
]
[2022/11/28 23:24:27][INFO][流程块4.task][71] [
	"0"
]
[2022/11/28 23:24:27][INFO][流程块4.task][71] [
	"0"
]
[2022/11/28 23:24:27][INFO][流程块4.task][71] [
	"0"
]
[2022/11/28 23:24:27][INFO][流程块4.task][71] [
	"0"
]
[2022/11/28 23:24:27][INFO][流程块4.task][71] [
	"0"
]
[2022/11/28 23:24:27][INFO][流程块4.task][71] [
	"0"
]
[2022/11/28 23:24:27][INFO][流程块4.task][71] [
	"517759-0005"
]
[2022/11/28 23:24:27][INFO][流程块4.task][75] [
	"550.00"
]
[2022/11/28 23:24:27][INFO][流程块4.task][94] false
[2022/11/28 23:24:32][INFO][流程块4.task][94] false
[2022/11/28 23:24:38][INFO][流程块4.task][94] false
[2022/11/28 23:24:43][INFO][流程块4.task][94] false
[2022/11/28 23:24:49][INFO][流程块4.task][94] false
[2022/11/28 23:24:55][INFO][流程块4.task][71] [
	"0"
]
[2022/11/28 23:24:55][INFO][流程块4.task][71] [
	"901705"
]
[2022/11/28 23:24:55][INFO][流程块4.task][75] [
	"194.00"
]
[2022/11/28 23:24:55][INFO][流程块4.task][94] false
[2022/11/28 23:24:59][INFO][流程块4.task][71] [
	"0"
]
[2022/11/28 23:24:59][INFO][流程块4.task][71] [
	"903612-0001"
]
[2022/11/28 23:24:59][INFO][流程块4.task][75] [
	"600.00"
]
[2022/11/28 23:24:59][INFO][流程块4.task][94] false
[2022/11/28 23:25:05][INFO][流程块4.task][71] [
	"0"
]
[2022/11/28 23:25:05][INFO][流程块4.task][71] [
	"0"
]
[2022/11/28 23:25:05][INFO][流程块4.task][71] [
	"0"
]
[2022/11/28 23:25:05][INFO][流程块4.task][71] [
	"0"
]
[2022/11/28 23:25:05][INFO][流程块4.task][71] [
	"0"
]
[2022/11/28 23:25:05][INFO][流程块4.task][71] [
	"0"
]
[2022/11/28 23:25:05][INFO][流程块4.task][71] [
	"0"
]
[2022/11/28 23:25:05][INFO][流程块4.task][71] [
	"0"
]
[2022/11/28 23:25:05][INFO][流程块4.task][71] [
	"0"
]
[2022/11/28 23:25:05][INFO][流程块4.task][71] [
	"0"
]
[2022/11/28 23:25:05][INFO][流程块4.task][71] [
	"0"
]
[2022/11/28 23:25:05][INFO][流程块4.task][71] [
	"0"
]
[2022/11/28 23:25:05][INFO][流程块4.task][71] [
	"0"
]
[2022/11/28 23:25:05][INFO][流程块4.task][71] [
	"0"
]
[2022/11/28 23:25:05][INFO][流程块4.task][71] [
	"0"
]
[2022/11/28 23:25:05][INFO][流程块4.task][71] [
	"0"
]
[2022/11/28 23:25:05][INFO][流程块4.task][71] [
	"0"
]
[2022/11/28 23:25:05][INFO][流程块4.task][71] [
	"0"
]
[2022/11/28 23:25:05][INFO][流程块4.task][71] [
	"0"
]
[2022/11/28 23:25:05][INFO][流程块4.task][71] [
	"0"
]
[2022/11/28 23:25:05][INFO][流程块4.task][71] [
	"0"
]
[2022/11/28 23:25:05][INFO][流程块4.task][71] [
	"0"
]
[2022/11/28 23:25:05][INFO][流程块4.task][71] [
	"0"
]
[2022/11/28 23:25:05][INFO][流程块4.task][71] [
	"0"
]
[2022/11/28 23:25:06][INFO][流程块4.task][71] [
	"0"
]
[2022/11/28 23:25:06][INFO][流程块4.task][71] [
	"960371-0001"
]
[2022/11/28 23:25:06][INFO][流程块4.task][75] [
	"942.00"
]
[2022/11/28 23:25:11][INFO][流程块4.task][71] [
	"0"
]
[2022/11/28 23:25:11][INFO][流程块4.task][71] [
	"WX00001897-0001"
]
[2022/11/28 23:25:11][INFO][流程块4.task][75] [
	"376.00"
]
[2022/11/28 23:25:16][INFO][流程块4.task][71] [
	"0"
]
[2022/11/28 23:25:16][INFO][流程块4.task][71] [
	"0"
]
[2022/11/28 23:25:16][INFO][流程块4.task][71] [
	"0"
]
[2022/11/28 23:25:16][INFO][流程块4.task][71] [
	"WX00007824-0002"
]
[2022/11/28 23:25:16][INFO][流程块4.task][75] [
	"1000.00"
]
[2022/11/28 23:25:22][INFO][流程块4.task][71] [
	"WX00009123"
]
[2022/11/28 23:25:22][INFO][流程块4.task][75] [
	"200.00"
]
[2022/11/28 23:25:22][INFO][流程块4.task][94] false
[2022/11/28 23:25:27][INFO][流程块4.task][71] [
	"0"
]
[2022/11/28 23:25:27][INFO][流程块4.task][71] [
	"WX00012169-0002"
]
[2022/11/28 23:25:27][INFO][流程块4.task][75] [
	"100.00"
]
[2022/11/28 23:25:27][INFO][流程块4.task][94] false
[2022/11/28 23:25:33][INFO][流程块4.task][71] [
	"0"
]
[2022/11/28 23:25:33][INFO][流程块4.task][71] [
	"0"
]
[2022/11/28 23:25:33][INFO][流程块4.task][71] [
	"0"
]
[2022/11/28 23:25:33][INFO][流程块4.task][71] [
	"0"
]
[2022/11/28 23:25:33][INFO][流程块4.task][71] [
	"WX00015005"
]
[2022/11/28 23:25:33][INFO][流程块4.task][75] [
	"789.00"
]
[2022/11/28 23:25:38][INFO][流程块4.task][71] [
	"0"
]
[2022/11/28 23:25:38][INFO][流程块4.task][71] [
	"0"
]
[2022/11/28 23:25:38][INFO][流程块4.task][71] [
	"0"
]
[2022/11/28 23:25:38][INFO][流程块4.task][71] [
	"0"
]
[2022/11/28 23:25:38][INFO][流程块4.task][71] [
	"0"
]
[2022/11/28 23:25:38][INFO][流程块4.task][71] [
	"0"
]
[2022/11/28 23:25:38][INFO][流程块4.task][71] [
	"0"
]
[2022/11/28 23:25:38][INFO][流程块4.task][71] [
	"0"
]
[2022/11/28 23:25:38][INFO][流程块4.task][71] [
	"0"
]
[2022/11/28 23:25:38][INFO][流程块4.task][71] [
	"0"
]
[2022/11/28 23:25:38][INFO][流程块4.task][71] [
	"WX00045894"
]
[2022/11/28 23:25:38][INFO][流程块4.task][75] [
	"184.00"
]
[2022/11/28 23:25:38][INFO][流程块4.task][94] false
[2022/11/28 23:25:44][INFO][流程块4.task][71] [
	"0"
]
[2022/11/28 23:25:44][INFO][流程块4.task][71] [
	"0"
]
[2022/11/28 23:25:44][INFO][流程块4.task][71] [
	"0"
]
[2022/11/28 23:25:44][INFO][流程块4.task][71] [
	"0"
]
[2022/11/28 23:25:44][INFO][流程块4.task][71] [
	"0"
]
[2022/11/28 23:25:44][INFO][流程块4.task][71] [
	"WX00056659-0003"
]
[2022/11/28 23:25:44][INFO][流程块4.task][75] [
	"150.00"
]
[2022/11/28 23:25:44][INFO][流程块4.task][94] false
[2022/11/28 23:25:49][INFO][流程块4.task][94] false
[2022/11/28 23:25:55][INFO][流程块4.task][94] false
[2022/11/28 23:26:00][INFO][流程块4.task][94] false
[2022/11/28 23:26:06][INFO][流程块4.task][71] [
	"0"
]
[2022/11/28 23:26:06][INFO][流程块4.task][71] [
	"0"
]
[2022/11/28 23:26:06][INFO][流程块4.task][71] [
	"0"
]
[2022/11/28 23:26:06][INFO][流程块4.task][71] [
	"0"
]
[2022/11/28 23:26:06][INFO][流程块4.task][71] [
	"0"
]
[2022/11/28 23:26:06][INFO][流程块4.task][71] [
	"WX00064264-0002"
]
[2022/11/28 23:26:06][INFO][流程块4.task][75] [
	"100.00"
]
[2022/11/28 23:26:06][INFO][流程块4.task][94] false
[2022/11/28 23:26:11][INFO][流程块4.task][94] false
[2022/11/28 23:26:17][INFO][流程块4.task][94] false
[2022/11/28 23:26:22][INFO][流程块4.task][71] [
	"0"
]
[2022/11/28 23:26:22][INFO][流程块4.task][71] [
	"0"
]
[2022/11/28 23:26:22][INFO][流程块4.task][71] [
	"0"
]
[2022/11/28 23:26:22][INFO][流程块4.task][71] [
	"0"
]
[2022/11/28 23:26:22][INFO][流程块4.task][71] [
	"0"
]
[2022/11/28 23:26:22][INFO][流程块4.task][71] [
	"0"
]
[2022/11/28 23:26:22][INFO][流程块4.task][71] [
	"0"
]
[2022/11/28 23:26:22][INFO][流程块4.task][71] [
	"WX00078221-0002"
]
[2022/11/28 23:26:22][INFO][流程块4.task][75] [
	"1000.00"
]
[2022/11/28 23:26:22][INFO][流程块4.task][94] false
[2022/11/28 23:26:28][INFO][流程块4.task][94] false
[2022/11/28 23:26:33][INFO][流程块4.task][94] false
[2022/11/28 23:26:39][INFO][流程块4.task][94] true
[2022/11/28 23:26:39][INFO][流程块4.task][71] [
	"0"
]
[2022/11/28 23:26:39][INFO][流程块4.task][71] [
	"0"
]
[2022/11/28 23:26:39][INFO][流程块4.task][71] [
	"0"
]
[2022/11/28 23:26:39][INFO][流程块4.task][71] [
	"0"
]
[2022/11/28 23:26:39][INFO][流程块4.task][71] [
	"0"
]
[2022/11/28 23:26:39][INFO][流程块4.task][71] [
	"0"
]
[2022/11/28 23:26:39][INFO][流程块4.task][71] [
	"WX00081039"
]
[2022/11/28 23:26:39][INFO][流程块4.task][75] [
	"84.00"
]
[2022/11/28 23:26:39][INFO][流程块4.task][94] false
[2022/11/28 23:26:44][INFO][流程块4.task][71] [
	"WX00081391-0002"
]
[2022/11/28 23:26:44][INFO][流程块4.task][75] [
	"100.00"
]
[2022/11/28 23:26:44][INFO][流程块4.task][94] false
[2022/11/28 23:26:50][INFO][流程块4.task][94] false
[2022/11/28 23:26:55][INFO][流程块4.task][71] [
	"0"
]
[2022/11/28 23:26:55][INFO][流程块4.task][71] [
	"0"
]
[2022/11/28 23:26:55][INFO][流程块4.task][71] [
	"0"
]
[2022/11/28 23:26:56][INFO][流程块4.task][0] 流程块4.task 运行已结束
