[2022/10/26 15:35:31][INFO][][0] 工作路径已切换到 d:\rpa机器人\百纳\
[2022/10/26 15:35:31][INFO][流程块.task][0] 流程 流程块.task 开始运行
[2022/10/26 15:35:31][INFO][流程块.task][18] 进入
[2022/10/26 15:36:06][INFO][流程块.task][98] [
	[
		"",
		"956703",
		"",
		"",
		"956703",
		"",
		"百纳会员/一卡通",
		"",
		"",
		"汇款",
		"4770",
		"",
		"16502",
		"TYWGL",
		"吕秀兰",
		"2022-10-25 00:00:00",
		2.49375,
		""
	],
	[
		"",
		"956703",
		"",
		"",
		"956703",
		"",
		"百纳会员/一卡通",
		"",
		"",
		"储值卡赠",
		"",
		"239",
		"16741",
		"TYWGL",
		"充值返现2K-",
		"2022-10-25 00:00:00",
		2.49375,
		""
	],
	[
		"",
		"959269",
		"",
		"",
		"董洪晓",
		"",
		"百纳会员/一卡通",
		"",
		"",
		"人民币现",
		"900",
		"",
		"900",
		"PLQT",
		" ",
		"2022-10-25 00:00:00",
		2.42361111111111,
		""
	],
	[
		"",
		"959269",
		"",
		"",
		"董洪晓",
		"",
		"百纳会员/一卡通",
		"",
		"",
		"人民币现",
		"900",
		"",
		"1800",
		"PLQT",
		" ",
		"2022-10-25 00:00:00",
		2.42361111111111,
		""
	],
	[
		"",
		"959269",
		"",
		"",
		"董洪晓",
		"",
		"百纳会员/一卡通",
		"",
		"",
		"人民币现",
		"900",
		"",
		"2700",
		"PLQT",
		" ",
		"2022-10-25 00:00:00",
		2.42430555555556,
		""
	],
	[
		"",
		"959269",
		"",
		"",
		"董洪晓",
		"",
		"百纳会员/一卡通",
		"",
		"",
		"人民币现",
		"900",
		"",
		"3600",
		"PLQT",
		" ",
		"2022-10-25 00:00:00",
		2.42430555555556,
		""
	],
	[
		"",
		"959269",
		"",
		"",
		"董洪晓",
		"",
		"百纳会员/一卡通",
		"",
		"",
		"人民币现",
		"900",
		"",
		"4500",
		"PLQT",
		" ",
		"2022-10-25 00:00:00",
		2.42430555555556,
		""
	],
	[
		"",
		"959269",
		"",
		"",
		"董洪晓",
		"",
		"百纳会员/一卡通",
		"",
		"",
		"人民币现",
		"500",
		"",
		"5000",
		"PLQT",
		" ",
		"2022-10-25 00:00:00",
		2.42430555555556,
		""
	],
	[
		"",
		"959270",
		"",
		"",
		"董洪晓",
		"",
		"百纳会员/一卡通",
		"",
		"",
		"人民币现",
		"900",
		"",
		"900",
		"PLQT",
		" ",
		"2022-10-25 00:00:00",
		2.44930555555556,
		""
	],
	[
		"",
		"959270",
		"",
		"",
		"董洪晓",
		"",
		"百纳会员/一卡通",
		"",
		"",
		"人民币现",
		"900",
		"",
		"1800",
		"PLQT",
		" ",
		"2022-10-25 00:00:00",
		2.45,
		""
	],
	[
		"",
		"959270",
		"",
		"",
		"董洪晓",
		"",
		"百纳会员/一卡通",
		"",
		"",
		"人民币现",
		"900",
		"",
		"2700",
		"PLQT",
		" ",
		"2022-10-25 00:00:00",
		2.45,
		""
	],
	[
		"",
		"959270",
		"",
		"",
		"董洪晓",
		"",
		"百纳会员/一卡通",
		"",
		"",
		"人民币现",
		"900",
		"",
		"3600",
		"PLQT",
		" ",
		"2022-10-25 00:00:00",
		2.45,
		""
	],
	[
		"",
		"959270",
		"",
		"",
		"董洪晓",
		"",
		"百纳会员/一卡通",
		"",
		"",
		"人民币现",
		"500",
		"",
		"4100",
		"PLQT",
		" ",
		"2022-10-25 00:00:00",
		2.45,
		""
	],
	[
		"",
		"959270",
		"",
		"",
		"董洪晓",
		"",
		"百纳会员/一卡通",
		"",
		"",
		"人民币现",
		"900",
		"",
		"5000",
		"PLQT",
		" ",
		"2022-10-25 00:00:00",
		2.45069444444444,
		""
	],
	[
		"",
		"959271",
		"",
		"",
		"董洪晓",
		"",
		"百纳会员/一卡通",
		"",
		"",
		"人民币现",
		"900",
		"",
		"900",
		"PLQT",
		" ",
		"2022-10-25 00:00:00",
		2.43958333333333,
		""
	],
	[
		"",
		"959271",
		"",
		"",
		"董洪晓",
		"",
		"百纳会员/一卡通",
		"",
		"",
		"人民币现",
		"900",
		"",
		"1800",
		"PLQT",
		" ",
		"2022-10-25 00:00:00",
		2.43958333333333,
		""
	],
	[
		"",
		"959271",
		"",
		"",
		"董洪晓",
		"",
		"百纳会员/一卡通",
		"",
		"",
		"人民币现",
		"900",
		"",
		"2700",
		"PLQT",
		" ",
		"2022-10-25 00:00:00",
		2.43958333333333,
		""
	],
	[
		"",
		"959271",
		"",
		"",
		"董洪晓",
		"",
		"百纳会员/一卡通",
		"",
		"",
		"人民币现",
		"900",
		"",
		"3600",
		"PLQT",
		" ",
		"2022-10-25 00:00:00",
		2.43958333333333,
		""
	],
	[
		"",
		"959271",
		"",
		"",
		"董洪晓",
		"",
		"百纳会员/一卡通",
		"",
		"",
		"人民币现",
		"900",
		"",
		"4500",
		"PLQT",
		" ",
		"2022-10-25 00:00:00",
		2.44027777777778,
		""
	],
	[
		"",
		"959271",
		"",
		"",
		"董洪晓",
		"",
		"百纳会员/一卡通",
		"",
		"",
		"人民币现",
		"500",
		"",
		"5000",
		"PLQT",
		" ",
		"2022-10-25 00:00:00",
		2.44027777777778,
		""
	],
	[
		"",
		"959272",
		"",
		"",
		"董洪晓",
		"",
		"百纳会员/一卡通",
		"",
		"",
		"人民币现",
		"900",
		"",
		"900",
		"PLQT",
		" ",
		"2022-10-25 00:00:00",
		2.44166666666667,
		""
	],
	[
		"",
		"959272",
		"",
		"",
		"董洪晓",
		"",
		"百纳会员/一卡通",
		"",
		"",
		"人民币现",
		"900",
		"",
		"1800",
		"PLQT",
		" ",
		"2022-10-25 00:00:00",
		2.44166666666667,
		""
	],
	[
		"",
		"959272",
		"",
		"",
		"董洪晓",
		"",
		"百纳会员/一卡通",
		"",
		"",
		"人民币现",
		"900",
		"",
		"2700",
		"PLQT",
		" ",
		"2022-10-25 00:00:00",
		2.44166666666667,
		""
	],
	[
		"",
		"959272",
		"",
		"",
		"董洪晓",
		"",
		"百纳会员/一卡通",
		"",
		"",
		"人民币现",
		"900",
		"",
		"3600",
		"PLQT",
		" ",
		"2022-10-25 00:00:00",
		2.44166666666667,
		""
	],
	[
		"",
		"959272",
		"",
		"",
		"董洪晓",
		"",
		"百纳会员/一卡通",
		"",
		"",
		"人民币现",
		"900",
		"",
		"4500",
		"PLQT",
		" ",
		"2022-10-25 00:00:00",
		2.44236111111111,
		""
	],
	[
		"",
		"959272",
		"",
		"",
		"董洪晓",
		"",
		"百纳会员/一卡通",
		"",
		"",
		"人民币现",
		"500",
		"",
		"5000",
		"PLQT",
		" ",
		"2022-10-25 00:00:00",
		2.44236111111111,
		""
	],
	[
		"",
		"959273",
		"",
		"",
		"董洪晓",
		"",
		"百纳会员/一卡通",
		"",
		"",
		"人民币现",
		"900",
		"",
		"900",
		"PLQT",
		" ",
		"2022-10-25 00:00:00",
		2.44583333333333,
		""
	],
	[
		"",
		"959273",
		"",
		"",
		"董洪晓",
		"",
		"百纳会员/一卡通",
		"",
		"",
		"人民币现",
		"900",
		"",
		"1800",
		"PLQT",
		" ",
		"2022-10-25 00:00:00",
		2.44583333333333,
		""
	],
	[
		"",
		"959273",
		"",
		"",
		"董洪晓",
		"",
		"百纳会员/一卡通",
		"",
		"",
		"人民币现",
		"900",
		"",
		"2700",
		"PLQT",
		" ",
		"2022-10-25 00:00:00",
		2.44652777777778,
		""
	],
	[
		"",
		"959273",
		"",
		"",
		"董洪晓",
		"",
		"百纳会员/一卡通",
		"",
		"",
		"人民币现",
		"900",
		"",
		"3600",
		"PLQT",
		" ",
		"2022-10-25 00:00:00",
		2.44652777777778,
		""
	],
	[
		"",
		"959273",
		"",
		"",
		"董洪晓",
		"",
		"百纳会员/一卡通",
		"",
		"",
		"人民币现",
		"900",
		"",
		"4500",
		"PLQT",
		" ",
		"2022-10-25 00:00:00",
		2.44722222222222,
		""
	],
	[
		"",
		"959273",
		"",
		"",
		"董洪晓",
		"",
		"百纳会员/一卡通",
		"",
		"",
		"人民币现",
		"500",
		"",
		"5000",
		"PLQT",
		" ",
		"2022-10-25 00:00:00",
		2.44722222222222,
		""
	],
	[
		"",
		"959275",
		"",
		"",
		"董洪晓",
		"",
		"百纳会员/一卡通",
		"",
		"",
		"人民币现",
		"900",
		"",
		"900",
		"PLQT",
		" ",
		"2022-10-25 00:00:00",
		2.44791666666667,
		""
	],
	[
		"",
		"959275",
		"",
		"",
		"董洪晓",
		"",
		"百纳会员/一卡通",
		"",
		"",
		"人民币现",
		"900",
		"",
		"1800",
		"PLQT",
		" ",
		"2022-10-25 00:00:00",
		2.44861111111111,
		""
	],
	[
		"",
		"959275",
		"",
		"",
		"董洪晓",
		"",
		"百纳会员/一卡通",
		"",
		"",
		"人民币现",
		"900",
		"",
		"2700",
		"PLQT",
		" ",
		"2022-10-25 00:00:00",
		2.44861111111111,
		""
	],
	[
		"",
		"959275",
		"",
		"",
		"董洪晓",
		"",
		"百纳会员/一卡通",
		"",
		"",
		"人民币现",
		"900",
		"",
		"3600",
		"PLQT",
		" ",
		"2022-10-25 00:00:00",
		2.44861111111111,
		""
	],
	[
		"",
		"959275",
		"",
		"",
		"董洪晓",
		"",
		"百纳会员/一卡通",
		"",
		"",
		"人民币现",
		"900",
		"",
		"4500",
		"PLQT",
		" ",
		"2022-10-25 00:00:00",
		2.44861111111111,
		""
	],
	[
		"",
		"959275",
		"",
		"",
		"董洪晓",
		"",
		"百纳会员/一卡通",
		"",
		"",
		"人民币现",
		"500",
		"",
		"5000",
		"PLQT",
		" ",
		"2022-10-25 00:00:00",
		2.44861111111111,
		""
	],
	[
		"",
		"959276",
		"",
		"",
		"董洪晓",
		"",
		"百纳会员/一卡通",
		"",
		"",
		"人民币现",
		"900",
		"",
		"900",
		"PLQT",
		" ",
		"2022-10-25 00:00:00",
		2.43680555555556,
		""
	],
	[
		"",
		"959276",
		"",
		"",
		"董洪晓",
		"",
		"百纳会员/一卡通",
		"",
		"",
		"人民币现",
		"900",
		"",
		"1800",
		"PLQT",
		" ",
		"2022-10-25 00:00:00",
		2.4375,
		""
	],
	[
		"",
		"959276",
		"",
		"",
		"董洪晓",
		"",
		"百纳会员/一卡通",
		"",
		"",
		"人民币现",
		"900",
		"",
		"2700",
		"PLQT",
		" ",
		"2022-10-25 00:00:00",
		2.4375,
		""
	],
	[
		"",
		"959276",
		"",
		"",
		"董洪晓",
		"",
		"百纳会员/一卡通",
		"",
		"",
		"人民币现",
		"900",
		"",
		"3600",
		"PLQT",
		" ",
		"2022-10-25 00:00:00",
		2.43819444444444,
		""
	],
	[
		"",
		"959276",
		"",
		"",
		"董洪晓",
		"",
		"百纳会员/一卡通",
		"",
		"",
		"人民币现",
		"900",
		"",
		"4500",
		"PLQT",
		" ",
		"2022-10-25 00:00:00",
		2.43819444444444,
		""
	],
	[
		"",
		"959276",
		"",
		"",
		"董洪晓",
		"",
		"百纳会员/一卡通",
		"",
		"",
		"人民币现",
		"500",
		"",
		"5000",
		"PLQT",
		" ",
		"2022-10-25 00:00:00",
		2.43819444444444,
		""
	],
	[
		"",
		"959277",
		"",
		"",
		"董洪晓",
		"",
		"百纳会员/一卡通",
		"",
		"",
		"人民币现",
		"900",
		"",
		"900",
		"PLQT",
		" ",
		"2022-10-25 00:00:00",
		2.41111111111111,
		""
	],
	[
		"",
		"959277",
		"",
		"",
		"董洪晓",
		"",
		"百纳会员/一卡通",
		"",
		"",
		"人民币现",
		"900",
		"",
		"1800",
		"PLQT",
		" ",
		"2022-10-25 00:00:00",
		2.41111111111111,
		""
	],
	[
		"",
		"959277",
		"",
		"",
		"董洪晓",
		"",
		"百纳会员/一卡通",
		"",
		"",
		"人民币现",
		"900",
		"",
		"2700",
		"PLQT",
		" ",
		"2022-10-25 00:00:00",
		2.41180555555556,
		""
	],
	[
		"",
		"959277",
		"",
		"",
		"董洪晓",
		"",
		"百纳会员/一卡通",
		"",
		"",
		"人民币现",
		"900",
		"",
		"3600",
		"PLQT",
		" ",
		"2022-10-25 00:00:00",
		2.41180555555556,
		""
	],
	[
		"",
		"959277",
		"",
		"",
		"董洪晓",
		"",
		"百纳会员/一卡通",
		"",
		"",
		"人民币现",
		"900",
		"",
		"4500",
		"PLQT",
		" ",
		"2022-10-25 00:00:00",
		2.41180555555556,
		""
	],
	[
		"",
		"959277",
		"",
		"",
		"董洪晓",
		"",
		"百纳会员/一卡通",
		"",
		"",
		"人民币现",
		"500",
		"",
		"5000",
		"PLQT",
		" ",
		"2022-10-25 00:00:00",
		2.4125,
		""
	],
	[
		"",
		"959278",
		"",
		"",
		"董洪晓",
		"",
		"百纳会员/一卡通",
		"",
		"",
		"人民币现",
		"900",
		"",
		"900",
		"PLQT",
		" ",
		"2022-10-25 00:00:00",
		2.41944444444444,
		""
	],
	[
		"",
		"959278",
		"",
		"",
		"董洪晓",
		"",
		"百纳会员/一卡通",
		"",
		"",
		"人民币现",
		"900",
		"",
		"1800",
		"PLQT",
		" ",
		"2022-10-25 00:00:00",
		2.42013888888889,
		""
	],
	[
		"",
		"959278",
		"",
		"",
		"董洪晓",
		"",
		"百纳会员/一卡通",
		"",
		"",
		"人民币现",
		"900",
		"",
		"2700",
		"PLQT",
		" ",
		"2022-10-25 00:00:00",
		2.42013888888889,
		""
	],
	[
		"",
		"959278",
		"",
		"",
		"董洪晓",
		"",
		"百纳会员/一卡通",
		"",
		"",
		"人民币现",
		"900",
		"",
		"3600",
		"PLQT",
		" ",
		"2022-10-25 00:00:00",
		2.42013888888889,
		""
	],
	[
		"",
		"959278",
		"",
		"",
		"董洪晓",
		"",
		"百纳会员/一卡通",
		"",
		"",
		"人民币现",
		"900",
		"",
		"4500",
		"PLQT",
		" ",
		"2022-10-25 00:00:00",
		2.42083333333333,
		""
	],
	[
		"",
		"959278",
		"",
		"",
		"董洪晓",
		"",
		"百纳会员/一卡通",
		"",
		"",
		"人民币现",
		"500",
		"",
		"5000",
		"PLQT",
		" ",
		"2022-10-25 00:00:00",
		2.42152777777778,
		""
	],
	[
		"",
		"959279",
		"",
		"",
		"董洪晓",
		"",
		"百纳会员/一卡通",
		"",
		"",
		"人民币现",
		"900",
		"",
		"900",
		"PLQT",
		" ",
		"2022-10-25 00:00:00",
		2.41527777777778,
		""
	],
	[
		"",
		"959279",
		"",
		"",
		"董洪晓",
		"",
		"百纳会员/一卡通",
		"",
		"",
		"人民币现",
		"900",
		"",
		"1800",
		"PLQT",
		" ",
		"2022-10-25 00:00:00",
		2.41527777777778,
		""
	],
	[
		"",
		"959279",
		"",
		"",
		"董洪晓",
		"",
		"百纳会员/一卡通",
		"",
		"",
		"人民币现",
		"900",
		"",
		"2700",
		"PLQT",
		" ",
		"2022-10-25 00:00:00",
		2.41597222222222,
		""
	],
	[
		"",
		"959279",
		"",
		"",
		"董洪晓",
		"",
		"百纳会员/一卡通",
		"",
		"",
		"人民币现",
		"900",
		"",
		"3600",
		"PLQT",
		" ",
		"2022-10-25 00:00:00",
		2.41597222222222,
		""
	],
	[
		"",
		"959279",
		"",
		"",
		"董洪晓",
		"",
		"百纳会员/一卡通",
		"",
		"",
		"人民币现",
		"900",
		"",
		"4500",
		"PLQT",
		" ",
		"2022-10-25 00:00:00",
		2.41597222222222,
		""
	],
	[
		"",
		"959279",
		"",
		"",
		"董洪晓",
		"",
		"百纳会员/一卡通",
		"",
		"",
		"人民币现",
		"500",
		"",
		"5000",
		"PLQT",
		" ",
		"2022-10-25 00:00:00",
		2.41666666666667,
		""
	],
	[
		"",
		"960382",
		"",
		"",
		"衣主任",
		"",
		"百纳会员/一卡通",
		"",
		"",
		"内部转账",
		"1950",
		"",
		"1950",
		"RT002",
		"孙总办卡",
		"2022-10-25 00:00:00",
		2.62708333333333,
		""
	],
	[
		"",
		"960383",
		"",
		"",
		"海军",
		"",
		"百纳会员/一卡通",
		"",
		"",
		"内部转账",
		"1900",
		"",
		"1900",
		"RT002",
		" ",
		"2022-10-25 00:00:00",
		2.92152777777778,
		""
	],
	[
		"",
		"960383",
		"",
		"",
		"海军",
		"",
		"百纳会员/一卡通",
		"",
		"",
		"内部转账",
		"1000",
		"",
		"2900",
		"RT002",
		" ",
		"2022-10-25 00:00:00",
		2.92152777777778,
		""
	],
	[
		"",
		"960385",
		"",
		"",
		"海军",
		"",
		"百纳会员/一卡通",
		"",
		"",
		"内部转账",
		"1100",
		"",
		"1100",
		"RT002",
		" ",
		"2022-10-25 00:00:00",
		2.91875,
		""
	],
	[
		"",
		"WX00001683",
		"",
		"",
		"张蔚",
		"",
		"微信会员/微信银",
		"",
		"",
		"微信在线",
		"2000",
		"",
		"2423",
		"WEB",
		" ",
		"2022-10-25 00:00:00",
		2.54166666666667,
		""
	],
	[
		"",
		"WX00001683",
		"",
		"",
		"张蔚",
		"",
		"微信会员/微信银",
		"",
		"",
		"储值卡赠",
		"",
		"100",
		"2523",
		"WEB",
		"微信返现2K-",
		"2022-10-25 00:00:00",
		2.54166666666667,
		""
	],
	[
		"",
		"WX00001683",
		"",
		"",
		"张蔚",
		"",
		"微信会员/微信银",
		"",
		"",
		"微信在线",
		"2000",
		"",
		"4523",
		"WEB",
		" ",
		"2022-10-25 00:00:00",
		2.54236111111111,
		""
	],
	[
		"",
		"WX00001683",
		"",
		"",
		"张蔚",
		"",
		"微信会员/微信银",
		"",
		"",
		"储值卡赠",
		"",
		"100",
		"4623",
		"WEB",
		"微信返现2K-",
		"2022-10-25 00:00:00",
		2.54236111111111,
		""
	],
	[
		"",
		"WX00005598",
		"",
		"",
		"15588389",
		"",
		"微信会员/微信会",
		"",
		"",
		"微信在线",
		"200",
		"",
		"255",
		"WEB",
		" ",
		"2022-10-25 00:00:00",
		2.52291666666667,
		""
	],
	[
		"",
		"WX00020054",
		"",
		"",
		"道一",
		"",
		"微信会员/微信会",
		"",
		"",
		"微信在线",
		"200",
		"",
		"212",
		"WEB",
		" ",
		"2022-10-25 00:00:00",
		2.50625,
		""
	],
	[
		"",
		"WX00041210",
		"",
		"",
		"于聪颖",
		"",
		"微信会员/微信会",
		"",
		"",
		"微信在线",
		"200",
		"",
		"200",
		"WEB",
		" ",
		"2022-10-25 00:00:00",
		2.48819444444444,
		""
	],
	[
		"",
		"WX00050572",
		"",
		"",
		"付小夏",
		"",
		"微信会员/微信会",
		"",
		"",
		"微信在线",
		"500",
		"",
		"500",
		"WEB",
		" ",
		"2022-10-25 00:00:00",
		2.72430555555556,
		""
	],
	[
		"",
		"WX00066518",
		"",
		"",
		"王未",
		"",
		"微信会员/微信会",
		"",
		"",
		"微信在线",
		"1000",
		"",
		"1339",
		"WEB",
		" ",
		"2022-10-25 00:00:00",
		2.72638888888889,
		""
	],
	[
		"",
		"WX00066597",
		"",
		"",
		"德壬辛",
		"",
		"微信会员/微信会",
		"",
		"",
		"微信在线",
		"3000",
		"",
		"4400",
		"WEB",
		" ",
		"2022-10-25 00:00:00",
		2.41805555555556,
		""
	],
	[
		"",
		"WX00066597",
		"",
		"",
		"德壬辛",
		"",
		"微信会员/微信会",
		"",
		"",
		"储值卡赠",
		"",
		"150",
		"4550",
		"WEB",
		"微信返现2K-",
		"2022-10-25 00:00:00",
		2.41875,
		""
	],
	[
		"",
		"WX00076875",
		"",
		"",
		"A烟台浑元",
		"",
		"微信会员/微信会",
		"",
		"",
		"微信在线",
		"1000",
		"",
		"1000.8999999999999772626324556767940521240234375",
		"WEB",
		" ",
		"2022-10-25 00:00:00",
		2.43402777777778,
		""
	],
	[
		"",
		"WX00078215",
		"",
		"",
		"可乐没气不",
		"",
		"微信会员/微信会",
		"",
		"",
		"微信在线",
		"10000",
		"",
		"10000",
		"WEB",
		" ",
		"2022-10-25 00:00:00",
		2.48958333333333,
		""
	],
	[
		"",
		"WX00078215",
		"",
		"",
		"可乐没气不",
		"",
		"微信会员/微信会",
		"",
		"",
		"储值卡赠",
		"",
		"500",
		"10500",
		"WEB",
		"微信返现2K-",
		"2022-10-25 00:00:00",
		2.48958333333333,
		""
	],
	[
		"",
		"WX00080860",
		"",
		"",
		"王立杰",
		"",
		"微信会员/微信会",
		"",
		"",
		"微信在线",
		"2000",
		"",
		"4446",
		"WEB",
		" ",
		"2022-10-25 00:00:00",
		2.88888888888889,
		""
	],
	[
		"",
		"WX00080860",
		"",
		"",
		"王立杰",
		"",
		"微信会员/微信会",
		"",
		"",
		"储值卡赠",
		"",
		"100",
		"4546",
		"WEB",
		"微信返现2K-",
		"2022-10-25 00:00:00",
		2.88888888888889,
		""
	],
	[
		"",
		"WX00080952",
		"",
		"",
		"凌霄",
		"",
		"微信会员/微信会",
		"",
		"",
		"微信在线",
		"1000",
		"",
		"1000",
		"WEB",
		" ",
		"2022-10-25 00:00:00",
		2.83541666666667,
		""
	],
	[
		"",
		"WX00080952",
		"",
		"",
		"凌霄",
		"",
		"微信会员/微信会",
		"",
		"",
		"微信在线",
		"200",
		"",
		"1200",
		"WEB",
		" ",
		"2022-10-25 00:00:00",
		2.83611111111111,
		""
	],
	[
		"",
		"酒店：",
		"威海百纳瑞汀酒店",
		"",
		"",
		"",
		"",
		"33",
		"",
		"",
		"共:1",
		"笔，合计：",
		"700",
		"",
		"",
		"",
		0.0,
		""
	],
	[
		"",
		"516907",
		"",
		"",
		"苗华琴",
		"",
		"百纳会员/一卡通",
		"",
		"",
		"华联卡",
		"700",
		"",
		"700",
		"WHLJY",
		" ",
		"2022-10-25 00:00:00",
		2.54027777777778,
		""
	],
	[
		"",
		"",
		"",
		"",
		"",
		"共：",
		"",
		"",
		"",
		"85",
		"笔，合计：",
		"85909",
		"",
		"",
		"",
		"",
		0.0,
		""
	],
	[
		"",
		"",
		"",
		"",
		"",
		"",
		"",
		"",
		"",
		"Page ",
		"1)",
		"",
		"",
		"",
		"",
		"MEM22",
		0.0,
		""
	],
	[
		"",
		"",
		"",
		"",
		"",
		"",
		"",
		"",
		"",
		"",
		"",
		"",
		"",
		"",
		"",
		"",
		0.0,
		""
	]
]
[2022/10/26 15:36:07][INFO][流程块.task][109]    0           卡号 2  3   ...       备注                 营业日期        时间 17
0          956703        ...      吕秀兰  2022-10-25 00:00:00  2.493750   
1          956703        ...  充值返现2K-  2022-10-25 00:00:00  2.493750   
2          959269        ...           2022-10-25 00:00:00  2.423611   
3          959269        ...           2022-10-25 00:00:00  2.423611   
4          959269        ...           2022-10-25 00:00:00  2.424306   
.. ..         ... .. ..  ...      ...                  ...       ... ..
80     WX00080860        ...           2022-10-25 00:00:00  2.888889   
81     WX00080860        ...  微信返现2K-  2022-10-25 00:00:00  2.888889   
82     WX00080952        ...           2022-10-25 00:00:00  2.835417   
83     WX00080952        ...           2022-10-25 00:00:00  2.836111   
85         516907        ...           2022-10-25 00:00:00  2.540278   

[85 rows x 18 columns]
[2022/10/26 15:36:07][INFO][流程块.task][119] 上午
[2022/10/26 15:36:07][INFO][流程块.task][122]    0           卡号 2  3   ...       备注                 营业日期        时间 17
0          956703        ...      吕秀兰  2022-10-25 00:00:00  2.493750   
1          956703        ...  充值返现2K-  2022-10-25 00:00:00  2.493750   
2          959269        ...           2022-10-25 00:00:00  2.423611   
3          959269        ...           2022-10-25 00:00:00  2.423611   
4          959269        ...           2022-10-25 00:00:00  2.424306   
.. ..         ... .. ..  ...      ...                  ...       ... ..
76     WX00066597        ...  微信返现2K-  2022-10-25 00:00:00  2.418750   
77     WX00076875        ...           2022-10-25 00:00:00  2.434028   
78     WX00078215        ...           2022-10-25 00:00:00  2.489583   
79     WX00078215        ...  微信返现2K-  2022-10-25 00:00:00  2.489583   
85         516907        ...           2022-10-25 00:00:00  2.540278   

[75 rows x 18 columns]
[2022/10/26 16:21:04][INFO][流程块.task][337] 离开
[2022/10/26 16:21:04][INFO][流程块.task][0] 流程块.task 运行已结束
