[2022/11/27 23:03:33][INFO][][0] 工作路径已切换到 d:\rpa机器人\百纳\
[2022/11/27 23:03:33][INFO][流程块4.task][0] 流程 流程块4.task 开始运行
[2022/11/27 23:03:33][INFO][流程块4.task][1] 
[2022/11/27 23:03:59][INFO][流程块4.task][71] [
	"0"
]
[2022/11/27 23:03:59][INFO][流程块4.task][71] [
	"0"
]
[2022/11/27 23:03:59][INFO][流程块4.task][71] [
	"0"
]
[2022/11/27 23:03:59][INFO][流程块4.task][71] [
	"0"
]
[2022/11/27 23:03:59][INFO][流程块4.task][71] [
	"0"
]
[2022/11/27 23:03:59][INFO][流程块4.task][71] [
	"0"
]
[2022/11/27 23:03:59][INFO][流程块4.task][71] [
	"0"
]
[2022/11/27 23:03:59][INFO][流程块4.task][71] [
	"0"
]
[2022/11/27 23:03:59][INFO][流程块4.task][71] [
	"0"
]
[2022/11/27 23:03:59][INFO][流程块4.task][71] [
	"0"
]
[2022/11/27 23:03:59][INFO][流程块4.task][71] [
	"0"
]
[2022/11/27 23:03:59][INFO][流程块4.task][71] [
	"517620"
]
[2022/11/27 23:03:59][INFO][流程块4.task][75] [
	"1000.00"
]
[2022/11/27 23:04:04][INFO][流程块4.task][71] [
	"0"
]
[2022/11/27 23:04:04][INFO][流程块4.task][71] [
	"0"
]
[2022/11/27 23:04:04][INFO][流程块4.task][71] [
	"0"
]
[2022/11/27 23:04:04][INFO][流程块4.task][71] [
	"0"
]
[2022/11/27 23:04:04][INFO][流程块4.task][71] [
	"0"
]
[2022/11/27 23:04:04][INFO][流程块4.task][71] [
	"0"
]
[2022/11/27 23:04:04][INFO][流程块4.task][71] [
	"0"
]
[2022/11/27 23:04:04][INFO][流程块4.task][71] [
	"0"
]
[2022/11/27 23:04:04][INFO][流程块4.task][71] [
	"0"
]
[2022/11/27 23:04:04][INFO][流程块4.task][71] [
	"0"
]
[2022/11/27 23:04:04][INFO][流程块4.task][71] [
	"0"
]
[2022/11/27 23:04:04][INFO][流程块4.task][71] [
	"0"
]
[2022/11/27 23:04:05][INFO][流程块4.task][71] [
	"0"
]
[2022/11/27 23:04:05][INFO][流程块4.task][71] [
	"0"
]
[2022/11/27 23:04:05][INFO][流程块4.task][71] [
	"0"
]
[2022/11/27 23:04:05][INFO][流程块4.task][71] [
	"0"
]
[2022/11/27 23:04:05][INFO][流程块4.task][71] [
	"0"
]
[2022/11/27 23:04:05][INFO][流程块4.task][71] [
	"0"
]
[2022/11/27 23:04:05][INFO][流程块4.task][71] [
	"0"
]
[2022/11/27 23:04:05][INFO][流程块4.task][71] [
	"0"
]
[2022/11/27 23:04:05][INFO][流程块4.task][71] [
	"0"
]
[2022/11/27 23:04:05][INFO][流程块4.task][71] [
	"0"
]
[2022/11/27 23:04:05][INFO][流程块4.task][71] [
	"0"
]
[2022/11/27 23:04:05][INFO][流程块4.task][71] [
	"0"
]
[2022/11/27 23:04:05][INFO][流程块4.task][71] [
	"0"
]
[2022/11/27 23:04:05][INFO][流程块4.task][71] [
	"0"
]
[2022/11/27 23:04:05][INFO][流程块4.task][71] [
	"0"
]
[2022/11/27 23:04:05][INFO][流程块4.task][71] [
	"0"
]
[2022/11/27 23:04:05][INFO][流程块4.task][71] [
	"0"
]
[2022/11/27 23:04:05][INFO][流程块4.task][71] [
	"0"
]
[2022/11/27 23:04:05][INFO][流程块4.task][71] [
	"0"
]
[2022/11/27 23:04:05][INFO][流程块4.task][71] [
	"0"
]
[2022/11/27 23:04:05][INFO][流程块4.task][71] [
	"0"
]
[2022/11/27 23:04:05][INFO][流程块4.task][71] [
	"0"
]
[2022/11/27 23:04:05][INFO][流程块4.task][71] [
	"0"
]
[2022/11/27 23:04:05][INFO][流程块4.task][71] [
	"0"
]
[2022/11/27 23:04:05][INFO][流程块4.task][71] [
	"0"
]
[2022/11/27 23:04:05][INFO][流程块4.task][71] [
	"0"
]
[2022/11/27 23:04:05][INFO][流程块4.task][71] [
	"0"
]
[2022/11/27 23:04:05][INFO][流程块4.task][71] [
	"0"
]
[2022/11/27 23:04:05][INFO][流程块4.task][71] [
	"0"
]
[2022/11/27 23:04:05][INFO][流程块4.task][71] [
	"0"
]
[2022/11/27 23:04:05][INFO][流程块4.task][71] [
	"0"
]
[2022/11/27 23:04:05][INFO][流程块4.task][71] [
	"0"
]
[2022/11/27 23:04:05][INFO][流程块4.task][71] [
	"WX00007824-0001"
]
[2022/11/27 23:04:05][INFO][流程块4.task][75] [
	"1000.00"
]
[2022/11/27 23:04:10][INFO][流程块4.task][71] [
	"0"
]
[2022/11/27 23:04:10][INFO][流程块4.task][71] [
	"0"
]
[2022/11/27 23:04:10][INFO][流程块4.task][71] [
	"WX00013502"
]
[2022/11/27 23:04:10][INFO][流程块4.task][75] [
	"600.00"
]
[2022/11/27 23:04:10][INFO][流程块4.task][94] false
[2022/11/27 23:04:16][INFO][流程块4.task][71] [
	"WX00014605"
]
[2022/11/27 23:04:16][INFO][流程块4.task][75] [
	"1000.00"
]
[2022/11/27 23:04:21][INFO][流程块4.task][71] [
	"0"
]
[2022/11/27 23:04:21][INFO][流程块4.task][71] [
	"0"
]
[2022/11/27 23:04:21][INFO][流程块4.task][71] [
	"0"
]
[2022/11/27 23:04:21][INFO][流程块4.task][71] [
	"0"
]
[2022/11/27 23:04:21][INFO][流程块4.task][71] [
	"0"
]
[2022/11/27 23:04:21][INFO][流程块4.task][71] [
	"WX00023049"
]
[2022/11/27 23:04:21][INFO][流程块4.task][75] [
	"200.00"
]
[2022/11/27 23:04:27][INFO][流程块4.task][71] [
	"0"
]
[2022/11/27 23:04:27][INFO][流程块4.task][71] [
	"0"
]
[2022/11/27 23:04:27][INFO][流程块4.task][71] [
	"0"
]
[2022/11/27 23:04:27][INFO][流程块4.task][71] [
	"0"
]
[2022/11/27 23:04:27][INFO][流程块4.task][71] [
	"WX00028908"
]
[2022/11/27 23:04:27][INFO][流程块4.task][75] [
	"500.00"
]
[2022/11/27 23:04:32][INFO][流程块4.task][71] [
	"0"
]
[2022/11/27 23:04:32][INFO][流程块4.task][71] [
	"0"
]
[2022/11/27 23:04:32][INFO][流程块4.task][71] [
	"0"
]
[2022/11/27 23:04:32][INFO][流程块4.task][71] [
	"WX00035500"
]
[2022/11/27 23:04:32][INFO][流程块4.task][75] [
	"1000.00"
]
[2022/11/27 23:04:32][INFO][流程块4.task][94] false
[2022/11/27 23:04:38][INFO][流程块4.task][71] [
	"0"
]
[2022/11/27 23:04:38][INFO][流程块4.task][71] [
	"WX00037142-0002"
]
[2022/11/27 23:04:38][INFO][流程块4.task][75] [
	"100.00"
]
[2022/11/27 23:04:38][INFO][流程块4.task][94] false
[2022/11/27 23:04:43][INFO][流程块4.task][94] false
[2022/11/27 23:04:49][INFO][流程块4.task][71] [
	"WX00037706"
]
[2022/11/27 23:04:49][INFO][流程块4.task][75] [
	"200.00"
]
[2022/11/27 23:04:54][INFO][流程块4.task][71] [
	"WX00040508-0001"
]
[2022/11/27 23:04:54][INFO][流程块4.task][75] [
	"200.00"
]
[2022/11/27 23:04:54][INFO][流程块4.task][94] false
[2022/11/27 23:04:59][INFO][流程块4.task][71] [
	"0"
]
[2022/11/27 23:04:59][INFO][流程块4.task][71] [
	"0"
]
[2022/11/27 23:04:59][INFO][流程块4.task][71] [
	"0"
]
[2022/11/27 23:04:59][INFO][流程块4.task][71] [
	"0"
]
[2022/11/27 23:04:59][INFO][流程块4.task][71] [
	"0"
]
[2022/11/27 23:04:59][INFO][流程块4.task][71] [
	"0"
]
[2022/11/27 23:04:59][INFO][流程块4.task][71] [
	"0"
]
[2022/11/27 23:04:59][INFO][流程块4.task][71] [
	"0"
]
[2022/11/27 23:04:59][INFO][流程块4.task][71] [
	"0"
]
[2022/11/27 23:04:59][INFO][流程块4.task][71] [
	"WX00052118-0001"
]
[2022/11/27 23:04:59][INFO][流程块4.task][75] [
	"200.00"
]
[2022/11/27 23:05:00][INFO][流程块4.task][94] false
[2022/11/27 23:05:05][INFO][流程块4.task][71] [
	"0"
]
[2022/11/27 23:05:05][INFO][流程块4.task][71] [
	"0"
]
[2022/11/27 23:05:05][INFO][流程块4.task][71] [
	"0"
]
[2022/11/27 23:05:05][INFO][流程块4.task][71] [
	"0"
]
[2022/11/27 23:05:05][INFO][流程块4.task][71] [
	"0"
]
[2022/11/27 23:05:05][INFO][流程块4.task][71] [
	"0"
]
[2022/11/27 23:05:05][INFO][流程块4.task][71] [
	"0"
]
[2022/11/27 23:05:05][INFO][流程块4.task][71] [
	"WX00066307"
]
[2022/11/27 23:05:05][INFO][流程块4.task][75] [
	"700.00"
]
[2022/11/27 23:05:10][INFO][流程块4.task][71] [
	"0"
]
[2022/11/27 23:05:10][INFO][流程块4.task][71] [
	"WX00069349-0004"
]
[2022/11/27 23:05:10][INFO][流程块4.task][75] [
	"200.00"
]
[2022/11/27 23:05:10][INFO][流程块4.task][94] false
[2022/11/27 23:05:16][INFO][流程块4.task][94] false
[2022/11/27 23:05:21][INFO][流程块4.task][94] false
[2022/11/27 23:05:27][INFO][流程块4.task][71] [
	"0"
]
[2022/11/27 23:05:27][INFO][流程块4.task][71] [
	"0"
]
[2022/11/27 23:05:27][INFO][流程块4.task][71] [
	"0"
]
[2022/11/27 23:05:27][INFO][流程块4.task][71] [
	"0"
]
[2022/11/27 23:05:27][INFO][流程块4.task][71] [
	"WX00074432-0002"
]
[2022/11/27 23:05:27][INFO][流程块4.task][75] [
	"100.00"
]
[2022/11/27 23:05:27][INFO][流程块4.task][94] false
[2022/11/27 23:05:32][INFO][流程块4.task][94] false
[2022/11/27 23:05:38][INFO][流程块4.task][71] [
	"0"
]
[2022/11/27 23:05:38][INFO][流程块4.task][71] [
	"0"
]
[2022/11/27 23:05:38][INFO][流程块4.task][71] [
	"WX00076843"
]
[2022/11/27 23:05:38][INFO][流程块4.task][75] [
	"200.00"
]
[2022/11/27 23:05:38][INFO][流程块4.task][94] false
[2022/11/27 23:05:43][INFO][流程块4.task][71] [
	"WX00077032"
]
[2022/11/27 23:05:43][INFO][流程块4.task][75] [
	"200.00"
]
[2022/11/27 23:05:48][INFO][流程块4.task][71] [
	"WX00077062"
]
[2022/11/27 23:05:48][INFO][流程块4.task][75] [
	"200.00"
]
[2022/11/27 23:05:54][INFO][流程块4.task][71] [
	"0"
]
[2022/11/27 23:05:54][INFO][流程块4.task][71] [
	"0"
]
[2022/11/27 23:05:54][INFO][流程块4.task][71] [
	"0"
]
[2022/11/27 23:05:54][INFO][流程块4.task][71] [
	"WX00078253"
]
[2022/11/27 23:05:54][INFO][流程块4.task][75] [
	"500.00"
]
[2022/11/27 23:05:54][INFO][流程块4.task][94] false
[2022/11/27 23:05:59][INFO][流程块4.task][71] [
	"0"
]
[2022/11/27 23:05:59][INFO][流程块4.task][71] [
	"WX00078559-0008"
]
[2022/11/27 23:05:59][INFO][流程块4.task][75] [
	"212.00"
]
[2022/11/27 23:05:59][INFO][流程块4.task][94] false
[2022/11/27 23:06:05][INFO][流程块4.task][94] false
[2022/11/27 23:06:10][INFO][流程块4.task][94] false
[2022/11/27 23:06:16][INFO][流程块4.task][94] false
[2022/11/27 23:06:21][INFO][流程块4.task][71] [
	"0"
]
[2022/11/27 23:06:21][INFO][流程块4.task][71] [
	"0"
]
[2022/11/27 23:06:22][INFO][流程块4.task][71] [
	"0"
]
[2022/11/27 23:06:22][INFO][流程块4.task][71] [
	"0"
]
[2022/11/27 23:06:22][INFO][流程块4.task][71] [
	"0"
]
[2022/11/27 23:06:22][INFO][流程块4.task][71] [
	"0"
]
[2022/11/27 23:06:22][INFO][流程块4.task][71] [
	"WX00079757-0002"
]
[2022/11/27 23:06:22][INFO][流程块4.task][75] [
	"100.00"
]
[2022/11/27 23:06:22][INFO][流程块4.task][94] false
[2022/11/27 23:06:27][INFO][流程块4.task][94] false
[2022/11/27 23:06:32][INFO][流程块4.task][94] false
[2022/11/27 23:06:38][INFO][流程块4.task][71] [
	"0"
]
[2022/11/27 23:06:38][INFO][流程块4.task][71] [
	"0"
]
[2022/11/27 23:06:38][INFO][流程块4.task][71] [
	"WX00080943"
]
[2022/11/27 23:06:38][INFO][流程块4.task][75] [
	"200.00"
]
[2022/11/27 23:06:44][INFO][流程块4.task][71] [
	"0"
]
[2022/11/27 23:06:44][INFO][流程块4.task][71] [
	"0"
]
[2022/11/27 23:06:44][INFO][流程块4.task][71] [
	"0"
]
[2022/11/27 23:06:44][INFO][流程块4.task][71] [
	"0"
]
[2022/11/27 23:06:44][INFO][流程块4.task][71] [
	"WX00081372"
]
[2022/11/27 23:06:44][INFO][流程块4.task][75] [
	"1000.00"
]
[2022/11/27 23:06:49][INFO][流程块4.task][71] [
	"0"
]
[2022/11/27 23:06:49][INFO][流程块4.task][71] [
	"WX00081375-0003"
]
[2022/11/27 23:06:49][INFO][流程块4.task][75] [
	"150.00"
]
[2022/11/27 23:06:49][INFO][流程块4.task][94] false
[2022/11/27 23:06:55][INFO][流程块4.task][94] false
[2022/11/27 23:07:00][INFO][流程块4.task][94] false
[2022/11/27 23:07:06][INFO][流程块4.task][71] [
	"WX00081378-0002"
]
[2022/11/27 23:07:06][INFO][流程块4.task][75] [
	"600.00"
]
[2022/11/27 23:07:06][INFO][流程块4.task][94] false
[2022/11/27 23:07:11][INFO][流程块4.task][94] false
[2022/11/27 23:07:17][INFO][流程块4.task][71] [
	"WX00081380-0020"
]
[2022/11/27 23:07:17][INFO][流程块4.task][75] [
	"1000.00"
]
[2022/11/27 23:07:17][INFO][流程块4.task][94] false
[2022/11/27 23:07:22][INFO][流程块4.task][94] false
[2022/11/27 23:07:28][INFO][流程块4.task][94] false
[2022/11/27 23:07:33][INFO][流程块4.task][94] false
[2022/11/27 23:07:39][INFO][流程块4.task][94] false
[2022/11/27 23:07:44][INFO][流程块4.task][94] false
[2022/11/27 23:07:50][INFO][流程块4.task][94] false
[2022/11/27 23:07:55][INFO][流程块4.task][94] false
[2022/11/27 23:08:01][INFO][流程块4.task][94] false
[2022/11/27 23:08:06][INFO][流程块4.task][94] false
[2022/11/27 23:08:12][INFO][流程块4.task][94] false
[2022/11/27 23:08:17][INFO][流程块4.task][94] false
[2022/11/27 23:08:23][INFO][流程块4.task][94] false
[2022/11/27 23:08:28][INFO][流程块4.task][94] false
[2022/11/27 23:08:34][INFO][流程块4.task][71] [
	"WX00081383"
]
[2022/11/27 23:08:34][INFO][流程块4.task][75] [
	"500.00"
]
[2022/11/27 23:08:39][INFO][流程块4.task][71] [
	"WX00081385"
]
[2022/11/27 23:08:39][INFO][流程块4.task][75] [
	"200.00"
]
[2022/11/27 23:08:45][INFO][流程块4.task][71] [
	"WX00081386"
]
[2022/11/27 23:08:45][INFO][流程块4.task][75] [
	"400.00"
]
[2022/11/27 23:08:50][INFO][流程块4.task][71] [
	"WX00081387"
]
[2022/11/27 23:08:50][INFO][流程块4.task][75] [
	"200.00"
]
[2022/11/27 23:08:55][INFO][流程块4.task][71] [
	"WX00081389"
]
[2022/11/27 23:08:55][INFO][流程块4.task][75] [
	"1000.00"
]
[2022/11/27 23:09:01][INFO][流程块4.task][71] [
	"WX00081390-0003"
]
[2022/11/27 23:09:01][INFO][流程块4.task][75] [
	"150.00"
]
[2022/11/27 23:09:01][INFO][流程块4.task][94] false
[2022/11/27 23:09:06][INFO][流程块4.task][94] false
[2022/11/27 23:09:12][INFO][流程块4.task][94] false
[2022/11/27 23:09:17][INFO][流程块4.task][94] false
[2022/11/27 23:09:23][INFO][流程块4.task][71] [
	"WX00081392-0002"
]
[2022/11/27 23:09:23][INFO][流程块4.task][75] [
	"100.00"
]
[2022/11/27 23:09:23][INFO][流程块4.task][94] false
[2022/11/27 23:09:28][INFO][流程块4.task][94] false
[2022/11/27 23:09:35][INFO][流程块4.task][0] 流程块4.task 运行已结束
