[2022/11/17 18:46:44][INFO][][0] 工作路径已切换到 d:\rpa机器人\百纳\
[2022/11/17 18:46:44][INFO][流程块4.task][0] 流程 流程块4.task 开始运行
[2022/11/17 18:46:44][INFO][流程块4.task][1] 
[2022/11/17 18:46:55][INFO][流程块4.task][71] [
	"0"
]
[2022/11/17 18:46:55][INFO][流程块4.task][71] [
	"0"
]
[2022/11/17 18:46:55][INFO][流程块4.task][71] [
	"0"
]
[2022/11/17 18:46:55][INFO][流程块4.task][71] [
	"0"
]
[2022/11/17 18:46:55][INFO][流程块4.task][71] [
	"0"
]
[2022/11/17 18:46:55][INFO][流程块4.task][71] [
	"0"
]
[2022/11/17 18:46:55][INFO][流程块4.task][71] [
	"0"
]
[2022/11/17 18:46:55][INFO][流程块4.task][71] [
	"0"
]
[2022/11/17 18:46:55][INFO][流程块4.task][71] [
	"0"
]
[2022/11/17 18:46:55][INFO][流程块4.task][71] [
	"0"
]
[2022/11/17 18:46:55][INFO][流程块4.task][71] [
	"0"
]
[2022/11/17 18:46:55][INFO][流程块4.task][71] [
	"0"
]
[2022/11/17 18:46:55][INFO][流程块4.task][71] [
	"0"
]
[2022/11/17 18:46:55][INFO][流程块4.task][71] [
	"0"
]
[2022/11/17 18:46:56][INFO][流程块4.task][71] [
	"0"
]
[2022/11/17 18:46:56][INFO][流程块4.task][71] [
	"0"
]
[2022/11/17 18:46:56][INFO][流程块4.task][71] [
	"0"
]
[2022/11/17 18:46:56][INFO][流程块4.task][71] [
	"0"
]
[2022/11/17 18:46:56][INFO][流程块4.task][71] [
	"0"
]
[2022/11/17 18:46:56][INFO][流程块4.task][71] [
	"928775-0002"
]
[2022/11/17 18:46:56][INFO][流程块4.task][75] [
	"100.00"
]
[2022/11/17 18:46:56][INFO][流程块4.task][94] false
[2022/11/17 18:47:01][INFO][流程块4.task][94] false
[2022/11/17 18:47:06][INFO][流程块4.task][71] [
	"0"
]
[2022/11/17 18:47:06][INFO][流程块4.task][71] [
	"0"
]
[2022/11/17 18:47:06][INFO][流程块4.task][71] [
	"0"
]
[2022/11/17 18:47:06][INFO][流程块4.task][71] [
	"0"
]
[2022/11/17 18:47:06][INFO][流程块4.task][71] [
	"0"
]
[2022/11/17 18:47:06][INFO][流程块4.task][71] [
	"0"
]
[2022/11/17 18:47:06][INFO][流程块4.task][71] [
	"0"
]
[2022/11/17 18:47:06][INFO][流程块4.task][71] [
	"0"
]
[2022/11/17 18:47:06][INFO][流程块4.task][71] [
	"957555-0003"
]
[2022/11/17 18:47:06][INFO][流程块4.task][75] [
	"1000.00"
]
[2022/11/17 18:47:06][INFO][流程块4.task][94] false
[2022/11/17 18:47:12][INFO][流程块4.task][94] false
[2022/11/17 18:47:17][INFO][流程块4.task][71] [
	"0"
]
[2022/11/17 18:47:17][INFO][流程块4.task][71] [
	"0"
]
[2022/11/17 18:47:17][INFO][流程块4.task][71] [
	"0"
]
[2022/11/17 18:47:17][INFO][流程块4.task][71] [
	"960392-0002"
]
[2022/11/17 18:47:17][INFO][流程块4.task][75] [
	"394.00"
]
[2022/11/17 18:47:23][INFO][流程块4.task][71] [
	"0"
]
[2022/11/17 18:47:23][INFO][流程块4.task][71] [
	"0"
]
[2022/11/17 18:47:23][INFO][流程块4.task][71] [
	"0"
]
[2022/11/17 18:47:23][INFO][流程块4.task][71] [
	"0"
]
[2022/11/17 18:47:23][INFO][流程块4.task][71] [
	"0"
]
[2022/11/17 18:47:23][INFO][流程块4.task][71] [
	"WX00021440"
]
[2022/11/17 18:47:23][INFO][流程块4.task][75] [
	"200.00"
]
[2022/11/17 18:47:28][INFO][流程块4.task][71] [
	"0"
]
[2022/11/17 18:47:28][INFO][流程块4.task][71] [
	"0"
]
[2022/11/17 18:47:28][INFO][流程块4.task][71] [
	"0"
]
[2022/11/17 18:47:28][INFO][流程块4.task][71] [
	"WX00038578-0001"
]
[2022/11/17 18:47:28][INFO][流程块4.task][75] [
	"500.00"
]
[2022/11/17 18:47:28][INFO][流程块4.task][94] false
[2022/11/17 18:47:34][INFO][流程块4.task][71] [
	"WX00040166"
]
[2022/11/17 18:47:34][INFO][流程块4.task][75] [
	"200.00"
]
[2022/11/17 18:47:34][INFO][流程块4.task][94] false
[2022/11/17 18:47:39][INFO][流程块4.task][71] [
	"0"
]
[2022/11/17 18:47:39][INFO][流程块4.task][71] [
	"0"
]
[2022/11/17 18:47:39][INFO][流程块4.task][71] [
	"0"
]
[2022/11/17 18:47:39][INFO][流程块4.task][71] [
	"0"
]
[2022/11/17 18:47:39][INFO][流程块4.task][71] [
	"0"
]
[2022/11/17 18:47:39][INFO][流程块4.task][71] [
	"0"
]
[2022/11/17 18:47:39][INFO][流程块4.task][71] [
	"WX00058329"
]
[2022/11/17 18:47:39][INFO][流程块4.task][75] [
	"500.00"
]
[2022/11/17 18:47:45][INFO][流程块4.task][71] [
	"0"
]
[2022/11/17 18:47:45][INFO][流程块4.task][71] [
	"0"
]
[2022/11/17 18:47:45][INFO][流程块4.task][71] [
	"0"
]
[2022/11/17 18:47:45][INFO][流程块4.task][71] [
	"0"
]
[2022/11/17 18:47:45][INFO][流程块4.task][71] [
	"0"
]
[2022/11/17 18:47:45][INFO][流程块4.task][71] [
	"0"
]
[2022/11/17 18:47:45][INFO][流程块4.task][71] [
	"0"
]
[2022/11/17 18:47:45][INFO][流程块4.task][71] [
	"0"
]
[2022/11/17 18:47:45][INFO][流程块4.task][71] [
	"0"
]
[2022/11/17 18:47:45][INFO][流程块4.task][71] [
	"0"
]
[2022/11/17 18:47:45][INFO][流程块4.task][71] [
	"0"
]
[2022/11/17 18:47:45][INFO][流程块4.task][71] [
	"0"
]
[2022/11/17 18:47:45][INFO][流程块4.task][71] [
	"0"
]
[2022/11/17 18:47:45][INFO][流程块4.task][71] [
	"0"
]
[2022/11/17 18:47:45][INFO][流程块4.task][71] [
	"0"
]
[2022/11/17 18:47:45][INFO][流程块4.task][71] [
	"0"
]
[2022/11/17 18:47:45][INFO][流程块4.task][71] [
	"0"
]
[2022/11/17 18:47:45][INFO][流程块4.task][71] [
	"0"
]
[2022/11/17 18:47:45][INFO][流程块4.task][71] [
	"0"
]
[2022/11/17 18:47:46][INFO][流程块4.task][0] 流程块4.task 运行已结束
