[2022/10/31 9:34:00][INFO][][0] 工作路径已切换到 d:\rpa机器人\百纳\
[2022/10/31 9:34:00][INFO][流程块4.task][0] 流程 流程块4.task 开始运行
[2022/10/31 9:34:00][INFO][流程块4.task][1] 
[2022/10/31 9:34:03][INFO][流程块4.task][58] [
	"0"
]
[2022/10/31 9:34:03][INFO][流程块4.task][58] [
	"0"
]
[2022/10/31 9:34:03][INFO][流程块4.task][58] [
	"0"
]
[2022/10/31 9:34:03][INFO][流程块4.task][58] [
	"0"
]
[2022/10/31 9:34:03][INFO][流程块4.task][58] [
	"0"
]
[2022/10/31 9:34:03][INFO][流程块4.task][58] [
	"0"
]
[2022/10/31 9:34:03][INFO][流程块4.task][58] [
	"0"
]
[2022/10/31 9:34:03][INFO][流程块4.task][58] [
	"0"
]
[2022/10/31 9:34:03][INFO][流程块4.task][58] [
	"0"
]
[2022/10/31 9:34:03][INFO][流程块4.task][58] [
	"0"
]
[2022/10/31 9:34:04][INFO][流程块4.task][58] [
	"0"
]
[2022/10/31 9:34:04][INFO][流程块4.task][58] [
	"0"
]
[2022/10/31 9:34:04][INFO][流程块4.task][58] [
	"0"
]
[2022/10/31 9:34:04][INFO][流程块4.task][58] [
	"0"
]
[2022/10/31 9:34:04][INFO][流程块4.task][58] [
	"0"
]
[2022/10/31 9:34:04][INFO][流程块4.task][58] [
	"903176-0002"
]
[2022/10/31 9:34:04][INFO][流程块4.task][62] [
	"100.00"
]
[2022/10/31 9:34:08][ERROR][流程块4.task][90] 运行发生错误，流程中止
错误信息如下：
流程块4.task 第90行：模块 Keyboard.KeyboardAuto.InputText 命令出错：Exception has been thrown by the target of an invocation.
元素不可用
[2022/10/31 9:34:08][INFO][流程块4.task][0] 流程块4.task 运行已结束
