[2022/10/17 10:05:58][INFO][][0] 工作路径已切换到 d:\rpa机器人\百纳\
[2022/10/17 10:05:58][INFO][选中的内容][0] 流程 选中的内容 开始运行
[2022/10/17 10:05:59][INFO][选中的内容][12] [
	[
		"",
		"513211",
		"",
		"",
		"王先生",
		"",
		"百纳会员/一卡通",
		"",
		"",
		"微信在线",
		"200",
		"",
		"200",
		"WEB",
		" ",
		"2022-10-12 00:00:00",
		"11:00:00",
		""
	],
	[
		"",
		"958352",
		"",
		"",
		"秦先生",
		"",
		"百纳会员/一卡通",
		"",
		"",
		"工行pos",
		"6000",
		"",
		"6000",
		"HY001",
		"王允京充值",
		"2022-10-12 00:00:00",
		"11:23:00",
		""
	],
	[
		"",
		"958352",
		"",
		"",
		"秦先生",
		"",
		"百纳会员/一卡通",
		"",
		"",
		"储值卡赠",
		"",
		"300",
		"6300",
		"HY001",
		"充值返现2K-",
		"2022-10-12 00:00:00",
		"11:23:00",
		""
	],
	[
		"",
		"959709",
		"",
		"",
		"苏经理",
		"",
		"百纳会员/百纳金",
		"",
		"",
		"储值卡",
		"",
		"-2800",
		"0",
		"RT002",
		"原卡丢失 ",
		"2022-10-12 00:00:00",
		"16:56:00",
		""
	],
	[
		"",
		"960521",
		"",
		"",
		"苏余晟",
		"",
		"百纳会员/一卡通",
		"",
		"",
		"储值卡",
		"",
		"2800",
		"2800",
		"RT002",
		"原卡丢失 ",
		"2022-10-12 00:00:00",
		"16:56:00",
		""
	],
	[
		"",
		"960522",
		"",
		"",
		"张女士",
		"",
		"百纳会员/一卡通",
		"",
		"",
		"内部转账",
		"8160",
		"",
		"8160",
		"RT002",
		"10.12孙莉夏",
		"2022-10-12 00:00:00",
		"11:42:00",
		""
	],
	[
		"",
		"960522",
		"",
		"",
		"张女士",
		"",
		"百纳会员/一卡通",
		"",
		"",
		"储值卡赠",
		"",
		"408",
		"8568",
		"RT002",
		"充值返现2K-",
		"2022-10-12 00:00:00",
		"11:42:00",
		""
	],
	[
		"",
		"960523",
		"",
		"",
		"张艳进",
		"",
		"百纳会员/一卡通",
		"",
		"",
		"汇款",
		"1656",
		"",
		"1656",
		"RT002",
		"10.12孙宇婷",
		"2022-10-12 00:00:00",
		"10:39:00",
		""
	],
	[
		"",
		"960525",
		"",
		"",
		"吕为东",
		"",
		"百纳会员/一卡通",
		"",
		"",
		"内部转账",
		"1957",
		"",
		"1957",
		"RT002",
		"10.12孙宇婷",
		"2022-10-12 00:00:00",
		"10:19:00",
		""
	],
	[
		"",
		"960526",
		"",
		"",
		"凌明通",
		"",
		"百纳会员/一卡通",
		"",
		"",
		"内部转账",
		"5555",
		"",
		"5555",
		"RT002",
		"10.12孙宇婷",
		"2022-10-12 00:00:00",
		"10:16:00",
		""
	],
	[
		"",
		"960526",
		"",
		"",
		"凌明通",
		"",
		"百纳会员/一卡通",
		"",
		"",
		"储值卡赠",
		"",
		"278",
		"5833",
		"RT002",
		"充值返现2K-",
		"2022-10-12 00:00:00",
		"10:16:00",
		""
	],
	[
		"",
		"960527",
		"",
		"",
		"王淑云",
		"",
		"百纳会员/一卡通",
		"",
		"",
		"内部转账",
		"5555",
		"",
		"5555",
		"RT002",
		"10.12孙宇婷",
		"2022-10-12 00:00:00",
		"10:15:00",
		""
	],
	[
		"",
		"960527",
		"",
		"",
		"王淑云",
		"",
		"百纳会员/一卡通",
		"",
		"",
		"储值卡赠",
		"",
		"278",
		"5833",
		"RT002",
		"充值返现2K-",
		"2022-10-12 00:00:00",
		"10:15:00",
		""
	],
	[
		"",
		"WX00002169",
		"",
		"",
		"毛琨",
		"",
		"微信会员/微信银",
		"",
		"",
		"微信在线",
		"200",
		"",
		"587",
		"WEB",
		" ",
		"2022-10-12 00:00:00",
		"12:06:00",
		""
	],
	[
		"",
		"WX00017673",
		"",
		"",
		"王妮",
		"",
		"微信会员/微信会",
		"",
		"",
		"微信在线",
		"200",
		"",
		"200",
		"WEB",
		" ",
		"2022-10-12 00:00:00",
		"19:19:00",
		""
	],
	[
		"",
		"WX00030889",
		"",
		"",
		"张爱党",
		"",
		"微信会员/微信会",
		"",
		"",
		"微信在线",
		"10000",
		"",
		"20620",
		"WEB",
		" ",
		"2022-10-12 00:00:00",
		"18:00:00",
		""
	],
	[
		"",
		"WX00030889",
		"",
		"",
		"张爱党",
		"",
		"微信会员/微信会",
		"",
		"",
		"储值卡赠",
		"",
		"500",
		"21120",
		"WEB",
		"微信返现2K-",
		"2022-10-12 00:00:00",
		"18:00:00",
		""
	],
	[
		"",
		"WX00034417",
		"",
		"",
		"双黄诞",
		"",
		"微信会员/微信会",
		"",
		"",
		"微信在线",
		"200",
		"",
		"211",
		"WEB",
		" ",
		"2022-10-12 00:00:00",
		"15:01:00",
		""
	],
	[
		"",
		"WX00039337",
		"",
		"",
		"杜建东",
		"",
		"微信会员/微信会",
		"",
		"",
		"微信在线",
		"2000",
		"",
		"2859",
		"WEB",
		" ",
		"2022-10-12 00:00:00",
		"18:22:00",
		""
	],
	[
		"",
		"WX00039337",
		"",
		"",
		"杜建东",
		"",
		"微信会员/微信会",
		"",
		"",
		"储值卡赠",
		"",
		"100",
		"2959",
		"WEB",
		"微信返现2K-",
		"2022-10-12 00:00:00",
		"18:22:00",
		""
	],
	[
		"",
		"WX00040860",
		"",
		"",
		"权伟",
		"",
		"微信会员/微信会",
		"",
		"",
		"微信在线",
		"200",
		"",
		"2011.40000000000009094947017729282379150390625",
		"WEB",
		" ",
		"2022-10-12 00:00:00",
		"21:25:00",
		""
	],
	[
		"",
		"WX00042616",
		"",
		"",
		"孙红晶",
		"",
		"微信会员/微信会",
		"",
		"",
		"微信在线",
		"200",
		"",
		"213",
		"WEB",
		" ",
		"2022-10-12 00:00:00",
		"12:31:00",
		""
	],
	[
		"",
		"WX00043510",
		"",
		"",
		"辣妈她妈",
		"",
		"微信会员/微信会",
		"",
		"",
		"微信在线",
		"200",
		"",
		"263",
		"WEB",
		" ",
		"2022-10-12 00:00:00",
		"13:36:00",
		""
	],
	[
		"",
		"WX00045016",
		"",
		"",
		"史伟清",
		"",
		"微信会员/微信会",
		"",
		"",
		"微信在线",
		"2000",
		"",
		"2345",
		"WEB",
		" ",
		"2022-10-12 00:00:00",
		"19:29:00",
		""
	],
	[
		"",
		"WX00045016",
		"",
		"",
		"史伟清",
		"",
		"微信会员/微信会",
		"",
		"",
		"储值卡赠",
		"",
		"100",
		"2445",
		"WEB",
		"微信返现2K-",
		"2022-10-12 00:00:00",
		"19:29:00",
		""
	],
	[
		"",
		"WX00053049",
		"",
		"",
		"系统会员姓",
		"",
		"微信会员/微信会",
		"",
		"",
		"微信在线",
		"200",
		"",
		"206",
		"WEB",
		" ",
		"2022-10-12 00:00:00",
		"14:15:00",
		""
	],
	[
		"",
		"WX00054538",
		"",
		"",
		"彼得格勒",
		"",
		"微信会员/微信会",
		"",
		"",
		"微信在线",
		"200",
		"",
		"305",
		"WEB",
		" ",
		"2022-10-12 00:00:00",
		"17:22:00",
		""
	],
	[
		"",
		"WX00066556",
		"",
		"",
		"鳳舞九天",
		"",
		"微信会员/微信会",
		"",
		"",
		"微信在线",
		"200",
		"",
		"234",
		"WEB",
		" ",
		"2022-10-12 00:00:00",
		"11:16:00",
		""
	],
	[
		"",
		"WX00075093",
		"",
		"",
		"豌豆儿荚",
		"",
		"微信会员/微信会",
		"",
		"",
		"微信在线",
		"200",
		"",
		"223",
		"WEB",
		" ",
		"2022-10-12 00:00:00",
		"12:24:00",
		""
	],
	[
		"",
		"WX00076860",
		"",
		"",
		"朝花夕拾",
		"",
		"微信会员/微信会",
		"",
		"",
		"微信在线",
		"3000",
		"",
		"3037",
		"WEB",
		" ",
		"2022-10-12 00:00:00",
		"13:02:00",
		""
	],
	[
		"",
		"WX00076860",
		"",
		"",
		"朝花夕拾",
		"",
		"微信会员/微信会",
		"",
		"",
		"储值卡赠",
		"",
		"150",
		"3187",
		"WEB",
		"微信返现2K-",
		"2022-10-12 00:00:00",
		"13:02:00",
		""
	],
	[
		"",
		"WX00077350",
		"",
		"",
		"阙特勤",
		"",
		"微信会员/微信会",
		"",
		"",
		"微信在线",
		"200",
		"",
		"240",
		"WEB",
		" ",
		"2022-10-12 00:00:00",
		"11:49:00",
		""
	],
	[
		"",
		"WX00077358",
		"",
		"",
		"王岩",
		"",
		"微信会员/微信会",
		"",
		"",
		"微信在线",
		"200",
		"",
		"281",
		"WEB",
		" ",
		"2022-10-12 00:00:00",
		"13:58:00",
		""
	],
	[
		"",
		"WX00080755",
		"",
		"",
		"九齿钉耙",
		"",
		"微信会员/微信会",
		"",
		"",
		"微信在线",
		"4000",
		"",
		"4000",
		"WEB",
		" ",
		"2022-10-12 00:00:00",
		"20:35:00",
		""
	],
	[
		"",
		"WX00080755",
		"",
		"",
		"九齿钉耙",
		"",
		"微信会员/微信会",
		"",
		"",
		"储值卡赠",
		"",
		"200",
		"4200",
		"WEB",
		"微信返现2K-",
		"2022-10-12 00:00:00",
		"20:35:00",
		""
	],
	[
		"",
		"酒店：",
		"威海百纳瑞汀酒店",
		"",
		"",
		"",
		"",
		"33",
		"",
		"",
		"共:2",
		"笔，合计：",
		"1000",
		"",
		"",
		"",
		"",
		""
	],
	[
		"",
		"517625",
		"",
		"",
		"王先生",
		"",
		"百纳会员/一卡通",
		"",
		"",
		"微信/支",
		"500",
		"",
		"500",
		"WHZHM",
		" ",
		"2022-10-12 00:00:00",
		"18:33:00",
		""
	],
	[
		"",
		"517626",
		"",
		"",
		"范女士",
		"",
		"百纳会员/一卡通",
		"",
		"",
		"微信/支",
		"500",
		"",
		"500",
		"WHQSM",
		" ",
		"2022-10-12 00:00:00",
		"11:10:00",
		""
	],
	[
		"",
		"",
		"",
		"",
		"",
		"共：",
		"",
		"",
		"",
		"37",
		"笔，合计：",
		"55797",
		"",
		"",
		"",
		"",
		"",
		""
	],
	[
		"",
		"",
		"",
		"",
		"",
		"",
		"",
		"",
		"",
		"Page ",
		"1)",
		"",
		"",
		"",
		"",
		"MEM22",
		"",
		""
	],
	[
		"",
		"",
		"",
		"",
		"",
		"",
		"",
		"",
		"",
		"",
		"",
		"",
		"",
		"",
		"",
		"",
		"",
		""
	]
]
[2022/10/17 10:05:59][INFO][选中的内容][23]    0          卡号 2 3     姓名  ...     工号        备注                 营业日期        时间 17
0         513211        王先生  ...    WEB            2022-10-12 00:00:00  11:00:00   
1         958352        秦先生  ...  HY001     王允京充值  2022-10-12 00:00:00  11:23:00   
2         958352        秦先生  ...  HY001   充值返现2K-  2022-10-12 00:00:00  11:23:00   
3         959709        苏经理  ...  RT002     原卡丢失   2022-10-12 00:00:00  16:56:00   
4         960521        苏余晟  ...  RT002     原卡丢失   2022-10-12 00:00:00  16:56:00   
5         960522        张女士  ...  RT002  10.12孙莉夏  2022-10-12 00:00:00  11:42:00   
6         960522        张女士  ...  RT002   充值返现2K-  2022-10-12 00:00:00  11:42:00   
7         960523        张艳进  ...  RT002  10.12孙宇婷  2022-10-12 00:00:00  10:39:00   
8         960525        吕为东  ...  RT002  10.12孙宇婷  2022-10-12 00:00:00  10:19:00   
9         960526        凌明通  ...  RT002  10.12孙宇婷  2022-10-12 00:00:00  10:16:00   
10        960526        凌明通  ...  RT002   充值返现2K-  2022-10-12 00:00:00  10:16:00   
11        960527        王淑云  ...  RT002  10.12孙宇婷  2022-10-12 00:00:00  10:15:00   
12        960527        王淑云  ...  RT002   充值返现2K-  2022-10-12 00:00:00  10:15:00   
13    WX00002169         毛琨  ...    WEB            2022-10-12 00:00:00  12:06:00   
14    WX00017673         王妮  ...    WEB            2022-10-12 00:00:00  19:19:00   
15    WX00030889       张爱党  ...    WEB            2022-10-12 00:00:00  18:00:00   
16    WX00030889       张爱党  ...    WEB   微信返现2K-  2022-10-12 00:00:00  18:00:00   
17    WX00034417        双黄诞  ...    WEB            2022-10-12 00:00:00  15:01:00   
18    WX00039337        杜建东  ...    WEB            2022-10-12 00:00:00  18:22:00   
19    WX00039337        杜建东  ...    WEB   微信返现2K-  2022-10-12 00:00:00  18:22:00   
20    WX00040860         权伟  ...    WEB            2022-10-12 00:00:00  21:25:00   
21    WX00042616        孙红晶  ...    WEB            2022-10-12 00:00:00  12:31:00   
22    WX00043510       辣妈她妈  ...    WEB            2022-10-12 00:00:00  13:36:00   
23    WX00045016        史伟清  ...    WEB            2022-10-12 00:00:00  19:29:00   
24    WX00045016        史伟清  ...    WEB   微信返现2K-  2022-10-12 00:00:00  19:29:00   
25    WX00053049      系统会员姓  ...    WEB            2022-10-12 00:00:00  14:15:00   
26    WX00054538       彼得格勒  ...    WEB            2022-10-12 00:00:00  17:22:00   
27    WX00066556       鳳舞九天  ...    WEB            2022-10-12 00:00:00  11:16:00   
28    WX00075093       豌豆儿荚  ...    WEB            2022-10-12 00:00:00  12:24:00   
29    WX00076860       朝花夕拾  ...    WEB            2022-10-12 00:00:00  13:02:00   
30    WX00076860       朝花夕拾  ...    WEB   微信返现2K-  2022-10-12 00:00:00  13:02:00   
31    WX00077350        阙特勤  ...    WEB            2022-10-12 00:00:00  11:49:00   
32    WX00077358         王岩  ...    WEB            2022-10-12 00:00:00  13:58:00   
33    WX00080755       九齿钉耙  ...    WEB            2022-10-12 00:00:00  20:35:00   
34    WX00080755       九齿钉耙  ...    WEB   微信返现2K-  2022-10-12 00:00:00  20:35:00   
36        517625        王先生  ...  WHZHM            2022-10-12 00:00:00  18:33:00   
37        517626        范女士  ...  WHQSM            2022-10-12 00:00:00  11:10:00   

[37 rows x 18 columns]
[2022/10/17 10:05:59][INFO][选中的内容][0] 选中的内容 运行已结束
