[2022/11/1 9:00:11][INFO][][0] 工作路径已切换到 d:\rpa机器人\百纳\
[2022/11/1 9:00:11][INFO][流程块.task][0] 流程 流程块.task 开始运行
[2022/11/1 9:00:11][INFO][流程块.task][18] 进入
[2022/11/1 9:00:40][INFO][流程块.task][98] [
	[
		"",
		"953259",
		"",
		"",
		"王先生",
		"",
		"百纳会员/一卡通",
		"",
		"",
		"人民币现",
		"5000",
		"",
		"5000",
		"TYWGL",
		"张婕",
		"2022-10-28 00:00:00",
		2.55625,
		""
	],
	[
		"",
		"953259",
		"",
		"",
		"王先生",
		"",
		"百纳会员/一卡通",
		"",
		"",
		"储值卡赠",
		"",
		"250",
		"5250",
		"TYWGL",
		"充值返现2K-",
		"2022-10-28 00:00:00",
		2.55625,
		""
	],
	[
		"",
		"953259",
		"",
		"",
		"王先生",
		"",
		"百纳会员/一卡通",
		"",
		"",
		"人民币现",
		"",
		"-5000",
		"250",
		"TYWGL",
		"客人换微会员",
		"2022-10-28 00:00:00",
		2.56111111111111,
		""
	],
	[
		"",
		"953259",
		"",
		"",
		"王先生",
		"",
		"百纳会员/一卡通",
		"",
		"",
		"储值卡赠",
		"",
		"-250",
		"0",
		"TYWGL",
		"客人换微会员",
		"2022-10-28 00:00:00",
		2.56111111111111,
		""
	],
	[
		"",
		"958371",
		"",
		"",
		"刘先生",
		"",
		"百纳会员/一卡通",
		"",
		"",
		"储值卡",
		"",
		"-11235",
		"0",
		"HY001",
		"张伟松通知",
		"2022-10-28 00:00:00",
		2.67569444444444,
		""
	],
	[
		"",
		"958633",
		"",
		"",
		"吴先生",
		"",
		"百纳会员/一卡通",
		"",
		"",
		"储值卡",
		"",
		"11235",
		"14081.719999999999345163814723491668701171875",
		"HY001",
		"张伟松通知",
		"2022-10-28 00:00:00",
		2.67569444444444,
		""
	],
	[
		"",
		"960389",
		"",
		"",
		"贵宾",
		"",
		"百纳会员/一卡通",
		"",
		"",
		"内部转账",
		"1500",
		"",
		"1500",
		"RT002",
		" ",
		"2022-10-28 00:00:00",
		2.45555555555556,
		""
	],
	[
		"",
		"960389",
		"",
		"",
		"贵宾",
		"",
		"百纳会员/一卡通",
		"",
		"",
		"内部转账",
		"1500",
		"",
		"3000",
		"RT002",
		"钟音",
		"2022-10-28 00:00:00",
		2.45625,
		""
	],
	[
		"",
		"960389",
		"",
		"",
		"贵宾",
		"",
		"百纳会员/一卡通",
		"",
		"",
		"内部转账",
		"1500",
		"",
		"4500",
		"RT002",
		"钟音",
		"2022-10-28 00:00:00",
		2.45625,
		""
	],
	[
		"",
		"960389",
		"",
		"",
		"贵宾",
		"",
		"百纳会员/一卡通",
		"",
		"",
		"内部转账",
		"1500",
		"",
		"6000",
		"RT002",
		"钟音",
		"2022-10-28 00:00:00",
		2.45694444444444,
		""
	],
	[
		"",
		"960389",
		"",
		"",
		"贵宾",
		"",
		"百纳会员/一卡通",
		"",
		"",
		"内部转账",
		"1500",
		"",
		"7500",
		"RT002",
		"钟音",
		"2022-10-28 00:00:00",
		2.45694444444444,
		""
	],
	[
		"",
		"960389",
		"",
		"",
		"贵宾",
		"",
		"百纳会员/一卡通",
		"",
		"",
		"内部转账",
		"1500",
		"",
		"9000",
		"RT002",
		"钟音",
		"2022-10-28 00:00:00",
		2.45694444444444,
		""
	],
	[
		"",
		"960389",
		"",
		"",
		"贵宾",
		"",
		"百纳会员/一卡通",
		"",
		"",
		"内部转账",
		"1000",
		"",
		"10000",
		"RT002",
		"钟音",
		"2022-10-28 00:00:00",
		2.45694444444444,
		""
	],
	[
		"",
		"WX00003122",
		"",
		"",
		"刘先生",
		"",
		"微信会员/微信会",
		"",
		"",
		"微信在线",
		"200",
		"",
		"1217",
		"WEB",
		" ",
		"2022-10-28 00:00:00",
		2.54305555555556,
		""
	],
	[
		"",
		"WX00007082",
		"",
		"",
		"13583513",
		"",
		"微信会员/微信银",
		"",
		"",
		"微信在线",
		"4000",
		"",
		"4368",
		"WEB",
		" ",
		"2022-10-28 00:00:00",
		2.91736111111111,
		""
	],
	[
		"",
		"WX00007082",
		"",
		"",
		"13583513",
		"",
		"微信会员/微信银",
		"",
		"",
		"储值卡赠",
		"",
		"200",
		"4568",
		"WEB",
		"微信返现2K-",
		"2022-10-28 00:00:00",
		2.91736111111111,
		""
	],
	[
		"",
		"WX00008623",
		"",
		"",
		"王艳",
		"",
		"微信会员/微信银",
		"",
		"",
		"微信在线",
		"2000",
		"",
		"2254",
		"WEB",
		" ",
		"2022-10-28 00:00:00",
		2.61458333333333,
		""
	],
	[
		"",
		"WX00008623",
		"",
		"",
		"王艳",
		"",
		"微信会员/微信银",
		"",
		"",
		"储值卡赠",
		"",
		"100",
		"2354",
		"WEB",
		"微信返现2K-",
		"2022-10-28 00:00:00",
		2.61458333333333,
		""
	],
	[
		"",
		"WX00010525",
		"",
		"",
		"韩女士",
		"",
		"微信会员/微信会",
		"",
		"",
		"微信在线",
		"1000",
		"",
		"4378",
		"WEB",
		" ",
		"2022-10-28 00:00:00",
		2.87986111111111,
		""
	],
	[
		"",
		"WX00014779",
		"",
		"",
		"张文歌",
		"",
		"微信会员/微信会",
		"",
		"",
		"微信在线",
		"2000",
		"",
		"2903",
		"WEB",
		" ",
		"2022-10-28 00:00:00",
		2.89583333333333,
		""
	],
	[
		"",
		"WX00014779",
		"",
		"",
		"张文歌",
		"",
		"微信会员/微信会",
		"",
		"",
		"储值卡赠",
		"",
		"100",
		"3003",
		"WEB",
		"微信返现2K-",
		"2022-10-28 00:00:00",
		2.89583333333333,
		""
	],
	[
		"",
		"WX00019639",
		"",
		"",
		"徐颖",
		"",
		"微信会员/微信银",
		"",
		"",
		"微信在线",
		"2000",
		"",
		"2030",
		"WEB",
		" ",
		"2022-10-28 00:00:00",
		2.57638888888889,
		""
	],
	[
		"",
		"WX00019639",
		"",
		"",
		"徐颖",
		"",
		"微信会员/微信银",
		"",
		"",
		"储值卡赠",
		"",
		"100",
		"2130",
		"WEB",
		"微信返现2K-",
		"2022-10-28 00:00:00",
		2.57638888888889,
		""
	],
	[
		"",
		"WX00032679",
		"",
		"",
		"韩雯雯",
		"",
		"微信会员/微信会",
		"",
		"",
		"微信在线",
		"200",
		"",
		"297",
		"WEB",
		" ",
		"2022-10-28 00:00:00",
		2.72013888888889,
		""
	],
	[
		"",
		"WX00033638",
		"",
		"",
		"尹俊",
		"",
		"微信会员/微信会",
		"",
		"",
		"微信在线",
		"5000",
		"",
		"6335",
		"WEB",
		" ",
		"2022-10-28 00:00:00",
		2.53958333333333,
		""
	],
	[
		"",
		"WX00033638",
		"",
		"",
		"尹俊",
		"",
		"微信会员/微信会",
		"",
		"",
		"储值卡赠",
		"",
		"250",
		"6585",
		"WEB",
		"微信返现2K-",
		"2022-10-28 00:00:00",
		2.53958333333333,
		""
	],
	[
		"",
		"WX00035922",
		"",
		"",
		"赛静静",
		"",
		"微信会员/微信会",
		"",
		"",
		"微信在线",
		"200",
		"",
		"443",
		"WEB",
		" ",
		"2022-10-28 00:00:00",
		2.75486111111111,
		""
	],
	[
		"",
		"WX00045894",
		"",
		"",
		"王月萍",
		"",
		"微信会员/微信会",
		"",
		"",
		"微信在线",
		"200",
		"",
		"279",
		"WEB",
		" ",
		"2022-10-28 00:00:00",
		2.86111111111111,
		""
	],
	[
		"",
		"WX00058985",
		"",
		"",
		"蜡笔小馨馨",
		"",
		"微信会员/微信会",
		"",
		"",
		"微信在线",
		"5000",
		"",
		"5281",
		"WEB",
		" ",
		"2022-10-28 00:00:00",
		2.55833333333333,
		""
	],
	[
		"",
		"WX00058985",
		"",
		"",
		"蜡笔小馨馨",
		"",
		"微信会员/微信会",
		"",
		"",
		"储值卡赠",
		"",
		"250",
		"5531",
		"WEB",
		"微信返现2K-",
		"2022-10-28 00:00:00",
		2.55833333333333,
		""
	],
	[
		"",
		"WX00061092",
		"",
		"",
		"张晓",
		"",
		"微信会员/微信会",
		"",
		"",
		"微信在线",
		"3000",
		"",
		"3074",
		"WEB",
		" ",
		"2022-10-28 00:00:00",
		2.89444444444444,
		""
	],
	[
		"",
		"WX00061092",
		"",
		"",
		"张晓",
		"",
		"微信会员/微信会",
		"",
		"",
		"储值卡赠",
		"",
		"150",
		"3224",
		"WEB",
		"微信返现2K-",
		"2022-10-28 00:00:00",
		2.89444444444444,
		""
	],
	[
		"",
		"WX00063586",
		"",
		"",
		"杰骜不驯",
		"",
		"微信会员/微信会",
		"",
		"",
		"微信在线",
		"2000",
		"",
		"2000",
		"WEB",
		" ",
		"2022-10-28 00:00:00",
		2.58472222222222,
		""
	],
	[
		"",
		"WX00063586",
		"",
		"",
		"杰骜不驯",
		"",
		"微信会员/微信会",
		"",
		"",
		"储值卡赠",
		"",
		"100",
		"2100",
		"WEB",
		"微信返现2K-",
		"2022-10-28 00:00:00",
		2.58472222222222,
		""
	],
	[
		"",
		"WX00077215",
		"",
		"",
		"光年",
		"",
		"微信会员/微信会",
		"",
		"",
		"微信在线",
		"3000",
		"",
		"3029",
		"WEB",
		" ",
		"2022-10-28 00:00:00",
		2.80069444444444,
		""
	],
	[
		"",
		"WX00077215",
		"",
		"",
		"光年",
		"",
		"微信会员/微信会",
		"",
		"",
		"储值卡赠",
		"",
		"150",
		"3179",
		"WEB",
		"微信返现2K-",
		"2022-10-28 00:00:00",
		2.80069444444444,
		""
	],
	[
		"",
		"WX00077215",
		"",
		"",
		"光年",
		"",
		"微信会员/微信会",
		"",
		"",
		"微信在线",
		"200",
		"",
		"3379",
		"WEB",
		" ",
		"2022-10-28 00:00:00",
		2.80208333333333,
		""
	],
	[
		"",
		"WX00079776",
		"",
		"",
		"米米",
		"",
		"微信会员/微信会",
		"",
		"",
		"微信在线",
		"3000",
		"",
		"3776",
		"WEB",
		" ",
		"2022-10-28 00:00:00",
		2.65208333333333,
		""
	],
	[
		"",
		"WX00079776",
		"",
		"",
		"米米",
		"",
		"微信会员/微信会",
		"",
		"",
		"储值卡赠",
		"",
		"150",
		"3926",
		"WEB",
		"微信返现2K-",
		"2022-10-28 00:00:00",
		2.65208333333333,
		""
	],
	[
		"",
		"WX00081006",
		"",
		"",
		"郭志善",
		"",
		"微信会员/微信会",
		"",
		"",
		"微信在线",
		"1500",
		"",
		"1500",
		"WEB",
		" ",
		"2022-10-28 00:00:00",
		2.75763888888889,
		""
	],
	[
		"",
		"WX00081007",
		"",
		"",
		"俊毅奶奶",
		"",
		"微信会员/微信会",
		"",
		"",
		"微信在线",
		"20000",
		"",
		"20000",
		"WEB",
		" ",
		"2022-10-28 00:00:00",
		2.78958333333333,
		""
	],
	[
		"",
		"WX00081007",
		"",
		"",
		"俊毅奶奶",
		"",
		"微信会员/微信会",
		"",
		"",
		"储值卡赠",
		"",
		"1600",
		"21600",
		"WEB",
		"微信返现2W-",
		"2022-10-28 00:00:00",
		2.78958333333333,
		""
	],
	[
		"",
		"WX00081010",
		"",
		"",
		"MrZhang",
		"",
		"微信会员/微信会",
		"",
		"",
		"微信在线",
		"4000",
		"",
		"4000",
		"WEB",
		" ",
		"2022-10-28 00:00:00",
		2.90277777777778,
		""
	],
	[
		"",
		"WX00081010",
		"",
		"",
		"MrZhang",
		"",
		"微信会员/微信会",
		"",
		"",
		"储值卡赠",
		"",
		"200",
		"4200",
		"WEB",
		"微信返现2K-",
		"2022-10-28 00:00:00",
		2.90277777777778,
		""
	],
	[
		"",
		"WX00081011",
		"",
		"",
		"曲新国",
		"",
		"微信会员/微信会",
		"",
		"",
		"微信在线",
		"3000",
		"",
		"3000",
		"WEB",
		" ",
		"2022-10-28 00:00:00",
		2.91180555555556,
		""
	],
	[
		"",
		"WX00081011",
		"",
		"",
		"曲新国",
		"",
		"微信会员/微信会",
		"",
		"",
		"储值卡赠",
		"",
		"150",
		"3150",
		"WEB",
		"微信返现2K-",
		"2022-10-28 00:00:00",
		2.91180555555556,
		""
	],
	[
		"",
		"WX00081011",
		"",
		"",
		"曲新国",
		"",
		"微信会员/微信会",
		"",
		"",
		"微信在线",
		"500",
		"",
		"3650",
		"WEB",
		" ",
		"2022-10-28 00:00:00",
		2.91180555555556,
		""
	],
	[
		"",
		"WX00081011",
		"",
		"",
		"曲新国",
		"",
		"微信会员/微信会",
		"",
		"",
		"微信在线",
		"200",
		"",
		"3850",
		"WEB",
		" ",
		"2022-10-28 00:00:00",
		2.9125,
		""
	],
	[
		"",
		"",
		"",
		"",
		"",
		"共：",
		"",
		"",
		"",
		"48",
		"笔，合计：",
		"75700",
		"",
		"",
		"",
		"",
		0.0,
		""
	],
	[
		"",
		"",
		"",
		"",
		"",
		"",
		"",
		"",
		"",
		"Page ",
		"1)",
		"",
		"",
		"",
		"",
		"MEM22",
		0.0,
		""
	],
	[
		"",
		"",
		"",
		"",
		"",
		"",
		"",
		"",
		"",
		"",
		"",
		"",
		"",
		"",
		"",
		"",
		0.0,
		""
	]
]
[2022/11/1 9:00:41][INFO][流程块.task][109]    0          卡号 2 3  ...       备注                 营业日期        时间 17
0         953259      ...       张婕  2022-10-28 00:00:00  2.556250   
1         953259      ...  充值返现2K-  2022-10-28 00:00:00  2.556250   
2         953259      ...   客人换微会员  2022-10-28 00:00:00  2.561111   
3         953259      ...   客人换微会员  2022-10-28 00:00:00  2.561111   
4         958371      ...    张伟松通知  2022-10-28 00:00:00  2.675694   
5         958633      ...    张伟松通知  2022-10-28 00:00:00  2.675694   
6         960389      ...           2022-10-28 00:00:00  2.455556   
7         960389      ...       钟音  2022-10-28 00:00:00  2.456250   
8         960389      ...       钟音  2022-10-28 00:00:00  2.456250   
9         960389      ...       钟音  2022-10-28 00:00:00  2.456944   
10        960389      ...       钟音  2022-10-28 00:00:00  2.456944   
11        960389      ...       钟音  2022-10-28 00:00:00  2.456944   
12        960389      ...       钟音  2022-10-28 00:00:00  2.456944   
13    WX00003122      ...           2022-10-28 00:00:00  2.543056   
14    WX00007082      ...           2022-10-28 00:00:00  2.917361   
15    WX00007082      ...  微信返现2K-  2022-10-28 00:00:00  2.917361   
16    WX00008623      ...           2022-10-28 00:00:00  2.614583   
17    WX00008623      ...  微信返现2K-  2022-10-28 00:00:00  2.614583   
18    WX00010525      ...           2022-10-28 00:00:00  2.879861   
19    WX00014779      ...           2022-10-28 00:00:00  2.895833   
20    WX00014779      ...  微信返现2K-  2022-10-28 00:00:00  2.895833   
21    WX00019639      ...           2022-10-28 00:00:00  2.576389   
22    WX00019639      ...  微信返现2K-  2022-10-28 00:00:00  2.576389   
23    WX00032679      ...           2022-10-28 00:00:00  2.720139   
24    WX00033638      ...           2022-10-28 00:00:00  2.539583   
25    WX00033638      ...  微信返现2K-  2022-10-28 00:00:00  2.539583   
26    WX00035922      ...           2022-10-28 00:00:00  2.754861   
27    WX00045894      ...           2022-10-28 00:00:00  2.861111   
28    WX00058985      ...           2022-10-28 00:00:00  2.558333   
29    WX00058985      ...  微信返现2K-  2022-10-28 00:00:00  2.558333   
30    WX00061092      ...           2022-10-28 00:00:00  2.894444   
31    WX00061092      ...  微信返现2K-  2022-10-28 00:00:00  2.894444   
32    WX00063586      ...           2022-10-28 00:00:00  2.584722   
33    WX00063586      ...  微信返现2K-  2022-10-28 00:00:00  2.584722   
34    WX00077215      ...           2022-10-28 00:00:00  2.800694   
35    WX00077215      ...  微信返现2K-  2022-10-28 00:00:00  2.800694   
36    WX00077215      ...           2022-10-28 00:00:00  2.802083   
37    WX00079776      ...           2022-10-28 00:00:00  2.652083   
38    WX00079776      ...  微信返现2K-  2022-10-28 00:00:00  2.652083   
39    WX00081006      ...           2022-10-28 00:00:00  2.757639   
40    WX00081007      ...           2022-10-28 00:00:00  2.789583   
41    WX00081007      ...  微信返现2W-  2022-10-28 00:00:00  2.789583   
42    WX00081010      ...           2022-10-28 00:00:00  2.902778   
43    WX00081010      ...  微信返现2K-  2022-10-28 00:00:00  2.902778   
44    WX00081011      ...           2022-10-28 00:00:00  2.911806   
45    WX00081011      ...  微信返现2K-  2022-10-28 00:00:00  2.911806   
46    WX00081011      ...           2022-10-28 00:00:00  2.911806   
47    WX00081011      ...           2022-10-28 00:00:00  2.912500   

[48 rows x 18 columns]
[2022/11/1 9:00:41][INFO][流程块.task][122]    0          卡号 2 3  ...       备注                 营业日期        时间 17
0         953259      ...       张婕  2022-10-28 00:00:00  2.556250   
1         953259      ...  充值返现2K-  2022-10-28 00:00:00  2.556250   
2         953259      ...   客人换微会员  2022-10-28 00:00:00  2.561111   
3         953259      ...   客人换微会员  2022-10-28 00:00:00  2.561111   
4         958371      ...    张伟松通知  2022-10-28 00:00:00  2.675694   
5         958633      ...    张伟松通知  2022-10-28 00:00:00  2.675694   
6         960389      ...           2022-10-28 00:00:00  2.455556   
7         960389      ...       钟音  2022-10-28 00:00:00  2.456250   
8         960389      ...       钟音  2022-10-28 00:00:00  2.456250   
9         960389      ...       钟音  2022-10-28 00:00:00  2.456944   
10        960389      ...       钟音  2022-10-28 00:00:00  2.456944   
11        960389      ...       钟音  2022-10-28 00:00:00  2.456944   
12        960389      ...       钟音  2022-10-28 00:00:00  2.456944   
13    WX00003122      ...           2022-10-28 00:00:00  2.543056   
14    WX00007082      ...           2022-10-28 00:00:00  2.917361   
15    WX00007082      ...  微信返现2K-  2022-10-28 00:00:00  2.917361   
16    WX00008623      ...           2022-10-28 00:00:00  2.614583   
17    WX00008623      ...  微信返现2K-  2022-10-28 00:00:00  2.614583   
18    WX00010525      ...           2022-10-28 00:00:00  2.879861   
19    WX00014779      ...           2022-10-28 00:00:00  2.895833   
20    WX00014779      ...  微信返现2K-  2022-10-28 00:00:00  2.895833   
21    WX00019639      ...           2022-10-28 00:00:00  2.576389   
22    WX00019639      ...  微信返现2K-  2022-10-28 00:00:00  2.576389   
23    WX00032679      ...           2022-10-28 00:00:00  2.720139   
24    WX00033638      ...           2022-10-28 00:00:00  2.539583   
25    WX00033638      ...  微信返现2K-  2022-10-28 00:00:00  2.539583   
26    WX00035922      ...           2022-10-28 00:00:00  2.754861   
27    WX00045894      ...           2022-10-28 00:00:00  2.861111   
28    WX00058985      ...           2022-10-28 00:00:00  2.558333   
29    WX00058985      ...  微信返现2K-  2022-10-28 00:00:00  2.558333   
30    WX00061092      ...           2022-10-28 00:00:00  2.894444   
31    WX00061092      ...  微信返现2K-  2022-10-28 00:00:00  2.894444   
32    WX00063586      ...           2022-10-28 00:00:00  2.584722   
33    WX00063586      ...  微信返现2K-  2022-10-28 00:00:00  2.584722   
34    WX00077215      ...           2022-10-28 00:00:00  2.800694   
35    WX00077215      ...  微信返现2K-  2022-10-28 00:00:00  2.800694   
36    WX00077215      ...           2022-10-28 00:00:00  2.802083   
37    WX00079776      ...           2022-10-28 00:00:00  2.652083   
38    WX00079776      ...  微信返现2K-  2022-10-28 00:00:00  2.652083   
39    WX00081006      ...           2022-10-28 00:00:00  2.757639   
40    WX00081007      ...           2022-10-28 00:00:00  2.789583   
41    WX00081007      ...  微信返现2W-  2022-10-28 00:00:00  2.789583   
42    WX00081010      ...           2022-10-28 00:00:00  2.902778   
43    WX00081010      ...  微信返现2K-  2022-10-28 00:00:00  2.902778   
44    WX00081011      ...           2022-10-28 00:00:00  2.911806   
45    WX00081011      ...  微信返现2K-  2022-10-28 00:00:00  2.911806   
46    WX00081011      ...           2022-10-28 00:00:00  2.911806   
47    WX00081011      ...           2022-10-28 00:00:00  2.912500   

[48 rows x 18 columns]
[2022/11/1 9:54:23][INFO][流程块.task][345] 离开
[2022/11/1 9:54:23][INFO][流程块.task][0] 流程块.task 运行已结束
