[2022/11/19 19:37:49][INFO][][0] 工作路径已切换到 d:\rpa机器人\百纳\
[2022/11/19 19:37:49][INFO][流程块4.task][0] 流程 流程块4.task 开始运行
[2022/11/19 19:37:49][INFO][流程块4.task][1] 
[2022/11/19 19:38:03][INFO][流程块4.task][71] [
	"506336-0001"
]
[2022/11/19 19:38:03][INFO][流程块4.task][75] [
	"600.00"
]
[2022/11/19 19:38:03][INFO][流程块4.task][94] false
[2022/11/19 19:38:08][INFO][流程块4.task][71] [
	"0"
]
[2022/11/19 19:38:08][INFO][流程块4.task][71] [
	"0"
]
[2022/11/19 19:38:08][INFO][流程块4.task][71] [
	"0"
]
[2022/11/19 19:38:08][INFO][流程块4.task][71] [
	"0"
]
[2022/11/19 19:38:08][INFO][流程块4.task][71] [
	"0"
]
[2022/11/19 19:38:08][INFO][流程块4.task][71] [
	"0"
]
[2022/11/19 19:38:08][INFO][流程块4.task][71] [
	"0"
]
[2022/11/19 19:38:08][INFO][流程块4.task][71] [
	"0"
]
[2022/11/19 19:38:08][INFO][流程块4.task][71] [
	"0"
]
[2022/11/19 19:38:08][INFO][流程块4.task][71] [
	"0"
]
[2022/11/19 19:38:08][INFO][流程块4.task][71] [
	"0"
]
[2022/11/19 19:38:08][INFO][流程块4.task][71] [
	"0"
]
[2022/11/19 19:38:08][INFO][流程块4.task][71] [
	"0"
]
[2022/11/19 19:38:08][INFO][流程块4.task][71] [
	"0"
]
[2022/11/19 19:38:08][INFO][流程块4.task][71] [
	"0"
]
[2022/11/19 19:38:08][INFO][流程块4.task][71] [
	"0"
]
[2022/11/19 19:38:08][INFO][流程块4.task][71] [
	"0"
]
[2022/11/19 19:38:08][INFO][流程块4.task][71] [
	"0"
]
[2022/11/19 19:38:08][INFO][流程块4.task][71] [
	"953322-0015"
]
[2022/11/19 19:38:08][INFO][流程块4.task][75] [
	"750.00"
]
[2022/11/19 19:38:08][INFO][流程块4.task][94] false
[2022/11/19 19:38:13][INFO][流程块4.task][94] false
[2022/11/19 19:38:19][INFO][流程块4.task][94] false
[2022/11/19 19:38:24][INFO][流程块4.task][71] [
	"0"
]
[2022/11/19 19:38:24][INFO][流程块4.task][71] [
	"0"
]
[2022/11/19 19:38:24][INFO][流程块4.task][71] [
	"0"
]
[2022/11/19 19:38:24][INFO][流程块4.task][71] [
	"0"
]
[2022/11/19 19:38:24][INFO][流程块4.task][71] [
	"0"
]
[2022/11/19 19:38:24][INFO][流程块4.task][71] [
	"0"
]
[2022/11/19 19:38:24][INFO][流程块4.task][71] [
	"0"
]
[2022/11/19 19:38:24][INFO][流程块4.task][71] [
	"0"
]
[2022/11/19 19:38:24][INFO][流程块4.task][71] [
	"0"
]
[2022/11/19 19:38:24][INFO][流程块4.task][71] [
	"960079-0002"
]
[2022/11/19 19:38:25][INFO][流程块4.task][75] [
	"483.00"
]
[2022/11/19 19:38:25][INFO][流程块4.task][94] false
[2022/11/19 19:38:30][INFO][流程块4.task][94] false
[2022/11/19 19:38:35][INFO][流程块4.task][71] [
	"0"
]
[2022/11/19 19:38:35][INFO][流程块4.task][71] [
	"0"
]
[2022/11/19 19:38:35][INFO][流程块4.task][71] [
	"WX00002406"
]
[2022/11/19 19:38:35][INFO][流程块4.task][75] [
	"500.00"
]
[2022/11/19 19:38:41][INFO][流程块4.task][71] [
	"0"
]
[2022/11/19 19:38:41][INFO][流程块4.task][71] [
	"0"
]
[2022/11/19 19:38:41][INFO][流程块4.task][71] [
	"WX00002525"
]
[2022/11/19 19:38:41][INFO][流程块4.task][75] [
	"97.00"
]
[2022/11/19 19:38:46][INFO][流程块4.task][71] [
	"0"
]
[2022/11/19 19:38:46][INFO][流程块4.task][71] [
	"WX00003167"
]
[2022/11/19 19:38:46][INFO][流程块4.task][75] [
	"500.00"
]
[2022/11/19 19:38:52][INFO][流程块4.task][71] [
	"0"
]
[2022/11/19 19:38:52][INFO][流程块4.task][71] [
	"0"
]
[2022/11/19 19:38:52][INFO][流程块4.task][71] [
	"0"
]
[2022/11/19 19:38:52][INFO][流程块4.task][71] [
	"0"
]
[2022/11/19 19:38:52][INFO][流程块4.task][71] [
	"0"
]
[2022/11/19 19:38:52][INFO][流程块4.task][71] [
	"0"
]
[2022/11/19 19:38:52][INFO][流程块4.task][71] [
	"0"
]
[2022/11/19 19:38:52][INFO][流程块4.task][71] [
	"0"
]
[2022/11/19 19:38:52][INFO][流程块4.task][71] [
	"0"
]
[2022/11/19 19:38:52][INFO][流程块4.task][71] [
	"0"
]
[2022/11/19 19:38:52][INFO][流程块4.task][71] [
	"0"
]
[2022/11/19 19:38:52][INFO][流程块4.task][71] [
	"0"
]
[2022/11/19 19:38:52][INFO][流程块4.task][71] [
	"0"
]
[2022/11/19 19:38:52][INFO][流程块4.task][71] [
	"0"
]
[2022/11/19 19:38:52][INFO][流程块4.task][71] [
	"0"
]
[2022/11/19 19:38:52][INFO][流程块4.task][71] [
	"0"
]
[2022/11/19 19:38:52][INFO][流程块4.task][71] [
	"0"
]
[2022/11/19 19:38:52][INFO][流程块4.task][71] [
	"0"
]
[2022/11/19 19:38:52][INFO][流程块4.task][71] [
	"0"
]
[2022/11/19 19:38:52][INFO][流程块4.task][71] [
	"WX00017212-0021"
]
[2022/11/19 19:38:52][INFO][流程块4.task][75] [
	"125.00"
]
[2022/11/19 19:38:52][INFO][流程块4.task][94] false
[2022/11/19 19:38:58][INFO][流程块4.task][71] [
	"0"
]
[2022/11/19 19:38:58][INFO][流程块4.task][71] [
	"0"
]
[2022/11/19 19:38:58][INFO][流程块4.task][71] [
	"0"
]
[2022/11/19 19:38:58][INFO][流程块4.task][71] [
	"0"
]
[2022/11/19 19:38:58][INFO][流程块4.task][71] [
	"0"
]
[2022/11/19 19:38:58][INFO][流程块4.task][71] [
	"0"
]
[2022/11/19 19:38:58][INFO][流程块4.task][71] [
	"0"
]
[2022/11/19 19:38:58][INFO][流程块4.task][71] [
	"0"
]
[2022/11/19 19:38:58][INFO][流程块4.task][71] [
	"0"
]
[2022/11/19 19:38:58][INFO][流程块4.task][71] [
	"WX00041916-0006"
]
[2022/11/19 19:38:58][INFO][流程块4.task][75] [
	"1000.00"
]
[2022/11/19 19:38:58][INFO][流程块4.task][94] false
[2022/11/19 19:39:03][INFO][流程块4.task][94] false
[2022/11/19 19:39:08][INFO][流程块4.task][71] [
	"0"
]
[2022/11/19 19:39:08][INFO][流程块4.task][71] [
	"0"
]
[2022/11/19 19:39:08][INFO][流程块4.task][71] [
	"0"
]
[2022/11/19 19:39:08][INFO][流程块4.task][71] [
	"0"
]
[2022/11/19 19:39:08][INFO][流程块4.task][71] [
	"0"
]
[2022/11/19 19:39:08][INFO][流程块4.task][71] [
	"0"
]
[2022/11/19 19:39:09][INFO][流程块4.task][71] [
	"WX00067572-0003"
]
[2022/11/19 19:39:09][INFO][流程块4.task][75] [
	"150.00"
]
[2022/11/19 19:39:09][INFO][流程块4.task][94] false
[2022/11/19 19:39:14][INFO][流程块4.task][94] false
[2022/11/19 19:39:19][INFO][流程块4.task][94] false
[2022/11/19 19:39:25][INFO][流程块4.task][94] false
[2022/11/19 19:39:30][INFO][流程块4.task][71] [
	"0"
]
[2022/11/19 19:39:30][INFO][流程块4.task][71] [
	"0"
]
[2022/11/19 19:39:30][INFO][流程块4.task][71] [
	"0"
]
[2022/11/19 19:39:30][INFO][流程块4.task][71] [
	"WX00076485"
]
[2022/11/19 19:39:30][INFO][流程块4.task][75] [
	"65.00"
]
[2022/11/19 19:39:30][INFO][流程块4.task][94] false
[2022/11/19 19:39:35][INFO][流程块4.task][71] [
	"WX00077146"
]
[2022/11/19 19:39:35][INFO][流程块4.task][75] [
	"1000.00"
]
[2022/11/19 19:39:41][INFO][流程块4.task][71] [
	"0"
]
[2022/11/19 19:39:41][INFO][流程块4.task][71] [
	"WX00078559-0010"
]
[2022/11/19 19:39:41][INFO][流程块4.task][75] [
	"500.00"
]
[2022/11/19 19:39:41][INFO][流程块4.task][94] false
[2022/11/19 19:39:46][INFO][流程块4.task][94] false
[2022/11/19 19:39:52][INFO][流程块4.task][94] false
[2022/11/19 19:39:57][INFO][流程块4.task][71] [
	"0"
]
[2022/11/19 19:39:58][INFO][流程块4.task][71] [
	"WX00079102-0003"
]
[2022/11/19 19:39:58][INFO][流程块4.task][75] [
	"150.00"
]
[2022/11/19 19:39:58][INFO][流程块4.task][94] false
[2022/11/19 19:40:03][INFO][流程块4.task][94] false
[2022/11/19 19:40:09][INFO][流程块4.task][94] false
[2022/11/19 19:40:14][INFO][流程块4.task][94] false
[2022/11/19 19:40:20][INFO][流程块4.task][71] [
	"0"
]
[2022/11/19 19:40:20][INFO][流程块4.task][71] [
	"0"
]
[2022/11/19 19:40:20][INFO][流程块4.task][71] [
	"0"
]
[2022/11/19 19:40:20][INFO][流程块4.task][71] [
	"0"
]
[2022/11/19 19:40:20][INFO][流程块4.task][71] [
	"WX00081135"
]
[2022/11/19 19:40:20][INFO][流程块4.task][75] [
	"88.00"
]
[2022/11/19 19:40:20][INFO][流程块4.task][94] false
[2022/11/19 19:40:25][INFO][流程块4.task][71] [
	"WX00081294"
]
[2022/11/19 19:40:25][INFO][流程块4.task][75] [
	"1000.00"
]
[2022/11/19 19:40:31][INFO][流程块4.task][94] false
[2022/11/19 19:40:36][INFO][流程块4.task][71] [
	"WX00081296"
]
[2022/11/19 19:40:36][INFO][流程块4.task][75] [
	"400.00"
]
[2022/11/19 19:40:41][INFO][流程块4.task][71] [
	"WX00081297"
]
[2022/11/19 19:40:41][INFO][流程块4.task][75] [
	"500.00"
]
[2022/11/19 19:40:47][INFO][流程块4.task][94] false
[2022/11/19 19:40:52][INFO][流程块4.task][71] [
	"0"
]
[2022/11/19 19:40:52][INFO][流程块4.task][71] [
	"0"
]
[2022/11/19 19:40:52][INFO][流程块4.task][71] [
	"0"
]
[2022/11/19 19:40:53][INFO][流程块4.task][0] 流程块4.task 运行已结束
