[2022/11/15 19:26:40][INFO][][0] 工作路径已切换到 d:\rpa机器人\百纳\
[2022/11/15 19:26:40][INFO][流程块4.task][0] 流程 流程块4.task 开始运行
[2022/11/15 19:26:40][INFO][流程块4.task][1] 
[2022/11/15 19:26:50][INFO][流程块4.task][71] [
	"0"
]
[2022/11/15 19:26:50][INFO][流程块4.task][71] [
	"0"
]
[2022/11/15 19:26:50][INFO][流程块4.task][71] [
	"0"
]
[2022/11/15 19:26:50][INFO][流程块4.task][71] [
	"0"
]
[2022/11/15 19:26:50][INFO][流程块4.task][71] [
	"0"
]
[2022/11/15 19:26:50][INFO][流程块4.task][71] [
	"517729-0004"
]
[2022/11/15 19:26:50][INFO][流程块4.task][75] [
	"1000.00"
]
[2022/11/15 19:26:55][INFO][流程块4.task][71] [
	"0"
]
[2022/11/15 19:26:55][INFO][流程块4.task][71] [
	"0"
]
[2022/11/15 19:26:55][INFO][流程块4.task][71] [
	"0"
]
[2022/11/15 19:26:55][INFO][流程块4.task][71] [
	"0"
]
[2022/11/15 19:26:55][INFO][流程块4.task][71] [
	"0"
]
[2022/11/15 19:26:55][INFO][流程块4.task][71] [
	"0"
]
[2022/11/15 19:26:55][INFO][流程块4.task][71] [
	"0"
]
[2022/11/15 19:26:55][INFO][流程块4.task][71] [
	"0"
]
[2022/11/15 19:26:55][INFO][流程块4.task][71] [
	"0"
]
[2022/11/15 19:26:55][INFO][流程块4.task][71] [
	"0"
]
[2022/11/15 19:26:55][INFO][流程块4.task][71] [
	"0"
]
[2022/11/15 19:26:55][INFO][流程块4.task][71] [
	"0"
]
[2022/11/15 19:26:55][INFO][流程块4.task][71] [
	"0"
]
[2022/11/15 19:26:55][INFO][流程块4.task][71] [
	"0"
]
[2022/11/15 19:26:55][INFO][流程块4.task][71] [
	"0"
]
[2022/11/15 19:26:55][INFO][流程块4.task][71] [
	"0"
]
[2022/11/15 19:26:55][INFO][流程块4.task][71] [
	"0"
]
[2022/11/15 19:26:55][INFO][流程块4.task][71] [
	"0"
]
[2022/11/15 19:26:55][INFO][流程块4.task][71] [
	"0"
]
[2022/11/15 19:26:55][INFO][流程块4.task][71] [
	"0"
]
[2022/11/15 19:26:55][INFO][流程块4.task][71] [
	"0"
]
[2022/11/15 19:26:55][INFO][流程块4.task][71] [
	"WX00017212-0021"
]
[2022/11/15 19:26:55][INFO][流程块4.task][75] [
	"525.00"
]
[2022/11/15 19:26:56][INFO][流程块4.task][94] false
[2022/11/15 19:27:01][INFO][流程块4.task][71] [
	"0"
]
[2022/11/15 19:27:01][INFO][流程块4.task][71] [
	"WX00025937"
]
[2022/11/15 19:27:01][INFO][流程块4.task][75] [
	"500.00"
]
[2022/11/15 19:27:01][INFO][流程块4.task][94] false
[2022/11/15 19:27:06][INFO][流程块4.task][71] [
	"0"
]
[2022/11/15 19:27:06][INFO][流程块4.task][71] [
	"WX00032253"
]
[2022/11/15 19:27:06][INFO][流程块4.task][75] [
	"500.00"
]
[2022/11/15 19:27:12][INFO][流程块4.task][71] [
	"0"
]
[2022/11/15 19:27:12][INFO][流程块4.task][71] [
	"0"
]
[2022/11/15 19:27:12][INFO][流程块4.task][71] [
	"0"
]
[2022/11/15 19:27:12][INFO][流程块4.task][71] [
	"0"
]
[2022/11/15 19:27:12][INFO][流程块4.task][71] [
	"0"
]
[2022/11/15 19:27:12][INFO][流程块4.task][71] [
	"0"
]
[2022/11/15 19:27:12][INFO][流程块4.task][71] [
	"0"
]
[2022/11/15 19:27:12][INFO][流程块4.task][71] [
	"0"
]
[2022/11/15 19:27:12][INFO][流程块4.task][71] [
	"0"
]
[2022/11/15 19:27:12][INFO][流程块4.task][71] [
	"0"
]
[2022/11/15 19:27:12][INFO][流程块4.task][71] [
	"WX00062460"
]
[2022/11/15 19:27:12][INFO][流程块4.task][75] [
	"200.00"
]
[2022/11/15 19:27:17][INFO][流程块4.task][71] [
	"0"
]
[2022/11/15 19:27:17][INFO][流程块4.task][71] [
	"0"
]
[2022/11/15 19:27:17][INFO][流程块4.task][71] [
	"WX00067816-0010"
]
[2022/11/15 19:27:17][INFO][流程块4.task][75] [
	"500.00"
]
[2022/11/15 19:27:17][INFO][流程块4.task][94] false
[2022/11/15 19:27:23][INFO][流程块4.task][94] false
[2022/11/15 19:27:28][INFO][流程块4.task][94] false
[2022/11/15 19:27:34][INFO][流程块4.task][94] false
[2022/11/15 19:27:39][INFO][流程块4.task][94] false
[2022/11/15 19:27:45][INFO][流程块4.task][94] false
[2022/11/15 19:27:50][INFO][流程块4.task][71] [
	"WX00069308-0002"
]
[2022/11/15 19:27:50][INFO][流程块4.task][75] [
	"300.00"
]
[2022/11/15 19:27:56][INFO][流程块4.task][71] [
	"0"
]
[2022/11/15 19:27:56][INFO][流程块4.task][71] [
	"0"
]
[2022/11/15 19:27:56][INFO][流程块4.task][71] [
	"0"
]
[2022/11/15 19:27:56][INFO][流程块4.task][71] [
	"0"
]
[2022/11/15 19:27:56][INFO][流程块4.task][71] [
	"0"
]
[2022/11/15 19:27:56][INFO][流程块4.task][71] [
	"WX00074127"
]
[2022/11/15 19:27:56][INFO][流程块4.task][75] [
	"200.00"
]
[2022/11/15 19:28:01][INFO][流程块4.task][71] [
	"0"
]
[2022/11/15 19:28:01][INFO][流程块4.task][71] [
	"0"
]
[2022/11/15 19:28:01][INFO][流程块4.task][71] [
	"0"
]
[2022/11/15 19:28:01][INFO][流程块4.task][71] [
	"0"
]
[2022/11/15 19:28:01][INFO][流程块4.task][71] [
	"0"
]
[2022/11/15 19:28:02][INFO][流程块4.task][71] [
	"0"
]
[2022/11/15 19:28:02][INFO][流程块4.task][71] [
	"0"
]
[2022/11/15 19:28:02][INFO][流程块4.task][71] [
	"WX00081251-0003"
]
[2022/11/15 19:28:02][INFO][流程块4.task][75] [
	"150.00"
]
[2022/11/15 19:28:02][INFO][流程块4.task][94] false
[2022/11/15 19:28:07][INFO][流程块4.task][94] false
[2022/11/15 19:28:12][INFO][流程块4.task][94] false
[2022/11/15 19:28:18][INFO][流程块4.task][94] false
[2022/11/15 19:28:23][INFO][流程块4.task][71] [
	"WX00081258"
]
[2022/11/15 19:28:23][INFO][流程块4.task][75] [
	"200.00"
]
[2022/11/15 19:28:28][INFO][流程块4.task][71] [
	"0"
]
[2022/11/15 19:28:29][INFO][流程块4.task][0] 流程块4.task 运行已结束
