[2022/10/18 12:25:14][INFO][][0] 工作路径已切换到 d:\rpa机器人\百纳\
[2022/10/18 12:25:14][INFO][流程块.task][0] 流程 流程块.task 开始运行
[2022/10/18 12:25:14][INFO][流程块.task][17] 进入
[2022/10/18 12:25:33][INFO][流程块.task][96] [
	[
		"",
		"908529",
		"",
		"",
		"臧向阳",
		"",
		"百纳会员/百纳金",
		"",
		"",
		"工行pos",
		"9264",
		"",
		"9264.25",
		"RT002",
		"吕总充卡",
		"2022-10-17 00:00:00",
		2.67430555555556,
		""
	],
	[
		"",
		"908529",
		"",
		"",
		"臧向阳",
		"",
		"百纳会员/百纳金",
		"",
		"",
		"储值卡赠",
		"",
		"463",
		"9727.25",
		"RT002",
		"百纳金卡充值",
		"2022-10-17 00:00:00",
		2.67430555555556,
		""
	],
	[
		"",
		"950020",
		"",
		"",
		"张河天",
		"",
		"百纳会员/一卡通",
		"",
		"",
		"工行pos",
		"10000",
		"",
		"10000",
		"RT002",
		"10.17费媛媛",
		"2022-10-17 00:00:00",
		2.74652777777778,
		""
	],
	[
		"",
		"950020",
		"",
		"",
		"张河天",
		"",
		"百纳会员/一卡通",
		"",
		"",
		"储值卡赠",
		"",
		"500",
		"10500",
		"RT002",
		"充值返现2K-",
		"2022-10-17 00:00:00",
		2.74652777777778,
		""
	],
	[
		"",
		"956579",
		"",
		"",
		"平洋航运",
		"",
		"百纳会员/一卡通",
		"",
		"",
		"汇款",
		"150000",
		"",
		"155559",
		"TYWGL",
		"平阳航运-梁",
		"2022-10-17 00:00:00",
		2.65208333333333,
		""
	],
	[
		"",
		"956579",
		"",
		"",
		"平洋航运",
		"",
		"百纳会员/一卡通",
		"",
		"",
		"储值卡赠",
		"",
		"18000",
		"173559",
		"TYWGL",
		"充值返现大于",
		"2022-10-17 00:00:00",
		2.65208333333333,
		""
	],
	[
		"",
		"960503",
		"",
		"",
		"孙经理",
		"",
		"百纳会员/一卡通",
		"",
		"",
		"内部转账",
		"35142",
		"",
		"35142",
		"RT002",
		"10.17孙总办",
		"2022-10-17 00:00:00",
		2.73263888888889,
		""
	],
	[
		"",
		"960503",
		"",
		"",
		"孙经理",
		"",
		"百纳会员/一卡通",
		"",
		"",
		"储值卡赠",
		"",
		"2811",
		"37953",
		"RT002",
		"充值返现2-",
		"2022-10-17 00:00:00",
		2.73263888888889,
		""
	],
	[
		"",
		"WX00002833",
		"",
		"",
		"林桂红",
		"",
		"微信会员/微信会",
		"",
		"",
		"微信在线",
		"2000",
		"",
		"2080",
		"WEB",
		" ",
		"2022-10-17 00:00:00",
		2.48958333333333,
		""
	],
	[
		"",
		"WX00002833",
		"",
		"",
		"林桂红",
		"",
		"微信会员/微信会",
		"",
		"",
		"储值卡赠",
		"",
		"100",
		"2180",
		"WEB",
		"微信返现2K-",
		"2022-10-17 00:00:00",
		2.48958333333333,
		""
	],
	[
		"",
		"WX00005092",
		"",
		"",
		"陈",
		"",
		"微信会员/微信会",
		"",
		"",
		"微信在线",
		"200",
		"",
		"200",
		"WEB",
		" ",
		"2022-10-17 00:00:00",
		2.69513888888889,
		""
	],
	[
		"",
		"WX00005751",
		"",
		"",
		"宋昱荣",
		"",
		"微信会员/微信会",
		"",
		"",
		"微信在线",
		"200",
		"",
		"287",
		"WEB",
		" ",
		"2022-10-17 00:00:00",
		2.56388888888889,
		""
	],
	[
		"",
		"WX00005859",
		"",
		"",
		"侯勇",
		"",
		"微信会员/微信会",
		"",
		"",
		"微信在线",
		"2000",
		"",
		"2000",
		"WEB",
		" ",
		"2022-10-17 00:00:00",
		2.36666666666667,
		""
	],
	[
		"",
		"WX00005859",
		"",
		"",
		"侯勇",
		"",
		"微信会员/微信会",
		"",
		"",
		"储值卡赠",
		"",
		"100",
		"2100",
		"WEB",
		"微信返现2K-",
		"2022-10-17 00:00:00",
		2.36666666666667,
		""
	],
	[
		"",
		"WX00009123",
		"",
		"",
		"郝庆丽",
		"",
		"微信会员/微信会",
		"",
		"",
		"微信在线",
		"2000",
		"",
		"2535",
		"WEB",
		" ",
		"2022-10-17 00:00:00",
		2.67083333333333,
		""
	],
	[
		"",
		"WX00009123",
		"",
		"",
		"郝庆丽",
		"",
		"微信会员/微信会",
		"",
		"",
		"储值卡赠",
		"",
		"100",
		"2635",
		"WEB",
		"微信返现2K-",
		"2022-10-17 00:00:00",
		2.67083333333333,
		""
	],
	[
		"",
		"WX00022943",
		"",
		"",
		"于",
		"",
		"微信会员/微信会",
		"",
		"",
		"微信在线",
		"200",
		"",
		"212",
		"WEB",
		" ",
		"2022-10-17 00:00:00",
		2.76875,
		""
	],
	[
		"",
		"WX00047864",
		"",
		"",
		"万物合",
		"",
		"微信会员/微信会",
		"",
		"",
		"微信在线",
		"500",
		"",
		"630",
		"WEB",
		" ",
		"2022-10-17 00:00:00",
		2.46041666666667,
		""
	],
	[
		"",
		"WX00071488",
		"",
		"",
		"和慈4134",
		"",
		"微信会员/微信会",
		"",
		"",
		"微信在线",
		"200",
		"",
		"438",
		"WEB",
		" ",
		"2022-10-17 00:00:00",
		2.58402777777778,
		""
	],
	[
		"",
		"WX00076667",
		"",
		"",
		"满载而归",
		"",
		"微信会员/微信会",
		"",
		"",
		"微信在线",
		"10000",
		"",
		"10771",
		"WEB",
		" ",
		"2022-10-17 00:00:00",
		2.73472222222222,
		""
	],
	[
		"",
		"WX00076667",
		"",
		"",
		"满载而归",
		"",
		"微信会员/微信会",
		"",
		"",
		"储值卡赠",
		"",
		"500",
		"11271",
		"WEB",
		"微信返现2K-",
		"2022-10-17 00:00:00",
		2.73472222222222,
		""
	],
	[
		"",
		"WX00077139",
		"",
		"",
		"周军-瀛禾轻",
		"",
		"微信会员/微信会",
		"",
		"",
		"微信在线",
		"500",
		"",
		"502",
		"WEB",
		" ",
		"2022-10-17 00:00:00",
		2.77708333333333,
		""
	],
	[
		"",
		"WX00079215",
		"",
		"",
		"小妞",
		"",
		"微信会员/微信会",
		"",
		"",
		"微信在线",
		"200",
		"",
		"616",
		"WEB",
		" ",
		"2022-10-17 00:00:00",
		2.71666666666667,
		""
	],
	[
		"",
		"WX00079786",
		"",
		"",
		"张",
		"",
		"微信会员/微信会",
		"",
		"",
		"微信在线",
		"500",
		"",
		"500",
		"WEB",
		" ",
		"2022-10-17 00:00:00",
		2.55902777777778,
		""
	],
	[
		"",
		"WX00079786",
		"",
		"",
		"张",
		"",
		"微信会员/微信会",
		"",
		"",
		"微信在线",
		"200",
		"",
		"700",
		"WEB",
		" ",
		"2022-10-17 00:00:00",
		2.55902777777778,
		""
	],
	[
		"",
		"WX00079786",
		"",
		"",
		"张",
		"",
		"微信会员/微信会",
		"",
		"",
		"微信在线",
		"200",
		"",
		"900",
		"WEB",
		" ",
		"2022-10-17 00:00:00",
		2.55902777777778,
		""
	],
	[
		"",
		"WX00080740",
		"",
		"",
		"聚良友",
		"",
		"微信会员/微信会",
		"",
		"",
		"微信在线",
		"2000",
		"",
		"2000",
		"WEB",
		" ",
		"2022-10-17 00:00:00",
		2.76111111111111,
		""
	],
	[
		"",
		"WX00080740",
		"",
		"",
		"聚良友",
		"",
		"微信会员/微信会",
		"",
		"",
		"储值卡赠",
		"",
		"100",
		"2100",
		"WEB",
		"微信返现2K-",
		"2022-10-17 00:00:00",
		2.76111111111111,
		""
	],
	[
		"",
		"WX00080823",
		"",
		"",
		"精彩一生",
		"",
		"微信会员/微信会",
		"",
		"",
		"微信在线",
		"500",
		"",
		"500",
		"WEB",
		" ",
		"2022-10-17 00:00:00",
		2.47638888888889,
		""
	],
	[
		"",
		"WX00080824",
		"",
		"",
		"徐欢",
		"",
		"微信会员/微信会",
		"",
		"",
		"微信在线",
		"500",
		"",
		"500",
		"WEB",
		" ",
		"2022-10-17 00:00:00",
		2.50069444444444,
		""
	],
	[
		"",
		"WX00080825",
		"",
		"",
		"锦瑟～陈希",
		"",
		"微信会员/微信会",
		"",
		"",
		"微信在线",
		"500",
		"",
		"500",
		"WEB",
		" ",
		"2022-10-17 00:00:00",
		2.51041666666667,
		""
	],
	[
		"",
		"WX00080826",
		"",
		"",
		"益鑫晨晨",
		"",
		"微信会员/微信会",
		"",
		"",
		"微信在线",
		"2000",
		"",
		"2000",
		"WEB",
		" ",
		"2022-10-17 00:00:00",
		2.53541666666667,
		""
	],
	[
		"",
		"WX00080826",
		"",
		"",
		"益鑫晨晨",
		"",
		"微信会员/微信会",
		"",
		"",
		"储值卡赠",
		"",
		"100",
		"2100",
		"WEB",
		"微信返现2K-",
		"2022-10-17 00:00:00",
		2.53541666666667,
		""
	],
	[
		"",
		"WX00080827",
		"",
		"",
		"儒",
		"",
		"微信会员/微信会",
		"",
		"",
		"微信在线",
		"1500",
		"",
		"1500",
		"WEB",
		" ",
		"2022-10-17 00:00:00",
		2.56319444444444,
		""
	],
	[
		"",
		"WX00080828",
		"",
		"",
		"刀刃",
		"",
		"微信会员/微信会",
		"",
		"",
		"微信在线",
		"200",
		"",
		"200",
		"WEB",
		" ",
		"2022-10-17 00:00:00",
		2.69444444444444,
		""
	],
	[
		"",
		"WX00080830",
		"",
		"",
		"sunny孙艳",
		"",
		"微信会员/微信会",
		"",
		"",
		"微信在线",
		"200",
		"",
		"200",
		"WEB",
		" ",
		"2022-10-17 00:00:00",
		2.73194444444444,
		""
	],
	[
		"",
		"WX00080830",
		"",
		"",
		"sunny孙艳",
		"",
		"微信会员/微信会",
		"",
		"",
		"微信在线",
		"200",
		"",
		"400",
		"WEB",
		" ",
		"2022-10-17 00:00:00",
		2.73194444444444,
		""
	],
	[
		"",
		"",
		"",
		"",
		"",
		"共：",
		"",
		"",
		"",
		"37",
		"笔，合计：",
		"253680",
		"",
		"",
		"",
		"",
		0.0,
		""
	],
	[
		"",
		"",
		"",
		"",
		"",
		"",
		"",
		"",
		"",
		"Page ",
		"1)",
		"",
		"",
		"",
		"",
		"MEM22",
		0.0,
		""
	],
	[
		"",
		"",
		"",
		"",
		"",
		"",
		"",
		"",
		"",
		"",
		"",
		"",
		"",
		"",
		"",
		"",
		0.0,
		""
	]
]
[2022/10/18 12:25:33][INFO][流程块.task][107]    0          卡号 2 3  ...        备注                 营业日期        时间 17
0         908529      ...      吕总充卡  2022-10-17 00:00:00  2.674306   
1         908529      ...    百纳金卡充值  2022-10-17 00:00:00  2.674306   
2         950020      ...  10.17费媛媛  2022-10-17 00:00:00  2.746528   
3         950020      ...   充值返现2K-  2022-10-17 00:00:00  2.746528   
4         956579      ...    平阳航运-梁  2022-10-17 00:00:00  2.652083   
5         956579      ...    充值返现大于  2022-10-17 00:00:00  2.652083   
6         960503      ...  10.17孙总办  2022-10-17 00:00:00  2.732639   
7         960503      ...    充值返现2-  2022-10-17 00:00:00  2.732639   
8     WX00002833      ...            2022-10-17 00:00:00  2.489583   
9     WX00002833      ...   微信返现2K-  2022-10-17 00:00:00  2.489583   
10    WX00005092      ...            2022-10-17 00:00:00  2.695139   
11    WX00005751      ...            2022-10-17 00:00:00  2.563889   
12    WX00005859      ...            2022-10-17 00:00:00  2.366667   
13    WX00005859      ...   微信返现2K-  2022-10-17 00:00:00  2.366667   
14    WX00009123      ...            2022-10-17 00:00:00  2.670833   
15    WX00009123      ...   微信返现2K-  2022-10-17 00:00:00  2.670833   
16    WX00022943      ...            2022-10-17 00:00:00  2.768750   
17    WX00047864      ...            2022-10-17 00:00:00  2.460417   
18    WX00071488      ...            2022-10-17 00:00:00  2.584028   
19    WX00076667      ...            2022-10-17 00:00:00  2.734722   
20    WX00076667      ...   微信返现2K-  2022-10-17 00:00:00  2.734722   
21    WX00077139      ...            2022-10-17 00:00:00  2.777083   
22    WX00079215      ...            2022-10-17 00:00:00  2.716667   
23    WX00079786      ...            2022-10-17 00:00:00  2.559028   
24    WX00079786      ...            2022-10-17 00:00:00  2.559028   
25    WX00079786      ...            2022-10-17 00:00:00  2.559028   
26    WX00080740      ...            2022-10-17 00:00:00  2.761111   
27    WX00080740      ...   微信返现2K-  2022-10-17 00:00:00  2.761111   
28    WX00080823      ...            2022-10-17 00:00:00  2.476389   
29    WX00080824      ...            2022-10-17 00:00:00  2.500694   
30    WX00080825      ...            2022-10-17 00:00:00  2.510417   
31    WX00080826      ...            2022-10-17 00:00:00  2.535417   
32    WX00080826      ...   微信返现2K-  2022-10-17 00:00:00  2.535417   
33    WX00080827      ...            2022-10-17 00:00:00  2.563194   
34    WX00080828      ...            2022-10-17 00:00:00  2.694444   
35    WX00080830      ...            2022-10-17 00:00:00  2.731944   
36    WX00080830      ...            2022-10-17 00:00:00  2.731944   

[37 rows x 18 columns]
[2022/10/18 12:25:33][INFO][流程块.task][117] 上午
[2022/10/18 12:25:33][INFO][流程块.task][120]    0          卡号 2 3     姓名  ...   工号       备注                 营业日期        时间 17
8     WX00002833        林桂红  ...  WEB           2022-10-17 00:00:00  2.489583   
9     WX00002833        林桂红  ...  WEB  微信返现2K-  2022-10-17 00:00:00  2.489583   
11    WX00005751        宋昱荣  ...  WEB           2022-10-17 00:00:00  2.563889   
12    WX00005859         侯勇  ...  WEB           2022-10-17 00:00:00  2.366667   
13    WX00005859         侯勇  ...  WEB  微信返现2K-  2022-10-17 00:00:00  2.366667   
17    WX00047864        万物合  ...  WEB           2022-10-17 00:00:00  2.460417   
23    WX00079786          张  ...  WEB           2022-10-17 00:00:00  2.559028   
24    WX00079786          张  ...  WEB           2022-10-17 00:00:00  2.559028   
25    WX00079786          张  ...  WEB           2022-10-17 00:00:00  2.559028   
28    WX00080823       精彩一生  ...  WEB           2022-10-17 00:00:00  2.476389   
29    WX00080824         徐欢  ...  WEB           2022-10-17 00:00:00  2.500694   
30    WX00080825      锦瑟～陈希  ...  WEB           2022-10-17 00:00:00  2.510417   
31    WX00080826       益鑫晨晨  ...  WEB           2022-10-17 00:00:00  2.535417   
32    WX00080826       益鑫晨晨  ...  WEB  微信返现2K-  2022-10-17 00:00:00  2.535417   
33    WX00080827          儒  ...  WEB           2022-10-17 00:00:00  2.563194   

[15 rows x 18 columns]
[2022/10/18 12:26:28][ERROR][流程块.task][295] 运行发生错误，流程中止
错误信息如下：
流程块.task 第295行：Image Click Error 函数超时时间已到
[2022/10/18 12:26:28][INFO][流程块.task][0] 流程块.task 运行已结束
