[2022/10/31 9:15:55][INFO][][0] 工作路径已切换到 d:\rpa机器人\百纳\
[2022/10/31 9:15:55][INFO][流程块4.task][0] 流程 流程块4.task 开始运行
[2022/10/31 9:15:55][INFO][流程块4.task][1] 
[2022/10/31 9:15:58][INFO][流程块4.task][58] [
	"0"
]
[2022/10/31 9:15:58][INFO][流程块4.task][58] [
	"950580-0004"
]
[2022/10/31 9:15:58][INFO][流程块4.task][62] [
	"200.00"
]
[2022/10/31 9:16:20][INFO][流程块4.task][58] [
	"0"
]
[2022/10/31 9:16:20][INFO][流程块4.task][58] [
	"0"
]
[2022/10/31 9:16:20][INFO][流程块4.task][58] [
	"0"
]
[2022/10/31 9:16:20][INFO][流程块4.task][58] [
	"0"
]
[2022/10/31 9:16:20][INFO][流程块4.task][58] [
	"0"
]
[2022/10/31 9:16:20][INFO][流程块4.task][58] [
	"0"
]
[2022/10/31 9:16:20][INFO][流程块4.task][58] [
	"0"
]
[2022/10/31 9:16:20][INFO][流程块4.task][58] [
	"0"
]
[2022/10/31 9:16:20][INFO][流程块4.task][58] [
	"WX00080302-0001"
]
[2022/10/31 9:16:20][INFO][流程块4.task][62] [
	"200.00"
]
[2022/10/31 9:16:25][INFO][流程块4.task][58] [
	"WX00080302-0001"
]
[2022/10/31 9:16:25][INFO][流程块4.task][62] [
	"106.00"
]
[2022/10/31 9:16:47][INFO][流程块4.task][58] [
	"0"
]
[2022/10/31 9:16:47][INFO][流程块4.task][58] [
	"0"
]
[2022/10/31 9:16:47][INFO][流程块4.task][58] [
	"0"
]
[2022/10/31 9:16:47][INFO][流程块4.task][58] [
	"0"
]
[2022/10/31 9:16:47][INFO][流程块4.task][58] [
	"0"
]
[2022/10/31 9:16:47][INFO][流程块4.task][58] [
	"WX00002525"
]
[2022/10/31 9:16:47][INFO][流程块4.task][62] [
	"500.00"
]
[2022/10/31 9:16:52][INFO][流程块4.task][58] [
	"WX00021669"
]
[2022/10/31 9:16:53][INFO][流程块4.task][62] [
	"200.00"
]
[2022/10/31 9:16:58][INFO][流程块4.task][58] [
	"0"
]
[2022/10/31 9:16:58][INFO][流程块4.task][58] [
	"0"
]
[2022/10/31 9:16:58][INFO][流程块4.task][58] [
	"0"
]
[2022/10/31 9:16:58][INFO][流程块4.task][58] [
	"0"
]
[2022/10/31 9:16:58][INFO][流程块4.task][58] [
	"0"
]
[2022/10/31 9:16:58][INFO][流程块4.task][58] [
	"WX00079401"
]
[2022/10/31 9:16:58][INFO][流程块4.task][62] [
	"500.00"
]
[2022/10/31 9:17:04][INFO][流程块4.task][58] [
	"WX00080799"
]
[2022/10/31 9:17:04][INFO][流程块4.task][62] [
	"500.00"
]
[2022/10/31 9:17:09][INFO][流程块4.task][58] [
	"0"
]
[2022/10/31 9:17:09][INFO][流程块4.task][58] [
	"WX00081024-0002"
]
[2022/10/31 9:17:09][INFO][流程块4.task][62] [
	"600.00"
]
[2022/10/31 9:17:20][INFO][流程块4.task][58] [
	"WX00081031-0002"
]
[2022/10/31 9:17:20][INFO][流程块4.task][62] [
	"100.00"
]
[2022/10/31 9:17:37][INFO][流程块4.task][58] [
	"0"
]
[2022/10/31 9:17:37][INFO][流程块4.task][58] [
	"0"
]
[2022/10/31 9:17:37][INFO][流程块4.task][58] [
	"0"
]
[2022/10/31 9:17:37][INFO][流程块4.task][58] [
	"0"
]
[2022/10/31 9:17:37][INFO][流程块4.task][58] [
	"0"
]
[2022/10/31 9:17:37][INFO][流程块4.task][58] [
	"0"
]
[2022/10/31 9:17:37][INFO][流程块4.task][58] [
	"0"
]
[2022/10/31 9:17:37][INFO][流程块4.task][58] [
	"0"
]
[2022/10/31 9:17:37][INFO][流程块4.task][58] [
	"0"
]
[2022/10/31 9:17:37][INFO][流程块4.task][58] [
	"0"
]
[2022/10/31 9:17:37][INFO][流程块4.task][58] [
	"0"
]
[2022/10/31 9:17:37][INFO][流程块4.task][58] [
	"0"
]
[2022/10/31 9:17:37][INFO][流程块4.task][58] [
	"WX00006484"
]
[2022/10/31 9:17:37][INFO][流程块4.task][62] [
	"200.00"
]
[2022/10/31 9:17:42][INFO][流程块4.task][58] [
	"WX00071545"
]
[2022/10/31 9:17:42][INFO][流程块4.task][62] [
	"200.00"
]
[2022/10/31 9:17:48][INFO][流程块4.task][58] [
	"WX00081020"
]
[2022/10/31 9:17:48][INFO][流程块4.task][62] [
	"400.00"
]
[2022/10/31 9:17:53][INFO][流程块4.task][58] [
	"0"
]
[2022/10/31 9:17:53][INFO][流程块4.task][58] [
	"0"
]
[2022/10/31 9:17:53][INFO][流程块4.task][58] [
	"0"
]
[2022/10/31 9:17:53][INFO][流程块4.task][58] [
	"0"
]
[2022/10/31 9:17:53][INFO][流程块4.task][58] [
	"0"
]
[2022/10/31 9:17:53][INFO][流程块4.task][58] [
	"0"
]
[2022/10/31 9:17:53][INFO][流程块4.task][58] [
	"0"
]
[2022/10/31 9:17:53][INFO][流程块4.task][58] [
	"WX00043813"
]
[2022/10/31 9:17:53][INFO][流程块4.task][62] [
	"200.00"
]
[2022/10/31 9:17:59][INFO][流程块4.task][58] [
	"0"
]
[2022/10/31 9:17:59][INFO][流程块4.task][58] [
	"0"
]
[2022/10/31 9:17:59][INFO][流程块4.task][58] [
	"0"
]
[2022/10/31 9:17:59][INFO][流程块4.task][58] [
	"0"
]
[2022/10/31 9:17:59][INFO][流程块4.task][58] [
	"0"
]
[2022/10/31 9:17:59][INFO][流程块4.task][58] [
	"0"
]
[2022/10/31 9:17:59][INFO][流程块4.task][58] [
	"0"
]
[2022/10/31 9:17:59][INFO][流程块4.task][58] [
	"0"
]
[2022/10/31 9:17:59][INFO][流程块4.task][58] [
	"0"
]
[2022/10/31 9:17:59][INFO][流程块4.task][58] [
	"0"
]
[2022/10/31 9:17:59][INFO][流程块4.task][58] [
	"0"
]
[2022/10/31 9:17:59][INFO][流程块4.task][58] [
	"0"
]
[2022/10/31 9:17:59][INFO][流程块4.task][58] [
	"0"
]
[2022/10/31 9:17:59][INFO][流程块4.task][58] [
	"0"
]
[2022/10/31 9:17:59][INFO][流程块4.task][58] [
	"0"
]
[2022/10/31 9:17:59][INFO][流程块4.task][58] [
	"0"
]
[2022/10/31 9:17:59][INFO][流程块4.task][58] [
	"0"
]
[2022/10/31 9:17:59][INFO][流程块4.task][58] [
	"0"
]
[2022/10/31 9:17:59][INFO][流程块4.task][58] [
	"0"
]
[2022/10/31 9:17:59][INFO][流程块4.task][58] [
	"0"
]
[2022/10/31 9:17:59][INFO][流程块4.task][58] [
	"0"
]
[2022/10/31 9:17:59][INFO][流程块4.task][58] [
	"WX00001897-0002"
]
[2022/10/31 9:17:59][INFO][流程块4.task][62] [
	"100.00"
]
[2022/10/31 9:18:04][INFO][流程块4.task][58] [
	"0"
]
[2022/10/31 9:18:04][INFO][流程块4.task][58] [
	"WX00003603"
]
[2022/10/31 9:18:04][INFO][流程块4.task][62] [
	"200.00"
]
[2022/10/31 9:18:10][INFO][流程块4.task][58] [
	"0"
]
[2022/10/31 9:18:10][INFO][流程块4.task][58] [
	"WX00015658"
]
[2022/10/31 9:18:10][INFO][流程块4.task][62] [
	"400.00"
]
[2022/10/31 9:18:15][INFO][流程块4.task][58] [
	"0"
]
[2022/10/31 9:18:15][INFO][流程块4.task][58] [
	"0"
]
[2022/10/31 9:18:15][INFO][流程块4.task][58] [
	"WX00028783"
]
[2022/10/31 9:18:15][INFO][流程块4.task][62] [
	"200.00"
]
[2022/10/31 9:18:21][INFO][流程块4.task][58] [
	"0"
]
[2022/10/31 9:18:21][INFO][流程块4.task][58] [
	"0"
]
[2022/10/31 9:18:21][INFO][流程块4.task][58] [
	"WX00037220-0002"
]
[2022/10/31 9:18:21][INFO][流程块4.task][62] [
	"100.00"
]
[2022/10/31 9:18:32][INFO][流程块4.task][58] [
	"0"
]
[2022/10/31 9:18:32][INFO][流程块4.task][58] [
	"0"
]
[2022/10/31 9:18:32][INFO][流程块4.task][58] [
	"0"
]
[2022/10/31 9:18:32][INFO][流程块4.task][58] [
	"0"
]
[2022/10/31 9:18:32][INFO][流程块4.task][58] [
	"WX00052133-0002"
]
[2022/10/31 9:18:32][INFO][流程块4.task][62] [
	"100.00"
]
[2022/10/31 9:18:43][INFO][流程块4.task][58] [
	"0"
]
[2022/10/31 9:18:43][INFO][流程块4.task][58] [
	"0"
]
[2022/10/31 9:18:43][INFO][流程块4.task][58] [
	"WX00071630"
]
[2022/10/31 9:18:43][INFO][流程块4.task][62] [
	"500.00"
]
[2022/10/31 9:18:48][INFO][流程块4.task][58] [
	"0"
]
[2022/10/31 9:18:48][INFO][流程块4.task][58] [
	"WX00078909-0008"
]
[2022/10/31 9:18:48][INFO][流程块4.task][62] [
	"400.00"
]
[2022/10/31 9:19:32][INFO][流程块4.task][58] [
	"0"
]
[2022/10/31 9:19:32][INFO][流程块4.task][58] [
	"0"
]
[2022/10/31 9:19:32][INFO][流程块4.task][58] [
	"WX00081021"
]
[2022/10/31 9:19:32][INFO][流程块4.task][62] [
	"1000.00"
]
[2022/10/31 9:19:38][INFO][流程块4.task][58] [
	"0"
]
[2022/10/31 9:19:38][INFO][流程块4.task][58] [
	"0"
]
[2022/10/31 9:19:38][INFO][流程块4.task][58] [
	"0"
]
[2022/10/31 9:19:38][INFO][流程块4.task][58] [
	"0"
]
[2022/10/31 9:19:38][INFO][流程块4.task][58] [
	"0"
]
[2022/10/31 9:19:38][INFO][流程块4.task][58] [
	"0"
]
[2022/10/31 9:19:38][INFO][流程块4.task][58] [
	"0"
]
[2022/10/31 9:19:38][INFO][流程块4.task][58] [
	"0"
]
[2022/10/31 9:19:38][INFO][流程块4.task][58] [
	"0"
]
[2022/10/31 9:19:38][INFO][流程块4.task][58] [
	"0"
]
[2022/10/31 9:19:38][INFO][流程块4.task][58] [
	"0"
]
[2022/10/31 9:19:38][INFO][流程块4.task][58] [
	"0"
]
[2022/10/31 9:19:38][INFO][流程块4.task][58] [
	"0"
]
[2022/10/31 9:19:38][INFO][流程块4.task][58] [
	"WX00058136-0002"
]
[2022/10/31 9:19:38][INFO][流程块4.task][62] [
	"100.00"
]
[2022/10/31 9:19:49][INFO][流程块4.task][58] [
	"WX00062443-0002"
]
[2022/10/31 9:19:49][INFO][流程块4.task][62] [
	"100.00"
]
[2022/10/31 9:20:00][INFO][流程块4.task][58] [
	"WX00065960"
]
[2022/10/31 9:20:00][INFO][流程块4.task][62] [
	"1000.00"
]
[2022/10/31 9:20:05][INFO][流程块4.task][58] [
	"0"
]
[2022/10/31 9:20:05][INFO][流程块4.task][58] [
	"0"
]
[2022/10/31 9:20:06][INFO][流程块4.task][58] [
	"0"
]
[2022/10/31 9:20:06][INFO][流程块4.task][58] [
	"0"
]
[2022/10/31 9:20:06][INFO][流程块4.task][58] [
	"0"
]
[2022/10/31 9:20:06][INFO][流程块4.task][58] [
	"0"
]
[2022/10/31 9:20:06][INFO][流程块4.task][58] [
	"WX00077617-0002"
]
[2022/10/31 9:20:06][INFO][流程块4.task][62] [
	"100.00"
]
[2022/10/31 9:20:17][INFO][流程块4.task][58] [
	"0"
]
[2022/10/31 9:20:17][INFO][流程块4.task][58] [
	"0"
]
[2022/10/31 9:20:17][INFO][流程块4.task][58] [
	"0"
]
[2022/10/31 9:20:17][INFO][流程块4.task][58] [
	"0"
]
[2022/10/31 9:20:17][INFO][流程块4.task][58] [
	"0"
]
[2022/10/31 9:20:17][INFO][流程块4.task][58] [
	"0"
]
[2022/10/31 9:20:17][INFO][流程块4.task][58] [
	"0"
]
[2022/10/31 9:20:17][INFO][流程块4.task][58] [
	"0"
]
[2022/10/31 9:20:17][INFO][流程块4.task][58] [
	"0"
]
[2022/10/31 9:20:17][INFO][流程块4.task][58] [
	"0"
]
[2022/10/31 9:20:17][INFO][流程块4.task][58] [
	"0"
]
[2022/10/31 9:20:17][INFO][流程块4.task][58] [
	"0"
]
[2022/10/31 9:20:17][INFO][流程块4.task][58] [
	"0"
]
[2022/10/31 9:20:17][INFO][流程块4.task][58] [
	"0"
]
[2022/10/31 9:20:17][INFO][流程块4.task][58] [
	"0"
]
[2022/10/31 9:20:17][INFO][流程块4.task][58] [
	"0"
]
[2022/10/31 9:20:17][INFO][流程块4.task][58] [
	"0"
]
[2022/10/31 9:20:17][INFO][流程块4.task][58] [
	"0"
]
[2022/10/31 9:20:17][INFO][流程块4.task][58] [
	"0"
]
[2022/10/31 9:20:17][INFO][流程块4.task][58] [
	"0"
]
[2022/10/31 9:20:18][INFO][流程块4.task][0] 流程块4.task 运行已结束
