[2022/10/21 11:22:32][INFO][][0] 工作路径已切换到 d:\rpa机器人\百纳\
[2022/10/21 11:22:32][INFO][流程块4.task][0] 流程 流程块4.task 开始运行
[2022/10/21 11:22:32][INFO][流程块4.task][1] 
[2022/10/21 11:22:36][INFO][流程块4.task][51] false
[2022/10/21 11:22:36][INFO][流程块4.task][51] false
[2022/10/21 11:22:36][INFO][流程块4.task][51] false
[2022/10/21 11:22:36][INFO][流程块4.task][51] false
[2022/10/21 11:22:36][INFO][流程块4.task][51] false
[2022/10/21 11:22:36][INFO][流程块4.task][51] false
[2022/10/21 11:22:36][INFO][流程块4.task][51] false
[2022/10/21 11:22:36][INFO][流程块4.task][51] false
[2022/10/21 11:22:36][INFO][流程块4.task][51] false
[2022/10/21 11:22:36][INFO][流程块4.task][51] false
[2022/10/21 11:22:36][INFO][流程块4.task][51] false
[2022/10/21 11:22:36][INFO][流程块4.task][51] false
[2022/10/21 11:22:36][INFO][流程块4.task][51] false
[2022/10/21 11:22:36][INFO][流程块4.task][51] false
[2022/10/21 11:22:36][INFO][流程块4.task][51] false
[2022/10/21 11:22:36][INFO][流程块4.task][51] false
[2022/10/21 11:22:36][INFO][流程块4.task][51] false
[2022/10/21 11:22:36][INFO][流程块4.task][51] false
[2022/10/21 11:22:36][INFO][流程块4.task][51] false
[2022/10/21 11:22:36][INFO][流程块4.task][51] false
[2022/10/21 11:22:36][INFO][流程块4.task][51] false
[2022/10/21 11:22:36][INFO][流程块4.task][51] false
[2022/10/21 11:22:37][INFO][流程块4.task][51] false
[2022/10/21 11:22:37][INFO][流程块4.task][51] false
[2022/10/21 11:22:37][INFO][流程块4.task][51] false
[2022/10/21 11:22:37][INFO][流程块4.task][51] false
[2022/10/21 11:22:37][INFO][流程块4.task][51] false
[2022/10/21 11:22:37][INFO][流程块4.task][51] false
[2022/10/21 11:22:37][INFO][流程块4.task][51] false
[2022/10/21 11:22:37][INFO][流程块4.task][51] false
[2022/10/21 11:22:37][INFO][流程块4.task][51] false
[2022/10/21 11:22:37][INFO][流程块4.task][51] false
[2022/10/21 11:22:37][INFO][流程块4.task][51] false
[2022/10/21 11:22:37][INFO][流程块4.task][51] false
[2022/10/21 11:22:37][INFO][流程块4.task][51] false
[2022/10/21 11:22:37][INFO][流程块4.task][51] false
[2022/10/21 11:22:37][INFO][流程块4.task][51] false
[2022/10/21 11:22:37][INFO][流程块4.task][51] false
[2022/10/21 11:22:37][INFO][流程块4.task][51] false
[2022/10/21 11:22:37][INFO][流程块4.task][51] false
[2022/10/21 11:22:37][INFO][流程块4.task][51] false
[2022/10/21 11:22:37][INFO][流程块4.task][51] false
[2022/10/21 11:22:37][INFO][流程块4.task][51] false
[2022/10/21 11:22:37][INFO][流程块4.task][51] false
[2022/10/21 11:22:37][INFO][流程块4.task][51] false
[2022/10/21 11:22:37][INFO][流程块4.task][51] false
[2022/10/21 11:22:37][INFO][流程块4.task][51] false
[2022/10/21 11:22:37][INFO][流程块4.task][51] false
[2022/10/21 11:22:37][INFO][流程块4.task][51] false
[2022/10/21 11:22:37][INFO][流程块4.task][51] false
[2022/10/21 11:22:37][INFO][流程块4.task][51] false
[2022/10/21 11:22:37][INFO][流程块4.task][51] false
[2022/10/21 11:22:37][INFO][流程块4.task][51] false
[2022/10/21 11:22:37][INFO][流程块4.task][51] false
[2022/10/21 11:22:37][INFO][流程块4.task][51] false
[2022/10/21 11:22:37][INFO][流程块4.task][51] false
[2022/10/21 11:22:37][INFO][流程块4.task][51] false
[2022/10/21 11:22:37][INFO][流程块4.task][51] false
[2022/10/21 11:22:37][INFO][流程块4.task][51] false
[2022/10/21 11:22:37][INFO][流程块4.task][51] false
[2022/10/21 11:22:37][INFO][流程块4.task][51] false
[2022/10/21 11:22:37][INFO][流程块4.task][51] false
[2022/10/21 11:22:37][INFO][流程块4.task][51] false
[2022/10/21 11:22:37][INFO][流程块4.task][51] false
[2022/10/21 11:22:37][INFO][流程块4.task][51] false
[2022/10/21 11:22:37][INFO][流程块4.task][51] false
[2022/10/21 11:22:37][INFO][流程块4.task][51] false
[2022/10/21 11:22:37][INFO][流程块4.task][51] false
[2022/10/21 11:22:37][INFO][流程块4.task][51] false
[2022/10/21 11:22:37][INFO][流程块4.task][51] false
[2022/10/21 11:22:37][INFO][流程块4.task][51] false
[2022/10/21 11:22:37][INFO][流程块4.task][51] false
[2022/10/21 11:22:37][INFO][流程块4.task][51] false
[2022/10/21 11:22:37][INFO][流程块4.task][51] false
[2022/10/21 11:22:37][INFO][流程块4.task][51] false
[2022/10/21 11:22:37][INFO][流程块4.task][51] false
[2022/10/21 11:22:37][INFO][流程块4.task][51] false
[2022/10/21 11:22:37][INFO][流程块4.task][51] false
[2022/10/21 11:22:37][INFO][流程块4.task][51] false
[2022/10/21 11:22:37][INFO][流程块4.task][51] false
[2022/10/21 11:22:37][INFO][流程块4.task][51] false
[2022/10/21 11:22:37][INFO][流程块4.task][51] false
[2022/10/21 11:22:37][INFO][流程块4.task][51] false
[2022/10/21 11:22:37][INFO][流程块4.task][51] false
[2022/10/21 11:22:37][INFO][流程块4.task][51] false
[2022/10/21 11:22:37][INFO][流程块4.task][51] false
[2022/10/21 11:22:38][INFO][流程块4.task][51] false
[2022/10/21 11:22:38][INFO][流程块4.task][51] false
[2022/10/21 11:22:38][INFO][流程块4.task][51] false
[2022/10/21 11:22:38][INFO][流程块4.task][51] false
[2022/10/21 11:22:38][INFO][流程块4.task][51] false
[2022/10/21 11:22:38][INFO][流程块4.task][51] false
[2022/10/21 11:22:38][INFO][流程块4.task][51] false
[2022/10/21 11:22:38][INFO][流程块4.task][51] false
[2022/10/21 11:22:38][INFO][流程块4.task][51] false
[2022/10/21 11:22:38][INFO][流程块4.task][51] false
[2022/10/21 11:22:38][INFO][流程块4.task][51] false
[2022/10/21 11:22:38][INFO][流程块4.task][51] false
[2022/10/21 11:22:38][INFO][流程块4.task][51] false
[2022/10/21 11:22:38][INFO][流程块4.task][51] false
[2022/10/21 11:22:38][INFO][流程块4.task][51] false
[2022/10/21 11:22:38][INFO][流程块4.task][51] false
[2022/10/21 11:22:38][INFO][流程块4.task][51] false
[2022/10/21 11:22:38][INFO][流程块4.task][51] false
[2022/10/21 11:22:38][INFO][流程块4.task][51] false
[2022/10/21 11:22:38][INFO][流程块4.task][51] false
[2022/10/21 11:22:38][INFO][流程块4.task][51] false
[2022/10/21 11:22:38][INFO][流程块4.task][51] false
[2022/10/21 11:22:38][INFO][流程块4.task][51] false
[2022/10/21 11:22:38][INFO][流程块4.task][51] false
[2022/10/21 11:22:38][INFO][流程块4.task][51] false
[2022/10/21 11:22:38][INFO][流程块4.task][51] false
[2022/10/21 11:22:38][INFO][流程块4.task][51] false
[2022/10/21 11:22:38][INFO][流程块4.task][51] false
[2022/10/21 11:22:38][INFO][流程块4.task][51] false
[2022/10/21 11:22:38][INFO][流程块4.task][51] false
[2022/10/21 11:22:38][INFO][流程块4.task][51] false
[2022/10/21 11:22:38][INFO][流程块4.task][51] false
[2022/10/21 11:22:38][INFO][流程块4.task][51] false
[2022/10/21 11:22:38][INFO][流程块4.task][51] false
[2022/10/21 11:22:38][INFO][流程块4.task][51] false
[2022/10/21 11:22:38][INFO][流程块4.task][51] false
[2022/10/21 11:22:38][INFO][流程块4.task][51] false
[2022/10/21 11:22:38][INFO][流程块4.task][51] false
[2022/10/21 11:22:38][INFO][流程块4.task][51] false
[2022/10/21 11:22:38][INFO][流程块4.task][51] false
[2022/10/21 11:22:39][INFO][流程块4.task][0] 流程块4.task 运行已结束
