[2022/11/28 23:23:28][INFO][][0] 工作路径已切换到 d:\rpa机器人\百纳\
[2022/11/28 23:23:28][INFO][流程块4.task][0] 流程 流程块4.task 开始运行
[2022/11/28 23:23:28][INFO][流程块4.task][1] 
[2022/11/28 23:23:42][INFO][流程块4.task][71] [
	"0"
]
[2022/11/28 23:23:42][INFO][流程块4.task][71] [
	"0"
]
[2022/11/28 23:23:42][INFO][流程块4.task][71] [
	"0"
]
[2022/11/28 23:23:42][INFO][流程块4.task][71] [
	"0"
]
[2022/11/28 23:23:42][INFO][流程块4.task][71] [
	"0"
]
[2022/11/28 23:23:43][INFO][流程块4.task][71] [
	"516316-0005"
]
[2022/11/28 23:23:43][INFO][流程块4.task][75] [
	"500.00"
]
[2022/11/28 23:23:43][INFO][流程块4.task][94] false
[2022/11/28 23:23:48][INFO][流程块4.task][94] false
[2022/11/28 23:23:54][ERROR][流程块4.task][107] 运行发生错误，流程中止
错误信息如下：
流程块4.task 第107行：模块 Keyboard.KeyboardAuto.InputText 命令出错：Exception has been thrown by the target of an invocation.
元素不可用
[2022/11/28 23:23:54][INFO][流程块4.task][0] 流程块4.task 运行已结束
