[2022/10/18 9:38:25][INFO][][0] 工作路径已切换到 d:\rpa机器人\百纳\
[2022/10/18 9:38:25][INFO][流程块6.task][0] 流程 流程块6.task 开始运行
[2022/10/18 9:38:25][INFO][流程块6.task][1] 
[2022/10/18 9:38:25][INFO][流程块6.task][5] [
	[
		"WX00002833"
	],
	[
		"WX00005751"
	],
	[
		"WX00005859"
	],
	[
		"WX00047864"
	],
	[
		"WX00080823"
	],
	[
		"WX00080824"
	],
	[
		"WX00080825"
	],
	[
		"WX00080826"
	],
	[
		"WX00080827"
	]
]
[2022/10/18 9:38:25][INFO][流程块6.task][12] 849.0
[2022/10/18 9:38:25][INFO][流程块6.task][12] 54.0
[2022/10/18 9:38:25][INFO][流程块6.task][12] 1176.0
[2022/10/18 9:38:25][INFO][流程块6.task][12] 210.0
[2022/10/18 9:38:25][INFO][流程块6.task][12] 256.0
[2022/10/18 9:38:25][INFO][流程块6.task][12] 401.0
[2022/10/18 9:38:25][INFO][流程块6.task][12] 256.0
[2022/10/18 9:38:25][INFO][流程块6.task][12] 776.0
[2022/10/18 9:38:25][INFO][流程块6.task][12] 309.0
[2022/10/18 9:38:25][INFO][流程块6.task][0] 流程块6.task 运行已结束
