[2022/10/12 11:19:54][INFO][][0] 工作路径已切换到 d:\rpa机器人\百纳\
[2022/10/12 11:19:54][INFO][流程块6.task][0] 流程 流程块6.task 开始运行
[2022/10/12 11:19:54][INFO][流程块6.task][1] 
[2022/10/12 11:19:54][INFO][流程块6.task][5] [
	[
		"903160"
	],
	[
		"960528"
	],
	[
		"WX00002881"
	],
	[
		"WX00002954"
	],
	[
		"WX00007824"
	],
	[
		"WX00011488"
	],
	[
		"WX00017433"
	],
	[
		"WX00021264"
	],
	[
		"WX00042812"
	],
	[
		"WX00043360"
	],
	[
		"WX00043909"
	],
	[
		"WX00046137"
	],
	[
		"WX00052131"
	],
	[
		"WX00063090"
	],
	[
		"WX00064131"
	],
	[
		"WX00077657"
	],
	[
		"WX00079063"
	],
	[
		"WX00079371"
	],
	[
		"WX00080750"
	],
	[
		"WX00080752"
	],
	[
		"WX00080753"
	],
	[
		"WX00080754"
	]
]
[2022/10/12 11:19:54][INFO][流程块6.task][12] 1056.0
[2022/10/12 11:19:54][INFO][流程块6.task][12] 2327.0
[2022/10/12 11:19:54][INFO][流程块6.task][12] 1247.0
[2022/10/12 11:19:54][INFO][流程块6.task][12] -696.0
[2022/10/12 11:19:54][INFO][流程块6.task][12] -4.0
[2022/10/12 11:19:54][INFO][流程块6.task][12] 80.0
[2022/10/12 11:19:54][INFO][流程块6.task][12] 14.0
[2022/10/12 11:19:54][INFO][流程块6.task][12] 5250.0
[2022/10/12 11:19:54][INFO][流程块6.task][12] 35.0
[2022/10/12 11:19:55][INFO][流程块6.task][12] 11.0
[2022/10/12 11:19:55][INFO][流程块6.task][12] -130.0
[2022/10/12 11:19:55][INFO][流程块6.task][12] -671.0
[2022/10/12 11:19:55][INFO][流程块6.task][12] -52.0
[2022/10/12 11:19:55][INFO][流程块6.task][12] 56.0
[2022/10/12 11:19:55][INFO][流程块6.task][12] 394.0
[2022/10/12 11:19:55][INFO][流程块6.task][12] 2100.0
[2022/10/12 11:19:55][INFO][流程块6.task][12] 6764.0
[2022/10/12 11:19:55][INFO][流程块6.task][12] 92.0
[2022/10/12 11:19:55][INFO][流程块6.task][12] 131.0
[2022/10/12 11:19:55][INFO][流程块6.task][12] 2100.0
[2022/10/12 11:19:55][INFO][流程块6.task][12] 15.0
[2022/10/12 11:19:55][INFO][流程块6.task][12] 0.0
[2022/10/12 11:19:55][INFO][流程块6.task][0] 流程块6.task 运行已结束
