[2022/11/20 9:42:56][INFO][][0] 工作路径已切换到 d:\rpa机器人\百纳\
[2022/11/20 9:42:56][INFO][流程块.task][0] 流程 流程块.task 开始运行
[2022/11/20 9:42:56][INFO][流程块.task][18] 进入
[2022/11/20 9:43:33][INFO][流程块.task][89] [
	[
		"501089",
		"638"
	],
	[
		"958633",
		"1000"
	],
	[
		"958633-0001",
		"1000"
	],
	[
		"958633-0002",
		"1000"
	],
	[
		"958633-0003",
		"1000"
	],
	[
		"958633-0004",
		"1000"
	],
	[
		"958633-0005",
		"1000"
	],
	[
		"958633-0006",
		"1000"
	],
	[
		"958633-0007",
		"1000"
	],
	[
		"958633-0008",
		"1000"
	],
	[
		"958633-0009",
		"1000"
	],
	[
		"958633-0010",
		"1000"
	],
	[
		"958633-0011",
		"235"
	],
	[
		"960389",
		"1000"
	],
	[
		"960389-0001",
		"1000"
	],
	[
		"960389-0002",
		"1000"
	],
	[
		"960389-0003",
		"1000"
	],
	[
		"960389-0004",
		"1000"
	],
	[
		"960389-0005",
		"1000"
	],
	[
		"960389-0006",
		"1000"
	],
	[
		"960389-0007",
		"1000"
	],
	[
		"960389-0008",
		"1000"
	],
	[
		"960389-0009",
		"1000"
	],
	[
		"956873",
		"1000"
	],
	[
		"953276",
		"1000"
	],
	[
		"WX00007082",
		"1000"
	],
	[
		"WX00007082-0001",
		"463"
	],
	[
		"953276-0001",
		"1000"
	],
	[
		"953276-0002",
		"1000"
	],
	[
		"953276-0003",
		"1000"
	],
	[
		"WX00008623",
		"1000"
	],
	[
		"WX00008623-0001",
		"1000"
	],
	[
		"953276-0004",
		"1000"
	],
	[
		"WX00010525",
		"1000"
	],
	[
		"953276-0005",
		"1000"
	],
	[
		"WX00014779",
		"697"
	],
	[
		"956873-0001",
		"1000"
	],
	[
		"WX00001076",
		"864"
	],
	[
		"WX00019639",
		"1000"
	],
	[
		"WX00019639-0001",
		"922"
	],
	[
		"957555-0001",
		"1000"
	],
	[
		"WX00032679",
		"130"
	],
	[
		"WX00033638",
		"1000"
	],
	[
		"WX00033638-0001",
		"1000"
	],
	[
		"WX00033638-0002",
		"600"
	],
	[
		"517285",
		"444"
	],
	[
		"960376",
		"1000"
	],
	[
		"WX00005761",
		"111"
	],
	[
		"WX00035922",
		"41"
	],
	[
		"WX00045894",
		"184"
	],
	[
		"WX00058985",
		"1000"
	],
	[
		"WX00058985-0001",
		"460"
	],
	[
		"WX00081050",
		"1000"
	],
	[
		"WX00081050-0001",
		"976"
	],
	[
		"960376-0001",
		"570"
	],
	[
		"956873-0002",
		"1000"
	],
	[
		"WX00061092",
		"1000"
	],
	[
		"WX00061092-0001",
		"575"
	],
	[
		"956873-0003",
		"1000"
	],
	[
		"956873-0004",
		"1000"
	],
	[
		"WX00063586",
		"1000"
	],
	[
		"WX00063586-0001",
		"970"
	],
	[
		"956873-0005",
		"1000"
	],
	[
		"WX00077215",
		"988"
	],
	[
		"956873-0006",
		"1000"
	],
	[
		"956873-0007",
		"1000"
	],
	[
		"956873-0008",
		"1000"
	],
	[
		"WX00079776",
		"1000"
	],
	[
		"WX00079776-0001",
		"89"
	],
	[
		"956873-0009",
		"1000"
	],
	[
		"508865",
		"300"
	],
	[
		"WX00081006",
		"1000"
	],
	[
		"WX00005092",
		"12"
	],
	[
		"WX00081007",
		"1000"
	],
	[
		"WX00081007-0001",
		"1000"
	],
	[
		"WX00081007-0002",
		"1000"
	],
	[
		"WX00081007-0003",
		"1000"
	],
	[
		"WX00081007-0004",
		"1000"
	],
	[
		"WX00081007-0005",
		"1000"
	],
	[
		"WX00081007-0006",
		"1000"
	],
	[
		"WX00081007-0007",
		"1000"
	],
	[
		"WX00081007-0008",
		"640"
	],
	[
		"WX00016013",
		"57"
	],
	[
		"923007",
		"1000"
	],
	[
		"WX00080614",
		"91"
	],
	[
		"923007-0001",
		"1000"
	],
	[
		"960375",
		"1000"
	],
	[
		"958373",
		"1000"
	],
	[
		"958373-0001",
		"1000"
	],
	[
		"958373-0002",
		"1000"
	],
	[
		"958373-0003",
		"1000"
	],
	[
		"958373-0004",
		"1000"
	],
	[
		"958373-0005",
		"1000"
	],
	[
		"958373-0006",
		"1000"
	],
	[
		"958373-0007",
		"1000"
	],
	[
		"WX00081010",
		"1000"
	],
	[
		"WX00081010-0001",
		"201"
	],
	[
		"958373-0008",
		"1000"
	],
	[
		"958373-0009",
		"1000"
	],
	[
		"958373-0010",
		"1000"
	],
	[
		"WX00081011",
		"1000"
	],
	[
		"WX00081011-0001",
		"82"
	],
	[
		"958373-0011",
		"1000"
	],
	[
		"958373-0012",
		"1000"
	],
	[
		"950580",
		"1000"
	],
	[
		"950580-0001",
		"694"
	],
	[
		"958373-0013",
		"1000"
	],
	[
		"958373-0014",
		"1000"
	],
	[
		"958373-0015",
		"1000"
	],
	[
		"WX00001897",
		"1000"
	],
	[
		"WX00001897-0001",
		"754"
	],
	[
		"958373-0016",
		"1000"
	],
	[
		"WX00002525",
		"66"
	],
	[
		"958373-0017",
		"1000"
	],
	[
		"WX00006484",
		"30"
	],
	[
		"WX00015658",
		"44"
	],
	[
		"WX00021669",
		"21"
	],
	[
		"WX00028783",
		"5"
	],
	[
		"WX00037220",
		"1000"
	],
	[
		"WX00037220-0001",
		"330"
	],
	[
		"958373-0018",
		"1000"
	],
	[
		"WX00043813",
		"194"
	],
	[
		"WX00052133",
		"1000"
	],
	[
		"WX00052133-0001",
		"8"
	],
	[
		"958373-0019",
		"1000"
	],
	[
		"958373-0020",
		"1000"
	],
	[
		"958373-0021",
		"1000"
	],
	[
		"958373-0022",
		"1000"
	],
	[
		"WX00062443",
		"1000"
	],
	[
		"WX00062443-0001",
		"562"
	],
	[
		"958373-0023",
		"1000"
	],
	[
		"WX00065960",
		"730"
	],
	[
		"958373-0024",
		"1000"
	],
	[
		"WX00071545",
		"64"
	],
	[
		"958373-0025",
		"1000"
	],
	[
		"WX00072432",
		"1000"
	],
	[
		"WX00072432-0001",
		"1000"
	],
	[
		"WX00072432-0002",
		"100"
	],
	[
		"WX00077617",
		"1000"
	],
	[
		"WX00077617-0001",
		"836"
	],
	[
		"958373-0026",
		"1000"
	],
	[
		"WX00078909",
		"1000"
	],
	[
		"WX00078909-0001",
		"760"
	],
	[
		"958373-0027",
		"1000"
	],
	[
		"958373-0028",
		"1000"
	],
	[
		"958373-0029",
		"1000"
	],
	[
		"958373-0030",
		"1000"
	],
	[
		"958373-0031",
		"1000"
	],
	[
		"958373-0032",
		"1000"
	],
	[
		"958373-0033",
		"1000"
	],
	[
		"WX00079401",
		"65"
	],
	[
		"958373-0034",
		"1000"
	],
	[
		"958373-0035",
		"1000"
	],
	[
		"WX00080799",
		"121"
	],
	[
		"WX00081020",
		"107"
	],
	[
		"WX00081021",
		"261"
	],
	[
		"958373-0036",
		"1000"
	],
	[
		"WX00081024",
		"1000"
	],
	[
		"WX00081024-0001",
		"135"
	],
	[
		"958373-0037",
		"1000"
	],
	[
		"WX00081031",
		"1000"
	],
	[
		"958373-0038",
		"1000"
	],
	[
		"958373-0039",
		"1000"
	],
	[
		"513506",
		"500"
	],
	[
		"956112",
		"1000"
	],
	[
		"956112-0001",
		"2"
	],
	[
		"958373-0040",
		"1000"
	],
	[
		"958373-0041",
		"1000"
	],
	[
		"960392",
		"1000"
	],
	[
		"960392-0001",
		"1000"
	],
	[
		"960392-0002",
		"56"
	],
	[
		"WX00003160",
		"1000"
	],
	[
		"WX00003160-0001",
		"211"
	],
	[
		"958373-0042",
		"1000"
	],
	[
		"WX00017190",
		"643"
	],
	[
		"958373-0043",
		"1000"
	],
	[
		"WX00024638",
		"1000"
	],
	[
		"958373-0044",
		"1000"
	],
	[
		"958373-0045",
		"1000"
	],
	[
		"958373-0046",
		"1000"
	],
	[
		"958373-0047",
		"1000"
	],
	[
		"958373-0048",
		"1000"
	],
	[
		"958373-0049",
		"1000"
	],
	[
		"958373-0050",
		"1000"
	],
	[
		"958373-0051",
		"1000"
	],
	[
		"WX00032276",
		"1000"
	],
	[
		"WX00032276-0001",
		"1000"
	],
	[
		"958373-0052",
		"1000"
	],
	[
		"WX00041153",
		"26"
	],
	[
		"WX00041684",
		"695"
	],
	[
		"958373-0053",
		"1000"
	],
	[
		"WX00042134",
		"842"
	],
	[
		"957555-0002",
		"120"
	],
	[
		"958373-0054",
		"1000"
	],
	[
		"WX00050656",
		"1000"
	],
	[
		"WX00050656-0001",
		"1000"
	],
	[
		"958373-0055",
		"1000"
	],
	[
		"WX00067623",
		"62"
	],
	[
		"505011",
		"1000"
	],
	[
		"958373-0056",
		"1000"
	],
	[
		"WX00078039",
		"1000"
	],
	[
		"WX00078039-0001",
		"932"
	],
	[
		"958373-0057",
		"1000"
	],
	[
		"958373-0058",
		"1000"
	],
	[
		"958373-0059",
		"1000"
	],
	[
		"958373-0060",
		"1000"
	],
	[
		"WX00078759",
		"1000"
	],
	[
		"WX00078759-0001",
		"415"
	],
	[
		"958373-0061",
		"1000"
	],
	[
		"WX00080020",
		"1000"
	],
	[
		"WX00080020-0001",
		"654"
	],
	[
		"960375-0001",
		"1000"
	],
	[
		"WX00081039",
		"84"
	],
	[
		"WX00081043",
		"198"
	],
	[
		"WX00081044",
		"1000"
	],
	[
		"WX00081044-0001",
		"73"
	],
	[
		"958373-0062",
		"1000"
	],
	[
		"958373-0063",
		"1000"
	],
	[
		"958373-0064",
		"1000"
	],
	[
		"958373-0065",
		"1000"
	],
	[
		"960375-0002",
		"1000"
	],
	[
		"958652",
		"1000"
	],
	[
		"958652-0001",
		"100"
	],
	[
		"959198",
		"1000"
	],
	[
		"959198-0001",
		"1000"
	],
	[
		"959198-0002",
		"1000"
	],
	[
		"959198-0003",
		"1000"
	],
	[
		"959198-0004",
		"1000"
	],
	[
		"959198-0005",
		"1000"
	],
	[
		"959198-0006",
		"1000"
	],
	[
		"959198-0007",
		"1000"
	],
	[
		"959198-0008",
		"1000"
	],
	[
		"959198-0009",
		"111"
	],
	[
		"960375-0003",
		"232"
	],
	[
		"WX00009316",
		"1000"
	],
	[
		"WX00009316-0001",
		"1000"
	],
	[
		"WX00004536",
		"200"
	],
	[
		"WX00051477",
		"1000"
	],
	[
		"WX00051477-0001",
		"650"
	],
	[
		"WX00033717",
		"500"
	],
	[
		"WX00035325",
		"200"
	],
	[
		"WX00035714",
		"1000"
	],
	[
		"WX00052731",
		"1000"
	],
	[
		"WX00052731-0001",
		"176"
	],
	[
		"WX00035714-0001",
		"1000"
	],
	[
		"WX00035714-0002",
		"100"
	],
	[
		"WX00064284",
		"745"
	],
	[
		"WX00040698",
		"1000"
	],
	[
		"WX00040698-0001",
		"1000"
	],
	[
		"WX00069087",
		"831"
	],
	[
		"WX00040698-0002",
		"100"
	],
	[
		"WX00053919",
		"1000"
	],
	[
		"WX00053919-0001",
		"1000"
	],
	[
		"WX00053919-0002",
		"1000"
	],
	[
		"WX00079557",
		"1000"
	],
	[
		"WX00079557-0001",
		"1000"
	],
	[
		"WX00053919-0003",
		"150"
	],
	[
		"WX00081072",
		"353"
	],
	[
		"WX00073671",
		"1000"
	],
	[
		"WX00081073",
		"1000"
	],
	[
		"WX00081073-0001",
		"1000"
	],
	[
		"WX00081073-0002",
		"1000"
	],
	[
		"WX00081073-0003",
		"1000"
	],
	[
		"WX00081073-0004",
		"348"
	],
	[
		"WX00073671-0001",
		"1000"
	],
	[
		"WX00041916-0004",
		"1000"
	],
	[
		"WX00081081",
		"1000"
	],
	[
		"WX00073671-0002",
		"1000"
	],
	[
		"WX00081082",
		"1000"
	],
	[
		"WX00081082-0001",
		"1000"
	],
	[
		"WX00081082-0002",
		"1000"
	],
	[
		"WX00081082-0003",
		"1000"
	],
	[
		"WX00081082-0004",
		"415"
	],
	[
		"505011-0001",
		"1000"
	],
	[
		"WX00073671-0003",
		"1000"
	],
	[
		"WX00073671-0004",
		"1000"
	],
	[
		"WX00073671-0005",
		"1000"
	],
	[
		"WX00073671-0006",
		"1000"
	],
	[
		"WX00073671-0007",
		"1000"
	],
	[
		"WX00073671-0008",
		"1000"
	],
	[
		"WX00073671-0009",
		"1000"
	],
	[
		"WX00073671-0010",
		"1000"
	],
	[
		"WX00073671-0011",
		"1000"
	],
	[
		"WX00073671-0012",
		"1000"
	],
	[
		"WX00073671-0013",
		"1000"
	],
	[
		"WX00073671-0014",
		"1000"
	],
	[
		"WX00073671-0015",
		"1000"
	],
	[
		"WX00073671-0016",
		"1000"
	],
	[
		"WX00073671-0017",
		"1000"
	],
	[
		"WX00073671-0018",
		"540"
	],
	[
		"512583",
		"500"
	],
	[
		"937136",
		"1000"
	],
	[
		"937136-0001",
		"1000"
	],
	[
		"505011-0002",
		"960"
	],
	[
		"WX00081090",
		"200"
	],
	[
		"517730",
		"1000"
	],
	[
		"517730-0001",
		"1000"
	],
	[
		"517730-0002",
		"100"
	],
	[
		"960372",
		"446"
	],
	[
		"WX00001099",
		"200"
	],
	[
		"WX00003237",
		"1000"
	],
	[
		"WX00003237-0001",
		"1000"
	],
	[
		"WX00003237-0002",
		"1000"
	],
	[
		"WX00003237-0003",
		"1000"
	],
	[
		"WX00003237-0004",
		"200"
	],
	[
		"WX00012836",
		"1000"
	],
	[
		"951322",
		"1000"
	],
	[
		"WX00013682",
		"200"
	],
	[
		"WX00016556",
		"500"
	],
	[
		"WX00030630",
		"1000"
	],
	[
		"509779",
		"98"
	],
	[
		"WX00040408",
		"1000"
	],
	[
		"WX00040408-0001",
		"1000"
	],
	[
		"WX00040408-0002",
		"1000"
	],
	[
		"WX00040408-0003",
		"1000"
	],
	[
		"WX00040408-0004",
		"1000"
	],
	[
		"WX00040408-0005",
		"1000"
	],
	[
		"WX00040408-0006",
		"1000"
	],
	[
		"WX00040408-0007",
		"1000"
	],
	[
		"WX00040408-0008",
		"1000"
	],
	[
		"WX00040408-0009",
		"1000"
	],
	[
		"WX00040408-0010",
		"500"
	],
	[
		"WX00044732",
		"1000"
	],
	[
		"953222",
		"1000"
	],
	[
		"WX00060987",
		"200"
	],
	[
		"WX00077146",
		"715"
	],
	[
		"953222-0001",
		"1000"
	],
	[
		"WX00079656",
		"200"
	],
	[
		"953222-0002",
		"381"
	],
	[
		"WX00041916",
		"1000"
	],
	[
		"WX00041916-0001",
		"1000"
	],
	[
		"WX00041916-0002",
		"1000"
	],
	[
		"WX00041916-0003",
		"150"
	],
	[
		"WX00077154",
		"1000"
	],
	[
		"WX00077154-0001",
		"1000"
	],
	[
		"953282",
		"1000"
	],
	[
		"953282-0001",
		"1000"
	],
	[
		"902588",
		"1000"
	],
	[
		"902588-0001",
		"1000"
	],
	[
		"902588-0002",
		"1000"
	],
	[
		"902588-0003",
		"1000"
	],
	[
		"902588-0004",
		"1000"
	],
	[
		"902588-0005",
		"1000"
	],
	[
		"902588-0006",
		"1000"
	],
	[
		"902588-0007",
		"1000"
	],
	[
		"902588-0008",
		"1000"
	],
	[
		"902588-0009",
		"1000"
	],
	[
		"902588-0010",
		"1000"
	],
	[
		"902588-0011",
		"1000"
	],
	[
		"902588-0012",
		"1000"
	],
	[
		"902588-0013",
		"1000"
	],
	[
		"902588-0014",
		"1000"
	],
	[
		"902588-0015",
		"1000"
	],
	[
		"902588-0016",
		"1000"
	],
	[
		"902588-0017",
		"1000"
	],
	[
		"902588-0018",
		"1000"
	],
	[
		"902588-0019",
		"1000"
	],
	[
		"902588-0020",
		"1000"
	],
	[
		"902588-0021",
		"600"
	],
	[
		"953277",
		"1000"
	],
	[
		"953277-0001",
		"1000"
	],
	[
		"953277-0002",
		"1000"
	],
	[
		"953277-0003",
		"1000"
	],
	[
		"953277-0004",
		"1000"
	],
	[
		"953277-0005",
		"1000"
	],
	[
		"953277-0006",
		"1000"
	],
	[
		"953277-0007",
		"1000"
	],
	[
		"953277-0008",
		"1000"
	],
	[
		"953277-0009",
		"1000"
	],
	[
		"953282-0002",
		"1000"
	],
	[
		"953278",
		"1000"
	],
	[
		"953278-0001",
		"1000"
	],
	[
		"953278-0002",
		"1000"
	],
	[
		"953278-0003",
		"1000"
	],
	[
		"953278-0004",
		"1000"
	],
	[
		"953278-0005",
		"1000"
	],
	[
		"953278-0006",
		"1000"
	],
	[
		"953278-0007",
		"1000"
	],
	[
		"953278-0008",
		"1000"
	],
	[
		"953278-0009",
		"1000"
	],
	[
		"953282-0003",
		"1000"
	],
	[
		"953279",
		"1000"
	],
	[
		"953279-0001",
		"1000"
	],
	[
		"953279-0002",
		"1000"
	],
	[
		"953279-0003",
		"1000"
	],
	[
		"953279-0004",
		"1000"
	],
	[
		"953279-0005",
		"1000"
	],
	[
		"953279-0006",
		"1000"
	],
	[
		"953279-0007",
		"1000"
	],
	[
		"953279-0008",
		"1000"
	],
	[
		"953279-0009",
		"1000"
	],
	[
		"951322-0001",
		"1000"
	],
	[
		"953280",
		"1000"
	],
	[
		"953280-0001",
		"1000"
	],
	[
		"953280-0002",
		"400"
	],
	[
		"958505",
		"1000"
	],
	[
		"958505-0001",
		"1000"
	],
	[
		"958505-0002",
		"1000"
	],
	[
		"958505-0003",
		"1000"
	],
	[
		"958505-0004",
		"1000"
	],
	[
		"958505-0005",
		"1000"
	],
	[
		"958505-0006",
		"1000"
	],
	[
		"958505-0007",
		"1000"
	],
	[
		"958505-0008",
		"1000"
	],
	[
		"958505-0009",
		"1000"
	],
	[
		"958505-0010",
		"1000"
	],
	[
		"958505-0011",
		"1000"
	],
	[
		"958505-0012",
		"1000"
	],
	[
		"958505-0013",
		"1000"
	],
	[
		"958505-0014",
		"1000"
	],
	[
		"958505-0015",
		"750"
	],
	[
		"WX00045938",
		"1000"
	],
	[
		"WX00045938-0001",
		"1000"
	],
	[
		"WX00045938-0002",
		"100"
	],
	[
		"WX00052925",
		"1000"
	],
	[
		"957555",
		"863"
	],
	[
		"WX00078739",
		"1000"
	],
	[
		"WX00078739-0001",
		"1000"
	],
	[
		"WX00078739-0002",
		"1000"
	],
	[
		"WX00078739-0003",
		"150"
	],
	[
		"WX00003590",
		"1000"
	],
	[
		"919608",
		"1000"
	],
	[
		"919608-0001",
		"1000"
	],
	[
		"919608-0002",
		"1000"
	],
	[
		"919608-0003",
		"1000"
	],
	[
		"919608-0004",
		"1000"
	],
	[
		"919608-0005",
		"1000"
	],
	[
		"919608-0006",
		"1000"
	],
	[
		"919608-0007",
		"1000"
	],
	[
		"919608-0008",
		"1000"
	],
	[
		"919608-0009",
		"1000"
	],
	[
		"919608-0010",
		"1000"
	],
	[
		"919608-0011",
		"1000"
	],
	[
		"919608-0012",
		"1000"
	],
	[
		"919608-0013",
		"1000"
	],
	[
		"919608-0014",
		"1000"
	],
	[
		"919608-0015",
		"1000"
	],
	[
		"919608-0016",
		"1000"
	],
	[
		"919608-0017",
		"1000"
	],
	[
		"919608-0018",
		"1000"
	],
	[
		"919608-0019",
		"1000"
	],
	[
		"919608-0020",
		"1000"
	],
	[
		"919608-0021",
		"1000"
	],
	[
		"919608-0022",
		"1000"
	],
	[
		"919608-0023",
		"1000"
	],
	[
		"919608-0024",
		"1000"
	],
	[
		"919608-0025",
		"1000"
	],
	[
		"919608-0026",
		"1000"
	],
	[
		"919608-0027",
		"1000"
	],
	[
		"919608-0028",
		"1000"
	],
	[
		"919608-0029",
		"1000"
	],
	[
		"919608-0030",
		"1000"
	],
	[
		"919608-0031",
		"1000"
	],
	[
		"919608-0032",
		"1000"
	],
	[
		"919608-0033",
		"1000"
	],
	[
		"919608-0034",
		"1000"
	],
	[
		"919608-0035",
		"1000"
	],
	[
		"919608-0036",
		"1000"
	],
	[
		"919608-0037",
		"1000"
	],
	[
		"919608-0038",
		"1000"
	],
	[
		"919608-0039",
		"1000"
	],
	[
		"919608-0040",
		"1000"
	],
	[
		"919608-0041",
		"1000"
	],
	[
		"919608-0042",
		"1000"
	],
	[
		"919608-0043",
		"1000"
	],
	[
		"919608-0044",
		"1000"
	],
	[
		"919608-0045",
		"1000"
	],
	[
		"919608-0046",
		"1000"
	],
	[
		"919608-0047",
		"1000"
	],
	[
		"919608-0048",
		"1000"
	],
	[
		"919608-0049",
		"1000"
	],
	[
		"919608-0050",
		"1000"
	],
	[
		"919608-0051",
		"1000"
	],
	[
		"919608-0052",
		"1000"
	],
	[
		"919608-0053",
		"1000"
	],
	[
		"919608-0054",
		"1000"
	],
	[
		"919608-0055",
		"1000"
	],
	[
		"919608-0056",
		"1000"
	],
	[
		"919608-0057",
		"1000"
	],
	[
		"919608-0058",
		"1000"
	],
	[
		"919608-0059",
		"1000"
	],
	[
		"919608-0060",
		"1000"
	],
	[
		"919608-0061",
		"1000"
	],
	[
		"919608-0062",
		"1000"
	],
	[
		"919608-0063",
		"1000"
	],
	[
		"919608-0064",
		"1000"
	],
	[
		"919608-0065",
		"1000"
	],
	[
		"919608-0066",
		"1000"
	],
	[
		"919608-0067",
		"1000"
	],
	[
		"919608-0068",
		"1000"
	],
	[
		"919608-0069",
		"1000"
	],
	[
		"919608-0070",
		"1000"
	],
	[
		"919608-0071",
		"1000"
	],
	[
		"919608-0072",
		"1000"
	],
	[
		"919608-0073",
		"1000"
	],
	[
		"919608-0074",
		"365"
	],
	[
		"935366",
		"435"
	],
	[
		"939058",
		"1000"
	],
	[
		"939058-0001",
		"1000"
	],
	[
		"939058-0002",
		"100"
	],
	[
		"953281",
		"500"
	],
	[
		"959166",
		"1000"
	],
	[
		"959166-0001",
		"1000"
	],
	[
		"959166-0002",
		"1000"
	],
	[
		"959166-0003",
		"1000"
	],
	[
		"959166-0004",
		"1000"
	],
	[
		"959166-0005",
		"1000"
	],
	[
		"959166-0006",
		"1000"
	],
	[
		"959166-0007",
		"168"
	],
	[
		"WX00003590-0001",
		"969"
	],
	[
		"951322-0002",
		"1000"
	],
	[
		"WX00011344",
		"190"
	],
	[
		"WX00002954",
		"23"
	],
	[
		"WX00014797",
		"1000"
	],
	[
		"WX00014797-0001",
		"1000"
	],
	[
		"WX00014797-0002",
		"100"
	],
	[
		"WX00056904",
		"59"
	],
	[
		"WX00077094",
		"50"
	],
	[
		"517727",
		"1000"
	],
	[
		"958392",
		"1000"
	],
	[
		"958392-0001",
		"1000"
	],
	[
		"958392-0002",
		"1000"
	],
	[
		"958392-0003",
		"1000"
	],
	[
		"958392-0004",
		"1000"
	],
	[
		"958392-0005",
		"1000"
	],
	[
		"958392-0006",
		"1000"
	],
	[
		"958392-0007",
		"599"
	],
	[
		"WX00041916-0005",
		"1000"
	],
	[
		"928775",
		"1000"
	],
	[
		"928775-0001",
		"715"
	],
	[
		"958656",
		"1000"
	],
	[
		"958656-0001",
		"1000"
	],
	[
		"WX00038767",
		"1000"
	],
	[
		"WX00004703",
		"253"
	],
	[
		"WX00038767-0001",
		"1000"
	],
	[
		"WX00034409",
		"17"
	],
	[
		"WX00046151",
		"1000"
	],
	[
		"WX00046151-0001",
		"294"
	],
	[
		"951322-0003",
		"1000"
	],
	[
		"WX00065543",
		"1000"
	],
	[
		"WX00065543-0001",
		"426"
	],
	[
		"WX00066418",
		"408"
	],
	[
		"WX00068896",
		"605"
	],
	[
		"WX00071321",
		"1000"
	],
	[
		"WX00071321-0001",
		"1000"
	],
	[
		"WX00071321-0002",
		"1000"
	],
	[
		"WX00071321-0003",
		"150"
	],
	[
		"WX00081123",
		"1000"
	],
	[
		"WX00081123-0001",
		"759"
	],
	[
		"951322-0004",
		"1000"
	],
	[
		"951322-0005",
		"1000"
	],
	[
		"951322-0006",
		"1000"
	],
	[
		"WX00071518",
		"59"
	],
	[
		"517727-0001",
		"1000"
	],
	[
		"WX00081131",
		"1000"
	],
	[
		"WX00081131-0001",
		"370"
	],
	[
		"951322-0007",
		"1000"
	],
	[
		"951322-0008",
		"1000"
	],
	[
		"951322-0009",
		"1000"
	],
	[
		"951322-0010",
		"1000"
	],
	[
		"951322-0011",
		"1000"
	],
	[
		"951322-0012",
		"1000"
	],
	[
		"WX00081135",
		"31"
	],
	[
		"WX00079668",
		"110"
	],
	[
		"951322-0013",
		"1000"
	],
	[
		"WX00081144",
		"362"
	],
	[
		"WX00081146",
		"219"
	],
	[
		"951322-0014",
		"1000"
	],
	[
		"WX00081151",
		"76"
	],
	[
		"WX00081152",
		"1000"
	],
	[
		"WX00081152-0001",
		"362"
	],
	[
		"951322-0015",
		"1000"
	],
	[
		"517727-0002",
		"505"
	],
	[
		"951322-0016",
		"1000"
	],
	[
		"951322-0017",
		"1000"
	],
	[
		"951322-0018",
		"1000"
	],
	[
		"951322-0019",
		"1000"
	],
	[
		"951322-0020",
		"1000"
	],
	[
		"951322-0021",
		"600"
	],
	[
		"953296",
		"1000"
	],
	[
		"953296-0001",
		"1000"
	],
	[
		"953296-0002",
		"127"
	],
	[
		"935129",
		"1000"
	],
	[
		"935129-0001",
		"1000"
	],
	[
		"935129-0002",
		"1000"
	],
	[
		"935129-0003",
		"1000"
	],
	[
		"935129-0004",
		"1000"
	],
	[
		"935129-0005",
		"1000"
	],
	[
		"935129-0006",
		"1000"
	],
	[
		"935129-0007",
		"1000"
	],
	[
		"935129-0008",
		"924"
	],
	[
		"937136-0002",
		"898"
	],
	[
		"939715",
		"569"
	],
	[
		"953322",
		"1000"
	],
	[
		"953322-0001",
		"1000"
	],
	[
		"953322-0002",
		"1000"
	],
	[
		"953322-0003",
		"1000"
	],
	[
		"953322-0004",
		"1000"
	],
	[
		"953322-0005",
		"1000"
	],
	[
		"953322-0006",
		"1000"
	],
	[
		"953322-0007",
		"1000"
	],
	[
		"953322-0008",
		"1000"
	],
	[
		"953322-0009",
		"1000"
	],
	[
		"953322-0010",
		"1000"
	],
	[
		"953322-0011",
		"1000"
	],
	[
		"953322-0012",
		"1000"
	],
	[
		"953322-0013",
		"429"
	],
	[
		"WX00011541",
		"395"
	],
	[
		"WX00015005",
		"789"
	],
	[
		"960371",
		"1000"
	],
	[
		"WX00017168",
		"1000"
	],
	[
		"WX00017168-0001",
		"43"
	],
	[
		"960371-0001",
		"942"
	],
	[
		"WX00021722",
		"198"
	],
	[
		"WX00024865",
		"166"
	],
	[
		"WX00063379",
		"200"
	],
	[
		"WX00031416",
		"1000"
	],
	[
		"WX00031416-0001",
		"1000"
	],
	[
		"WX00031416-0002",
		"103"
	],
	[
		"WX00064732",
		"200"
	],
	[
		"WX00056763",
		"1000"
	],
	[
		"WX00056763-0001",
		"1000"
	],
	[
		"WX00056763-0002",
		"1000"
	],
	[
		"WX00056763-0003",
		"1000"
	],
	[
		"WX00056763-0004",
		"724"
	],
	[
		"WX00067816",
		"1000"
	],
	[
		"WX00067946",
		"1000"
	],
	[
		"WX00067946-0001",
		"1000"
	],
	[
		"WX00067816-0001",
		"1000"
	],
	[
		"WX00074691",
		"644"
	],
	[
		"WX00078656",
		"1000"
	],
	[
		"WX00078656-0001",
		"1000"
	],
	[
		"WX00067816-0002",
		"1000"
	],
	[
		"WX00081156",
		"1000"
	],
	[
		"WX00081156-0001",
		"1000"
	],
	[
		"WX00081156-0002",
		"1000"
	],
	[
		"WX00081156-0003",
		"864"
	],
	[
		"WX00067816-0003",
		"1000"
	],
	[
		"WX00067816-0004",
		"1000"
	],
	[
		"WX00081157",
		"1000"
	],
	[
		"WX00081157-0001",
		"7"
	],
	[
		"WX00067816-0005",
		"743"
	],
	[
		"WX00005044",
		"50"
	],
	[
		"WX00010731",
		"331"
	],
	[
		"WX00081159",
		"274"
	],
	[
		"WX00021242",
		"101"
	],
	[
		"WX00081160",
		"246"
	],
	[
		"WX00029262",
		"291"
	],
	[
		"517370",
		"1000"
	],
	[
		"958355",
		"1000"
	],
	[
		"WX00006981",
		"200"
	],
	[
		"WX00011338",
		"1000"
	],
	[
		"WX00007482",
		"200"
	],
	[
		"WX00012928",
		"500"
	],
	[
		"WX00022211",
		"500"
	],
	[
		"WX00034405",
		"500"
	],
	[
		"WX00036710",
		"200"
	],
	[
		"WX00042428",
		"1000"
	],
	[
		"WX00042428-0001",
		"1000"
	],
	[
		"WX00042428-0002",
		"100"
	],
	[
		"WX00044605",
		"200"
	],
	[
		"WX00046653",
		"200"
	],
	[
		"WX00053626",
		"500"
	],
	[
		"WX00067995",
		"200"
	],
	[
		"WX00069370",
		"200"
	],
	[
		"WX00070698",
		"1000"
	],
	[
		"WX00070698-0001",
		"678"
	],
	[
		"958355-0001",
		"1000"
	],
	[
		"WX00080709",
		"1000"
	],
	[
		"WX00080709-0001",
		"1000"
	],
	[
		"WX00080709-0002",
		"100"
	],
	[
		"WX00081164",
		"1000"
	],
	[
		"WX00081164-0001",
		"1000"
	],
	[
		"WX00081164-0002",
		"1000"
	],
	[
		"WX00081164-0003",
		"1000"
	],
	[
		"WX00081164-0004",
		"1000"
	],
	[
		"WX00081164-0005",
		"1000"
	],
	[
		"WX00081164-0006",
		"1000"
	],
	[
		"WX00081164-0007",
		"1000"
	],
	[
		"WX00081164-0008",
		"1000"
	],
	[
		"WX00081164-0009",
		"1000"
	],
	[
		"WX00081164-0010",
		"500"
	],
	[
		"WX00081167",
		"200"
	],
	[
		"WX00081168",
		"200"
	],
	[
		"WX00081174",
		"1000"
	],
	[
		"WX00081174-0001",
		"1000"
	],
	[
		"WX00081174-0002",
		"1000"
	],
	[
		"WX00081174-0003",
		"150"
	],
	[
		"WX00012522",
		"1000"
	],
	[
		"WX00012522-0001",
		"1000"
	],
	[
		"WX00012522-0002",
		"100"
	],
	[
		"903297",
		"1000"
	],
	[
		"903297-0001",
		"1000"
	],
	[
		"903620",
		"1000"
	],
	[
		"958355-0002",
		"1000"
	],
	[
		"903621",
		"1000"
	],
	[
		"939978",
		"1000"
	],
	[
		"903622",
		"1000"
	],
	[
		"939978-0001",
		"1000"
	],
	[
		"903623",
		"1000"
	],
	[
		"939978-0002",
		"1000"
	],
	[
		"903625",
		"1000"
	],
	[
		"939978-0003",
		"1000"
	],
	[
		"903626",
		"1000"
	],
	[
		"939978-0004",
		"1000"
	],
	[
		"903627",
		"1000"
	],
	[
		"939978-0005",
		"1000"
	],
	[
		"903628",
		"1000"
	],
	[
		"939978-0006",
		"1000"
	],
	[
		"903629",
		"1000"
	],
	[
		"939978-0007",
		"233"
	],
	[
		"903630",
		"1000"
	],
	[
		"960373",
		"275"
	],
	[
		"903631",
		"1000"
	],
	[
		"WX00025525",
		"183"
	],
	[
		"903632",
		"1000"
	],
	[
		"903633",
		"1000"
	],
	[
		"WX00076586",
		"101"
	],
	[
		"903635",
		"1000"
	],
	[
		"WX00078379",
		"101"
	],
	[
		"903636",
		"1000"
	],
	[
		"958355-0003",
		"1000"
	],
	[
		"903637",
		"1000"
	],
	[
		"WX00078820",
		"12"
	],
	[
		"903638",
		"1000"
	],
	[
		"WX00079585",
		"1000"
	],
	[
		"903639",
		"1000"
	],
	[
		"WX00079585-0001",
		"1000"
	],
	[
		"903650",
		"1000"
	],
	[
		"958355-0004",
		"1000"
	],
	[
		"903651",
		"1000"
	],
	[
		"WX00080165",
		"101"
	],
	[
		"903652",
		"1000"
	],
	[
		"WX00081187",
		"559"
	],
	[
		"903666",
		"600"
	],
	[
		"959772",
		"707"
	],
	[
		"WX00007057",
		"12"
	],
	[
		"WX00017212",
		"1000"
	],
	[
		"WX00017212-0001",
		"1000"
	],
	[
		"WX00017212-0002",
		"1000"
	],
	[
		"WX00017212-0003",
		"1000"
	],
	[
		"WX00017212-0004",
		"1000"
	],
	[
		"WX00017212-0005",
		"1000"
	],
	[
		"WX00017212-0006",
		"1000"
	],
	[
		"WX00017212-0007",
		"1000"
	],
	[
		"WX00017212-0008",
		"1000"
	],
	[
		"WX00017212-0009",
		"1000"
	],
	[
		"WX00017212-0010",
		"1000"
	],
	[
		"WX00017212-0011",
		"1000"
	],
	[
		"WX00017212-0012",
		"1000"
	],
	[
		"WX00017212-0013",
		"1000"
	],
	[
		"WX00017212-0014",
		"1000"
	],
	[
		"WX00017212-0015",
		"1000"
	],
	[
		"WX00017212-0016",
		"1000"
	],
	[
		"WX00017212-0017",
		"1000"
	],
	[
		"WX00017212-0018",
		"1000"
	],
	[
		"WX00017212-0019",
		"1000"
	],
	[
		"WX00017212-0020",
		"1000"
	],
	[
		"WX00034268",
		"77"
	],
	[
		"WX00043722",
		"401"
	],
	[
		"WX00064515",
		"181"
	],
	[
		"WX00065039",
		"1000"
	],
	[
		"958355-0005",
		"1000"
	],
	[
		"WX00081182",
		"1000"
	],
	[
		"WX00081182-0001",
		"370"
	],
	[
		"958355-0006",
		"1000"
	],
	[
		"958355-0007",
		"1000"
	],
	[
		"958355-0008",
		"1000"
	],
	[
		"958355-0009",
		"1000"
	],
	[
		"958355-0010",
		"1000"
	],
	[
		"958355-0011",
		"1000"
	],
	[
		"WX00081184",
		"200"
	],
	[
		"958355-0012",
		"1000"
	],
	[
		"958355-0013",
		"1000"
	],
	[
		"958355-0014",
		"1000"
	],
	[
		"958355-0015",
		"1000"
	],
	[
		"958355-0016",
		"1000"
	],
	[
		"958355-0017",
		"1000"
	],
	[
		"958355-0018",
		"1000"
	],
	[
		"958355-0019",
		"1000"
	],
	[
		"958355-0020",
		"1000"
	],
	[
		"958355-0021",
		"600"
	],
	[
		"WX00006249",
		"1000"
	],
	[
		"517370-0001",
		"1000"
	],
	[
		"WX00009114",
		"400"
	],
	[
		"WX00037538",
		"1000"
	],
	[
		"517370-0002",
		"1000"
	],
	[
		"WX00043759",
		"500"
	],
	[
		"WX00046593",
		"1000"
	],
	[
		"WX00046593-0001",
		"1000"
	],
	[
		"WX00046593-0002",
		"1000"
	],
	[
		"WX00046593-0003",
		"150"
	],
	[
		"WX00069308",
		"1000"
	],
	[
		"WX00069308-0001",
		"1000"
	],
	[
		"WX00069308-0002",
		"110"
	],
	[
		"517370-0003",
		"236"
	],
	[
		"517731",
		"1000"
	],
	[
		"517731-0001",
		"1000"
	],
	[
		"517731-0002",
		"310"
	],
	[
		"517732",
		"500"
	],
	[
		"WX00052489",
		"200"
	],
	[
		"WX00063039",
		"1000"
	],
	[
		"WX00063039-0001",
		"1000"
	],
	[
		"WX00063039-0002",
		"100"
	],
	[
		"WX00065671",
		"1000"
	],
	[
		"WX00065671-0001",
		"210"
	],
	[
		"WX00067486",
		"400"
	],
	[
		"WX00071660",
		"500"
	],
	[
		"WX00074081",
		"1000"
	],
	[
		"WX00074081-0001",
		"1000"
	],
	[
		"WX00074081-0002",
		"1000"
	],
	[
		"WX00074081-0003",
		"1000"
	],
	[
		"WX00074081-0004",
		"200"
	],
	[
		"WX00076739",
		"200"
	],
	[
		"WX00078383",
		"200"
	],
	[
		"WX00081201",
		"200"
	],
	[
		"517596",
		"500"
	],
	[
		"517670",
		"1000"
	],
	[
		"517670-0001",
		"1000"
	],
	[
		"517670-0002",
		"1000"
	],
	[
		"517670-0003",
		"150"
	],
	[
		"517733",
		"1000"
	],
	[
		"517733-0001",
		"1000"
	],
	[
		"517729",
		"1000"
	],
	[
		"959597",
		"1000"
	],
	[
		"959597-0001",
		"1000"
	],
	[
		"959597-0002",
		"1000"
	],
	[
		"959597-0003",
		"1000"
	],
	[
		"959597-0004",
		"1000"
	],
	[
		"959597-0005",
		"1000"
	],
	[
		"959597-0006",
		"1000"
	],
	[
		"959597-0007",
		"1000"
	],
	[
		"959597-0008",
		"1000"
	],
	[
		"959597-0009",
		"1000"
	],
	[
		"959597-0010",
		"500"
	],
	[
		"WX00001580",
		"1000"
	],
	[
		"WX00001580-0001",
		"1000"
	],
	[
		"WX00001580-0002",
		"100"
	],
	[
		"WX00002591",
		"1000"
	],
	[
		"WX00002591-0001",
		"1000"
	],
	[
		"WX00002591-0002",
		"1000"
	],
	[
		"WX00002591-0003",
		"1000"
	],
	[
		"WX00002591-0004",
		"1000"
	],
	[
		"WX00002591-0005",
		"250"
	],
	[
		"WX00007824",
		"400"
	],
	[
		"517729-0001",
		"100"
	],
	[
		"WX00007077",
		"1000"
	],
	[
		"WX00068578",
		"1000"
	],
	[
		"WX00019987",
		"400"
	],
	[
		"WX00036250",
		"1000"
	],
	[
		"WX00036250-0001",
		"1000"
	],
	[
		"WX00036250-0002",
		"1000"
	],
	[
		"WX00036250-0003",
		"1000"
	],
	[
		"WX00036250-0004",
		"1000"
	],
	[
		"WX00036250-0005",
		"1000"
	],
	[
		"WX00036250-0006",
		"1000"
	],
	[
		"WX00036250-0007",
		"1000"
	],
	[
		"WX00036250-0008",
		"1000"
	],
	[
		"WX00036250-0009",
		"1000"
	],
	[
		"WX00036250-0010",
		"1000"
	],
	[
		"WX00036250-0011",
		"1000"
	],
	[
		"WX00036250-0012",
		"1000"
	],
	[
		"WX00036250-0013",
		"1000"
	],
	[
		"WX00036250-0014",
		"1000"
	],
	[
		"WX00036250-0015",
		"1000"
	],
	[
		"WX00036250-0016",
		"1000"
	],
	[
		"WX00036250-0017",
		"1000"
	],
	[
		"WX00036250-0018",
		"1000"
	],
	[
		"WX00036250-0019",
		"1000"
	],
	[
		"WX00036250-0020",
		"1000"
	],
	[
		"WX00036250-0021",
		"600"
	],
	[
		"WX00051515",
		"500"
	],
	[
		"WX00068578-0001",
		"1000"
	],
	[
		"517593",
		"1000"
	],
	[
		"517593-0001",
		"1000"
	],
	[
		"517593-0002",
		"100"
	],
	[
		"WX00001082",
		"200"
	],
	[
		"WX00002724",
		"1000"
	],
	[
		"WX00068578-0002",
		"18"
	],
	[
		"WX00005431",
		"1000"
	],
	[
		"WX00005431-0001",
		"1000"
	],
	[
		"WX00005431-0002",
		"49"
	],
	[
		"WX00018771",
		"1000"
	],
	[
		"WX00018771-0001",
		"1000"
	],
	[
		"WX00018771-0002",
		"1000"
	],
	[
		"WX00018771-0003",
		"150"
	],
	[
		"WX00024044",
		"400"
	],
	[
		"WX00024067",
		"1000"
	],
	[
		"WX00021440",
		"34"
	],
	[
		"WX00030015",
		"400"
	],
	[
		"WX00033517",
		"200"
	],
	[
		"WX00046522",
		"1000"
	],
	[
		"517729-0002",
		"1000"
	],
	[
		"WX00049385",
		"1000"
	],
	[
		"WX00049385-0001",
		"1000"
	],
	[
		"WX00049385-0002",
		"100"
	],
	[
		"WX00052350",
		"200"
	],
	[
		"WX00077501",
		"200"
	],
	[
		"WX00078424",
		"200"
	],
	[
		"WX00078950",
		"200"
	],
	[
		"WX00081240",
		"1000"
	],
	[
		"WX00081240-0001",
		"1000"
	],
	[
		"WX00081240-0002",
		"100"
	],
	[
		"WX00081246",
		"200"
	],
	[
		"517729-0003",
		"1000"
	],
	[
		"517729-0004",
		"840"
	],
	[
		"939058-0003",
		"1000"
	],
	[
		"939058-0004",
		"1000"
	],
	[
		"939058-0005",
		"1000"
	],
	[
		"WX00080020-0002",
		"100"
	],
	[
		"WX00080020-0003",
		"1000"
	],
	[
		"WX00080020-0004",
		"40"
	],
	[
		"WX00025937",
		"484"
	],
	[
		"WX00032253",
		"3"
	],
	[
		"WX00062460",
		"101"
	],
	[
		"WX00074127",
		"9"
	],
	[
		"WX00081251",
		"1000"
	],
	[
		"WX00038578",
		"1000"
	],
	[
		"506336",
		"1000"
	],
	[
		"WX00040166",
		"110"
	],
	[
		"WX00081258",
		"124"
	],
	[
		"WX00058329",
		"95"
	],
	[
		"WX00081263",
		"1000"
	],
	[
		"WX00081263-0001",
		"1000"
	],
	[
		"WX00081263-0002",
		"1000"
	],
	[
		"WX00081263-0003",
		"1000"
	],
	[
		"WX00081263-0004",
		"1000"
	],
	[
		"WX00081263-0005",
		"250"
	],
	[
		"506336-0001",
		"298"
	],
	[
		"956872",
		"1000"
	],
	[
		"956872-0001",
		"1000"
	],
	[
		"956872-0002",
		"688"
	],
	[
		"957889",
		"1000"
	],
	[
		"957890",
		"1000"
	],
	[
		"957891",
		"1000"
	],
	[
		"960079",
		"1000"
	],
	[
		"960079-0001",
		"118"
	],
	[
		"960238",
		"1000"
	],
	[
		"960238-0001",
		"1000"
	],
	[
		"960238-0002",
		"100"
	],
	[
		"WX00002406",
		"6"
	],
	[
		"WX00003167",
		"218"
	],
	[
		"WX00067572",
		"1000"
	],
	[
		"WX00078559",
		"1000"
	],
	[
		"WX00078559-0001",
		"1000"
	],
	[
		"WX00078559-0002",
		"1000"
	],
	[
		"WX00078559-0003",
		"1000"
	],
	[
		"WX00078559-0004",
		"1000"
	],
	[
		"WX00078559-0005",
		"1000"
	],
	[
		"WX00078559-0006",
		"1000"
	],
	[
		"WX00078559-0007",
		"1000"
	],
	[
		"WX00078559-0008",
		"212"
	],
	[
		"WX00079102",
		"698"
	],
	[
		"WX00081295",
		"1000"
	],
	[
		"WX00081295-0001",
		"1000"
	],
	[
		"WX00081295-0002",
		"1000"
	],
	[
		"WX00081295-0003",
		"1000"
	],
	[
		"WX00081295-0004",
		"1000"
	],
	[
		"WX00081295-0005",
		"250"
	],
	[
		"WX00081296",
		"24"
	]
]
[2022/11/20 9:43:34][INFO][流程块.task][119] [
	[
		"",
		"905560",
		"",
		"",
		"胡晓锋",
		"",
		"百纳会员/百纳银",
		"",
		"",
		"工行pos",
		"10000",
		"",
		"11076.25",
		"RT002",
		"邢楠楠充卡",
		"2022-11-19 00:00:00",
		2.76180555555556,
		""
	],
	[
		"",
		"905560",
		"",
		"",
		"胡晓锋",
		"",
		"百纳会员/百纳银",
		"",
		"",
		"储值卡赠",
		"",
		"500",
		"11576.25",
		"RT002",
		"百纳银卡充值",
		"2022-11-19 00:00:00",
		2.76180555555556,
		""
	],
	[
		"",
		"950593",
		"",
		"",
		"张晓彬",
		"",
		"百纳会员/一卡通",
		"",
		"",
		"微信在线",
		"2000",
		"",
		"2594",
		"WEB",
		" ",
		"2022-11-19 00:00:00",
		2.575,
		""
	],
	[
		"",
		"950593",
		"",
		"",
		"张晓彬",
		"",
		"百纳会员/一卡通",
		"",
		"",
		"储值卡赠",
		"",
		"100",
		"2694",
		"WEB",
		"充值返现2K-",
		"2022-11-19 00:00:00",
		2.575,
		""
	],
	[
		"",
		"960357",
		"",
		"",
		"方昊",
		"",
		"百纳会员/一卡通",
		"",
		"",
		"汇款",
		"3600",
		"",
		"3600",
		"RT002",
		"于雪伟办卡",
		"2022-11-19 00:00:00",
		2.8125,
		""
	],
	[
		"",
		"960357",
		"",
		"",
		"方昊",
		"",
		"百纳会员/一卡通",
		"",
		"",
		"储值卡赠",
		"",
		"180",
		"3780",
		"RT002",
		"充值返现2K-",
		"2022-11-19 00:00:00",
		2.8125,
		""
	],
	[
		"",
		"WX00001621",
		"",
		"",
		"189053509",
		"",
		"微信会员/微信金",
		"",
		"",
		"微信在线",
		"20000",
		"",
		"21516",
		"WEB",
		" ",
		"2022-11-19 00:00:00",
		2.93055555555556,
		""
	],
	[
		"",
		"WX00001621",
		"",
		"",
		"189053509",
		"",
		"微信会员/微信金",
		"",
		"",
		"储值卡赠",
		"",
		"1600",
		"23116",
		"WEB",
		"微信返现2W-",
		"2022-11-19 00:00:00",
		2.93055555555556,
		""
	],
	[
		"",
		"WX00005422",
		"",
		"",
		"李洪威",
		"",
		"微信会员/微信会",
		"",
		"",
		"微信在线",
		"200",
		"",
		"228",
		"WEB",
		" ",
		"2022-11-19 00:00:00",
		2.80486111111111,
		""
	],
	[
		"",
		"WX00005422",
		"",
		"",
		"李洪威",
		"",
		"微信会员/微信会",
		"",
		"",
		"微信在线",
		"200",
		"",
		"428",
		"WEB",
		" ",
		"2022-11-19 00:00:00",
		2.80486111111111,
		""
	],
	[
		"",
		"WX00007653",
		"",
		"",
		"苏西",
		"",
		"微信会员/微信会",
		"",
		"",
		"微信在线",
		"200",
		"",
		"200",
		"WEB",
		" ",
		"2022-11-19 00:00:00",
		2.77083333333333,
		""
	],
	[
		"",
		"WX00009589",
		"",
		"",
		"李莹",
		"",
		"微信会员/微信会",
		"",
		"",
		"微信在线",
		"200",
		"",
		"241",
		"WEB",
		" ",
		"2022-11-19 00:00:00",
		2.47569444444444,
		""
	],
	[
		"",
		"WX00013555",
		"",
		"",
		"顿顿有鱼有",
		"",
		"微信会员/微信会",
		"",
		"",
		"微信在线",
		"200",
		"",
		"250",
		"WEB",
		" ",
		"2022-11-19 00:00:00",
		2.575,
		""
	],
	[
		"",
		"WX00013555",
		"",
		"",
		"顿顿有鱼有",
		"",
		"微信会员/微信会",
		"",
		"",
		"微信在线",
		"200",
		"",
		"450",
		"WEB",
		" ",
		"2022-11-19 00:00:00",
		2.575,
		""
	],
	[
		"",
		"WX00013555",
		"",
		"",
		"顿顿有鱼有",
		"",
		"微信会员/微信会",
		"",
		"",
		"微信在线",
		"200",
		"",
		"650",
		"WEB",
		" ",
		"2022-11-19 00:00:00",
		2.575,
		""
	],
	[
		"",
		"WX00023049",
		"",
		"",
		"吴晓东",
		"",
		"微信会员/微信会",
		"",
		"",
		"微信在线",
		"200",
		"",
		"251",
		"WEB",
		" ",
		"2022-11-19 00:00:00",
		2.76388888888889,
		""
	],
	[
		"",
		"WX00032153",
		"",
		"",
		"赵忠奎",
		"",
		"微信会员/微信会",
		"",
		"",
		"微信在线",
		"3000",
		"",
		"6145",
		"WEB",
		" ",
		"2022-11-19 00:00:00",
		2.85555555555556,
		""
	],
	[
		"",
		"WX00032153",
		"",
		"",
		"赵忠奎",
		"",
		"微信会员/微信会",
		"",
		"",
		"储值卡赠",
		"",
		"150",
		"6295",
		"WEB",
		"微信返现2K-",
		"2022-11-19 00:00:00",
		2.85555555555556,
		""
	],
	[
		"",
		"WX00049385",
		"",
		"",
		"骄磊商贸-鲜",
		"",
		"微信会员/微信会",
		"",
		"",
		"微信在线",
		"200",
		"",
		"520",
		"WEB",
		" ",
		"2022-11-19 00:00:00",
		2.55972222222222,
		""
	],
	[
		"",
		"WX00051228",
		"",
		"",
		"庭园",
		"",
		"微信会员/微信会",
		"",
		"",
		"微信在线",
		"2000",
		"",
		"2221",
		"WEB",
		" ",
		"2022-11-19 00:00:00",
		2.85833333333333,
		""
	],
	[
		"",
		"WX00051228",
		"",
		"",
		"庭园",
		"",
		"微信会员/微信会",
		"",
		"",
		"储值卡赠",
		"",
		"100",
		"2321",
		"WEB",
		"微信返现2K-",
		"2022-11-19 00:00:00",
		2.85833333333333,
		""
	],
	[
		"",
		"WX00061979",
		"",
		"",
		"俪铭·",
		"",
		"微信会员/微信会",
		"",
		"",
		"微信在线",
		"500",
		"",
		"500",
		"WEB",
		" ",
		"2022-11-19 00:00:00",
		2.76736111111111,
		""
	],
	[
		"",
		"WX00062211",
		"",
		"",
		"孔志光",
		"",
		"微信会员/微信会",
		"",
		"",
		"微信在线",
		"200",
		"",
		"617",
		"WEB",
		" ",
		"2022-11-19 00:00:00",
		2.89166666666667,
		""
	],
	[
		"",
		"WX00062234",
		"",
		"",
		"小艳子",
		"",
		"微信会员/微信会",
		"",
		"",
		"微信在线",
		"200",
		"",
		"200",
		"WEB",
		" ",
		"2022-11-19 00:00:00",
		2.78541666666667,
		""
	],
	[
		"",
		"WX00063926",
		"",
		"",
		"觅儿Ariel",
		"",
		"微信会员/微信会",
		"",
		"",
		"微信在线",
		"500",
		"",
		"692",
		"WEB",
		" ",
		"2022-11-19 00:00:00",
		2.49166666666667,
		""
	],
	[
		"",
		"WX00064264",
		"",
		"",
		"其一",
		"",
		"微信会员/微信会",
		"",
		"",
		"微信在线",
		"3000",
		"",
		"3000",
		"WEB",
		" ",
		"2022-11-19 00:00:00",
		2.60486111111111,
		""
	],
	[
		"",
		"WX00064264",
		"",
		"",
		"其一",
		"",
		"微信会员/微信会",
		"",
		"",
		"储值卡赠",
		"",
		"150",
		"3150",
		"WEB",
		"微信返现2K-",
		"2022-11-19 00:00:00",
		2.60486111111111,
		""
	],
	[
		"",
		"WX00065811",
		"",
		"",
		"云淡风清",
		"",
		"微信会员/微信会",
		"",
		"",
		"微信在线",
		"2000",
		"",
		"2000",
		"WEB",
		" ",
		"2022-11-19 00:00:00",
		2.76388888888889,
		""
	],
	[
		"",
		"WX00065811",
		"",
		"",
		"云淡风清",
		"",
		"微信会员/微信会",
		"",
		"",
		"储值卡赠",
		"",
		"100",
		"2100",
		"WEB",
		"微信返现2K-",
		"2022-11-19 00:00:00",
		2.76388888888889,
		""
	],
	[
		"",
		"WX00067055",
		"",
		"",
		"晴天",
		"",
		"微信会员/微信会",
		"",
		"",
		"微信在线",
		"2000",
		"",
		"2035",
		"WEB",
		" ",
		"2022-11-19 00:00:00",
		2.55208333333333,
		""
	],
	[
		"",
		"WX00067055",
		"",
		"",
		"晴天",
		"",
		"微信会员/微信会",
		"",
		"",
		"储值卡赠",
		"",
		"100",
		"2135",
		"WEB",
		"微信返现2K-",
		"2022-11-19 00:00:00",
		2.55208333333333,
		""
	],
	[
		"",
		"WX00076680",
		"",
		"",
		"A坤和名酒",
		"",
		"微信会员/微信会",
		"",
		"",
		"微信在线",
		"2000",
		"",
		"4047",
		"WEB",
		" ",
		"2022-11-19 00:00:00",
		2.79513888888889,
		""
	],
	[
		"",
		"WX00076680",
		"",
		"",
		"A坤和名酒",
		"",
		"微信会员/微信会",
		"",
		"",
		"储值卡赠",
		"",
		"100",
		"4147",
		"WEB",
		"微信返现2K-",
		"2022-11-19 00:00:00",
		2.79513888888889,
		""
	],
	[
		"",
		"WX00077495",
		"",
		"",
		"朱正轩",
		"",
		"微信会员/微信会",
		"",
		"",
		"微信在线",
		"200",
		"",
		"268",
		"WEB",
		" ",
		"2022-11-19 00:00:00",
		2.83472222222222,
		""
	],
	[
		"",
		"WX00078950",
		"",
		"",
		"林昕",
		"",
		"微信会员/微信会",
		"",
		"",
		"微信在线",
		"200",
		"",
		"338",
		"WEB",
		" ",
		"2022-11-19 00:00:00",
		2.55138888888889,
		""
	],
	[
		"",
		"WX00079056",
		"",
		"",
		"赵翎臣",
		"",
		"微信会员/微信会",
		"",
		"",
		"微信在线",
		"2000",
		"",
		"2000",
		"WEB",
		" ",
		"2022-11-19 00:00:00",
		2.87222222222222,
		""
	],
	[
		"",
		"WX00079056",
		"",
		"",
		"赵翎臣",
		"",
		"微信会员/微信会",
		"",
		"",
		"储值卡赠",
		"",
		"100",
		"2100",
		"WEB",
		"微信返现2K-",
		"2022-11-19 00:00:00",
		2.87222222222222,
		""
	],
	[
		"",
		"WX00079694",
		"",
		"",
		"明皓光电",
		"",
		"微信会员/微信会",
		"",
		"",
		"微信在线",
		"500",
		"",
		"1191",
		"WEB",
		" ",
		"2022-11-19 00:00:00",
		2.88055555555556,
		""
	],
	[
		"",
		"WX00079826",
		"",
		"",
		"慧彦知识产",
		"",
		"微信会员/微信会",
		"",
		"",
		"微信在线",
		"200",
		"",
		"378",
		"WEB",
		" ",
		"2022-11-19 00:00:00",
		2.53958333333333,
		""
	],
	[
		"",
		"WX00079912",
		"",
		"",
		"尹航",
		"",
		"微信会员/微信会",
		"",
		"",
		"微信在线",
		"500",
		"",
		"1062",
		"WEB",
		" ",
		"2022-11-19 00:00:00",
		2.49027777777778,
		""
	],
	[
		"",
		"WX00081310",
		"",
		"",
		"孫濤",
		"",
		"微信会员/微信会",
		"",
		"",
		"微信在线",
		"3000",
		"",
		"3000",
		"WEB",
		" ",
		"2022-11-19 00:00:00",
		2.47291666666667,
		""
	],
	[
		"",
		"WX00081310",
		"",
		"",
		"孫濤",
		"",
		"微信会员/微信会",
		"",
		"",
		"储值卡赠",
		"",
		"150",
		"3150",
		"WEB",
		"微信返现2K-",
		"2022-11-19 00:00:00",
		2.47291666666667,
		""
	],
	[
		"",
		"WX00081311",
		"",
		"",
		"三天_儿",
		"",
		"微信会员/微信会",
		"",
		"",
		"微信在线",
		"200",
		"",
		"200",
		"WEB",
		" ",
		"2022-11-19 00:00:00",
		2.51111111111111,
		""
	],
	[
		"",
		"WX00081312",
		"",
		"",
		"仙子",
		"",
		"微信会员/微信会",
		"",
		"",
		"微信在线",
		"200",
		"",
		"200",
		"WEB",
		" ",
		"2022-11-19 00:00:00",
		2.51388888888889,
		""
	],
	[
		"",
		"WX00081312",
		"",
		"",
		"仙子",
		"",
		"微信会员/微信会",
		"",
		"",
		"微信在线",
		"200",
		"",
		"400",
		"WEB",
		" ",
		"2022-11-19 00:00:00",
		2.51388888888889,
		""
	],
	[
		"",
		"WX00081314",
		"",
		"",
		"刘大辛",
		"",
		"微信会员/微信会",
		"",
		"",
		"微信在线",
		"2000",
		"",
		"2000",
		"WEB",
		" ",
		"2022-11-19 00:00:00",
		2.59166666666667,
		""
	],
	[
		"",
		"WX00081314",
		"",
		"",
		"刘大辛",
		"",
		"微信会员/微信会",
		"",
		"",
		"储值卡赠",
		"",
		"100",
		"2100",
		"WEB",
		"微信返现2K-",
		"2022-11-19 00:00:00",
		2.59166666666667,
		""
	],
	[
		"",
		"WX00081316",
		"",
		"",
		"烟台市诺宇",
		"",
		"微信会员/微信会",
		"",
		"",
		"微信在线",
		"1000",
		"",
		"1000",
		"WEB",
		" ",
		"2022-11-19 00:00:00",
		2.73541666666667,
		""
	],
	[
		"",
		"WX00081317",
		"",
		"",
		"岁月静好",
		"",
		"微信会员/微信会",
		"",
		"",
		"微信在线",
		"5000",
		"",
		"5000",
		"WEB",
		" ",
		"2022-11-19 00:00:00",
		2.8625,
		""
	],
	[
		"",
		"WX00081317",
		"",
		"",
		"岁月静好",
		"",
		"微信会员/微信会",
		"",
		"",
		"储值卡赠",
		"",
		"250",
		"5250",
		"WEB",
		"微信返现2K-",
		"2022-11-19 00:00:00",
		2.8625,
		""
	],
	[
		"",
		"WX00081318",
		"",
		"",
		"大脸猫爱吃",
		"",
		"微信会员/微信会",
		"",
		"",
		"微信在线",
		"1000",
		"",
		"1000",
		"WEB",
		" ",
		"2022-11-19 00:00:00",
		2.88333333333333,
		""
	],
	[
		"",
		"酒店：",
		"锦绣江南长生店",
		"",
		"",
		"",
		"",
		"24",
		"",
		"",
		"共:10",
		"笔，合计：",
		"21600",
		"",
		"",
		"",
		0.0,
		""
	],
	[
		"",
		"903612",
		"",
		"",
		"杨林",
		"",
		"百纳会员/一卡通",
		"",
		"",
		"中行pos",
		"20000",
		"",
		"20000",
		"CS010",
		"张东明",
		"2022-11-19 00:00:00",
		2.56527777777778,
		""
	],
	[
		"",
		"903612",
		"",
		"",
		"杨林",
		"",
		"百纳会员/一卡通",
		"",
		"",
		"储值卡赠",
		"",
		"1600",
		"21600",
		"CS010",
		"充值返现2-",
		"2022-11-19 00:00:00",
		2.56527777777778,
		""
	],
	[
		"",
		"903612",
		"",
		"",
		"杨林",
		"",
		"百纳会员/一卡通",
		"",
		"",
		"储值卡",
		"",
		"-5000",
		"16600",
		"CS010",
		"",
		"2022-11-19 00:00:00",
		2.56736111111111,
		""
	],
	[
		"",
		"903612",
		"",
		"",
		"杨林",
		"",
		"百纳会员/一卡通",
		"",
		"",
		"储值卡",
		"",
		"-5000",
		"11600",
		"CS010",
		"",
		"2022-11-19 00:00:00",
		2.56944444444444,
		""
	],
	[
		"",
		"903612",
		"",
		"",
		"杨林",
		"",
		"百纳会员/一卡通",
		"",
		"",
		"储值卡",
		"",
		"-5000",
		"6600",
		"CS010",
		"",
		"2022-11-19 00:00:00",
		2.57013888888889,
		""
	],
	[
		"",
		"903612",
		"",
		"",
		"杨林",
		"",
		"百纳会员/一卡通",
		"",
		"",
		"储值卡",
		"",
		"-5000",
		"1600",
		"CS010",
		"",
		"2022-11-19 00:00:00",
		2.57083333333333,
		""
	],
	[
		"",
		"903613",
		"",
		"",
		"杨林",
		"",
		"百纳会员/一卡通",
		"",
		"",
		"储值卡",
		"",
		"5000",
		"5000",
		"CS010",
		"",
		"2022-11-19 00:00:00",
		2.56736111111111,
		""
	],
	[
		"",
		"903615",
		"",
		"",
		"贵宾",
		"",
		"百纳会员/一卡通",
		"",
		"",
		"储值卡",
		"",
		"5000",
		"5000",
		"CS010",
		"",
		"2022-11-19 00:00:00",
		2.57083333333333,
		""
	],
	[
		"",
		"903616",
		"",
		"",
		"贵宾",
		"",
		"百纳会员/一卡通",
		"",
		"",
		"储值卡",
		"",
		"5000",
		"5000",
		"CS010",
		"",
		"2022-11-19 00:00:00",
		2.56944444444444,
		""
	],
	[
		"",
		"903617",
		"",
		"",
		"贵宾",
		"",
		"百纳会员/一卡通",
		"",
		"",
		"储值卡",
		"",
		"5000",
		"5000",
		"CS010",
		"",
		"2022-11-19 00:00:00",
		2.57013888888889,
		""
	],
	[
		"",
		"酒店：",
		"威海百纳瑞汀酒店",
		"",
		"",
		"",
		"",
		"33",
		"",
		"",
		"共:1",
		"笔，合计：",
		"600",
		"",
		"",
		"",
		0.0,
		""
	],
	[
		"",
		"515209",
		"",
		"",
		"杜先生",
		"",
		"百纳会员/一卡通",
		"",
		"",
		"微信/支",
		"600",
		"",
		"769",
		"WHQSM",
		" ",
		"2022-11-19 00:00:00",
		2.45833333333333,
		""
	],
	[
		"",
		"",
		"",
		"",
		"",
		"共：",
		"",
		"",
		"",
		"62",
		"笔，合计：",
		"94880",
		"",
		"",
		"",
		"",
		0.0,
		""
	],
	[
		"",
		"",
		"",
		"",
		"",
		"",
		"",
		"",
		"",
		"Page (1/",
		"1)",
		"",
		"",
		"",
		"",
		"MEM22",
		0.0,
		""
	],
	[
		"",
		"",
		"",
		"",
		"",
		"",
		"",
		"",
		"",
		"",
		"",
		"",
		"",
		"",
		"",
		"",
		0.0,
		""
	]
]
[2022/11/20 9:43:35][INFO][流程块.task][130]    0       卡号 2  3    姓名  ...     工号       备注                 营业日期        时间 17
0      905560        胡晓锋  ...  RT002    邢楠楠充卡  2022-11-19 00:00:00  2.761806   
1      905560        胡晓锋  ...  RT002   百纳银卡充值  2022-11-19 00:00:00  2.761806   
2      950593        张晓彬  ...    WEB           2022-11-19 00:00:00  2.575000   
3      950593        张晓彬  ...    WEB  充值返现2K-  2022-11-19 00:00:00  2.575000   
4      960357         方昊  ...  RT002    于雪伟办卡  2022-11-19 00:00:00  2.812500   
.. ..     ... .. ..  ...  ...    ...      ...                  ...       ... ..
58     903613         杨林  ...  CS010           2022-11-19 00:00:00  2.567361   
59     903615         贵宾  ...  CS010           2022-11-19 00:00:00  2.570833   
60     903616         贵宾  ...  CS010           2022-11-19 00:00:00  2.569444   
61     903617         贵宾  ...  CS010           2022-11-19 00:00:00  2.570139   
63     515209        杜先生  ...  WHQSM           2022-11-19 00:00:00  2.458333   

[62 rows x 18 columns]
[2022/11/20 9:43:35][INFO][流程块.task][138] 上午
[2022/11/20 9:43:35][INFO][流程块.task][141]    0          卡号 2 3       姓名  ...     工号       备注                 营业日期        时间 17
2         950593          张晓彬  ...    WEB           2022-11-19 00:00:00  2.575000   
3         950593          张晓彬  ...    WEB  充值返现2K-  2022-11-19 00:00:00  2.575000   
11    WX00009589           李莹  ...    WEB           2022-11-19 00:00:00  2.475694   
12    WX00013555        顿顿有鱼有  ...    WEB           2022-11-19 00:00:00  2.575000   
13    WX00013555        顿顿有鱼有  ...    WEB           2022-11-19 00:00:00  2.575000   
14    WX00013555        顿顿有鱼有  ...    WEB           2022-11-19 00:00:00  2.575000   
18    WX00049385       骄磊商贸-鲜  ...    WEB           2022-11-19 00:00:00  2.559722   
24    WX00063926      觅儿Ariel  ...    WEB           2022-11-19 00:00:00  2.491667   
29    WX00067055           晴天  ...    WEB           2022-11-19 00:00:00  2.552083   
30    WX00067055           晴天  ...    WEB  微信返现2K-  2022-11-19 00:00:00  2.552083   
34    WX00078950           林昕  ...    WEB           2022-11-19 00:00:00  2.551389   
38    WX00079826        慧彦知识产  ...    WEB           2022-11-19 00:00:00  2.539583   
39    WX00079912           尹航  ...    WEB           2022-11-19 00:00:00  2.490278   
40    WX00081310           孫濤  ...    WEB           2022-11-19 00:00:00  2.472917   
41    WX00081310           孫濤  ...    WEB  微信返现2K-  2022-11-19 00:00:00  2.472917   
42    WX00081311         三天_儿  ...    WEB           2022-11-19 00:00:00  2.511111   
43    WX00081312           仙子  ...    WEB           2022-11-19 00:00:00  2.513889   
44    WX00081312           仙子  ...    WEB           2022-11-19 00:00:00  2.513889   
52        903612           杨林  ...  CS010      张东明  2022-11-19 00:00:00  2.565278   
53        903612           杨林  ...  CS010   充值返现2-  2022-11-19 00:00:00  2.565278   
54        903612           杨林  ...  CS010           2022-11-19 00:00:00  2.567361   
55        903612           杨林  ...  CS010           2022-11-19 00:00:00  2.569444   
56        903612           杨林  ...  CS010           2022-11-19 00:00:00  2.570139   
57        903612           杨林  ...  CS010           2022-11-19 00:00:00  2.570833   
58        903613           杨林  ...  CS010           2022-11-19 00:00:00  2.567361   
59        903615           贵宾  ...  CS010           2022-11-19 00:00:00  2.570833   
60        903616           贵宾  ...  CS010           2022-11-19 00:00:00  2.569444   
61        903617           贵宾  ...  CS010           2022-11-19 00:00:00  2.570139   
63        515209          杜先生  ...  WHQSM           2022-11-19 00:00:00  2.458333   

[29 rows x 18 columns]
[2022/11/20 9:43:35][INFO][流程块.task][163] [
	"WX00049385-0002"
]
[2022/11/20 9:43:35][INFO][流程块.task][172] 0002
[2022/11/20 9:43:35][INFO][流程块.task][174] 3
[2022/11/20 9:44:06][ERROR][流程块.task][236] 运行发生错误，流程中止
错误信息如下：
流程块.task 第236行：模块 Mouse.MouseAuto.Action 命令出错：Exception has been thrown by the target of an invocation.
Exception in Mouse.Action,元素未找到
[2022/11/20 9:44:06][INFO][流程块.task][0] 流程块.task 运行已结束
