[2022/10/30 15:41:12][INFO][][0] 工作路径已切换到 d:\rpa机器人\百纳\
[2022/10/30 15:41:12][INFO][流程块4.task][0] 流程 流程块4.task 开始运行
[2022/10/30 15:41:12][INFO][流程块4.task][1] 
[2022/10/30 15:41:24][INFO][流程块4.task][58] [
	"0"
]
[2022/10/30 15:41:24][INFO][流程块4.task][59] 0
[2022/10/30 15:41:24][INFO][流程块4.task][58] [
	"0"
]
[2022/10/30 15:41:24][INFO][流程块4.task][59] 0
[2022/10/30 15:41:24][INFO][流程块4.task][58] [
	"0"
]
[2022/10/30 15:41:24][INFO][流程块4.task][59] 0
[2022/10/30 15:41:24][INFO][流程块4.task][58] [
	"0"
]
[2022/10/30 15:41:24][INFO][流程块4.task][59] 0
[2022/10/30 15:41:24][INFO][流程块4.task][58] [
	"0"
]
[2022/10/30 15:41:24][INFO][流程块4.task][59] 0
[2022/10/30 15:41:24][INFO][流程块4.task][58] [
	"0"
]
[2022/10/30 15:41:24][INFO][流程块4.task][59] 0
[2022/10/30 15:41:24][INFO][流程块4.task][58] [
	"0"
]
[2022/10/30 15:41:24][INFO][流程块4.task][59] 0
[2022/10/30 15:41:24][INFO][流程块4.task][58] [
	"0"
]
[2022/10/30 15:41:24][INFO][流程块4.task][59] 0
[2022/10/30 15:41:24][INFO][流程块4.task][58] [
	"0"
]
[2022/10/30 15:41:24][INFO][流程块4.task][59] 0
[2022/10/30 15:41:24][INFO][流程块4.task][58] [
	"0"
]
[2022/10/30 15:41:25][INFO][流程块4.task][59] 0
[2022/10/30 15:41:25][INFO][流程块4.task][58] [
	"0"
]
[2022/10/30 15:41:25][INFO][流程块4.task][59] 0
[2022/10/30 15:41:25][INFO][流程块4.task][58] [
	"0"
]
[2022/10/30 15:41:25][INFO][流程块4.task][59] 0
[2022/10/30 15:41:25][INFO][流程块4.task][58] [
	"0"
]
[2022/10/30 15:41:25][INFO][流程块4.task][59] 0
[2022/10/30 15:41:25][INFO][流程块4.task][58] [
	"0"
]
[2022/10/30 15:41:25][INFO][流程块4.task][59] 0
[2022/10/30 15:41:25][INFO][流程块4.task][58] [
	"0"
]
[2022/10/30 15:41:25][INFO][流程块4.task][59] 0
[2022/10/30 15:41:25][INFO][流程块4.task][58] [
	"0"
]
[2022/10/30 15:41:25][INFO][流程块4.task][59] 0
[2022/10/30 15:41:25][INFO][流程块4.task][58] [
	"0"
]
[2022/10/30 15:41:25][INFO][流程块4.task][59] 0
[2022/10/30 15:41:25][INFO][流程块4.task][58] [
	"0"
]
[2022/10/30 15:41:25][INFO][流程块4.task][59] 0
[2022/10/30 15:41:25][INFO][流程块4.task][58] [
	"0"
]
[2022/10/30 15:41:25][INFO][流程块4.task][59] 0
[2022/10/30 15:41:25][INFO][流程块4.task][58] [
	"0"
]
[2022/10/30 15:41:25][INFO][流程块4.task][59] 0
[2022/10/30 15:41:25][INFO][流程块4.task][58] [
	"0"
]
[2022/10/30 15:41:25][INFO][流程块4.task][59] 0
[2022/10/30 15:41:25][INFO][流程块4.task][58] [
	"0"
]
[2022/10/30 15:41:25][INFO][流程块4.task][59] 0
[2022/10/30 15:41:25][INFO][流程块4.task][58] [
	"0"
]
[2022/10/30 15:41:25][INFO][流程块4.task][59] 0
[2022/10/30 15:41:25][INFO][流程块4.task][58] [
	"0"
]
[2022/10/30 15:41:25][INFO][流程块4.task][59] 0
[2022/10/30 15:41:25][INFO][流程块4.task][58] [
	"0"
]
[2022/10/30 15:41:25][INFO][流程块4.task][59] 0
[2022/10/30 15:41:25][INFO][流程块4.task][58] [
	"0"
]
[2022/10/30 15:41:25][INFO][流程块4.task][59] 0
[2022/10/30 15:41:25][INFO][流程块4.task][58] [
	"0"
]
[2022/10/30 15:41:25][INFO][流程块4.task][59] 0
[2022/10/30 15:41:25][INFO][流程块4.task][58] [
	"0"
]
[2022/10/30 15:41:25][INFO][流程块4.task][59] 0
[2022/10/30 15:41:25][INFO][流程块4.task][58] [
	"0"
]
[2022/10/30 15:41:25][INFO][流程块4.task][59] 0
[2022/10/30 15:41:25][INFO][流程块4.task][58] [
	"0"
]
[2022/10/30 15:41:25][INFO][流程块4.task][59] 0
[2022/10/30 15:41:25][INFO][流程块4.task][58] [
	"WX00053761-0010"
]
[2022/10/30 15:41:25][INFO][流程块4.task][59] 0
[2022/10/30 15:41:25][INFO][流程块4.task][58] [
	"0"
]
[2022/10/30 15:41:25][INFO][流程块4.task][59] 0
[2022/10/30 15:41:25][INFO][流程块4.task][58] [
	"0"
]
[2022/10/30 15:41:25][INFO][流程块4.task][59] 0
[2022/10/30 15:41:25][INFO][流程块4.task][58] [
	"0"
]
[2022/10/30 15:41:25][INFO][流程块4.task][59] 0
[2022/10/30 15:41:25][INFO][流程块4.task][58] [
	"0"
]
[2022/10/30 15:41:25][INFO][流程块4.task][59] 0
[2022/10/30 15:41:25][INFO][流程块4.task][58] [
	"0"
]
[2022/10/30 15:41:25][INFO][流程块4.task][59] 0
[2022/10/30 15:41:25][INFO][流程块4.task][58] [
	"0"
]
[2022/10/30 15:41:25][INFO][流程块4.task][59] 0
[2022/10/30 15:41:25][INFO][流程块4.task][58] [
	"0"
]
[2022/10/30 15:41:25][INFO][流程块4.task][59] 0
[2022/10/30 15:41:25][INFO][流程块4.task][58] [
	"0"
]
[2022/10/30 15:41:25][INFO][流程块4.task][59] 0
[2022/10/30 15:41:25][INFO][流程块4.task][58] [
	"0"
]
[2022/10/30 15:41:25][INFO][流程块4.task][59] 0
[2022/10/30 15:41:25][INFO][流程块4.task][58] [
	"0"
]
[2022/10/30 15:41:25][INFO][流程块4.task][59] 0
[2022/10/30 15:41:25][INFO][流程块4.task][58] [
	"0"
]
[2022/10/30 15:41:25][INFO][流程块4.task][59] 0
[2022/10/30 15:41:25][INFO][流程块4.task][58] [
	"0"
]
[2022/10/30 15:41:25][INFO][流程块4.task][59] 0
[2022/10/30 15:41:25][INFO][流程块4.task][58] [
	"0"
]
[2022/10/30 15:41:25][INFO][流程块4.task][59] 0
[2022/10/30 15:41:25][INFO][流程块4.task][58] [
	"0"
]
[2022/10/30 15:41:25][INFO][流程块4.task][59] 0
[2022/10/30 15:41:25][INFO][流程块4.task][58] [
	"0"
]
[2022/10/30 15:41:25][INFO][流程块4.task][59] 0
[2022/10/30 15:41:25][INFO][流程块4.task][58] [
	"0"
]
[2022/10/30 15:41:26][INFO][流程块4.task][59] 0
[2022/10/30 15:41:26][INFO][流程块4.task][58] [
	"0"
]
[2022/10/30 15:41:26][INFO][流程块4.task][59] 0
[2022/10/30 15:41:26][INFO][流程块4.task][58] [
	"0"
]
[2022/10/30 15:41:26][INFO][流程块4.task][59] 0
[2022/10/30 15:41:26][INFO][流程块4.task][58] [
	"0"
]
[2022/10/30 15:41:26][INFO][流程块4.task][59] 0
[2022/10/30 15:41:26][INFO][流程块4.task][58] [
	"0"
]
[2022/10/30 15:41:26][INFO][流程块4.task][59] 0
[2022/10/30 15:41:26][INFO][流程块4.task][58] [
	"0"
]
[2022/10/30 15:41:26][INFO][流程块4.task][59] 0
[2022/10/30 15:41:26][INFO][流程块4.task][58] [
	"0"
]
[2022/10/30 15:41:26][INFO][流程块4.task][59] 0
[2022/10/30 15:41:26][INFO][流程块4.task][58] [
	"WX00019026-0002"
]
[2022/10/30 15:41:26][INFO][流程块4.task][59] 0
[2022/10/30 15:41:26][INFO][流程块4.task][58] [
	"0"
]
[2022/10/30 15:41:26][INFO][流程块4.task][59] 0
[2022/10/30 15:41:26][INFO][流程块4.task][58] [
	"0"
]
[2022/10/30 15:41:26][INFO][流程块4.task][59] 0
[2022/10/30 15:41:26][INFO][流程块4.task][58] [
	"0"
]
[2022/10/30 15:41:26][INFO][流程块4.task][59] 0
[2022/10/30 15:41:26][INFO][流程块4.task][58] [
	"0"
]
[2022/10/30 15:41:26][INFO][流程块4.task][59] 0
[2022/10/30 15:41:26][INFO][流程块4.task][58] [
	"0"
]
[2022/10/30 15:41:26][INFO][流程块4.task][59] 0
[2022/10/30 15:41:26][INFO][流程块4.task][58] [
	"0"
]
[2022/10/30 15:41:26][INFO][流程块4.task][59] 0
[2022/10/30 15:41:26][INFO][流程块4.task][58] [
	"0"
]
[2022/10/30 15:41:26][INFO][流程块4.task][59] 0
[2022/10/30 15:41:26][INFO][流程块4.task][58] [
	"0"
]
[2022/10/30 15:41:26][INFO][流程块4.task][59] 0
[2022/10/30 15:41:26][INFO][流程块4.task][58] [
	"0"
]
[2022/10/30 15:41:26][INFO][流程块4.task][59] 0
[2022/10/30 15:41:26][INFO][流程块4.task][58] [
	"0"
]
[2022/10/30 15:41:26][INFO][流程块4.task][59] 0
[2022/10/30 15:41:26][INFO][流程块4.task][58] [
	"0"
]
[2022/10/30 15:41:26][INFO][流程块4.task][59] 0
[2022/10/30 15:41:26][INFO][流程块4.task][58] [
	"0"
]
[2022/10/30 15:41:26][INFO][流程块4.task][59] 0
[2022/10/30 15:41:26][INFO][流程块4.task][58] [
	"0"
]
[2022/10/30 15:41:26][INFO][流程块4.task][59] 0
[2022/10/30 15:41:26][INFO][流程块4.task][58] [
	"0"
]
[2022/10/30 15:41:26][INFO][流程块4.task][59] 0
[2022/10/30 15:41:26][INFO][流程块4.task][58] [
	"0"
]
[2022/10/30 15:41:26][INFO][流程块4.task][59] 0
[2022/10/30 15:41:26][INFO][流程块4.task][58] [
	"0"
]
[2022/10/30 15:41:26][INFO][流程块4.task][59] 0
[2022/10/30 15:41:26][INFO][流程块4.task][58] [
	"0"
]
[2022/10/30 15:41:26][INFO][流程块4.task][59] 0
[2022/10/30 15:41:26][INFO][流程块4.task][58] [
	"0"
]
[2022/10/30 15:41:26][INFO][流程块4.task][59] 0
[2022/10/30 15:41:26][INFO][流程块4.task][58] [
	"0"
]
[2022/10/30 15:41:26][INFO][流程块4.task][59] 0
[2022/10/30 15:41:26][INFO][流程块4.task][58] [
	"0"
]
[2022/10/30 15:41:26][INFO][流程块4.task][59] 0
[2022/10/30 15:41:26][INFO][流程块4.task][58] [
	"0"
]
[2022/10/30 15:41:26][INFO][流程块4.task][59] 0
[2022/10/30 15:41:26][INFO][流程块4.task][58] [
	"0"
]
[2022/10/30 15:41:26][INFO][流程块4.task][59] 0
[2022/10/30 15:41:26][INFO][流程块4.task][58] [
	"0"
]
[2022/10/30 15:41:26][INFO][流程块4.task][59] 0
[2022/10/30 15:41:26][INFO][流程块4.task][58] [
	"0"
]
[2022/10/30 15:41:26][INFO][流程块4.task][59] 0
[2022/10/30 15:41:26][INFO][流程块4.task][58] [
	"0"
]
[2022/10/30 15:41:26][INFO][流程块4.task][59] 0
[2022/10/30 15:41:26][INFO][流程块4.task][58] [
	"0"
]
[2022/10/30 15:41:26][INFO][流程块4.task][59] 0
[2022/10/30 15:41:26][INFO][流程块4.task][58] [
	"0"
]
[2022/10/30 15:41:26][INFO][流程块4.task][59] 0
[2022/10/30 15:41:26][INFO][流程块4.task][58] [
	"0"
]
[2022/10/30 15:41:26][INFO][流程块4.task][59] 0
[2022/10/30 15:41:26][INFO][流程块4.task][58] [
	"0"
]
[2022/10/30 15:41:27][INFO][流程块4.task][59] 0
[2022/10/30 15:41:27][INFO][流程块4.task][58] [
	"0"
]
[2022/10/30 15:41:27][INFO][流程块4.task][59] 0
[2022/10/30 15:41:27][INFO][流程块4.task][58] [
	"0"
]
[2022/10/30 15:41:27][INFO][流程块4.task][59] 0
[2022/10/30 15:41:27][INFO][流程块4.task][58] [
	"0"
]
[2022/10/30 15:41:27][INFO][流程块4.task][59] 0
[2022/10/30 15:41:27][INFO][流程块4.task][58] [
	"0"
]
[2022/10/30 15:41:27][INFO][流程块4.task][59] 0
[2022/10/30 15:41:27][INFO][流程块4.task][58] [
	"0"
]
[2022/10/30 15:41:27][INFO][流程块4.task][59] 0
[2022/10/30 15:41:27][INFO][流程块4.task][58] [
	"0"
]
[2022/10/30 15:41:27][INFO][流程块4.task][59] 0
[2022/10/30 15:41:27][INFO][流程块4.task][58] [
	"0"
]
[2022/10/30 15:41:27][INFO][流程块4.task][59] 0
[2022/10/30 15:41:27][INFO][流程块4.task][58] [
	"0"
]
[2022/10/30 15:41:27][INFO][流程块4.task][59] 0
[2022/10/30 15:41:27][INFO][流程块4.task][58] [
	"0"
]
[2022/10/30 15:41:27][INFO][流程块4.task][59] 0
[2022/10/30 15:41:27][INFO][流程块4.task][58] [
	"0"
]
[2022/10/30 15:41:27][INFO][流程块4.task][59] 0
[2022/10/30 15:41:27][INFO][流程块4.task][58] [
	"0"
]
[2022/10/30 15:41:27][INFO][流程块4.task][59] 0
[2022/10/30 15:41:27][INFO][流程块4.task][58] [
	"0"
]
[2022/10/30 15:41:27][INFO][流程块4.task][59] 0
[2022/10/30 15:41:27][INFO][流程块4.task][58] [
	"0"
]
[2022/10/30 15:41:27][INFO][流程块4.task][59] 0
[2022/10/30 15:41:27][INFO][流程块4.task][58] [
	"0"
]
[2022/10/30 15:41:27][INFO][流程块4.task][59] 0
[2022/10/30 15:41:27][INFO][流程块4.task][58] [
	"0"
]
[2022/10/30 15:41:27][INFO][流程块4.task][59] 0
[2022/10/30 15:41:27][INFO][流程块4.task][58] [
	"0"
]
[2022/10/30 15:41:27][INFO][流程块4.task][59] 0
[2022/10/30 15:41:27][INFO][流程块4.task][58] [
	"0"
]
[2022/10/30 15:41:27][INFO][流程块4.task][59] 0
[2022/10/30 15:41:27][INFO][流程块4.task][58] [
	"0"
]
[2022/10/30 15:41:27][INFO][流程块4.task][59] 0
[2022/10/30 15:41:27][INFO][流程块4.task][58] [
	"0"
]
[2022/10/30 15:41:27][INFO][流程块4.task][59] 0
[2022/10/30 15:41:27][INFO][流程块4.task][58] [
	"0"
]
[2022/10/30 15:41:27][INFO][流程块4.task][59] 0
[2022/10/30 15:41:27][INFO][流程块4.task][58] [
	"0"
]
[2022/10/30 15:41:27][INFO][流程块4.task][59] 0
[2022/10/30 15:41:27][INFO][流程块4.task][58] [
	"0"
]
[2022/10/30 15:41:27][INFO][流程块4.task][59] 0
[2022/10/30 15:41:27][INFO][流程块4.task][58] [
	"0"
]
[2022/10/30 15:41:27][INFO][流程块4.task][59] 0
[2022/10/30 15:41:27][INFO][流程块4.task][58] [
	"0"
]
[2022/10/30 15:41:27][INFO][流程块4.task][59] 0
[2022/10/30 15:41:27][INFO][流程块4.task][58] [
	"0"
]
[2022/10/30 15:41:27][INFO][流程块4.task][59] 0
[2022/10/30 15:41:27][INFO][流程块4.task][58] [
	"0"
]
[2022/10/30 15:41:27][INFO][流程块4.task][59] 0
[2022/10/30 15:41:27][INFO][流程块4.task][58] [
	"0"
]
[2022/10/30 15:41:27][INFO][流程块4.task][59] 0
[2022/10/30 15:41:27][INFO][流程块4.task][58] [
	"0"
]
[2022/10/30 15:41:27][INFO][流程块4.task][59] 0
[2022/10/30 15:41:27][INFO][流程块4.task][58] [
	"0"
]
[2022/10/30 15:41:27][INFO][流程块4.task][59] 0
[2022/10/30 15:41:27][INFO][流程块4.task][58] [
	"0"
]
[2022/10/30 15:41:27][INFO][流程块4.task][59] 0
[2022/10/30 15:41:27][INFO][流程块4.task][58] [
	"0"
]
[2022/10/30 15:41:27][INFO][流程块4.task][59] 0
[2022/10/30 15:41:27][INFO][流程块4.task][58] [
	"0"
]
[2022/10/30 15:41:27][INFO][流程块4.task][59] 0
[2022/10/30 15:41:27][INFO][流程块4.task][58] [
	"0"
]
[2022/10/30 15:41:27][INFO][流程块4.task][59] 0
[2022/10/30 15:41:27][INFO][流程块4.task][58] [
	"0"
]
[2022/10/30 15:41:27][INFO][流程块4.task][59] 0
[2022/10/30 15:41:27][INFO][流程块4.task][58] [
	"0"
]
[2022/10/30 15:41:27][INFO][流程块4.task][59] 0
[2022/10/30 15:41:27][INFO][流程块4.task][58] [
	"0"
]
[2022/10/30 15:41:27][INFO][流程块4.task][59] 0
[2022/10/30 15:41:27][INFO][流程块4.task][58] [
	"0"
]
[2022/10/30 15:41:27][INFO][流程块4.task][59] 0
[2022/10/30 15:41:28][INFO][流程块4.task][58] [
	"0"
]
[2022/10/30 15:41:28][INFO][流程块4.task][59] 0
[2022/10/30 15:41:28][INFO][流程块4.task][58] [
	"WX00078933-0002"
]
[2022/10/30 15:41:28][INFO][流程块4.task][59] 0
[2022/10/30 15:41:28][INFO][流程块4.task][58] [
	"0"
]
[2022/10/30 15:41:28][INFO][流程块4.task][59] 0
[2022/10/30 15:41:28][INFO][流程块4.task][58] [
	"0"
]
[2022/10/30 15:41:28][INFO][流程块4.task][59] 0
[2022/10/30 15:41:28][INFO][流程块4.task][58] [
	"0"
]
[2022/10/30 15:41:28][INFO][流程块4.task][59] 0
[2022/10/30 15:41:28][INFO][流程块4.task][58] [
	"0"
]
[2022/10/30 15:41:28][INFO][流程块4.task][59] 0
[2022/10/30 15:41:29][INFO][流程块4.task][0] 流程块4.task 运行已结束
