[2022/10/20 17:26:29][INFO][][0] 工作路径已切换到 d:\rpa机器人\百纳\
[2022/10/20 17:26:29][INFO][流程块6.task][0] 流程 流程块6.task 开始运行
[2022/10/20 17:26:29][INFO][流程块6.task][1] 
[2022/10/20 17:26:29][INFO][流程块6.task][5] [
	[
		"923008"
	],
	[
		"939715"
	],
	[
		"959839"
	],
	[
		"960500"
	],
	[
		"WX00004487"
	],
	[
		"WX00080816"
	],
	[
		"WX00080847"
	]
]
[2022/10/20 17:26:29][INFO][流程块6.task][12] 23600.0
[2022/10/20 17:26:29][INFO][流程块6.task][12] 583.0
[2022/10/20 17:26:29][INFO][流程块6.task][12] 21600.0
[2022/10/20 17:26:29][INFO][流程块6.task][12] 3707.0
[2022/10/20 17:26:29][INFO][流程块6.task][12] 1560.0
[2022/10/20 17:26:29][INFO][流程块6.task][12] 3150.0
[2022/10/20 17:26:29][INFO][流程块6.task][12] 400.0
[2022/10/20 17:26:29][INFO][流程块6.task][27] [
	"1000.00"
]
[2022/10/20 17:26:29][INFO][流程块6.task][29] 1
[2022/10/20 17:26:29][INFO][流程块6.task][32] [
	"923008-0024"
]
[2022/10/20 17:26:29][INFO][流程块6.task][35] 24
[2022/10/20 17:26:29][INFO][流程块6.task][40] 1
[2022/10/20 17:26:29][INFO][流程块6.task][44] -400.0
[2022/10/20 17:26:29][INFO][流程块6.task][45] 0
[2022/10/20 17:26:29][INFO][流程块6.task][47] -400
[2022/10/20 17:26:29][INFO][流程块6.task][0] 流程块6.task 运行已结束
