[2022/10/11 17:11:54][INFO][][0] 工作路径已切换到 d:\rpa机器人\百纳\
[2022/10/11 17:11:54][INFO][百纳.flow][0] 流程 百纳.flow 开始运行
[2022/10/11 17:11:54][INFO][百纳.flow][0] 进入流程块“初始化配置”
[2022/10/11 17:11:54][INFO][流程块1.task][1] 进入初始化配置
[2022/10/11 17:12:01][INFO][百纳.flow][0] 进入流程块“导出储值消费表”
[2022/10/11 17:12:01][INFO][流程块2.task][8] 进入导出储值消费表
[2022/10/11 17:12:24][INFO][流程块2.task][49] {
	"File" : "流程块2.task",
	"Line" : 43,
	"Message" : "模块 UiElement.UiElementAuto.GetValue 命令出错：Exception has been thrown by the target of an invocation.\n元素未找到",
	"_InternalState_" : 1
}
[2022/10/11 17:13:18][INFO][流程块2.task][112] 离开导出储值消费表
[2022/10/11 17:13:18][INFO][百纳.flow][0] 进入流程块“储值表录入”
[2022/10/11 17:13:18][INFO][流程块.task][17] 进入储值表录入
[2022/10/11 17:53:59][INFO][流程块.task][279] 离开储值表录入
[2022/10/11 17:53:59][INFO][百纳.flow][0] 进入流程块“消费表录入”
[2022/10/11 17:53:59][INFO][流程块4.task][1] 消费表录入
[2022/10/11 18:04:23][INFO][百纳.flow][0] 进入流程块“清理数据”
[2022/10/11 18:04:23][INFO][流程块6.task][1] 清理数据
[2022/10/11 18:04:23][INFO][百纳.flow][0] 百纳.flow 运行已结束
