[2022/11/22 19:26:46][INFO][][0] 工作路径已切换到 d:\rpa机器人\百纳\
[2022/11/22 19:26:46][INFO][流程块4.task][0] 流程 流程块4.task 开始运行
[2022/11/22 19:26:46][INFO][流程块4.task][1] 
[2022/11/22 19:26:58][INFO][流程块4.task][71] [
	"0"
]
[2022/11/22 19:26:58][INFO][流程块4.task][71] [
	"515902"
]
[2022/11/22 19:26:58][INFO][流程块4.task][75] [
	"1000.00"
]
[2022/11/22 19:27:03][INFO][流程块4.task][71] [
	"516053"
]
[2022/11/22 19:27:03][INFO][流程块4.task][75] [
	"700.00"
]
[2022/11/22 19:27:08][INFO][流程块4.task][71] [
	"0"
]
[2022/11/22 19:27:08][INFO][流程块4.task][71] [
	"0"
]
[2022/11/22 19:27:08][INFO][流程块4.task][71] [
	"0"
]
[2022/11/22 19:27:08][INFO][流程块4.task][71] [
	"0"
]
[2022/11/22 19:27:08][INFO][流程块4.task][71] [
	"0"
]
[2022/11/22 19:27:08][INFO][流程块4.task][71] [
	"0"
]
[2022/11/22 19:27:08][INFO][流程块4.task][71] [
	"0"
]
[2022/11/22 19:27:08][INFO][流程块4.task][71] [
	"0"
]
[2022/11/22 19:27:08][INFO][流程块4.task][71] [
	"0"
]
[2022/11/22 19:27:08][INFO][流程块4.task][71] [
	"0"
]
[2022/11/22 19:27:08][INFO][流程块4.task][71] [
	"0"
]
[2022/11/22 19:27:08][INFO][流程块4.task][71] [
	"0"
]
[2022/11/22 19:27:08][INFO][流程块4.task][71] [
	"0"
]
[2022/11/22 19:27:08][INFO][流程块4.task][71] [
	"0"
]
[2022/11/22 19:27:08][INFO][流程块4.task][71] [
	"0"
]
[2022/11/22 19:27:08][INFO][流程块4.task][71] [
	"0"
]
[2022/11/22 19:27:08][INFO][流程块4.task][71] [
	"0"
]
[2022/11/22 19:27:08][INFO][流程块4.task][71] [
	"0"
]
[2022/11/22 19:27:08][INFO][流程块4.task][71] [
	"0"
]
[2022/11/22 19:27:08][INFO][流程块4.task][71] [
	"0"
]
[2022/11/22 19:27:08][INFO][流程块4.task][71] [
	"0"
]
[2022/11/22 19:27:08][INFO][流程块4.task][71] [
	"0"
]
[2022/11/22 19:27:08][INFO][流程块4.task][71] [
	"0"
]
[2022/11/22 19:27:08][INFO][流程块4.task][71] [
	"0"
]
[2022/11/22 19:27:08][INFO][流程块4.task][71] [
	"0"
]
[2022/11/22 19:27:08][INFO][流程块4.task][71] [
	"0"
]
[2022/11/22 19:27:08][INFO][流程块4.task][71] [
	"0"
]
[2022/11/22 19:27:08][INFO][流程块4.task][71] [
	"0"
]
[2022/11/22 19:27:08][INFO][流程块4.task][71] [
	"0"
]
[2022/11/22 19:27:08][INFO][流程块4.task][71] [
	"0"
]
[2022/11/22 19:27:08][INFO][流程块4.task][71] [
	"0"
]
[2022/11/22 19:27:08][INFO][流程块4.task][71] [
	"0"
]
[2022/11/22 19:27:08][INFO][流程块4.task][71] [
	"0"
]
[2022/11/22 19:27:08][INFO][流程块4.task][71] [
	"WX00005092"
]
[2022/11/22 19:27:08][INFO][流程块4.task][75] [
	"12.00"
]
[2022/11/22 19:27:08][INFO][流程块4.task][94] false
[2022/11/22 19:27:14][INFO][流程块4.task][71] [
	"0"
]
[2022/11/22 19:27:14][INFO][流程块4.task][71] [
	"0"
]
[2022/11/22 19:27:14][INFO][流程块4.task][71] [
	"0"
]
[2022/11/22 19:27:14][INFO][流程块4.task][71] [
	"0"
]
[2022/11/22 19:27:14][INFO][流程块4.task][71] [
	"WX00017212-0020"
]
[2022/11/22 19:27:14][INFO][流程块4.task][75] [
	"1000.00"
]
[2022/11/22 19:27:19][INFO][流程块4.task][71] [
	"0"
]
[2022/11/22 19:27:19][INFO][流程块4.task][71] [
	"0"
]
[2022/11/22 19:27:19][INFO][流程块4.task][71] [
	"WX00024044"
]
[2022/11/22 19:27:19][INFO][流程块4.task][75] [
	"400.00"
]
[2022/11/22 19:27:19][INFO][流程块4.task][94] false
[2022/11/22 19:27:25][INFO][流程块4.task][71] [
	"0"
]
[2022/11/22 19:27:25][INFO][流程块4.task][71] [
	"0"
]
[2022/11/22 19:27:25][INFO][流程块4.task][71] [
	"0"
]
[2022/11/22 19:27:25][INFO][流程块4.task][71] [
	"WX00036313"
]
[2022/11/22 19:27:25][INFO][流程块4.task][75] [
	"200.00"
]
[2022/11/22 19:27:25][INFO][流程块4.task][94] false
[2022/11/22 19:27:30][INFO][流程块4.task][71] [
	"0"
]
[2022/11/22 19:27:30][INFO][流程块4.task][71] [
	"0"
]
[2022/11/22 19:27:30][INFO][流程块4.task][71] [
	"WX00048377"
]
[2022/11/22 19:27:30][INFO][流程块4.task][75] [
	"500.00"
]
[2022/11/22 19:27:30][INFO][流程块4.task][94] false
[2022/11/22 19:27:36][INFO][流程块4.task][71] [
	"0"
]
[2022/11/22 19:27:36][INFO][流程块4.task][71] [
	"0"
]
[2022/11/22 19:27:36][INFO][流程块4.task][71] [
	"0"
]
[2022/11/22 19:27:36][INFO][流程块4.task][71] [
	"0"
]
[2022/11/22 19:27:36][INFO][流程块4.task][71] [
	"0"
]
[2022/11/22 19:27:36][INFO][流程块4.task][71] [
	"0"
]
[2022/11/22 19:27:36][INFO][流程块4.task][71] [
	"WX00064839"
]
[2022/11/22 19:27:36][INFO][流程块4.task][75] [
	"200.00"
]
[2022/11/22 19:27:41][INFO][流程块4.task][71] [
	"0"
]
[2022/11/22 19:27:41][INFO][流程块4.task][71] [
	"0"
]
[2022/11/22 19:27:41][INFO][流程块4.task][71] [
	"0"
]
[2022/11/22 19:27:41][INFO][流程块4.task][71] [
	"0"
]
[2022/11/22 19:27:41][INFO][流程块4.task][71] [
	"WX00072432-0002"
]
[2022/11/22 19:27:41][INFO][流程块4.task][75] [
	"100.00"
]
[2022/11/22 19:27:47][INFO][流程块4.task][71] [
	"0"
]
[2022/11/22 19:27:47][INFO][流程块4.task][71] [
	"0"
]
[2022/11/22 19:27:47][INFO][流程块4.task][71] [
	"0"
]
[2022/11/22 19:27:47][INFO][流程块4.task][71] [
	"0"
]
[2022/11/22 19:27:47][INFO][流程块4.task][71] [
	"0"
]
[2022/11/22 19:27:47][INFO][流程块4.task][71] [
	"0"
]
[2022/11/22 19:27:47][INFO][流程块4.task][71] [
	"0"
]
[2022/11/22 19:27:47][INFO][流程块4.task][71] [
	"0"
]
[2022/11/22 19:27:47][INFO][流程块4.task][71] [
	"0"
]
[2022/11/22 19:27:47][INFO][流程块4.task][71] [
	"0"
]
[2022/11/22 19:27:47][INFO][流程块4.task][71] [
	"0"
]
[2022/11/22 19:27:47][INFO][流程块4.task][71] [
	"0"
]
[2022/11/22 19:27:47][INFO][流程块4.task][71] [
	"0"
]
[2022/11/22 19:27:47][INFO][流程块4.task][71] [
	"0"
]
[2022/11/22 19:27:48][INFO][流程块4.task][0] 流程块4.task 运行已结束
