[2022/10/20 14:56:16][INFO][][0] 工作路径已切换到 d:\rpa机器人\百纳\
[2022/10/20 14:56:16][INFO][流程块6.task][0] 流程 流程块6.task 开始运行
[2022/10/20 14:56:16][INFO][流程块6.task][1] 
[2022/10/20 14:56:16][INFO][流程块6.task][5] [
	[
		"923008"
	],
	[
		"939715"
	],
	[
		"959839"
	],
	[
		"960500"
	],
	[
		"WX00004487"
	],
	[
		"WX00080816"
	],
	[
		"WX00080846"
	],
	[
		"WX00080847"
	]
]
[2022/10/20 14:56:16][INFO][流程块6.task][12] 28600.0
[2022/10/20 14:56:16][INFO][流程块6.task][12] 583.0
[2022/10/20 14:56:16][INFO][流程块6.task][12] 21600.0
[2022/10/20 14:56:16][INFO][流程块6.task][12] 3707.0
[2022/10/20 14:56:16][INFO][流程块6.task][12] 1560.0
[2022/10/20 14:56:16][INFO][流程块6.task][12] 3150.0
[2022/10/20 14:56:16][INFO][流程块6.task][12] -370.0
[2022/10/20 14:56:16][INFO][流程块6.task][12] 400.0
[2022/10/20 14:56:16][INFO][流程块6.task][28] 1
[2022/10/20 14:56:16][INFO][流程块6.task][33] 29
[2022/10/20 14:56:16][INFO][流程块6.task][38] 1
[2022/10/20 14:56:16][INFO][流程块6.task][42] -400
[2022/10/20 14:56:16][INFO][流程块6.task][0] 流程块6.task 运行已结束
