[2022/11/16 19:26:30][INFO][][0] 工作路径已切换到 d:\rpa机器人\百纳\
[2022/11/16 19:26:30][INFO][流程块4.task][0] 流程 流程块4.task 开始运行
[2022/11/16 19:26:31][INFO][流程块4.task][1] 
[2022/11/16 19:26:43][INFO][流程块4.task][71] [
	"0"
]
[2022/11/16 19:26:43][INFO][流程块4.task][71] [
	"0"
]
[2022/11/16 19:26:43][INFO][流程块4.task][71] [
	"0"
]
[2022/11/16 19:26:43][INFO][流程块4.task][71] [
	"0"
]
[2022/11/16 19:26:43][INFO][流程块4.task][71] [
	"0"
]
[2022/11/16 19:26:43][INFO][流程块4.task][71] [
	"0"
]
[2022/11/16 19:26:43][INFO][流程块4.task][71] [
	"0"
]
[2022/11/16 19:26:43][INFO][流程块4.task][71] [
	"0"
]
[2022/11/16 19:26:43][INFO][流程块4.task][71] [
	"0"
]
[2022/11/16 19:26:43][INFO][流程块4.task][71] [
	"0"
]
[2022/11/16 19:26:43][INFO][流程块4.task][71] [
	"0"
]
[2022/11/16 19:26:43][INFO][流程块4.task][71] [
	"0"
]
[2022/11/16 19:26:43][INFO][流程块4.task][71] [
	"0"
]
[2022/11/16 19:26:43][INFO][流程块4.task][71] [
	"0"
]
[2022/11/16 19:26:43][INFO][流程块4.task][71] [
	"0"
]
[2022/11/16 19:26:43][INFO][流程块4.task][71] [
	"0"
]
[2022/11/16 19:26:43][INFO][流程块4.task][71] [
	"0"
]
[2022/11/16 19:26:43][INFO][流程块4.task][71] [
	"0"
]
[2022/11/16 19:26:43][INFO][流程块4.task][71] [
	"0"
]
[2022/11/16 19:26:43][INFO][流程块4.task][71] [
	"958392-0010"
]
[2022/11/16 19:26:43][INFO][流程块4.task][75] [
	"500.00"
]
[2022/11/16 19:26:43][INFO][流程块4.task][94] false
[2022/11/16 19:26:48][INFO][流程块4.task][94] false
[2022/11/16 19:26:54][INFO][流程块4.task][94] false
[2022/11/16 19:26:59][INFO][流程块4.task][94] false
[2022/11/16 19:27:05][INFO][流程块4.task][71] [
	"0"
]
[2022/11/16 19:27:05][INFO][流程块4.task][71] [
	"0"
]
[2022/11/16 19:27:05][INFO][流程块4.task][71] [
	"0"
]
[2022/11/16 19:27:05][INFO][流程块4.task][71] [
	"0"
]
[2022/11/16 19:27:05][INFO][流程块4.task][71] [
	"0"
]
[2022/11/16 19:27:05][INFO][流程块4.task][71] [
	"0"
]
[2022/11/16 19:27:05][INFO][流程块4.task][71] [
	"0"
]
[2022/11/16 19:27:05][INFO][流程块4.task][71] [
	"0"
]
[2022/11/16 19:27:05][INFO][流程块4.task][71] [
	"WX00005044"
]
[2022/11/16 19:27:05][INFO][流程块4.task][75] [
	"200.00"
]
[2022/11/16 19:27:10][INFO][流程块4.task][71] [
	"WX00005431-0002"
]
[2022/11/16 19:27:10][INFO][流程块4.task][75] [
	"100.00"
]
[2022/11/16 19:27:16][INFO][流程块4.task][71] [
	"WX00010731"
]
[2022/11/16 19:27:16][INFO][流程块4.task][75] [
	"400.00"
]
[2022/11/16 19:27:16][INFO][流程块4.task][94] false
[2022/11/16 19:27:21][INFO][流程块4.task][71] [
	"0"
]
[2022/11/16 19:27:21][INFO][流程块4.task][71] [
	"0"
]
[2022/11/16 19:27:21][INFO][流程块4.task][71] [
	"0"
]
[2022/11/16 19:27:21][INFO][流程块4.task][71] [
	"WX00017212-0021"
]
[2022/11/16 19:27:21][INFO][流程块4.task][75] [
	"400.00"
]
[2022/11/16 19:27:21][INFO][流程块4.task][94] false
[2022/11/16 19:27:27][INFO][流程块4.task][71] [
	"0"
]
[2022/11/16 19:27:27][INFO][流程块4.task][71] [
	"0"
]
[2022/11/16 19:27:27][INFO][流程块4.task][71] [
	"WX00019639-0002"
]
[2022/11/16 19:27:27][INFO][流程块4.task][75] [
	"15.00"
]
[2022/11/16 19:27:27][INFO][流程块4.task][94] false
[2022/11/16 19:27:32][INFO][流程块4.task][94] false
[2022/11/16 19:27:38][INFO][流程块4.task][71] [
	"WX00021242"
]
[2022/11/16 19:27:38][INFO][流程块4.task][75] [
	"1000.00"
]
[2022/11/16 19:27:43][INFO][流程块4.task][71] [
	"0"
]
[2022/11/16 19:27:43][INFO][流程块4.task][71] [
	"WX00029262"
]
[2022/11/16 19:27:43][INFO][流程块4.task][75] [
	"500.00"
]
[2022/11/16 19:27:49][INFO][流程块4.task][71] [
	"0"
]
[2022/11/16 19:27:49][INFO][流程块4.task][71] [
	"0"
]
[2022/11/16 19:27:49][INFO][流程块4.task][71] [
	"WX00042134-0001"
]
[2022/11/16 19:27:49][INFO][流程块4.task][75] [
	"317.00"
]
[2022/11/16 19:27:49][INFO][流程块4.task][94] false
[2022/11/16 19:27:54][INFO][流程块4.task][94] false
[2022/11/16 19:28:00][INFO][流程块4.task][71] [
	"0"
]
[2022/11/16 19:28:00][INFO][流程块4.task][71] [
	"0"
]
[2022/11/16 19:28:00][INFO][流程块4.task][71] [
	"0"
]
[2022/11/16 19:28:00][INFO][流程块4.task][71] [
	"0"
]
[2022/11/16 19:28:00][INFO][流程块4.task][71] [
	"0"
]
[2022/11/16 19:28:00][INFO][流程块4.task][71] [
	"0"
]
[2022/11/16 19:28:00][INFO][流程块4.task][71] [
	"0"
]
[2022/11/16 19:28:00][INFO][流程块4.task][71] [
	"0"
]
[2022/11/16 19:28:00][INFO][流程块4.task][71] [
	"WX00065671-0001"
]
[2022/11/16 19:28:00][INFO][流程块4.task][75] [
	"500.00"
]
[2022/11/16 19:28:05][INFO][流程块4.task][71] [
	"0"
]
[2022/11/16 19:28:05][INFO][流程块4.task][71] [
	"0"
]
[2022/11/16 19:28:05][INFO][流程块4.task][71] [
	"0"
]
[2022/11/16 19:28:05][INFO][流程块4.task][71] [
	"0"
]
[2022/11/16 19:28:05][INFO][流程块4.task][71] [
	"0"
]
[2022/11/16 19:28:05][INFO][流程块4.task][71] [
	"WX00068578-0005"
]
[2022/11/16 19:28:05][INFO][流程块4.task][75] [
	"250.00"
]
[2022/11/16 19:28:05][INFO][流程块4.task][94] false
[2022/11/16 19:28:11][INFO][流程块4.task][94] false
[2022/11/16 19:28:16][INFO][流程块4.task][94] false
[2022/11/16 19:28:22][INFO][流程块4.task][94] false
[2022/11/16 19:28:27][INFO][流程块4.task][71] [
	"WX00070698-0001"
]
[2022/11/16 19:28:27][INFO][流程块4.task][75] [
	"1000.00"
]
[2022/11/16 19:28:33][INFO][流程块4.task][71] [
	"0"
]
[2022/11/16 19:28:33][INFO][流程块4.task][71] [
	"0"
]
[2022/11/16 19:28:33][INFO][流程块4.task][71] [
	"0"
]
[2022/11/16 19:28:33][INFO][流程块4.task][71] [
	"WX00080020-0004"
]
[2022/11/16 19:28:33][INFO][流程块4.task][75] [
	"1000.00"
]
[2022/11/16 19:28:38][INFO][流程块4.task][71] [
	"0"
]
[2022/11/16 19:28:38][INFO][流程块4.task][71] [
	"0"
]
[2022/11/16 19:28:38][INFO][流程块4.task][71] [
	"0"
]
[2022/11/16 19:28:38][INFO][流程块4.task][71] [
	"WX00081079"
]
[2022/11/16 19:28:38][INFO][流程块4.task][75] [
	"26.00"
]
[2022/11/16 19:28:38][INFO][流程块4.task][94] false
[2022/11/16 19:28:44][INFO][流程块4.task][71] [
	"0"
]
[2022/11/16 19:28:45][INFO][流程块4.task][0] 流程块4.task 运行已结束
