[2022/11/20 18:17:46][INFO][][0] 工作路径已切换到 d:\rpa机器人\百纳\
[2022/11/20 18:17:46][INFO][流程块4.task][0] 流程 流程块4.task 开始运行
[2022/11/20 18:17:46][INFO][流程块4.task][1] 
[2022/11/20 18:18:04][INFO][流程块4.task][71] [
	"0"
]
[2022/11/20 18:18:04][INFO][流程块4.task][71] [
	"0"
]
[2022/11/20 18:18:04][INFO][流程块4.task][71] [
	"0"
]
[2022/11/20 18:18:04][INFO][流程块4.task][71] [
	"0"
]
[2022/11/20 18:18:04][INFO][流程块4.task][71] [
	"0"
]
[2022/11/20 18:18:04][INFO][流程块4.task][71] [
	"515209"
]
[2022/11/20 18:18:04][INFO][流程块4.task][75] [
	"600.00"
]
[2022/11/20 18:18:04][INFO][流程块4.task][94] false
[2022/11/20 18:18:09][INFO][流程块4.task][71] [
	"0"
]
[2022/11/20 18:18:09][INFO][流程块4.task][71] [
	"0"
]
[2022/11/20 18:18:09][INFO][流程块4.task][71] [
	"0"
]
[2022/11/20 18:18:09][INFO][流程块4.task][71] [
	"0"
]
[2022/11/20 18:18:09][INFO][流程块4.task][71] [
	"0"
]
[2022/11/20 18:18:09][INFO][流程块4.task][71] [
	"0"
]
[2022/11/20 18:18:09][INFO][流程块4.task][71] [
	"0"
]
[2022/11/20 18:18:09][INFO][流程块4.task][71] [
	"0"
]
[2022/11/20 18:18:09][INFO][流程块4.task][71] [
	"0"
]
[2022/11/20 18:18:09][INFO][流程块4.task][71] [
	"517727-0002"
]
[2022/11/20 18:18:09][INFO][流程块4.task][75] [
	"505.00"
]
[2022/11/20 18:18:09][INFO][流程块4.task][94] false
[2022/11/20 18:18:14][INFO][流程块4.task][94] false
[2022/11/20 18:18:20][INFO][流程块4.task][71] [
	"0"
]
[2022/11/20 18:18:20][INFO][流程块4.task][71] [
	"0"
]
[2022/11/20 18:18:20][INFO][流程块4.task][71] [
	"0"
]
[2022/11/20 18:18:20][INFO][流程块4.task][71] [
	"0"
]
[2022/11/20 18:18:20][INFO][流程块4.task][71] [
	"0"
]
[2022/11/20 18:18:20][INFO][流程块4.task][71] [
	"0"
]
[2022/11/20 18:18:20][INFO][流程块4.task][71] [
	"0"
]
[2022/11/20 18:18:20][INFO][流程块4.task][71] [
	"0"
]
[2022/11/20 18:18:20][INFO][流程块4.task][71] [
	"0"
]
[2022/11/20 18:18:20][INFO][流程块4.task][71] [
	"0"
]
[2022/11/20 18:18:20][INFO][流程块4.task][71] [
	"0"
]
[2022/11/20 18:18:20][INFO][流程块4.task][71] [
	"0"
]
[2022/11/20 18:18:20][INFO][流程块4.task][71] [
	"0"
]
[2022/11/20 18:18:20][INFO][流程块4.task][71] [
	"0"
]
[2022/11/20 18:18:20][INFO][流程块4.task][71] [
	"0"
]
[2022/11/20 18:18:20][INFO][流程块4.task][71] [
	"0"
]
[2022/11/20 18:18:20][INFO][流程块4.task][71] [
	"0"
]
[2022/11/20 18:18:20][INFO][流程块4.task][71] [
	"0"
]
[2022/11/20 18:18:20][INFO][流程块4.task][71] [
	"0"
]
[2022/11/20 18:18:20][INFO][流程块4.task][71] [
	"0"
]
[2022/11/20 18:18:20][INFO][流程块4.task][71] [
	"0"
]
[2022/11/20 18:18:20][INFO][流程块4.task][71] [
	"0"
]
[2022/11/20 18:18:20][INFO][流程块4.task][71] [
	"957555-0002"
]
[2022/11/20 18:18:20][INFO][流程块4.task][75] [
	"120.00"
]
[2022/11/20 18:18:20][INFO][流程块4.task][94] false
[2022/11/20 18:18:25][INFO][流程块4.task][71] [
	"0"
]
[2022/11/20 18:18:25][INFO][流程块4.task][71] [
	"0"
]
[2022/11/20 18:18:25][INFO][流程块4.task][71] [
	"0"
]
[2022/11/20 18:18:25][INFO][流程块4.task][71] [
	"0"
]
[2022/11/20 18:18:25][INFO][流程块4.task][71] [
	"0"
]
[2022/11/20 18:18:25][INFO][流程块4.task][71] [
	"0"
]
[2022/11/20 18:18:25][INFO][流程块4.task][71] [
	"0"
]
[2022/11/20 18:18:25][INFO][流程块4.task][71] [
	"0"
]
[2022/11/20 18:18:25][INFO][流程块4.task][71] [
	"0"
]
[2022/11/20 18:18:25][INFO][流程块4.task][71] [
	"0"
]
[2022/11/20 18:18:25][INFO][流程块4.task][71] [
	"WX00001580-0002"
]
[2022/11/20 18:18:25][INFO][流程块4.task][75] [
	"100.00"
]
[2022/11/20 18:18:25][INFO][流程块4.task][94] false
[2022/11/20 18:18:31][INFO][流程块4.task][71] [
	"0"
]
[2022/11/20 18:18:31][INFO][流程块4.task][71] [
	"0"
]
[2022/11/20 18:18:31][INFO][流程块4.task][71] [
	"0"
]
[2022/11/20 18:18:31][INFO][流程块4.task][71] [
	"0"
]
[2022/11/20 18:18:31][INFO][流程块4.task][71] [
	"0"
]
[2022/11/20 18:18:31][INFO][流程块4.task][71] [
	"0"
]
[2022/11/20 18:18:31][INFO][流程块4.task][71] [
	"WX00006484"
]
[2022/11/20 18:18:31][INFO][流程块4.task][75] [
	"30.00"
]
[2022/11/20 18:18:31][INFO][流程块4.task][94] false
[2022/11/20 18:18:36][INFO][流程块4.task][71] [
	"0"
]
[2022/11/20 18:18:36][INFO][流程块4.task][71] [
	"0"
]
[2022/11/20 18:18:36][INFO][流程块4.task][71] [
	"0"
]
[2022/11/20 18:18:36][INFO][流程块4.task][71] [
	"0"
]
[2022/11/20 18:18:36][INFO][流程块4.task][71] [
	"0"
]
[2022/11/20 18:18:36][INFO][流程块4.task][71] [
	"0"
]
[2022/11/20 18:18:36][INFO][流程块4.task][71] [
	"0"
]
[2022/11/20 18:18:36][INFO][流程块4.task][71] [
	"0"
]
[2022/11/20 18:18:36][INFO][流程块4.task][71] [
	"0"
]
[2022/11/20 18:18:36][INFO][流程块4.task][71] [
	"0"
]
[2022/11/20 18:18:36][INFO][流程块4.task][71] [
	"0"
]
[2022/11/20 18:18:36][INFO][流程块4.task][71] [
	"0"
]
[2022/11/20 18:18:37][INFO][流程块4.task][71] [
	"0"
]
[2022/11/20 18:18:37][INFO][流程块4.task][71] [
	"0"
]
[2022/11/20 18:18:37][INFO][流程块4.task][71] [
	"0"
]
[2022/11/20 18:18:37][INFO][流程块4.task][71] [
	"0"
]
[2022/11/20 18:18:37][INFO][流程块4.task][71] [
	"0"
]
[2022/11/20 18:18:37][INFO][流程块4.task][71] [
	"0"
]
[2022/11/20 18:18:37][INFO][流程块4.task][71] [
	"0"
]
[2022/11/20 18:18:37][INFO][流程块4.task][71] [
	"0"
]
[2022/11/20 18:18:37][INFO][流程块4.task][71] [
	"0"
]
[2022/11/20 18:18:37][INFO][流程块4.task][71] [
	"0"
]
[2022/11/20 18:18:37][INFO][流程块4.task][71] [
	"0"
]
[2022/11/20 18:18:37][INFO][流程块4.task][71] [
	"WX00049385-0005"
]
[2022/11/20 18:18:37][INFO][流程块4.task][75] [
	"1000.00"
]
[2022/11/20 18:18:42][INFO][流程块4.task][71] [
	"0"
]
[2022/11/20 18:18:42][INFO][流程块4.task][71] [
	"0"
]
[2022/11/20 18:18:42][INFO][流程块4.task][71] [
	"0"
]
[2022/11/20 18:18:42][INFO][流程块4.task][71] [
	"0"
]
[2022/11/20 18:18:42][INFO][流程块4.task][71] [
	"0"
]
[2022/11/20 18:18:42][INFO][流程块4.task][71] [
	"0"
]
[2022/11/20 18:18:42][INFO][流程块4.task][71] [
	"0"
]
[2022/11/20 18:18:42][INFO][流程块4.task][71] [
	"0"
]
[2022/11/20 18:18:42][INFO][流程块4.task][71] [
	"0"
]
[2022/11/20 18:18:42][INFO][流程块4.task][71] [
	"0"
]
[2022/11/20 18:18:42][INFO][流程块4.task][71] [
	"0"
]
[2022/11/20 18:18:42][INFO][流程块4.task][71] [
	"0"
]
[2022/11/20 18:18:42][INFO][流程块4.task][71] [
	"0"
]
[2022/11/20 18:18:42][INFO][流程块4.task][71] [
	"0"
]
[2022/11/20 18:18:42][INFO][流程块4.task][71] [
	"0"
]
[2022/11/20 18:18:42][INFO][流程块4.task][71] [
	"0"
]
[2022/11/20 18:18:42][INFO][流程块4.task][71] [
	"WX00073671-0018"
]
[2022/11/20 18:18:42][INFO][流程块4.task][75] [
	"540.00"
]
[2022/11/20 18:18:42][INFO][流程块4.task][94] false
[2022/11/20 18:18:47][INFO][流程块4.task][71] [
	"0"
]
[2022/11/20 18:18:48][INFO][流程块4.task][71] [
	"0"
]
[2022/11/20 18:18:48][INFO][流程块4.task][71] [
	"0"
]
[2022/11/20 18:18:48][INFO][流程块4.task][71] [
	"0"
]
[2022/11/20 18:18:48][INFO][流程块4.task][71] [
	"0"
]
[2022/11/20 18:18:48][INFO][流程块4.task][71] [
	"WX00078950-0001"
]
[2022/11/20 18:18:48][INFO][流程块4.task][75] [
	"1000.00"
]
[2022/11/20 18:18:53][INFO][流程块4.task][71] [
	"0"
]
[2022/11/20 18:18:53][INFO][流程块4.task][71] [
	"0"
]
[2022/11/20 18:18:53][INFO][流程块4.task][71] [
	"0"
]
[2022/11/20 18:18:53][INFO][流程块4.task][71] [
	"0"
]
[2022/11/20 18:18:53][INFO][流程块4.task][71] [
	"WX00079557-0001"
]
[2022/11/20 18:18:53][INFO][流程块4.task][75] [
	"1000.00"
]
[2022/11/20 18:18:59][INFO][流程块4.task][71] [
	"0"
]
[2022/11/20 18:18:59][INFO][流程块4.task][71] [
	"0"
]
[2022/11/20 18:18:59][INFO][流程块4.task][71] [
	"0"
]
[2022/11/20 18:18:59][INFO][流程块4.task][71] [
	"0"
]
[2022/11/20 18:18:59][INFO][流程块4.task][71] [
	"0"
]
[2022/11/20 18:18:59][INFO][流程块4.task][71] [
	"0"
]
[2022/11/20 18:18:59][INFO][流程块4.task][71] [
	"0"
]
[2022/11/20 18:18:59][INFO][流程块4.task][71] [
	"0"
]
[2022/11/20 18:18:59][INFO][流程块4.task][71] [
	"0"
]
[2022/11/20 18:18:59][INFO][流程块4.task][71] [
	"0"
]
[2022/11/20 18:18:59][INFO][流程块4.task][71] [
	"0"
]
[2022/11/20 18:18:59][INFO][流程块4.task][71] [
	"0"
]
[2022/11/20 18:18:59][INFO][流程块4.task][71] [
	"0"
]
[2022/11/20 18:18:59][INFO][流程块4.task][71] [
	"0"
]
[2022/11/20 18:18:59][INFO][流程块4.task][71] [
	"0"
]
[2022/11/20 18:18:59][INFO][流程块4.task][71] [
	"0"
]
[2022/11/20 18:18:59][INFO][流程块4.task][71] [
	"0"
]
[2022/11/20 18:18:59][INFO][流程块4.task][71] [
	"0"
]
[2022/11/20 18:18:59][INFO][流程块4.task][71] [
	"0"
]
[2022/11/20 18:18:59][INFO][流程块4.task][71] [
	"0"
]
[2022/11/20 18:18:59][INFO][流程块4.task][71] [
	"0"
]
[2022/11/20 18:19:00][INFO][流程块4.task][0] 流程块4.task 运行已结束
