[2022/10/17 10:21:57][INFO][][0] 工作路径已切换到 d:\rpa机器人\百纳\
[2022/10/17 10:21:57][INFO][选中的内容][0] 流程 选中的内容 开始运行
[2022/10/17 10:21:58][INFO][选中的内容][13] [
	[
		"",
		"513211",
		"",
		"",
		"王先生",
		"",
		"百纳会员/一卡通",
		"",
		"",
		"微信在线",
		"200",
		"",
		"200",
		"WEB",
		" ",
		"2022-10-12 00:00:00",
		2.45833333333333,
		""
	],
	[
		"",
		"958352",
		"",
		"",
		"秦先生",
		"",
		"百纳会员/一卡通",
		"",
		"",
		"工行pos",
		"6000",
		"",
		"6000",
		"HY001",
		"王允京充值",
		"2022-10-12 00:00:00",
		2.47430555555556,
		""
	],
	[
		"",
		"958352",
		"",
		"",
		"秦先生",
		"",
		"百纳会员/一卡通",
		"",
		"",
		"储值卡赠",
		"",
		"300",
		"6300",
		"HY001",
		"充值返现2K-",
		"2022-10-12 00:00:00",
		2.47430555555556,
		""
	],
	[
		"",
		"959709",
		"",
		"",
		"苏经理",
		"",
		"百纳会员/百纳金",
		"",
		"",
		"储值卡",
		"",
		"-2800",
		"0",
		"RT002",
		"原卡丢失 ",
		"2022-10-12 00:00:00",
		2.70555555555556,
		""
	],
	[
		"",
		"960521",
		"",
		"",
		"苏余晟",
		"",
		"百纳会员/一卡通",
		"",
		"",
		"储值卡",
		"",
		"2800",
		"2800",
		"RT002",
		"原卡丢失 ",
		"2022-10-12 00:00:00",
		2.70555555555556,
		""
	],
	[
		"",
		"960522",
		"",
		"",
		"张女士",
		"",
		"百纳会员/一卡通",
		"",
		"",
		"内部转账",
		"8160",
		"",
		"8160",
		"RT002",
		"10.12孙莉夏",
		"2022-10-12 00:00:00",
		2.4875,
		""
	],
	[
		"",
		"960522",
		"",
		"",
		"张女士",
		"",
		"百纳会员/一卡通",
		"",
		"",
		"储值卡赠",
		"",
		"408",
		"8568",
		"RT002",
		"充值返现2K-",
		"2022-10-12 00:00:00",
		2.4875,
		""
	],
	[
		"",
		"960523",
		"",
		"",
		"张艳进",
		"",
		"百纳会员/一卡通",
		"",
		"",
		"汇款",
		"1656",
		"",
		"1656",
		"RT002",
		"10.12孙宇婷",
		"2022-10-12 00:00:00",
		2.44375,
		""
	],
	[
		"",
		"960525",
		"",
		"",
		"吕为东",
		"",
		"百纳会员/一卡通",
		"",
		"",
		"内部转账",
		"1957",
		"",
		"1957",
		"RT002",
		"10.12孙宇婷",
		"2022-10-12 00:00:00",
		2.42986111111111,
		""
	],
	[
		"",
		"960526",
		"",
		"",
		"凌明通",
		"",
		"百纳会员/一卡通",
		"",
		"",
		"内部转账",
		"5555",
		"",
		"5555",
		"RT002",
		"10.12孙宇婷",
		"2022-10-12 00:00:00",
		2.42777777777778,
		""
	],
	[
		"",
		"960526",
		"",
		"",
		"凌明通",
		"",
		"百纳会员/一卡通",
		"",
		"",
		"储值卡赠",
		"",
		"278",
		"5833",
		"RT002",
		"充值返现2K-",
		"2022-10-12 00:00:00",
		2.42777777777778,
		""
	],
	[
		"",
		"960527",
		"",
		"",
		"王淑云",
		"",
		"百纳会员/一卡通",
		"",
		"",
		"内部转账",
		"5555",
		"",
		"5555",
		"RT002",
		"10.12孙宇婷",
		"2022-10-12 00:00:00",
		2.42708333333333,
		""
	],
	[
		"",
		"960527",
		"",
		"",
		"王淑云",
		"",
		"百纳会员/一卡通",
		"",
		"",
		"储值卡赠",
		"",
		"278",
		"5833",
		"RT002",
		"充值返现2K-",
		"2022-10-12 00:00:00",
		2.42708333333333,
		""
	],
	[
		"",
		"WX00002169",
		"",
		"",
		"毛琨",
		"",
		"微信会员/微信银",
		"",
		"",
		"微信在线",
		"200",
		"",
		"587",
		"WEB",
		" ",
		"2022-10-12 00:00:00",
		2.50416666666667,
		""
	],
	[
		"",
		"WX00017673",
		"",
		"",
		"王妮",
		"",
		"微信会员/微信会",
		"",
		"",
		"微信在线",
		"200",
		"",
		"200",
		"WEB",
		" ",
		"2022-10-12 00:00:00",
		2.80486111111111,
		""
	],
	[
		"",
		"WX00030889",
		"",
		"",
		"张爱党",
		"",
		"微信会员/微信会",
		"",
		"",
		"微信在线",
		"10000",
		"",
		"20620",
		"WEB",
		" ",
		"2022-10-12 00:00:00",
		2.75,
		""
	],
	[
		"",
		"WX00030889",
		"",
		"",
		"张爱党",
		"",
		"微信会员/微信会",
		"",
		"",
		"储值卡赠",
		"",
		"500",
		"21120",
		"WEB",
		"微信返现2K-",
		"2022-10-12 00:00:00",
		2.75,
		""
	],
	[
		"",
		"WX00034417",
		"",
		"",
		"双黄诞",
		"",
		"微信会员/微信会",
		"",
		"",
		"微信在线",
		"200",
		"",
		"211",
		"WEB",
		" ",
		"2022-10-12 00:00:00",
		2.62569444444444,
		""
	],
	[
		"",
		"WX00039337",
		"",
		"",
		"杜建东",
		"",
		"微信会员/微信会",
		"",
		"",
		"微信在线",
		"2000",
		"",
		"2859",
		"WEB",
		" ",
		"2022-10-12 00:00:00",
		2.76527777777778,
		""
	],
	[
		"",
		"WX00039337",
		"",
		"",
		"杜建东",
		"",
		"微信会员/微信会",
		"",
		"",
		"储值卡赠",
		"",
		"100",
		"2959",
		"WEB",
		"微信返现2K-",
		"2022-10-12 00:00:00",
		2.76527777777778,
		""
	],
	[
		"",
		"WX00040860",
		"",
		"",
		"权伟",
		"",
		"微信会员/微信会",
		"",
		"",
		"微信在线",
		"200",
		"",
		"2011.40000000000009094947017729282379150390625",
		"WEB",
		" ",
		"2022-10-12 00:00:00",
		2.89236111111111,
		""
	],
	[
		"",
		"WX00042616",
		"",
		"",
		"孙红晶",
		"",
		"微信会员/微信会",
		"",
		"",
		"微信在线",
		"200",
		"",
		"213",
		"WEB",
		" ",
		"2022-10-12 00:00:00",
		2.52152777777778,
		""
	],
	[
		"",
		"WX00043510",
		"",
		"",
		"辣妈她妈",
		"",
		"微信会员/微信会",
		"",
		"",
		"微信在线",
		"200",
		"",
		"263",
		"WEB",
		" ",
		"2022-10-12 00:00:00",
		2.56666666666667,
		""
	],
	[
		"",
		"WX00045016",
		"",
		"",
		"史伟清",
		"",
		"微信会员/微信会",
		"",
		"",
		"微信在线",
		"2000",
		"",
		"2345",
		"WEB",
		" ",
		"2022-10-12 00:00:00",
		2.81180555555556,
		""
	],
	[
		"",
		"WX00045016",
		"",
		"",
		"史伟清",
		"",
		"微信会员/微信会",
		"",
		"",
		"储值卡赠",
		"",
		"100",
		"2445",
		"WEB",
		"微信返现2K-",
		"2022-10-12 00:00:00",
		2.81180555555556,
		""
	],
	[
		"",
		"WX00053049",
		"",
		"",
		"系统会员姓",
		"",
		"微信会员/微信会",
		"",
		"",
		"微信在线",
		"200",
		"",
		"206",
		"WEB",
		" ",
		"2022-10-12 00:00:00",
		2.59375,
		""
	],
	[
		"",
		"WX00054538",
		"",
		"",
		"彼得格勒",
		"",
		"微信会员/微信会",
		"",
		"",
		"微信在线",
		"200",
		"",
		"305",
		"WEB",
		" ",
		"2022-10-12 00:00:00",
		2.72361111111111,
		""
	],
	[
		"",
		"WX00066556",
		"",
		"",
		"鳳舞九天",
		"",
		"微信会员/微信会",
		"",
		"",
		"微信在线",
		"200",
		"",
		"234",
		"WEB",
		" ",
		"2022-10-12 00:00:00",
		2.46944444444444,
		""
	],
	[
		"",
		"WX00075093",
		"",
		"",
		"豌豆儿荚",
		"",
		"微信会员/微信会",
		"",
		"",
		"微信在线",
		"200",
		"",
		"223",
		"WEB",
		" ",
		"2022-10-12 00:00:00",
		2.51666666666667,
		""
	],
	[
		"",
		"WX00076860",
		"",
		"",
		"朝花夕拾",
		"",
		"微信会员/微信会",
		"",
		"",
		"微信在线",
		"3000",
		"",
		"3037",
		"WEB",
		" ",
		"2022-10-12 00:00:00",
		2.54305555555556,
		""
	],
	[
		"",
		"WX00076860",
		"",
		"",
		"朝花夕拾",
		"",
		"微信会员/微信会",
		"",
		"",
		"储值卡赠",
		"",
		"150",
		"3187",
		"WEB",
		"微信返现2K-",
		"2022-10-12 00:00:00",
		2.54305555555556,
		""
	],
	[
		"",
		"WX00077350",
		"",
		"",
		"阙特勤",
		"",
		"微信会员/微信会",
		"",
		"",
		"微信在线",
		"200",
		"",
		"240",
		"WEB",
		" ",
		"2022-10-12 00:00:00",
		2.49236111111111,
		""
	],
	[
		"",
		"WX00077358",
		"",
		"",
		"王岩",
		"",
		"微信会员/微信会",
		"",
		"",
		"微信在线",
		"200",
		"",
		"281",
		"WEB",
		" ",
		"2022-10-12 00:00:00",
		2.58194444444444,
		""
	],
	[
		"",
		"WX00080755",
		"",
		"",
		"九齿钉耙",
		"",
		"微信会员/微信会",
		"",
		"",
		"微信在线",
		"4000",
		"",
		"4000",
		"WEB",
		" ",
		"2022-10-12 00:00:00",
		2.85763888888889,
		""
	],
	[
		"",
		"WX00080755",
		"",
		"",
		"九齿钉耙",
		"",
		"微信会员/微信会",
		"",
		"",
		"储值卡赠",
		"",
		"200",
		"4200",
		"WEB",
		"微信返现2K-",
		"2022-10-12 00:00:00",
		2.85763888888889,
		""
	],
	[
		"",
		"酒店：",
		"威海百纳瑞汀酒店",
		"",
		"",
		"",
		"",
		"33",
		"",
		"",
		"共:2",
		"笔，合计：",
		"1000",
		"",
		"",
		"",
		0.0,
		""
	],
	[
		"",
		"517625",
		"",
		"",
		"王先生",
		"",
		"百纳会员/一卡通",
		"",
		"",
		"微信/支",
		"500",
		"",
		"500",
		"WHZHM",
		" ",
		"2022-10-12 00:00:00",
		2.77291666666667,
		""
	],
	[
		"",
		"517626",
		"",
		"",
		"范女士",
		"",
		"百纳会员/一卡通",
		"",
		"",
		"微信/支",
		"500",
		"",
		"500",
		"WHQSM",
		" ",
		"2022-10-12 00:00:00",
		2.46527777777778,
		""
	],
	[
		"",
		"",
		"",
		"",
		"",
		"共：",
		"",
		"",
		"",
		"37",
		"笔，合计：",
		"55797",
		"",
		"",
		"",
		"",
		0.0,
		""
	],
	[
		"",
		"",
		"",
		"",
		"",
		"",
		"",
		"",
		"",
		"Page ",
		"1)",
		"",
		"",
		"",
		"",
		"MEM22",
		0.0,
		""
	],
	[
		"",
		"",
		"",
		"",
		"",
		"",
		"",
		"",
		"",
		"",
		"",
		"",
		"",
		"",
		"",
		"",
		0.0,
		""
	]
]
[2022/10/17 10:21:58][INFO][选中的内容][24]    0          卡号 2 3     姓名  ...     工号        备注                 营业日期        时间 17
0         513211        王先生  ...    WEB            2022-10-12 00:00:00  2.458333   
1         958352        秦先生  ...  HY001     王允京充值  2022-10-12 00:00:00  2.474306   
2         958352        秦先生  ...  HY001   充值返现2K-  2022-10-12 00:00:00  2.474306   
3         959709        苏经理  ...  RT002     原卡丢失   2022-10-12 00:00:00  2.705556   
4         960521        苏余晟  ...  RT002     原卡丢失   2022-10-12 00:00:00  2.705556   
5         960522        张女士  ...  RT002  10.12孙莉夏  2022-10-12 00:00:00  2.487500   
6         960522        张女士  ...  RT002   充值返现2K-  2022-10-12 00:00:00  2.487500   
7         960523        张艳进  ...  RT002  10.12孙宇婷  2022-10-12 00:00:00  2.443750   
8         960525        吕为东  ...  RT002  10.12孙宇婷  2022-10-12 00:00:00  2.429861   
9         960526        凌明通  ...  RT002  10.12孙宇婷  2022-10-12 00:00:00  2.427778   
10        960526        凌明通  ...  RT002   充值返现2K-  2022-10-12 00:00:00  2.427778   
11        960527        王淑云  ...  RT002  10.12孙宇婷  2022-10-12 00:00:00  2.427083   
12        960527        王淑云  ...  RT002   充值返现2K-  2022-10-12 00:00:00  2.427083   
13    WX00002169         毛琨  ...    WEB            2022-10-12 00:00:00  2.504167   
14    WX00017673         王妮  ...    WEB            2022-10-12 00:00:00  2.804861   
15    WX00030889       张爱党  ...    WEB            2022-10-12 00:00:00  2.750000   
16    WX00030889       张爱党  ...    WEB   微信返现2K-  2022-10-12 00:00:00  2.750000   
17    WX00034417        双黄诞  ...    WEB            2022-10-12 00:00:00  2.625694   
18    WX00039337        杜建东  ...    WEB            2022-10-12 00:00:00  2.765278   
19    WX00039337        杜建东  ...    WEB   微信返现2K-  2022-10-12 00:00:00  2.765278   
20    WX00040860         权伟  ...    WEB            2022-10-12 00:00:00  2.892361   
21    WX00042616        孙红晶  ...    WEB            2022-10-12 00:00:00  2.521528   
22    WX00043510       辣妈她妈  ...    WEB            2022-10-12 00:00:00  2.566667   
23    WX00045016        史伟清  ...    WEB            2022-10-12 00:00:00  2.811806   
24    WX00045016        史伟清  ...    WEB   微信返现2K-  2022-10-12 00:00:00  2.811806   
25    WX00053049      系统会员姓  ...    WEB            2022-10-12 00:00:00  2.593750   
26    WX00054538       彼得格勒  ...    WEB            2022-10-12 00:00:00  2.723611   
27    WX00066556       鳳舞九天  ...    WEB            2022-10-12 00:00:00  2.469444   
28    WX00075093       豌豆儿荚  ...    WEB            2022-10-12 00:00:00  2.516667   
29    WX00076860       朝花夕拾  ...    WEB            2022-10-12 00:00:00  2.543056   
30    WX00076860       朝花夕拾  ...    WEB   微信返现2K-  2022-10-12 00:00:00  2.543056   
31    WX00077350        阙特勤  ...    WEB            2022-10-12 00:00:00  2.492361   
32    WX00077358         王岩  ...    WEB            2022-10-12 00:00:00  2.581944   
33    WX00080755       九齿钉耙  ...    WEB            2022-10-12 00:00:00  2.857639   
34    WX00080755       九齿钉耙  ...    WEB   微信返现2K-  2022-10-12 00:00:00  2.857639   
36        517625        王先生  ...  WHZHM            2022-10-12 00:00:00  2.772917   
37        517626        范女士  ...  WHQSM            2022-10-12 00:00:00  2.465278   

[37 rows x 18 columns]
[2022/10/17 10:21:58][INFO][选中的内容][34] 上午
[2022/10/17 10:21:58][INFO][选中的内容][37]    0          卡号 2 3    姓名  ...     工号        备注                 营业日期        时间 17
0         513211       王先生  ...    WEB            2022-10-12 00:00:00  2.458333   
1         958352       秦先生  ...  HY001     王允京充值  2022-10-12 00:00:00  2.474306   
2         958352       秦先生  ...  HY001   充值返现2K-  2022-10-12 00:00:00  2.474306   
5         960522       张女士  ...  RT002  10.12孙莉夏  2022-10-12 00:00:00  2.487500   
6         960522       张女士  ...  RT002   充值返现2K-  2022-10-12 00:00:00  2.487500   
7         960523       张艳进  ...  RT002  10.12孙宇婷  2022-10-12 00:00:00  2.443750   
8         960525       吕为东  ...  RT002  10.12孙宇婷  2022-10-12 00:00:00  2.429861   
9         960526       凌明通  ...  RT002  10.12孙宇婷  2022-10-12 00:00:00  2.427778   
10        960526       凌明通  ...  RT002   充值返现2K-  2022-10-12 00:00:00  2.427778   
11        960527       王淑云  ...  RT002  10.12孙宇婷  2022-10-12 00:00:00  2.427083   
12        960527       王淑云  ...  RT002   充值返现2K-  2022-10-12 00:00:00  2.427083   
13    WX00002169        毛琨  ...    WEB            2022-10-12 00:00:00  2.504167   
21    WX00042616       孙红晶  ...    WEB            2022-10-12 00:00:00  2.521528   
22    WX00043510      辣妈她妈  ...    WEB            2022-10-12 00:00:00  2.566667   
27    WX00066556      鳳舞九天  ...    WEB            2022-10-12 00:00:00  2.469444   
28    WX00075093      豌豆儿荚  ...    WEB            2022-10-12 00:00:00  2.516667   
29    WX00076860      朝花夕拾  ...    WEB            2022-10-12 00:00:00  2.543056   
30    WX00076860      朝花夕拾  ...    WEB   微信返现2K-  2022-10-12 00:00:00  2.543056   
31    WX00077350       阙特勤  ...    WEB            2022-10-12 00:00:00  2.492361   
32    WX00077358        王岩  ...    WEB            2022-10-12 00:00:00  2.581944   
37        517626       范女士  ...  WHQSM            2022-10-12 00:00:00  2.465278   

[21 rows x 18 columns]
[2022/10/17 10:21:58][INFO][选中的内容][0] 选中的内容 运行已结束
