[2022/10/31 10:52:00][INFO][][0] 工作路径已切换到 d:\rpa机器人\百纳\
[2022/10/31 10:52:00][INFO][流程块4.task][0] 流程 流程块4.task 开始运行
[2022/10/31 10:52:00][INFO][流程块4.task][1] 
[2022/10/31 10:52:03][INFO][流程块4.task][58] [
	"0"
]
[2022/10/31 10:52:03][INFO][流程块4.task][58] [
	"950580-0004"
]
[2022/10/31 10:52:03][INFO][流程块4.task][62] [
	"200.00"
]
[2022/10/31 10:52:24][INFO][流程块4.task][58] [
	"0"
]
[2022/10/31 10:52:24][INFO][流程块4.task][58] [
	"0"
]
[2022/10/31 10:52:24][INFO][流程块4.task][58] [
	"0"
]
[2022/10/31 10:52:24][INFO][流程块4.task][58] [
	"0"
]
[2022/10/31 10:52:24][INFO][流程块4.task][58] [
	"0"
]
[2022/10/31 10:52:24][INFO][流程块4.task][58] [
	"0"
]
[2022/10/31 10:52:24][INFO][流程块4.task][58] [
	"0"
]
[2022/10/31 10:52:24][INFO][流程块4.task][58] [
	"0"
]
[2022/10/31 10:52:24][INFO][流程块4.task][58] [
	"WX00080302-0001"
]
[2022/10/31 10:52:24][INFO][流程块4.task][62] [
	"200.00"
]
[2022/10/31 10:52:30][INFO][流程块4.task][58] [
	"WX00080302-0001"
]
[2022/10/31 10:52:30][INFO][流程块4.task][62] [
	"106.00"
]
[2022/10/31 10:52:35][INFO][流程块4.task][0] 流程块4.task 运行已结束
