[2022/11/15 9:02:44][INFO][][0] 工作路径已切换到 d:\rpa机器人\百纳\
[2022/11/15 9:02:44][INFO][流程块.task][0] 流程 流程块.task 开始运行
[2022/11/15 9:02:44][INFO][流程块.task][18] 进入
[2022/11/15 9:03:23][INFO][流程块.task][114] [
	[
		"",
		"937136",
		"",
		"",
		"财富",
		"",
		"百纳会员/一卡通",
		"",
		"",
		"微信在线",
		"2890",
		"",
		"7626",
		"RT002",
		"付婷钰",
		"2022-11-14 00:00:00",
		2.90833333333333,
		""
	],
	[
		"",
		"937136",
		"",
		"",
		"财富",
		"",
		"百纳会员/一卡通",
		"",
		"",
		"储值卡赠",
		"",
		"145",
		"7771",
		"RT002",
		"充值返现2K-",
		"2022-11-14 00:00:00",
		2.90833333333333,
		""
	],
	[
		"",
		"939058",
		"",
		"",
		"财富5",
		"",
		"百纳会员/一卡通",
		"",
		"",
		"工行pos",
		"2000",
		"",
		"6245",
		"HY001",
		"王长玲充值",
		"2022-11-14 00:00:00",
		2.54930555555556,
		""
	],
	[
		"",
		"939058",
		"",
		"",
		"财富5",
		"",
		"百纳会员/一卡通",
		"",
		"",
		"储值卡赠",
		"",
		"100",
		"6345",
		"HY001",
		"充值返现2K-",
		"2022-11-14 00:00:00",
		2.54930555555556,
		""
	],
	[
		"",
		"959239",
		"",
		"",
		"徐凯",
		"",
		"百纳会员/一卡通",
		"",
		"",
		"工行pos",
		"10000",
		"",
		"17169",
		"PLQT",
		"1万 柳丹丹 ",
		"2022-11-14 00:00:00",
		2.69861111111111,
		""
	],
	[
		"",
		"959239",
		"",
		"",
		"徐凯",
		"",
		"百纳会员/一卡通",
		"",
		"",
		"储值卡赠",
		"",
		"500",
		"17669",
		"PLQT",
		"充值返现2K-",
		"2022-11-14 00:00:00",
		2.69861111111111,
		""
	],
	[
		"",
		"WX00019688",
		"",
		"",
		"于建丽",
		"",
		"微信会员/微信会",
		"",
		"",
		"微信在线",
		"200",
		"",
		"225",
		"WEB",
		" ",
		"2022-11-14 00:00:00",
		2.775,
		""
	],
	[
		"",
		"WX00025937",
		"",
		"",
		"汪昱君",
		"",
		"微信会员/微信银",
		"",
		"",
		"微信在线",
		"500",
		"",
		"525",
		"WEB",
		" ",
		"2022-11-14 00:00:00",
		2.54722222222222,
		""
	],
	[
		"",
		"WX00032253",
		"",
		"",
		"丁明",
		"",
		"微信会员/微信会",
		"",
		"",
		"微信在线",
		"500",
		"",
		"541",
		"WEB",
		" ",
		"2022-11-14 00:00:00",
		2.54722222222222,
		""
	],
	[
		"",
		"WX00046283",
		"",
		"",
		"孙世浩",
		"",
		"微信会员/微信会",
		"",
		"",
		"微信在线",
		"20000",
		"",
		"23960",
		"WEB",
		" ",
		"2022-11-14 00:00:00",
		2.58888888888889,
		""
	],
	[
		"",
		"WX00046283",
		"",
		"",
		"孙世浩",
		"",
		"微信会员/微信会",
		"",
		"",
		"储值卡赠",
		"",
		"1600",
		"25560",
		"WEB",
		"微信返现2W-",
		"2022-11-14 00:00:00",
		2.58888888888889,
		""
	],
	[
		"",
		"WX00055600",
		"",
		"",
		"小惠",
		"",
		"微信会员/微信会",
		"",
		"",
		"微信在线",
		"200",
		"",
		"237",
		"WEB",
		" ",
		"2022-11-14 00:00:00",
		2.76805555555556,
		""
	],
	[
		"",
		"WX00061508",
		"",
		"",
		"尹伟强",
		"",
		"微信会员/微信会",
		"",
		"",
		"微信在线",
		"20000",
		"",
		"27303",
		"WEB",
		" ",
		"2022-11-14 00:00:00",
		2.66041666666667,
		""
	],
	[
		"",
		"WX00061508",
		"",
		"",
		"尹伟强",
		"",
		"微信会员/微信会",
		"",
		"",
		"储值卡赠",
		"",
		"1600",
		"28903",
		"WEB",
		"微信返现2W-",
		"2022-11-14 00:00:00",
		2.66041666666667,
		""
	],
	[
		"",
		"WX00062460",
		"",
		"",
		"冷峭",
		"",
		"微信会员/微信会",
		"",
		"",
		"微信在线",
		"200",
		"",
		"245",
		"WEB",
		" ",
		"2022-11-14 00:00:00",
		2.49583333333333,
		""
	],
	[
		"",
		"WX00067519",
		"",
		"",
		"天猫校园孙",
		"",
		"微信会员/微信会",
		"",
		"",
		"微信在线",
		"500",
		"",
		"630",
		"WEB",
		" ",
		"2022-11-14 00:00:00",
		2.5875,
		""
	],
	[
		"",
		"WX00070854",
		"",
		"",
		"友宝",
		"",
		"微信会员/微信会",
		"",
		"",
		"微信在线",
		"2000",
		"",
		"2778",
		"WEB",
		" ",
		"2022-11-14 00:00:00",
		2.88680555555556,
		""
	],
	[
		"",
		"WX00070854",
		"",
		"",
		"友宝",
		"",
		"微信会员/微信会",
		"",
		"",
		"储值卡赠",
		"",
		"100",
		"2878",
		"WEB",
		"微信返现2K-",
		"2022-11-14 00:00:00",
		2.88680555555556,
		""
	],
	[
		"",
		"WX00074127",
		"",
		"",
		"clecky",
		"",
		"微信会员/微信会",
		"",
		"",
		"微信在线",
		"200",
		"",
		"330",
		"WEB",
		" ",
		"2022-11-14 00:00:00",
		2.54861111111111,
		""
	],
	[
		"",
		"WX00076461",
		"",
		"",
		"183535681",
		"",
		"微信会员/微信会",
		"",
		"",
		"微信在线",
		"3000",
		"",
		"3233",
		"WEB",
		" ",
		"2022-11-14 00:00:00",
		2.89513888888889,
		""
	],
	[
		"",
		"WX00076461",
		"",
		"",
		"183535681",
		"",
		"微信会员/微信会",
		"",
		"",
		"储值卡赠",
		"",
		"150",
		"3383",
		"WEB",
		"微信返现2K-",
		"2022-11-14 00:00:00",
		2.89513888888889,
		""
	],
	[
		"",
		"WX00076710",
		"",
		"",
		"踮脚张望的",
		"",
		"微信会员/微信会",
		"",
		"",
		"微信在线",
		"200",
		"",
		"208",
		"WEB",
		" ",
		"2022-11-14 00:00:00",
		2.71805555555556,
		""
	],
	[
		"",
		"WX00080020",
		"",
		"",
		"汉先森",
		"",
		"微信会员/微信会",
		"",
		"",
		"微信在线",
		"2000",
		"",
		"2275",
		"WEB",
		" ",
		"2022-11-14 00:00:00",
		2.13680555555556,
		""
	],
	[
		"",
		"WX00080020",
		"",
		"",
		"汉先森",
		"",
		"微信会员/微信会",
		"",
		"",
		"储值卡赠",
		"",
		"100",
		"2375",
		"WEB",
		"微信返现2K-",
		"2022-11-14 00:00:00",
		2.13680555555556,
		""
	],
	[
		"",
		"WX00080097",
		"",
		"",
		"Keep on ",
		"",
		"微信会员/微信会",
		"",
		"",
		"微信在线",
		"1000",
		"",
		"1245",
		"WEB",
		" ",
		"2022-11-14 00:00:00",
		2.58333333333333,
		""
	],
	[
		"",
		"WX00081251",
		"",
		"",
		"薄荷糖",
		"",
		"微信会员/微信会",
		"",
		"",
		"微信在线",
		"3000",
		"",
		"3000",
		"WEB",
		" ",
		"2022-11-14 00:00:00",
		2.54791666666667,
		""
	],
	[
		"",
		"WX00081251",
		"",
		"",
		"薄荷糖",
		"",
		"微信会员/微信会",
		"",
		"",
		"储值卡赠",
		"",
		"150",
		"3150",
		"WEB",
		"微信返现2K-",
		"2022-11-14 00:00:00",
		2.54791666666667,
		""
	],
	[
		"",
		"WX00081258",
		"",
		"",
		"系统会员姓",
		"",
		"微信会员/微信会",
		"",
		"",
		"微信在线",
		"200",
		"",
		"200",
		"WEB",
		" ",
		"2022-11-14 00:00:00",
		2.55486111111111,
		""
	],
	[
		"",
		"WX00081259",
		"",
		"",
		"Daisy",
		"",
		"微信会员/微信会",
		"",
		"",
		"微信在线",
		"4000",
		"",
		"4000",
		"WEB",
		" ",
		"2022-11-14 00:00:00",
		2.76111111111111,
		""
	],
	[
		"",
		"WX00081259",
		"",
		"",
		"Daisy",
		"",
		"微信会员/微信会",
		"",
		"",
		"储值卡赠",
		"",
		"200",
		"4200",
		"WEB",
		"微信返现2K-",
		"2022-11-14 00:00:00",
		2.76111111111111,
		""
	],
	[
		"",
		"WX00081259",
		"",
		"",
		"Daisy",
		"",
		"微信会员/微信会",
		"",
		"",
		"微信在线",
		"3000",
		"",
		"7200",
		"WEB",
		" ",
		"2022-11-14 00:00:00",
		2.76180555555556,
		""
	],
	[
		"",
		"WX00081259",
		"",
		"",
		"Daisy",
		"",
		"微信会员/微信会",
		"",
		"",
		"储值卡赠",
		"",
		"150",
		"7350",
		"WEB",
		"微信返现2K-",
		"2022-11-14 00:00:00",
		2.76180555555556,
		""
	],
	[
		"",
		"酒店：",
		"威海百纳瑞汀酒店",
		"",
		"",
		"",
		"",
		"33",
		"",
		"",
		"共:1",
		"笔，合计：",
		"1100",
		"",
		"",
		"",
		0.0,
		""
	],
	[
		"",
		"517729",
		"",
		"",
		"胡先生",
		"",
		"百纳会员/一卡通",
		"",
		"",
		"微信/支",
		"1100",
		"",
		"1100",
		"WHZHM",
		" ",
		"2022-11-14 00:00:00",
		2.49583333333333,
		""
	],
	[
		"",
		"",
		"",
		"",
		"",
		"共：",
		"",
		"",
		"",
		"33",
		"笔，合计：",
		"81485",
		"",
		"",
		"",
		"",
		0.0,
		""
	],
	[
		"",
		"",
		"",
		"",
		"",
		"",
		"",
		"",
		"",
		"Page (1/",
		"1)",
		"",
		"",
		"",
		"",
		"MEM22",
		0.0,
		""
	],
	[
		"",
		"",
		"",
		"",
		"",
		"",
		"",
		"",
		"",
		"",
		"",
		"",
		"",
		"",
		"",
		"",
		0.0,
		""
	]
]
[2022/11/15 9:03:24][INFO][流程块.task][125]    0          卡号 2 3  ...       备注                 营业日期        时间 17
0         937136      ...      付婷钰  2022-11-14 00:00:00  2.908333   
1         937136      ...  充值返现2K-  2022-11-14 00:00:00  2.908333   
2         939058      ...    王长玲充值  2022-11-14 00:00:00  2.549306   
3         939058      ...  充值返现2K-  2022-11-14 00:00:00  2.549306   
4         959239      ...  1万 柳丹丹   2022-11-14 00:00:00  2.698611   
5         959239      ...  充值返现2K-  2022-11-14 00:00:00  2.698611   
6     WX00019688      ...           2022-11-14 00:00:00  2.775000   
7     WX00025937      ...           2022-11-14 00:00:00  2.547222   
8     WX00032253      ...           2022-11-14 00:00:00  2.547222   
9     WX00046283      ...           2022-11-14 00:00:00  2.588889   
10    WX00046283      ...  微信返现2W-  2022-11-14 00:00:00  2.588889   
11    WX00055600      ...           2022-11-14 00:00:00  2.768056   
12    WX00061508      ...           2022-11-14 00:00:00  2.660417   
13    WX00061508      ...  微信返现2W-  2022-11-14 00:00:00  2.660417   
14    WX00062460      ...           2022-11-14 00:00:00  2.495833   
15    WX00067519      ...           2022-11-14 00:00:00  2.587500   
16    WX00070854      ...           2022-11-14 00:00:00  2.886806   
17    WX00070854      ...  微信返现2K-  2022-11-14 00:00:00  2.886806   
18    WX00074127      ...           2022-11-14 00:00:00  2.548611   
19    WX00076461      ...           2022-11-14 00:00:00  2.895139   
20    WX00076461      ...  微信返现2K-  2022-11-14 00:00:00  2.895139   
21    WX00076710      ...           2022-11-14 00:00:00  2.718056   
22    WX00080020      ...           2022-11-14 00:00:00  2.136806   
23    WX00080020      ...  微信返现2K-  2022-11-14 00:00:00  2.136806   
24    WX00080097      ...           2022-11-14 00:00:00  2.583333   
25    WX00081251      ...           2022-11-14 00:00:00  2.547917   
26    WX00081251      ...  微信返现2K-  2022-11-14 00:00:00  2.547917   
27    WX00081258      ...           2022-11-14 00:00:00  2.554861   
28    WX00081259      ...           2022-11-14 00:00:00  2.761111   
29    WX00081259      ...  微信返现2K-  2022-11-14 00:00:00  2.761111   
30    WX00081259      ...           2022-11-14 00:00:00  2.761806   
31    WX00081259      ...  微信返现2K-  2022-11-14 00:00:00  2.761806   
33        517729      ...           2022-11-14 00:00:00  2.495833   

[33 rows x 18 columns]
[2022/11/15 9:03:24][INFO][流程块.task][133] 上午
[2022/11/15 9:03:24][INFO][流程块.task][136]    0          卡号 2 3      姓名  ...     工号       备注                 营业日期        时间 17
2         939058         财富5  ...  HY001    王长玲充值  2022-11-14 00:00:00  2.549306   
3         939058         财富5  ...  HY001  充值返现2K-  2022-11-14 00:00:00  2.549306   
7     WX00025937         汪昱君  ...    WEB           2022-11-14 00:00:00  2.547222   
8     WX00032253          丁明  ...    WEB           2022-11-14 00:00:00  2.547222   
14    WX00062460          冷峭  ...    WEB           2022-11-14 00:00:00  2.495833   
18    WX00074127      clecky  ...    WEB           2022-11-14 00:00:00  2.548611   
22    WX00080020         汉先森  ...    WEB           2022-11-14 00:00:00  2.136806   
23    WX00080020         汉先森  ...    WEB  微信返现2K-  2022-11-14 00:00:00  2.136806   
25    WX00081251         薄荷糖  ...    WEB           2022-11-14 00:00:00  2.547917   
26    WX00081251         薄荷糖  ...    WEB  微信返现2K-  2022-11-14 00:00:00  2.547917   
27    WX00081258       系统会员姓  ...    WEB           2022-11-14 00:00:00  2.554861   
33        517729         胡先生  ...  WHZHM           2022-11-14 00:00:00  2.495833   

[12 rows x 18 columns]
[2022/11/15 9:03:49][ERROR][流程块.task][316] 运行发生错误，流程中止
错误信息如下：
流程块.task 第316行：Image Click Error 函数超时时间已到
[2022/11/15 9:03:49][INFO][流程块.task][0] 流程块.task 运行已结束
