[2022/11/21 8:31:41][INFO][][0] 工作路径已切换到 d:\rpa机器人\百纳\
[2022/11/21 8:31:41][INFO][流程块.task][0] 流程 流程块.task 开始运行
[2022/11/21 8:31:41][INFO][流程块.task][18] 进入
[2022/11/21 8:32:16][INFO][流程块.task][89] [
	[
		"501089",
		"638"
	],
	[
		"958633",
		"1000"
	],
	[
		"958633-0001",
		"1000"
	],
	[
		"958633-0002",
		"1000"
	],
	[
		"958633-0003",
		"1000"
	],
	[
		"958633-0004",
		"1000"
	],
	[
		"958633-0005",
		"1000"
	],
	[
		"958633-0006",
		"1000"
	],
	[
		"958633-0007",
		"1000"
	],
	[
		"958633-0008",
		"1000"
	],
	[
		"958633-0009",
		"1000"
	],
	[
		"958633-0010",
		"1000"
	],
	[
		"958633-0011",
		"235"
	],
	[
		"960389",
		"1000"
	],
	[
		"960389-0001",
		"1000"
	],
	[
		"960389-0002",
		"1000"
	],
	[
		"960389-0003",
		"1000"
	],
	[
		"960389-0004",
		"1000"
	],
	[
		"960389-0005",
		"1000"
	],
	[
		"960389-0006",
		"1000"
	],
	[
		"960389-0007",
		"1000"
	],
	[
		"960389-0008",
		"1000"
	],
	[
		"960389-0009",
		"1000"
	],
	[
		"956873",
		"1000"
	],
	[
		"953276",
		"1000"
	],
	[
		"WX00007082",
		"1000"
	],
	[
		"WX00007082-0001",
		"463"
	],
	[
		"953276-0001",
		"1000"
	],
	[
		"953276-0002",
		"1000"
	],
	[
		"953276-0003",
		"1000"
	],
	[
		"WX00008623",
		"1000"
	],
	[
		"WX00008623-0001",
		"1000"
	],
	[
		"953276-0004",
		"1000"
	],
	[
		"WX00010525",
		"1000"
	],
	[
		"953276-0005",
		"1000"
	],
	[
		"WX00014779",
		"697"
	],
	[
		"956873-0001",
		"1000"
	],
	[
		"WX00001076",
		"864"
	],
	[
		"WX00019639",
		"1000"
	],
	[
		"WX00019639-0001",
		"922"
	],
	[
		"957555-0001",
		"1000"
	],
	[
		"WX00032679",
		"130"
	],
	[
		"WX00033638",
		"1000"
	],
	[
		"WX00033638-0001",
		"1000"
	],
	[
		"WX00033638-0002",
		"600"
	],
	[
		"517285",
		"444"
	],
	[
		"960376",
		"1000"
	],
	[
		"WX00005761",
		"111"
	],
	[
		"WX00035922",
		"41"
	],
	[
		"WX00045894",
		"184"
	],
	[
		"WX00058985",
		"1000"
	],
	[
		"WX00058985-0001",
		"460"
	],
	[
		"WX00081050",
		"1000"
	],
	[
		"WX00081050-0001",
		"976"
	],
	[
		"960376-0001",
		"570"
	],
	[
		"956873-0002",
		"1000"
	],
	[
		"WX00061092",
		"1000"
	],
	[
		"WX00061092-0001",
		"575"
	],
	[
		"956873-0003",
		"1000"
	],
	[
		"956873-0004",
		"1000"
	],
	[
		"WX00063586",
		"1000"
	],
	[
		"WX00063586-0001",
		"970"
	],
	[
		"956873-0005",
		"1000"
	],
	[
		"WX00077215",
		"988"
	],
	[
		"956873-0006",
		"1000"
	],
	[
		"956873-0007",
		"1000"
	],
	[
		"956873-0008",
		"1000"
	],
	[
		"WX00079776",
		"1000"
	],
	[
		"WX00079776-0001",
		"89"
	],
	[
		"956873-0009",
		"1000"
	],
	[
		"508865",
		"300"
	],
	[
		"WX00081006",
		"1000"
	],
	[
		"WX00005092",
		"12"
	],
	[
		"WX00081007",
		"1000"
	],
	[
		"WX00081007-0001",
		"1000"
	],
	[
		"WX00081007-0002",
		"1000"
	],
	[
		"WX00081007-0003",
		"1000"
	],
	[
		"WX00081007-0004",
		"1000"
	],
	[
		"WX00081007-0005",
		"1000"
	],
	[
		"WX00081007-0006",
		"1000"
	],
	[
		"WX00081007-0007",
		"1000"
	],
	[
		"WX00081007-0008",
		"640"
	],
	[
		"WX00016013",
		"57"
	],
	[
		"923007",
		"1000"
	],
	[
		"WX00080614",
		"91"
	],
	[
		"923007-0001",
		"1000"
	],
	[
		"960375",
		"1000"
	],
	[
		"958373",
		"1000"
	],
	[
		"958373-0001",
		"1000"
	],
	[
		"958373-0002",
		"1000"
	],
	[
		"958373-0003",
		"1000"
	],
	[
		"958373-0004",
		"1000"
	],
	[
		"958373-0005",
		"1000"
	],
	[
		"958373-0006",
		"1000"
	],
	[
		"958373-0007",
		"1000"
	],
	[
		"WX00081010",
		"1000"
	],
	[
		"WX00081010-0001",
		"201"
	],
	[
		"958373-0008",
		"1000"
	],
	[
		"958373-0009",
		"1000"
	],
	[
		"958373-0010",
		"1000"
	],
	[
		"WX00081011",
		"1000"
	],
	[
		"WX00081011-0001",
		"82"
	],
	[
		"958373-0011",
		"1000"
	],
	[
		"958373-0012",
		"1000"
	],
	[
		"950580",
		"1000"
	],
	[
		"950580-0001",
		"694"
	],
	[
		"958373-0013",
		"1000"
	],
	[
		"958373-0014",
		"1000"
	],
	[
		"958373-0015",
		"1000"
	],
	[
		"WX00001897",
		"1000"
	],
	[
		"WX00001897-0001",
		"754"
	],
	[
		"958373-0016",
		"1000"
	],
	[
		"WX00002525",
		"66"
	],
	[
		"958373-0017",
		"1000"
	],
	[
		"WX00006484",
		"-37"
	],
	[
		"WX00015658",
		"44"
	],
	[
		"WX00021669",
		"21"
	],
	[
		"WX00028783",
		"5"
	],
	[
		"WX00037220",
		"1000"
	],
	[
		"WX00037220-0001",
		"330"
	],
	[
		"958373-0018",
		"1000"
	],
	[
		"WX00043813",
		"194"
	],
	[
		"WX00052133",
		"1000"
	],
	[
		"WX00052133-0001",
		"8"
	],
	[
		"958373-0019",
		"1000"
	],
	[
		"958373-0020",
		"1000"
	],
	[
		"958373-0021",
		"1000"
	],
	[
		"958373-0022",
		"1000"
	],
	[
		"WX00062443",
		"1000"
	],
	[
		"WX00062443-0001",
		"562"
	],
	[
		"958373-0023",
		"1000"
	],
	[
		"WX00065960",
		"730"
	],
	[
		"958373-0024",
		"1000"
	],
	[
		"WX00071545",
		"64"
	],
	[
		"958373-0025",
		"1000"
	],
	[
		"WX00072432",
		"1000"
	],
	[
		"WX00072432-0001",
		"1000"
	],
	[
		"WX00072432-0002",
		"100"
	],
	[
		"WX00077617",
		"1000"
	],
	[
		"WX00077617-0001",
		"836"
	],
	[
		"958373-0026",
		"1000"
	],
	[
		"WX00078909",
		"1000"
	],
	[
		"WX00078909-0001",
		"760"
	],
	[
		"958373-0027",
		"1000"
	],
	[
		"958373-0028",
		"1000"
	],
	[
		"958373-0029",
		"1000"
	],
	[
		"958373-0030",
		"1000"
	],
	[
		"958373-0031",
		"1000"
	],
	[
		"958373-0032",
		"1000"
	],
	[
		"958373-0033",
		"1000"
	],
	[
		"WX00079401",
		"65"
	],
	[
		"958373-0034",
		"1000"
	],
	[
		"958373-0035",
		"1000"
	],
	[
		"WX00080799",
		"121"
	],
	[
		"WX00081020",
		"107"
	],
	[
		"WX00081021",
		"261"
	],
	[
		"958373-0036",
		"1000"
	],
	[
		"WX00081024",
		"1000"
	],
	[
		"WX00081024-0001",
		"135"
	],
	[
		"958373-0037",
		"1000"
	],
	[
		"WX00081031",
		"1000"
	],
	[
		"958373-0038",
		"1000"
	],
	[
		"958373-0039",
		"1000"
	],
	[
		"513506",
		"500"
	],
	[
		"956112",
		"1000"
	],
	[
		"956112-0001",
		"2"
	],
	[
		"958373-0040",
		"1000"
	],
	[
		"958373-0041",
		"1000"
	],
	[
		"960392",
		"1000"
	],
	[
		"960392-0001",
		"1000"
	],
	[
		"960392-0002",
		"56"
	],
	[
		"WX00003160",
		"1000"
	],
	[
		"WX00003160-0001",
		"211"
	],
	[
		"958373-0042",
		"1000"
	],
	[
		"WX00017190",
		"643"
	],
	[
		"958373-0043",
		"1000"
	],
	[
		"WX00024638",
		"1000"
	],
	[
		"958373-0044",
		"1000"
	],
	[
		"958373-0045",
		"1000"
	],
	[
		"958373-0046",
		"1000"
	],
	[
		"958373-0047",
		"1000"
	],
	[
		"958373-0048",
		"1000"
	],
	[
		"958373-0049",
		"1000"
	],
	[
		"958373-0050",
		"1000"
	],
	[
		"958373-0051",
		"1000"
	],
	[
		"WX00032276",
		"1000"
	],
	[
		"WX00032276-0001",
		"1000"
	],
	[
		"958373-0052",
		"1000"
	],
	[
		"WX00041153",
		"26"
	],
	[
		"WX00041684",
		"695"
	],
	[
		"958373-0053",
		"1000"
	],
	[
		"WX00042134",
		"842"
	],
	[
		"957555-0002",
		"120"
	],
	[
		"958373-0054",
		"1000"
	],
	[
		"WX00050656",
		"1000"
	],
	[
		"WX00050656-0001",
		"1000"
	],
	[
		"958373-0055",
		"1000"
	],
	[
		"WX00067623",
		"62"
	],
	[
		"505011",
		"1000"
	],
	[
		"958373-0056",
		"1000"
	],
	[
		"WX00078039",
		"1000"
	],
	[
		"WX00078039-0001",
		"932"
	],
	[
		"958373-0057",
		"1000"
	],
	[
		"958373-0058",
		"1000"
	],
	[
		"958373-0059",
		"1000"
	],
	[
		"958373-0060",
		"1000"
	],
	[
		"WX00078759",
		"1000"
	],
	[
		"WX00078759-0001",
		"415"
	],
	[
		"958373-0061",
		"1000"
	],
	[
		"WX00080020",
		"1000"
	],
	[
		"WX00080020-0001",
		"654"
	],
	[
		"960375-0001",
		"1000"
	],
	[
		"WX00081039",
		"84"
	],
	[
		"WX00081043",
		"198"
	],
	[
		"WX00081044",
		"1000"
	],
	[
		"WX00081044-0001",
		"73"
	],
	[
		"958373-0062",
		"1000"
	],
	[
		"958373-0063",
		"1000"
	],
	[
		"958373-0064",
		"1000"
	],
	[
		"958373-0065",
		"1000"
	],
	[
		"960375-0002",
		"1000"
	],
	[
		"958652",
		"1000"
	],
	[
		"958652-0001",
		"100"
	],
	[
		"959198",
		"1000"
	],
	[
		"959198-0001",
		"1000"
	],
	[
		"959198-0002",
		"1000"
	],
	[
		"959198-0003",
		"1000"
	],
	[
		"959198-0004",
		"1000"
	],
	[
		"959198-0005",
		"1000"
	],
	[
		"959198-0006",
		"1000"
	],
	[
		"959198-0007",
		"1000"
	],
	[
		"959198-0008",
		"1000"
	],
	[
		"959198-0009",
		"111"
	],
	[
		"960375-0003",
		"232"
	],
	[
		"WX00009316",
		"1000"
	],
	[
		"WX00009316-0001",
		"1000"
	],
	[
		"WX00004536",
		"200"
	],
	[
		"WX00051477",
		"1000"
	],
	[
		"WX00051477-0001",
		"650"
	],
	[
		"WX00033717",
		"500"
	],
	[
		"WX00035325",
		"200"
	],
	[
		"WX00035714",
		"1000"
	],
	[
		"WX00052731",
		"1000"
	],
	[
		"WX00052731-0001",
		"176"
	],
	[
		"WX00035714-0001",
		"1000"
	],
	[
		"WX00035714-0002",
		"100"
	],
	[
		"WX00064284",
		"745"
	],
	[
		"WX00040698",
		"1000"
	],
	[
		"WX00040698-0001",
		"1000"
	],
	[
		"WX00069087",
		"831"
	],
	[
		"WX00040698-0002",
		"100"
	],
	[
		"WX00053919",
		"1000"
	],
	[
		"WX00053919-0001",
		"1000"
	],
	[
		"WX00053919-0002",
		"1000"
	],
	[
		"WX00079557",
		"1000"
	],
	[
		"WX00079557-0001",
		"322"
	],
	[
		"WX00053919-0003",
		"150"
	],
	[
		"WX00081072",
		"353"
	],
	[
		"WX00073671",
		"1000"
	],
	[
		"WX00081073",
		"1000"
	],
	[
		"WX00081073-0001",
		"1000"
	],
	[
		"WX00081073-0002",
		"1000"
	],
	[
		"WX00081073-0003",
		"1000"
	],
	[
		"WX00081073-0004",
		"348"
	],
	[
		"WX00073671-0001",
		"1000"
	],
	[
		"WX00041916-0004",
		"1000"
	],
	[
		"WX00081081",
		"1000"
	],
	[
		"WX00073671-0002",
		"1000"
	],
	[
		"WX00081082",
		"1000"
	],
	[
		"WX00081082-0001",
		"1000"
	],
	[
		"WX00081082-0002",
		"1000"
	],
	[
		"WX00081082-0003",
		"1000"
	],
	[
		"WX00081082-0004",
		"415"
	],
	[
		"505011-0001",
		"1000"
	],
	[
		"WX00073671-0003",
		"1000"
	],
	[
		"WX00073671-0004",
		"1000"
	],
	[
		"WX00073671-0005",
		"1000"
	],
	[
		"WX00073671-0006",
		"1000"
	],
	[
		"WX00073671-0007",
		"1000"
	],
	[
		"WX00073671-0008",
		"1000"
	],
	[
		"WX00073671-0009",
		"1000"
	],
	[
		"WX00073671-0010",
		"1000"
	],
	[
		"WX00073671-0011",
		"1000"
	],
	[
		"WX00073671-0012",
		"1000"
	],
	[
		"WX00073671-0013",
		"1000"
	],
	[
		"WX00073671-0014",
		"1000"
	],
	[
		"WX00073671-0015",
		"1000"
	],
	[
		"WX00073671-0016",
		"1000"
	],
	[
		"WX00073671-0017",
		"1000"
	],
	[
		"WX00073671-0018",
		"393"
	],
	[
		"512583",
		"500"
	],
	[
		"937136",
		"1000"
	],
	[
		"937136-0001",
		"1000"
	],
	[
		"505011-0002",
		"960"
	],
	[
		"WX00081090",
		"200"
	],
	[
		"517730",
		"1000"
	],
	[
		"517730-0001",
		"1000"
	],
	[
		"517730-0002",
		"100"
	],
	[
		"960372",
		"446"
	],
	[
		"WX00001099",
		"200"
	],
	[
		"WX00003237",
		"1000"
	],
	[
		"WX00003237-0001",
		"1000"
	],
	[
		"WX00003237-0002",
		"1000"
	],
	[
		"WX00003237-0003",
		"1000"
	],
	[
		"WX00003237-0004",
		"200"
	],
	[
		"WX00012836",
		"1000"
	],
	[
		"951322",
		"1000"
	],
	[
		"WX00013682",
		"200"
	],
	[
		"WX00016556",
		"500"
	],
	[
		"WX00030630",
		"1000"
	],
	[
		"509779",
		"98"
	],
	[
		"WX00040408",
		"1000"
	],
	[
		"WX00040408-0001",
		"1000"
	],
	[
		"WX00040408-0002",
		"1000"
	],
	[
		"WX00040408-0003",
		"1000"
	],
	[
		"WX00040408-0004",
		"1000"
	],
	[
		"WX00040408-0005",
		"1000"
	],
	[
		"WX00040408-0006",
		"1000"
	],
	[
		"WX00040408-0007",
		"1000"
	],
	[
		"WX00040408-0008",
		"1000"
	],
	[
		"WX00040408-0009",
		"1000"
	],
	[
		"WX00040408-0010",
		"500"
	],
	[
		"WX00044732",
		"1000"
	],
	[
		"953222",
		"1000"
	],
	[
		"WX00060987",
		"200"
	],
	[
		"WX00077146",
		"715"
	],
	[
		"953222-0001",
		"1000"
	],
	[
		"WX00079656",
		"200"
	],
	[
		"953222-0002",
		"381"
	],
	[
		"WX00041916",
		"1000"
	],
	[
		"WX00041916-0001",
		"1000"
	],
	[
		"WX00041916-0002",
		"1000"
	],
	[
		"WX00041916-0003",
		"150"
	],
	[
		"WX00077154",
		"1000"
	],
	[
		"WX00077154-0001",
		"1000"
	],
	[
		"953282",
		"1000"
	],
	[
		"953282-0001",
		"1000"
	],
	[
		"902588",
		"1000"
	],
	[
		"902588-0001",
		"1000"
	],
	[
		"902588-0002",
		"1000"
	],
	[
		"902588-0003",
		"1000"
	],
	[
		"902588-0004",
		"1000"
	],
	[
		"902588-0005",
		"1000"
	],
	[
		"902588-0006",
		"1000"
	],
	[
		"902588-0007",
		"1000"
	],
	[
		"902588-0008",
		"1000"
	],
	[
		"902588-0009",
		"1000"
	],
	[
		"902588-0010",
		"1000"
	],
	[
		"902588-0011",
		"1000"
	],
	[
		"902588-0012",
		"1000"
	],
	[
		"902588-0013",
		"1000"
	],
	[
		"902588-0014",
		"1000"
	],
	[
		"902588-0015",
		"1000"
	],
	[
		"902588-0016",
		"1000"
	],
	[
		"902588-0017",
		"1000"
	],
	[
		"902588-0018",
		"1000"
	],
	[
		"902588-0019",
		"1000"
	],
	[
		"902588-0020",
		"1000"
	],
	[
		"902588-0021",
		"600"
	],
	[
		"953277",
		"1000"
	],
	[
		"953277-0001",
		"1000"
	],
	[
		"953277-0002",
		"1000"
	],
	[
		"953277-0003",
		"1000"
	],
	[
		"953277-0004",
		"1000"
	],
	[
		"953277-0005",
		"1000"
	],
	[
		"953277-0006",
		"1000"
	],
	[
		"953277-0007",
		"1000"
	],
	[
		"953277-0008",
		"1000"
	],
	[
		"953277-0009",
		"1000"
	],
	[
		"953282-0002",
		"1000"
	],
	[
		"953278",
		"1000"
	],
	[
		"953278-0001",
		"1000"
	],
	[
		"953278-0002",
		"1000"
	],
	[
		"953278-0003",
		"1000"
	],
	[
		"953278-0004",
		"1000"
	],
	[
		"953278-0005",
		"1000"
	],
	[
		"953278-0006",
		"1000"
	],
	[
		"953278-0007",
		"1000"
	],
	[
		"953278-0008",
		"1000"
	],
	[
		"953278-0009",
		"1000"
	],
	[
		"953282-0003",
		"1000"
	],
	[
		"953279",
		"1000"
	],
	[
		"953279-0001",
		"1000"
	],
	[
		"953279-0002",
		"1000"
	],
	[
		"953279-0003",
		"1000"
	],
	[
		"953279-0004",
		"1000"
	],
	[
		"953279-0005",
		"1000"
	],
	[
		"953279-0006",
		"1000"
	],
	[
		"953279-0007",
		"1000"
	],
	[
		"953279-0008",
		"1000"
	],
	[
		"953279-0009",
		"1000"
	],
	[
		"951322-0001",
		"1000"
	],
	[
		"953280",
		"1000"
	],
	[
		"953280-0001",
		"1000"
	],
	[
		"953280-0002",
		"400"
	],
	[
		"958505",
		"1000"
	],
	[
		"958505-0001",
		"1000"
	],
	[
		"958505-0002",
		"1000"
	],
	[
		"958505-0003",
		"1000"
	],
	[
		"958505-0004",
		"1000"
	],
	[
		"958505-0005",
		"1000"
	],
	[
		"958505-0006",
		"1000"
	],
	[
		"958505-0007",
		"1000"
	],
	[
		"958505-0008",
		"1000"
	],
	[
		"958505-0009",
		"1000"
	],
	[
		"958505-0010",
		"1000"
	],
	[
		"958505-0011",
		"1000"
	],
	[
		"958505-0012",
		"1000"
	],
	[
		"958505-0013",
		"1000"
	],
	[
		"958505-0014",
		"1000"
	],
	[
		"958505-0015",
		"750"
	],
	[
		"WX00045938",
		"1000"
	],
	[
		"WX00045938-0001",
		"1000"
	],
	[
		"WX00045938-0002",
		"100"
	],
	[
		"WX00052925",
		"1000"
	],
	[
		"957555",
		"863"
	],
	[
		"WX00078739",
		"1000"
	],
	[
		"WX00078739-0001",
		"1000"
	],
	[
		"WX00078739-0002",
		"1000"
	],
	[
		"WX00078739-0003",
		"150"
	],
	[
		"WX00003590",
		"1000"
	],
	[
		"919608",
		"1000"
	],
	[
		"919608-0001",
		"1000"
	],
	[
		"919608-0002",
		"1000"
	],
	[
		"919608-0003",
		"1000"
	],
	[
		"919608-0004",
		"1000"
	],
	[
		"919608-0005",
		"1000"
	],
	[
		"919608-0006",
		"1000"
	],
	[
		"919608-0007",
		"1000"
	],
	[
		"919608-0008",
		"1000"
	],
	[
		"919608-0009",
		"1000"
	],
	[
		"919608-0010",
		"1000"
	],
	[
		"919608-0011",
		"1000"
	],
	[
		"919608-0012",
		"1000"
	],
	[
		"919608-0013",
		"1000"
	],
	[
		"919608-0014",
		"1000"
	],
	[
		"919608-0015",
		"1000"
	],
	[
		"919608-0016",
		"1000"
	],
	[
		"919608-0017",
		"1000"
	],
	[
		"919608-0018",
		"1000"
	],
	[
		"919608-0019",
		"1000"
	],
	[
		"919608-0020",
		"1000"
	],
	[
		"919608-0021",
		"1000"
	],
	[
		"919608-0022",
		"1000"
	],
	[
		"919608-0023",
		"1000"
	],
	[
		"919608-0024",
		"1000"
	],
	[
		"919608-0025",
		"1000"
	],
	[
		"919608-0026",
		"1000"
	],
	[
		"919608-0027",
		"1000"
	],
	[
		"919608-0028",
		"1000"
	],
	[
		"919608-0029",
		"1000"
	],
	[
		"919608-0030",
		"1000"
	],
	[
		"919608-0031",
		"1000"
	],
	[
		"919608-0032",
		"1000"
	],
	[
		"919608-0033",
		"1000"
	],
	[
		"919608-0034",
		"1000"
	],
	[
		"919608-0035",
		"1000"
	],
	[
		"919608-0036",
		"1000"
	],
	[
		"919608-0037",
		"1000"
	],
	[
		"919608-0038",
		"1000"
	],
	[
		"919608-0039",
		"1000"
	],
	[
		"919608-0040",
		"1000"
	],
	[
		"919608-0041",
		"1000"
	],
	[
		"919608-0042",
		"1000"
	],
	[
		"919608-0043",
		"1000"
	],
	[
		"919608-0044",
		"1000"
	],
	[
		"919608-0045",
		"1000"
	],
	[
		"919608-0046",
		"1000"
	],
	[
		"919608-0047",
		"1000"
	],
	[
		"919608-0048",
		"1000"
	],
	[
		"919608-0049",
		"1000"
	],
	[
		"919608-0050",
		"1000"
	],
	[
		"919608-0051",
		"1000"
	],
	[
		"919608-0052",
		"1000"
	],
	[
		"919608-0053",
		"1000"
	],
	[
		"919608-0054",
		"1000"
	],
	[
		"919608-0055",
		"1000"
	],
	[
		"919608-0056",
		"1000"
	],
	[
		"919608-0057",
		"1000"
	],
	[
		"919608-0058",
		"1000"
	],
	[
		"919608-0059",
		"1000"
	],
	[
		"919608-0060",
		"1000"
	],
	[
		"919608-0061",
		"1000"
	],
	[
		"919608-0062",
		"1000"
	],
	[
		"919608-0063",
		"1000"
	],
	[
		"919608-0064",
		"1000"
	],
	[
		"919608-0065",
		"1000"
	],
	[
		"919608-0066",
		"1000"
	],
	[
		"919608-0067",
		"1000"
	],
	[
		"919608-0068",
		"1000"
	],
	[
		"919608-0069",
		"1000"
	],
	[
		"919608-0070",
		"1000"
	],
	[
		"919608-0071",
		"1000"
	],
	[
		"919608-0072",
		"1000"
	],
	[
		"919608-0073",
		"1000"
	],
	[
		"919608-0074",
		"365"
	],
	[
		"935366",
		"435"
	],
	[
		"939058",
		"1000"
	],
	[
		"939058-0001",
		"1000"
	],
	[
		"939058-0002",
		"100"
	],
	[
		"953281",
		"500"
	],
	[
		"959166",
		"1000"
	],
	[
		"959166-0001",
		"1000"
	],
	[
		"959166-0002",
		"1000"
	],
	[
		"959166-0003",
		"1000"
	],
	[
		"959166-0004",
		"1000"
	],
	[
		"959166-0005",
		"1000"
	],
	[
		"959166-0006",
		"1000"
	],
	[
		"959166-0007",
		"168"
	],
	[
		"WX00003590-0001",
		"969"
	],
	[
		"951322-0002",
		"1000"
	],
	[
		"WX00011344",
		"190"
	],
	[
		"WX00002954",
		"23"
	],
	[
		"WX00014797",
		"1000"
	],
	[
		"WX00014797-0001",
		"1000"
	],
	[
		"WX00014797-0002",
		"100"
	],
	[
		"WX00056904",
		"59"
	],
	[
		"WX00077094",
		"50"
	],
	[
		"517727",
		"1000"
	],
	[
		"958392",
		"1000"
	],
	[
		"958392-0001",
		"1000"
	],
	[
		"958392-0002",
		"1000"
	],
	[
		"958392-0003",
		"1000"
	],
	[
		"958392-0004",
		"1000"
	],
	[
		"958392-0005",
		"1000"
	],
	[
		"958392-0006",
		"1000"
	],
	[
		"958392-0007",
		"599"
	],
	[
		"WX00041916-0005",
		"1000"
	],
	[
		"928775",
		"1000"
	],
	[
		"928775-0001",
		"715"
	],
	[
		"958656",
		"1000"
	],
	[
		"958656-0001",
		"1000"
	],
	[
		"WX00038767",
		"1000"
	],
	[
		"WX00004703",
		"253"
	],
	[
		"WX00038767-0001",
		"1000"
	],
	[
		"WX00034409",
		"17"
	],
	[
		"WX00046151",
		"1000"
	],
	[
		"WX00046151-0001",
		"294"
	],
	[
		"951322-0003",
		"1000"
	],
	[
		"WX00065543",
		"1000"
	],
	[
		"WX00065543-0001",
		"426"
	],
	[
		"WX00066418",
		"408"
	],
	[
		"WX00068896",
		"605"
	],
	[
		"WX00071321",
		"1000"
	],
	[
		"WX00071321-0001",
		"1000"
	],
	[
		"WX00071321-0002",
		"1000"
	],
	[
		"WX00071321-0003",
		"150"
	],
	[
		"WX00081123",
		"1000"
	],
	[
		"WX00081123-0001",
		"759"
	],
	[
		"951322-0004",
		"1000"
	],
	[
		"951322-0005",
		"1000"
	],
	[
		"951322-0006",
		"1000"
	],
	[
		"WX00071518",
		"59"
	],
	[
		"517727-0001",
		"1000"
	],
	[
		"WX00081131",
		"1000"
	],
	[
		"WX00081131-0001",
		"370"
	],
	[
		"951322-0007",
		"1000"
	],
	[
		"951322-0008",
		"1000"
	],
	[
		"951322-0009",
		"1000"
	],
	[
		"951322-0010",
		"1000"
	],
	[
		"951322-0011",
		"1000"
	],
	[
		"951322-0012",
		"1000"
	],
	[
		"WX00081135",
		"31"
	],
	[
		"WX00079668",
		"110"
	],
	[
		"951322-0013",
		"1000"
	],
	[
		"WX00081144",
		"362"
	],
	[
		"WX00081146",
		"219"
	],
	[
		"951322-0014",
		"1000"
	],
	[
		"WX00081151",
		"76"
	],
	[
		"WX00081152",
		"1000"
	],
	[
		"WX00081152-0001",
		"362"
	],
	[
		"951322-0015",
		"1000"
	],
	[
		"951322-0016",
		"1000"
	],
	[
		"951322-0017",
		"1000"
	],
	[
		"951322-0018",
		"1000"
	],
	[
		"951322-0019",
		"1000"
	],
	[
		"951322-0020",
		"1000"
	],
	[
		"951322-0021",
		"600"
	],
	[
		"953296",
		"1000"
	],
	[
		"953296-0001",
		"1000"
	],
	[
		"953296-0002",
		"127"
	],
	[
		"935129",
		"1000"
	],
	[
		"935129-0001",
		"1000"
	],
	[
		"935129-0002",
		"1000"
	],
	[
		"935129-0003",
		"1000"
	],
	[
		"935129-0004",
		"1000"
	],
	[
		"935129-0005",
		"1000"
	],
	[
		"935129-0006",
		"1000"
	],
	[
		"935129-0007",
		"1000"
	],
	[
		"935129-0008",
		"924"
	],
	[
		"937136-0002",
		"898"
	],
	[
		"939715",
		"569"
	],
	[
		"953322",
		"1000"
	],
	[
		"953322-0001",
		"1000"
	],
	[
		"953322-0002",
		"1000"
	],
	[
		"953322-0003",
		"1000"
	],
	[
		"953322-0004",
		"1000"
	],
	[
		"953322-0005",
		"1000"
	],
	[
		"953322-0006",
		"1000"
	],
	[
		"953322-0007",
		"1000"
	],
	[
		"953322-0008",
		"1000"
	],
	[
		"953322-0009",
		"1000"
	],
	[
		"953322-0010",
		"1000"
	],
	[
		"953322-0011",
		"1000"
	],
	[
		"953322-0012",
		"1000"
	],
	[
		"953322-0013",
		"429"
	],
	[
		"WX00049385-0003",
		"1000"
	],
	[
		"WX00049385-0004",
		"1000"
	],
	[
		"WX00011541",
		"395"
	],
	[
		"WX00015005",
		"789"
	],
	[
		"960371",
		"1000"
	],
	[
		"WX00017168",
		"1000"
	],
	[
		"WX00017168-0001",
		"43"
	],
	[
		"960371-0001",
		"942"
	],
	[
		"WX00021722",
		"198"
	],
	[
		"WX00024865",
		"166"
	],
	[
		"WX00063379",
		"200"
	],
	[
		"WX00031416",
		"1000"
	],
	[
		"WX00031416-0001",
		"1000"
	],
	[
		"WX00031416-0002",
		"103"
	],
	[
		"WX00064732",
		"200"
	],
	[
		"WX00056763",
		"1000"
	],
	[
		"WX00056763-0001",
		"1000"
	],
	[
		"WX00056763-0002",
		"1000"
	],
	[
		"WX00056763-0003",
		"1000"
	],
	[
		"WX00056763-0004",
		"724"
	],
	[
		"WX00067816",
		"1000"
	],
	[
		"WX00067946",
		"1000"
	],
	[
		"WX00067946-0001",
		"1000"
	],
	[
		"WX00067816-0001",
		"1000"
	],
	[
		"WX00074691",
		"644"
	],
	[
		"WX00078656",
		"1000"
	],
	[
		"WX00078656-0001",
		"1000"
	],
	[
		"WX00067816-0002",
		"1000"
	],
	[
		"WX00081156",
		"1000"
	],
	[
		"WX00081156-0001",
		"1000"
	],
	[
		"WX00081156-0002",
		"1000"
	],
	[
		"WX00081156-0003",
		"864"
	],
	[
		"WX00067816-0003",
		"1000"
	],
	[
		"WX00067816-0004",
		"1000"
	],
	[
		"WX00081157",
		"1000"
	],
	[
		"WX00081157-0001",
		"7"
	],
	[
		"WX00067816-0005",
		"743"
	],
	[
		"WX00005044",
		"50"
	],
	[
		"WX00010731",
		"331"
	],
	[
		"WX00081159",
		"274"
	],
	[
		"WX00021242",
		"101"
	],
	[
		"WX00081160",
		"246"
	],
	[
		"WX00049385-0005",
		"646"
	],
	[
		"WX00029262",
		"291"
	],
	[
		"517370",
		"1000"
	],
	[
		"958355",
		"1000"
	],
	[
		"WX00006981",
		"200"
	],
	[
		"WX00011338",
		"1000"
	],
	[
		"WX00007482",
		"200"
	],
	[
		"WX00012928",
		"500"
	],
	[
		"WX00022211",
		"500"
	],
	[
		"WX00034405",
		"500"
	],
	[
		"WX00036710",
		"200"
	],
	[
		"WX00042428",
		"1000"
	],
	[
		"WX00042428-0001",
		"1000"
	],
	[
		"WX00042428-0002",
		"100"
	],
	[
		"WX00044605",
		"200"
	],
	[
		"WX00046653",
		"200"
	],
	[
		"WX00053626",
		"500"
	],
	[
		"WX00067995",
		"200"
	],
	[
		"WX00069370",
		"200"
	],
	[
		"WX00070698",
		"1000"
	],
	[
		"WX00070698-0001",
		"678"
	],
	[
		"958355-0001",
		"1000"
	],
	[
		"WX00080709",
		"1000"
	],
	[
		"WX00080709-0001",
		"1000"
	],
	[
		"WX00080709-0002",
		"100"
	],
	[
		"WX00081164",
		"1000"
	],
	[
		"WX00081164-0001",
		"1000"
	],
	[
		"WX00081164-0002",
		"1000"
	],
	[
		"WX00081164-0003",
		"1000"
	],
	[
		"WX00081164-0004",
		"1000"
	],
	[
		"WX00081164-0005",
		"1000"
	],
	[
		"WX00081164-0006",
		"1000"
	],
	[
		"WX00081164-0007",
		"1000"
	],
	[
		"WX00081164-0008",
		"1000"
	],
	[
		"WX00081164-0009",
		"1000"
	],
	[
		"WX00081164-0010",
		"500"
	],
	[
		"WX00081167",
		"200"
	],
	[
		"WX00081168",
		"200"
	],
	[
		"WX00081174",
		"1000"
	],
	[
		"WX00081174-0001",
		"1000"
	],
	[
		"WX00081174-0002",
		"1000"
	],
	[
		"WX00081174-0003",
		"150"
	],
	[
		"WX00012522",
		"1000"
	],
	[
		"WX00012522-0001",
		"1000"
	],
	[
		"WX00012522-0002",
		"100"
	],
	[
		"903297",
		"1000"
	],
	[
		"903297-0001",
		"1000"
	],
	[
		"903620",
		"1000"
	],
	[
		"958355-0002",
		"1000"
	],
	[
		"903621",
		"1000"
	],
	[
		"939978",
		"1000"
	],
	[
		"903622",
		"1000"
	],
	[
		"939978-0001",
		"1000"
	],
	[
		"903623",
		"1000"
	],
	[
		"939978-0002",
		"1000"
	],
	[
		"903625",
		"1000"
	],
	[
		"939978-0003",
		"1000"
	],
	[
		"903626",
		"1000"
	],
	[
		"939978-0004",
		"1000"
	],
	[
		"903627",
		"1000"
	],
	[
		"939978-0005",
		"1000"
	],
	[
		"903628",
		"1000"
	],
	[
		"939978-0006",
		"1000"
	],
	[
		"903629",
		"1000"
	],
	[
		"939978-0007",
		"233"
	],
	[
		"903630",
		"1000"
	],
	[
		"960373",
		"275"
	],
	[
		"903631",
		"1000"
	],
	[
		"WX00025525",
		"183"
	],
	[
		"903632",
		"1000"
	],
	[
		"WX00078950-0001",
		"829"
	],
	[
		"903633",
		"1000"
	],
	[
		"WX00076586",
		"101"
	],
	[
		"903635",
		"1000"
	],
	[
		"WX00078379",
		"101"
	],
	[
		"903636",
		"1000"
	],
	[
		"958355-0003",
		"1000"
	],
	[
		"903637",
		"1000"
	],
	[
		"WX00078820",
		"12"
	],
	[
		"903638",
		"1000"
	],
	[
		"WX00079585",
		"1000"
	],
	[
		"903639",
		"1000"
	],
	[
		"WX00079585-0001",
		"1000"
	],
	[
		"903650",
		"1000"
	],
	[
		"958355-0004",
		"1000"
	],
	[
		"903651",
		"1000"
	],
	[
		"WX00080165",
		"101"
	],
	[
		"903652",
		"1000"
	],
	[
		"WX00081187",
		"559"
	],
	[
		"903666",
		"600"
	],
	[
		"959772",
		"707"
	],
	[
		"WX00007057",
		"12"
	],
	[
		"WX00017212",
		"1000"
	],
	[
		"WX00017212-0001",
		"1000"
	],
	[
		"WX00017212-0002",
		"1000"
	],
	[
		"WX00017212-0003",
		"1000"
	],
	[
		"WX00017212-0004",
		"1000"
	],
	[
		"WX00017212-0005",
		"1000"
	],
	[
		"WX00017212-0006",
		"1000"
	],
	[
		"WX00017212-0007",
		"1000"
	],
	[
		"WX00017212-0008",
		"1000"
	],
	[
		"WX00017212-0009",
		"1000"
	],
	[
		"WX00017212-0010",
		"1000"
	],
	[
		"WX00017212-0011",
		"1000"
	],
	[
		"WX00017212-0012",
		"1000"
	],
	[
		"WX00017212-0013",
		"1000"
	],
	[
		"WX00017212-0014",
		"1000"
	],
	[
		"WX00017212-0015",
		"1000"
	],
	[
		"WX00017212-0016",
		"1000"
	],
	[
		"WX00017212-0017",
		"1000"
	],
	[
		"WX00017212-0018",
		"1000"
	],
	[
		"WX00017212-0019",
		"1000"
	],
	[
		"WX00017212-0020",
		"1000"
	],
	[
		"515209",
		"587"
	],
	[
		"WX00034268",
		"77"
	],
	[
		"WX00043722",
		"401"
	],
	[
		"WX00064515",
		"181"
	],
	[
		"WX00065039",
		"1000"
	],
	[
		"958355-0005",
		"1000"
	],
	[
		"WX00081182",
		"1000"
	],
	[
		"WX00081182-0001",
		"370"
	],
	[
		"958355-0006",
		"1000"
	],
	[
		"958355-0007",
		"1000"
	],
	[
		"958355-0008",
		"1000"
	],
	[
		"958355-0009",
		"1000"
	],
	[
		"958355-0010",
		"1000"
	],
	[
		"958355-0011",
		"1000"
	],
	[
		"WX00081184",
		"200"
	],
	[
		"958355-0012",
		"1000"
	],
	[
		"958355-0013",
		"1000"
	],
	[
		"958355-0014",
		"1000"
	],
	[
		"958355-0015",
		"1000"
	],
	[
		"958355-0016",
		"1000"
	],
	[
		"958355-0017",
		"1000"
	],
	[
		"958355-0018",
		"1000"
	],
	[
		"958355-0019",
		"1000"
	],
	[
		"958355-0020",
		"1000"
	],
	[
		"958355-0021",
		"600"
	],
	[
		"WX00006249",
		"1000"
	],
	[
		"517370-0001",
		"1000"
	],
	[
		"WX00009114",
		"400"
	],
	[
		"WX00037538",
		"1000"
	],
	[
		"517370-0002",
		"1000"
	],
	[
		"WX00043759",
		"500"
	],
	[
		"WX00046593",
		"1000"
	],
	[
		"WX00046593-0001",
		"1000"
	],
	[
		"WX00046593-0002",
		"1000"
	],
	[
		"WX00046593-0003",
		"150"
	],
	[
		"WX00069308",
		"1000"
	],
	[
		"WX00069308-0001",
		"1000"
	],
	[
		"WX00069308-0002",
		"110"
	],
	[
		"517370-0003",
		"236"
	],
	[
		"517731",
		"1000"
	],
	[
		"517731-0001",
		"1000"
	],
	[
		"517731-0002",
		"310"
	],
	[
		"517732",
		"500"
	],
	[
		"WX00052489",
		"200"
	],
	[
		"WX00063039",
		"1000"
	],
	[
		"WX00063039-0001",
		"1000"
	],
	[
		"WX00063039-0002",
		"100"
	],
	[
		"WX00065671",
		"1000"
	],
	[
		"WX00065671-0001",
		"210"
	],
	[
		"WX00067486",
		"400"
	],
	[
		"WX00071660",
		"500"
	],
	[
		"WX00074081",
		"1000"
	],
	[
		"WX00074081-0001",
		"1000"
	],
	[
		"WX00074081-0002",
		"1000"
	],
	[
		"WX00074081-0003",
		"1000"
	],
	[
		"WX00074081-0004",
		"200"
	],
	[
		"WX00076739",
		"200"
	],
	[
		"WX00078383",
		"200"
	],
	[
		"WX00081201",
		"200"
	],
	[
		"517596",
		"500"
	],
	[
		"517670",
		"1000"
	],
	[
		"517670-0001",
		"1000"
	],
	[
		"517670-0002",
		"1000"
	],
	[
		"517670-0003",
		"150"
	],
	[
		"517733",
		"1000"
	],
	[
		"517733-0001",
		"1000"
	],
	[
		"517729",
		"1000"
	],
	[
		"959597",
		"1000"
	],
	[
		"959597-0001",
		"1000"
	],
	[
		"959597-0002",
		"1000"
	],
	[
		"959597-0003",
		"1000"
	],
	[
		"959597-0004",
		"1000"
	],
	[
		"959597-0005",
		"1000"
	],
	[
		"959597-0006",
		"1000"
	],
	[
		"959597-0007",
		"1000"
	],
	[
		"959597-0008",
		"1000"
	],
	[
		"959597-0009",
		"1000"
	],
	[
		"959597-0010",
		"500"
	],
	[
		"WX00001580",
		"1000"
	],
	[
		"WX00001580-0001",
		"1000"
	],
	[
		"WX00001580-0002",
		"52"
	],
	[
		"WX00002591",
		"1000"
	],
	[
		"WX00002591-0001",
		"1000"
	],
	[
		"WX00002591-0002",
		"1000"
	],
	[
		"WX00002591-0003",
		"1000"
	],
	[
		"WX00002591-0004",
		"1000"
	],
	[
		"WX00002591-0005",
		"250"
	],
	[
		"WX00007824",
		"400"
	],
	[
		"517729-0001",
		"100"
	],
	[
		"WX00007077",
		"1000"
	],
	[
		"WX00068578",
		"1000"
	],
	[
		"WX00019987",
		"400"
	],
	[
		"WX00036250",
		"1000"
	],
	[
		"WX00036250-0001",
		"1000"
	],
	[
		"WX00036250-0002",
		"1000"
	],
	[
		"WX00036250-0003",
		"1000"
	],
	[
		"WX00036250-0004",
		"1000"
	],
	[
		"WX00036250-0005",
		"1000"
	],
	[
		"WX00036250-0006",
		"1000"
	],
	[
		"WX00036250-0007",
		"1000"
	],
	[
		"WX00036250-0008",
		"1000"
	],
	[
		"WX00036250-0009",
		"1000"
	],
	[
		"WX00036250-0010",
		"1000"
	],
	[
		"WX00036250-0011",
		"1000"
	],
	[
		"WX00036250-0012",
		"1000"
	],
	[
		"WX00036250-0013",
		"1000"
	],
	[
		"WX00036250-0014",
		"1000"
	],
	[
		"WX00036250-0015",
		"1000"
	],
	[
		"WX00036250-0016",
		"1000"
	],
	[
		"WX00036250-0017",
		"1000"
	],
	[
		"WX00036250-0018",
		"1000"
	],
	[
		"WX00036250-0019",
		"1000"
	],
	[
		"WX00036250-0020",
		"1000"
	],
	[
		"WX00036250-0021",
		"600"
	],
	[
		"WX00051515",
		"500"
	],
	[
		"WX00068578-0001",
		"1000"
	],
	[
		"517593",
		"1000"
	],
	[
		"517593-0001",
		"1000"
	],
	[
		"517593-0002",
		"100"
	],
	[
		"WX00001082",
		"200"
	],
	[
		"WX00002724",
		"1000"
	],
	[
		"WX00068578-0002",
		"18"
	],
	[
		"WX00005431",
		"1000"
	],
	[
		"WX00005431-0001",
		"1000"
	],
	[
		"WX00005431-0002",
		"49"
	],
	[
		"WX00018771",
		"1000"
	],
	[
		"WX00018771-0001",
		"1000"
	],
	[
		"WX00018771-0002",
		"1000"
	],
	[
		"WX00018771-0003",
		"150"
	],
	[
		"WX00024044",
		"400"
	],
	[
		"WX00024067",
		"1000"
	],
	[
		"WX00021440",
		"34"
	],
	[
		"WX00030015",
		"400"
	],
	[
		"WX00033517",
		"200"
	],
	[
		"WX00046522",
		"1000"
	],
	[
		"517729-0002",
		"1000"
	],
	[
		"WX00049385",
		"1000"
	],
	[
		"WX00049385-0001",
		"1000"
	],
	[
		"WX00049385-0002",
		"100"
	],
	[
		"WX00052350",
		"200"
	],
	[
		"WX00077501",
		"200"
	],
	[
		"WX00078424",
		"200"
	],
	[
		"WX00078950",
		"200"
	],
	[
		"WX00081240",
		"1000"
	],
	[
		"WX00081240-0001",
		"1000"
	],
	[
		"WX00081240-0002",
		"100"
	],
	[
		"WX00081246",
		"200"
	],
	[
		"517729-0003",
		"1000"
	],
	[
		"517729-0004",
		"840"
	],
	[
		"939058-0003",
		"1000"
	],
	[
		"939058-0004",
		"1000"
	],
	[
		"939058-0005",
		"1000"
	],
	[
		"WX00080020-0002",
		"100"
	],
	[
		"WX00080020-0003",
		"1000"
	],
	[
		"WX00080020-0004",
		"40"
	],
	[
		"WX00025937",
		"484"
	],
	[
		"WX00032253",
		"3"
	],
	[
		"WX00062460",
		"101"
	],
	[
		"WX00074127",
		"9"
	],
	[
		"WX00081251",
		"1000"
	],
	[
		"WX00038578",
		"1000"
	],
	[
		"506336",
		"1000"
	],
	[
		"WX00040166",
		"110"
	],
	[
		"WX00081258",
		"124"
	],
	[
		"WX00058329",
		"95"
	],
	[
		"WX00081263",
		"1000"
	],
	[
		"WX00081263-0001",
		"1000"
	],
	[
		"WX00081263-0002",
		"1000"
	],
	[
		"WX00081263-0003",
		"1000"
	],
	[
		"WX00081263-0004",
		"1000"
	],
	[
		"WX00081263-0005",
		"250"
	],
	[
		"506336-0001",
		"298"
	],
	[
		"956872",
		"1000"
	],
	[
		"956872-0001",
		"1000"
	],
	[
		"956872-0002",
		"688"
	],
	[
		"957889",
		"1000"
	],
	[
		"903612",
		"1000"
	],
	[
		"957890",
		"1000"
	],
	[
		"903612-0001",
		"600"
	],
	[
		"957891",
		"1000"
	],
	[
		"903613",
		"1000"
	],
	[
		"960079",
		"1000"
	],
	[
		"960079-0001",
		"118"
	],
	[
		"903613-0001",
		"1000"
	],
	[
		"960238",
		"1000"
	],
	[
		"960238-0001",
		"1000"
	],
	[
		"960238-0002",
		"100"
	],
	[
		"WX00002406",
		"6"
	],
	[
		"WX00003167",
		"218"
	],
	[
		"WX00067572",
		"1000"
	],
	[
		"903613-0002",
		"1000"
	],
	[
		"903613-0003",
		"1000"
	],
	[
		"903613-0004",
		"1000"
	],
	[
		"WX00078559",
		"1000"
	],
	[
		"WX00078559-0001",
		"1000"
	],
	[
		"WX00078559-0002",
		"1000"
	],
	[
		"WX00078559-0003",
		"1000"
	],
	[
		"WX00078559-0004",
		"1000"
	],
	[
		"WX00078559-0005",
		"1000"
	],
	[
		"WX00078559-0006",
		"1000"
	],
	[
		"WX00078559-0007",
		"1000"
	],
	[
		"WX00078559-0008",
		"212"
	],
	[
		"903615",
		"1000"
	],
	[
		"WX00079102",
		"698"
	],
	[
		"903615-0001",
		"1000"
	],
	[
		"903615-0002",
		"1000"
	],
	[
		"903615-0003",
		"1000"
	],
	[
		"903615-0004",
		"1000"
	],
	[
		"WX00081295",
		"1000"
	],
	[
		"WX00081295-0001",
		"1000"
	],
	[
		"WX00081295-0002",
		"1000"
	],
	[
		"WX00081295-0003",
		"1000"
	],
	[
		"WX00081295-0004",
		"1000"
	],
	[
		"WX00081295-0005",
		"250"
	],
	[
		"WX00081296",
		"24"
	],
	[
		"903616",
		"1000"
	],
	[
		"903616-0001",
		"1000"
	],
	[
		"903616-0002",
		"1000"
	],
	[
		"903616-0003",
		"1000"
	],
	[
		"903616-0004",
		"1000"
	],
	[
		"903617",
		"1000"
	],
	[
		"903617-0001",
		"1000"
	],
	[
		"903617-0002",
		"1000"
	],
	[
		"903617-0003",
		"1000"
	],
	[
		"903617-0004",
		"1000"
	]
]
[2022/11/21 8:32:18][INFO][流程块.task][119] [
	[
		"",
		"901705",
		"",
		"",
		"贺中平",
		"",
		"百纳会员/百纳银",
		"",
		"",
		"微信在线",
		"500",
		"",
		"543",
		"WEB",
		" ",
		"2022-11-20 00:00:00",
		2.53888888888889,
		""
	],
	[
		"",
		"950571",
		"",
		"",
		"丁女士",
		"",
		"百纳会员/百纳银",
		"",
		"",
		"人民币现",
		"10000",
		"",
		"10000",
		"HY001",
		"张伟松充值:",
		"2022-11-20 00:00:00",
		2.79722222222222,
		""
	],
	[
		"",
		"950571",
		"",
		"",
		"丁女士",
		"",
		"百纳会员/百纳银",
		"",
		"",
		"储值卡赠",
		"",
		"500",
		"10500",
		"HY001",
		"百纳银卡充值",
		"2022-11-20 00:00:00",
		2.79722222222222,
		""
	],
	[
		"",
		"WX00011343",
		"",
		"",
		"Lawson",
		"",
		"微信会员/微信会",
		"",
		"",
		"微信在线",
		"500",
		"",
		"525",
		"WEB",
		" ",
		"2022-11-20 00:00:00",
		2.54930555555556,
		""
	],
	[
		"",
		"WX00012191",
		"",
		"",
		"陈松",
		"",
		"微信会员/微信银",
		"",
		"",
		"微信在线",
		"2000",
		"",
		"4599",
		"WEB",
		" ",
		"2022-11-20 00:00:00",
		2.80902777777778,
		""
	],
	[
		"",
		"WX00012191",
		"",
		"",
		"陈松",
		"",
		"微信会员/微信银",
		"",
		"",
		"储值卡赠",
		"",
		"100",
		"4699",
		"WEB",
		"微信返现2K-",
		"2022-11-20 00:00:00",
		2.80902777777778,
		""
	],
	[
		"",
		"WX00016758",
		"",
		"",
		"芝",
		"",
		"微信会员/微信会",
		"",
		"",
		"微信在线",
		"2000",
		"",
		"2384",
		"WEB",
		" ",
		"2022-11-20 00:00:00",
		2.47638888888889,
		""
	],
	[
		"",
		"WX00016758",
		"",
		"",
		"芝",
		"",
		"微信会员/微信会",
		"",
		"",
		"储值卡赠",
		"",
		"100",
		"2484",
		"WEB",
		"微信返现2K-",
		"2022-11-20 00:00:00",
		2.47638888888889,
		""
	],
	[
		"",
		"WX00023319",
		"",
		"",
		"刘桐",
		"",
		"微信会员/微信银",
		"",
		"",
		"微信在线",
		"2000",
		"",
		"2499",
		"WEB",
		" ",
		"2022-11-20 00:00:00",
		2.44236111111111,
		""
	],
	[
		"",
		"WX00023319",
		"",
		"",
		"刘桐",
		"",
		"微信会员/微信银",
		"",
		"",
		"储值卡赠",
		"",
		"100",
		"2599",
		"WEB",
		"微信返现2K-",
		"2022-11-20 00:00:00",
		2.44236111111111,
		""
	],
	[
		"",
		"WX00023495",
		"",
		"",
		"小樵",
		"",
		"微信会员/微信银",
		"",
		"",
		"微信在线",
		"5000",
		"",
		"5000",
		"WEB",
		" ",
		"2022-11-20 00:00:00",
		2.82083333333333,
		""
	],
	[
		"",
		"WX00023495",
		"",
		"",
		"小樵",
		"",
		"微信会员/微信银",
		"",
		"",
		"储值卡赠",
		"",
		"250",
		"5250",
		"WEB",
		"微信返现2K-",
		"2022-11-20 00:00:00",
		2.82083333333333,
		""
	],
	[
		"",
		"WX00023495",
		"",
		"",
		"小樵",
		"",
		"微信会员/微信银",
		"",
		"",
		"微信在线",
		"2000",
		"",
		"7250",
		"WEB",
		" ",
		"2022-11-20 00:00:00",
		2.82083333333333,
		""
	],
	[
		"",
		"WX00023495",
		"",
		"",
		"小樵",
		"",
		"微信会员/微信银",
		"",
		"",
		"储值卡赠",
		"",
		"100",
		"7350",
		"WEB",
		"微信返现2K-",
		"2022-11-20 00:00:00",
		2.82083333333333,
		""
	],
	[
		"",
		"WX00028282",
		"",
		"",
		"谢秀琴",
		"",
		"微信会员/微信会",
		"",
		"",
		"微信在线",
		"200",
		"",
		"242",
		"WEB",
		" ",
		"2022-11-20 00:00:00",
		2.50416666666667,
		""
	],
	[
		"",
		"WX00037609",
		"",
		"",
		"牟凤娇",
		"",
		"微信会员/微信会",
		"",
		"",
		"微信在线",
		"200",
		"",
		"325",
		"WEB",
		" ",
		"2022-11-20 00:00:00",
		2.81388888888889,
		""
	],
	[
		"",
		"WX00040789",
		"",
		"",
		"吴峰",
		"",
		"微信会员/微信会",
		"",
		"",
		"微信在线",
		"3000",
		"",
		"3000",
		"WEB",
		" ",
		"2022-11-20 00:00:00",
		2.5875,
		""
	],
	[
		"",
		"WX00040789",
		"",
		"",
		"吴峰",
		"",
		"微信会员/微信会",
		"",
		"",
		"储值卡赠",
		"",
		"150",
		"3150",
		"WEB",
		"微信返现2K-",
		"2022-11-20 00:00:00",
		2.5875,
		""
	],
	[
		"",
		"WX00045390",
		"",
		"",
		"John",
		"",
		"微信会员/微信会",
		"",
		"",
		"微信在线",
		"1000",
		"",
		"1622",
		"WEB",
		" ",
		"2022-11-20 00:00:00",
		2.75972222222222,
		""
	],
	[
		"",
		"WX00045390",
		"",
		"",
		"John",
		"",
		"微信会员/微信会",
		"",
		"",
		"微信在线",
		"200",
		"",
		"1822",
		"WEB",
		" ",
		"2022-11-20 00:00:00",
		2.89305555555556,
		""
	],
	[
		"",
		"WX00048657",
		"",
		"",
		"风声边界",
		"",
		"微信会员/微信会",
		"",
		"",
		"微信在线",
		"500",
		"",
		"1514",
		"WEB",
		" ",
		"2022-11-20 00:00:00",
		2.54305555555556,
		""
	],
	[
		"",
		"WX00052490",
		"",
		"",
		"鲁班用工松",
		"",
		"微信会员/微信会",
		"",
		"",
		"微信在线",
		"2000",
		"",
		"2182",
		"WEB",
		" ",
		"2022-11-20 00:00:00",
		2.75069444444444,
		""
	],
	[
		"",
		"WX00052490",
		"",
		"",
		"鲁班用工松",
		"",
		"微信会员/微信会",
		"",
		"",
		"储值卡赠",
		"",
		"100",
		"2282",
		"WEB",
		"微信返现2K-",
		"2022-11-20 00:00:00",
		2.75069444444444,
		""
	],
	[
		"",
		"WX00057165",
		"",
		"",
		"吉祥如意",
		"",
		"微信会员/微信会",
		"",
		"",
		"微信在线",
		"200",
		"",
		"329",
		"WEB",
		" ",
		"2022-11-20 00:00:00",
		2.46805555555556,
		""
	],
	[
		"",
		"WX00062235",
		"",
		"",
		"坤宇物流一",
		"",
		"微信会员/微信会",
		"",
		"",
		"微信在线",
		"1000",
		"",
		"1000",
		"WEB",
		" ",
		"2022-11-20 00:00:00",
		2.45,
		""
	],
	[
		"",
		"WX00064066",
		"",
		"",
		"刘太辉",
		"",
		"微信会员/微信会",
		"",
		"",
		"微信在线",
		"500",
		"",
		"546",
		"WEB",
		" ",
		"2022-11-20 00:00:00",
		2.49861111111111,
		""
	],
	[
		"",
		"WX00079030",
		"",
		"",
		"岁月静好",
		"",
		"微信会员/微信会",
		"",
		"",
		"微信在线",
		"3000",
		"",
		"4093",
		"WEB",
		" ",
		"2022-11-20 00:00:00",
		2.76527777777778,
		""
	],
	[
		"",
		"WX00079030",
		"",
		"",
		"岁月静好",
		"",
		"微信会员/微信会",
		"",
		"",
		"储值卡赠",
		"",
		"150",
		"4243",
		"WEB",
		"微信返现2K-",
		"2022-11-20 00:00:00",
		2.76527777777778,
		""
	],
	[
		"",
		"WX00080006",
		"",
		"",
		"山东爱之堡",
		"",
		"微信会员/微信会",
		"",
		"",
		"微信在线",
		"200",
		"",
		"229",
		"WEB",
		" ",
		"2022-11-20 00:00:00",
		2.51666666666667,
		""
	],
	[
		"",
		"WX00080006",
		"",
		"",
		"山东爱之堡",
		"",
		"微信会员/微信会",
		"",
		"",
		"微信在线",
		"200",
		"",
		"429",
		"WEB",
		" ",
		"2022-11-20 00:00:00",
		2.51666666666667,
		""
	],
	[
		"",
		"WX00080006",
		"",
		"",
		"山东爱之堡",
		"",
		"微信会员/微信会",
		"",
		"",
		"微信在线",
		"200",
		"",
		"629",
		"WEB",
		" ",
		"2022-11-20 00:00:00",
		2.51736111111111,
		""
	],
	[
		"",
		"WX00081050",
		"",
		"",
		"兰有秀兮菊",
		"",
		"微信会员/微信会",
		"",
		"",
		"微信在线",
		"2000",
		"",
		"2435",
		"WEB",
		" ",
		"2022-11-20 00:00:00",
		2.55486111111111,
		""
	],
	[
		"",
		"WX00081050",
		"",
		"",
		"兰有秀兮菊",
		"",
		"微信会员/微信会",
		"",
		"",
		"储值卡赠",
		"",
		"100",
		"2535",
		"WEB",
		"微信返现2K-",
		"2022-11-20 00:00:00",
		2.55486111111111,
		""
	],
	[
		"",
		"WX00081247",
		"",
		"",
		"朱世涛",
		"",
		"微信会员/微信会",
		"",
		"",
		"微信在线",
		"2000",
		"",
		"5319",
		"WEB",
		" ",
		"2022-11-20 00:00:00",
		2.56736111111111,
		""
	],
	[
		"",
		"WX00081247",
		"",
		"",
		"朱世涛",
		"",
		"微信会员/微信会",
		"",
		"",
		"储值卡赠",
		"",
		"100",
		"5419",
		"WEB",
		"微信返现2K-",
		"2022-11-20 00:00:00",
		2.56736111111111,
		""
	],
	[
		"",
		"WX00081247",
		"",
		"",
		"朱世涛",
		"",
		"微信会员/微信会",
		"",
		"",
		"微信在线",
		"200",
		"",
		"5619",
		"WEB",
		" ",
		"2022-11-20 00:00:00",
		2.56736111111111,
		""
	],
	[
		"",
		"WX00081299",
		"",
		"",
		"紫～",
		"",
		"微信会员/微信会",
		"",
		"",
		"微信在线",
		"4000",
		"",
		"4640",
		"WEB",
		" ",
		"2022-11-20 00:00:00",
		2.37986111111111,
		""
	],
	[
		"",
		"WX00081299",
		"",
		"",
		"紫～",
		"",
		"微信会员/微信会",
		"",
		"",
		"储值卡赠",
		"",
		"200",
		"4840",
		"WEB",
		"微信返现2K-",
		"2022-11-20 00:00:00",
		2.37986111111111,
		""
	],
	[
		"",
		"WX00081299",
		"",
		"",
		"紫～",
		"",
		"微信会员/微信会",
		"",
		"",
		"微信在线",
		"200",
		"",
		"5040",
		"WEB",
		" ",
		"2022-11-20 00:00:00",
		2.59583333333333,
		""
	],
	[
		"",
		"WX00081299",
		"",
		"",
		"紫～",
		"",
		"微信会员/微信会",
		"",
		"",
		"微信在线",
		"200",
		"",
		"5240",
		"WEB",
		" ",
		"2022-11-20 00:00:00",
		2.59652777777778,
		""
	],
	[
		"",
		"WX00081319",
		"",
		"",
		"日月光华",
		"",
		"微信会员/微信会",
		"",
		"",
		"微信在线",
		"500",
		"",
		"500",
		"WEB",
		" ",
		"2022-11-20 00:00:00",
		2.32013888888889,
		""
	],
	[
		"",
		"WX00081322",
		"",
		"",
		"滴嘀狄",
		"",
		"微信会员/微信会",
		"",
		"",
		"微信在线",
		"5000",
		"",
		"5000",
		"WEB",
		" ",
		"2022-11-20 00:00:00",
		2.40208333333333,
		""
	],
	[
		"",
		"WX00081322",
		"",
		"",
		"滴嘀狄",
		"",
		"微信会员/微信会",
		"",
		"",
		"储值卡赠",
		"",
		"250",
		"5250",
		"WEB",
		"微信返现2K-",
		"2022-11-20 00:00:00",
		2.40208333333333,
		""
	],
	[
		"",
		"WX00081322",
		"",
		"",
		"滴嘀狄",
		"",
		"微信会员/微信会",
		"",
		"",
		"微信在线",
		"3000",
		"",
		"8250",
		"WEB",
		" ",
		"2022-11-20 00:00:00",
		2.40416666666667,
		""
	],
	[
		"",
		"WX00081322",
		"",
		"",
		"滴嘀狄",
		"",
		"微信会员/微信会",
		"",
		"",
		"储值卡赠",
		"",
		"150",
		"8400",
		"WEB",
		"微信返现2K-",
		"2022-11-20 00:00:00",
		2.40416666666667,
		""
	],
	[
		"",
		"WX00081324",
		"",
		"",
		"于辉",
		"",
		"微信会员/微信会",
		"",
		"",
		"微信在线",
		"1000",
		"",
		"1000",
		"WEB",
		" ",
		"2022-11-20 00:00:00",
		2.46388888888889,
		""
	],
	[
		"",
		"WX00081326",
		"",
		"",
		"怪癖先生",
		"",
		"微信会员/微信会",
		"",
		"",
		"微信在线",
		"5000",
		"",
		"5000",
		"WEB",
		" ",
		"2022-11-20 00:00:00",
		2.47083333333333,
		""
	],
	[
		"",
		"WX00081326",
		"",
		"",
		"怪癖先生",
		"",
		"微信会员/微信会",
		"",
		"",
		"储值卡赠",
		"",
		"250",
		"5250",
		"WEB",
		"微信返现2K-",
		"2022-11-20 00:00:00",
		2.47083333333333,
		""
	],
	[
		"",
		"WX00081329",
		"",
		"",
		"璟璨",
		"",
		"微信会员/微信会",
		"",
		"",
		"微信在线",
		"200",
		"",
		"200",
		"WEB",
		" ",
		"2022-11-20 00:00:00",
		2.49513888888889,
		""
	],
	[
		"",
		"WX00081330",
		"",
		"",
		"朱勇俊·晴朗",
		"",
		"微信会员/微信会",
		"",
		"",
		"微信在线",
		"3000",
		"",
		"3000",
		"WEB",
		" ",
		"2022-11-20 00:00:00",
		2.55486111111111,
		""
	],
	[
		"",
		"WX00081330",
		"",
		"",
		"朱勇俊·晴朗",
		"",
		"微信会员/微信会",
		"",
		"",
		"储值卡赠",
		"",
		"150",
		"3150",
		"WEB",
		"微信返现2K-",
		"2022-11-20 00:00:00",
		2.55486111111111,
		""
	],
	[
		"",
		"WX00081330",
		"",
		"",
		"朱勇俊·晴朗",
		"",
		"微信会员/微信会",
		"",
		"",
		"微信在线",
		"500",
		"",
		"3650",
		"WEB",
		" ",
		"2022-11-20 00:00:00",
		2.55486111111111,
		""
	],
	[
		"",
		"WX00081331",
		"",
		"",
		"天瑞红木  ",
		"",
		"微信会员/微信会",
		"",
		"",
		"微信在线",
		"1000",
		"",
		"1000",
		"WEB",
		" ",
		"2022-11-20 00:00:00",
		2.57291666666667,
		""
	],
	[
		"",
		"WX00081331",
		"",
		"",
		"天瑞红木  ",
		"",
		"微信会员/微信会",
		"",
		"",
		"微信在线",
		"200",
		"",
		"1200",
		"WEB",
		" ",
		"2022-11-20 00:00:00",
		2.57291666666667,
		""
	],
	[
		"",
		"WX00081334",
		"",
		"",
		"maybe1234",
		"",
		"微信会员/微信会",
		"",
		"",
		"微信在线",
		"200",
		"",
		"200",
		"WEB",
		" ",
		"2022-11-20 00:00:00",
		2.71319444444444,
		""
	],
	[
		"",
		"WX00081334",
		"",
		"",
		"maybe1234",
		"",
		"微信会员/微信会",
		"",
		"",
		"微信在线",
		"200",
		"",
		"400",
		"WEB",
		" ",
		"2022-11-20 00:00:00",
		2.71319444444444,
		""
	],
	[
		"",
		"WX00081335",
		"",
		"",
		"紫薇花开",
		"",
		"微信会员/微信会",
		"",
		"",
		"微信在线",
		"500",
		"",
		"500",
		"WEB",
		" ",
		"2022-11-20 00:00:00",
		2.74583333333333,
		""
	],
	[
		"",
		"WX00081338",
		"",
		"",
		"刘永茂",
		"",
		"微信会员/微信会",
		"",
		"",
		"微信在线",
		"4000",
		"",
		"4000",
		"WEB",
		" ",
		"2022-11-20 00:00:00",
		2.80902777777778,
		""
	],
	[
		"",
		"WX00081338",
		"",
		"",
		"刘永茂",
		"",
		"微信会员/微信会",
		"",
		"",
		"储值卡赠",
		"",
		"200",
		"4200",
		"WEB",
		"微信返现2K-",
		"2022-11-20 00:00:00",
		2.80902777777778,
		""
	],
	[
		"",
		"酒店：",
		"威海百纳瑞汀酒店",
		"",
		"",
		"",
		"",
		"33",
		"",
		"",
		"共:2",
		"笔，合计：",
		"1500",
		"",
		"",
		"",
		0.0,
		""
	],
	[
		"",
		"515789",
		"",
		"",
		"黄晓红",
		"",
		"百纳会员/一卡通",
		"",
		"",
		"微信/支",
		"500",
		"",
		"556",
		"WHLJY",
		" ",
		"2022-11-20 00:00:00",
		2.49444444444444,
		""
	],
	[
		"",
		"517667",
		"",
		"",
		"孟繁杰",
		"",
		"百纳会员/一卡通",
		"",
		"",
		"国内卡",
		"1000",
		"",
		"2484",
		"WHHYZ",
		" ",
		"2022-11-20 00:00:00",
		2.79375,
		""
	],
	[
		"",
		"",
		"",
		"",
		"",
		"共：",
		"",
		"",
		"",
		"61",
		"笔，合计：",
		"73750",
		"",
		"",
		"",
		"",
		0.0,
		""
	],
	[
		"",
		"",
		"",
		"",
		"",
		"",
		"",
		"",
		"",
		"Page (1/",
		"1)",
		"",
		"",
		"",
		"",
		"MEM22",
		0.0,
		""
	],
	[
		"",
		"",
		"",
		"",
		"",
		"",
		"",
		"",
		"",
		"",
		"",
		"",
		"",
		"",
		"",
		"",
		0.0,
		""
	]
]
[2022/11/21 8:32:18][INFO][流程块.task][130]    0           卡号 2  3   ...       备注                 营业日期        时间 17
0          901705        ...           2022-11-20 00:00:00  2.538889   
1          950571        ...   张伟松充值:  2022-11-20 00:00:00  2.797222   
2          950571        ...   百纳银卡充值  2022-11-20 00:00:00  2.797222   
3      WX00011343        ...           2022-11-20 00:00:00  2.549306   
4      WX00012191        ...           2022-11-20 00:00:00  2.809028   
.. ..         ... .. ..  ...      ...                  ...       ... ..
56     WX00081335        ...           2022-11-20 00:00:00  2.745833   
57     WX00081338        ...           2022-11-20 00:00:00  2.809028   
58     WX00081338        ...  微信返现2K-  2022-11-20 00:00:00  2.809028   
60         515789        ...           2022-11-20 00:00:00  2.494444   
61         517667        ...           2022-11-20 00:00:00  2.793750   

[61 rows x 18 columns]
[2022/11/21 8:32:18][INFO][流程块.task][138] 上午
[2022/11/21 8:32:18][INFO][流程块.task][141]    0          卡号 2 3      姓名  ...     工号       备注                 营业日期        时间 17
0         901705         贺中平  ...    WEB           2022-11-20 00:00:00  2.538889   
3     WX00011343      Lawson  ...    WEB           2022-11-20 00:00:00  2.549306   
6     WX00016758           芝  ...    WEB           2022-11-20 00:00:00  2.476389   
7     WX00016758           芝  ...    WEB  微信返现2K-  2022-11-20 00:00:00  2.476389   
8     WX00023319          刘桐  ...    WEB           2022-11-20 00:00:00  2.442361   
9     WX00023319          刘桐  ...    WEB  微信返现2K-  2022-11-20 00:00:00  2.442361   
14    WX00028282         谢秀琴  ...    WEB           2022-11-20 00:00:00  2.504167   
20    WX00048657        风声边界  ...    WEB           2022-11-20 00:00:00  2.543056   
23    WX00057165        吉祥如意  ...    WEB           2022-11-20 00:00:00  2.468056   
24    WX00062235       坤宇物流一  ...    WEB           2022-11-20 00:00:00  2.450000   
25    WX00064066         刘太辉  ...    WEB           2022-11-20 00:00:00  2.498611   
28    WX00080006       山东爱之堡  ...    WEB           2022-11-20 00:00:00  2.516667   
29    WX00080006       山东爱之堡  ...    WEB           2022-11-20 00:00:00  2.516667   
30    WX00080006       山东爱之堡  ...    WEB           2022-11-20 00:00:00  2.517361   
31    WX00081050       兰有秀兮菊  ...    WEB           2022-11-20 00:00:00  2.554861   
32    WX00081050       兰有秀兮菊  ...    WEB  微信返现2K-  2022-11-20 00:00:00  2.554861   
33    WX00081247         朱世涛  ...    WEB           2022-11-20 00:00:00  2.567361   
34    WX00081247         朱世涛  ...    WEB  微信返现2K-  2022-11-20 00:00:00  2.567361   
35    WX00081247         朱世涛  ...    WEB           2022-11-20 00:00:00  2.567361   
36    WX00081299          紫～  ...    WEB           2022-11-20 00:00:00  2.379861   
37    WX00081299          紫～  ...    WEB  微信返现2K-  2022-11-20 00:00:00  2.379861   
40    WX00081319        日月光华  ...    WEB           2022-11-20 00:00:00  2.320139   
41    WX00081322         滴嘀狄  ...    WEB           2022-11-20 00:00:00  2.402083   
42    WX00081322         滴嘀狄  ...    WEB  微信返现2K-  2022-11-20 00:00:00  2.402083   
43    WX00081322         滴嘀狄  ...    WEB           2022-11-20 00:00:00  2.404167   
44    WX00081322         滴嘀狄  ...    WEB  微信返现2K-  2022-11-20 00:00:00  2.404167   
45    WX00081324          于辉  ...    WEB           2022-11-20 00:00:00  2.463889   
46    WX00081326        怪癖先生  ...    WEB           2022-11-20 00:00:00  2.470833   
47    WX00081326        怪癖先生  ...    WEB  微信返现2K-  2022-11-20 00:00:00  2.470833   
48    WX00081329          璟璨  ...    WEB           2022-11-20 00:00:00  2.495139   
49    WX00081330      朱勇俊·晴朗  ...    WEB           2022-11-20 00:00:00  2.554861   
50    WX00081330      朱勇俊·晴朗  ...    WEB  微信返现2K-  2022-11-20 00:00:00  2.554861   
51    WX00081330      朱勇俊·晴朗  ...    WEB           2022-11-20 00:00:00  2.554861   
52    WX00081331      天瑞红木    ...    WEB           2022-11-20 00:00:00  2.572917   
53    WX00081331      天瑞红木    ...    WEB           2022-11-20 00:00:00  2.572917   
60        515789         黄晓红  ...  WHLJY           2022-11-20 00:00:00  2.494444   

[36 rows x 18 columns]
[2022/11/21 8:32:18][INFO][流程块.task][163] [
	"WX00081050-0001"
]
[2022/11/21 8:32:18][INFO][流程块.task][174] 0001
[2022/11/21 8:32:18][INFO][流程块.task][176] 2
[2022/11/21 8:59:08][INFO][流程块.task][365] 离开
[2022/11/21 8:59:08][INFO][流程块.task][0] 流程块.task 运行已结束
