[2022/11/1 14:20:09][INFO][][0] 工作路径已切换到 d:\rpa机器人\百纳\
[2022/11/1 14:20:09][INFO][流程块4.task][0] 流程 流程块4.task 开始运行
[2022/11/1 14:20:09][INFO][流程块4.task][1] 
[2022/11/1 14:20:12][INFO][流程块4.task][58] [
	"0"
]
[2022/11/1 14:20:12][INFO][流程块4.task][58] [
	"0"
]
[2022/11/1 14:20:12][INFO][流程块4.task][58] [
	"0"
]
[2022/11/1 14:20:12][INFO][流程块4.task][58] [
	"0"
]
[2022/11/1 14:20:12][INFO][流程块4.task][58] [
	"0"
]
[2022/11/1 14:20:12][INFO][流程块4.task][58] [
	"0"
]
[2022/11/1 14:20:12][INFO][流程块4.task][58] [
	"0"
]
[2022/11/1 14:20:12][INFO][流程块4.task][58] [
	"0"
]
[2022/11/1 14:20:12][INFO][流程块4.task][58] [
	"0"
]
[2022/11/1 14:20:12][INFO][流程块4.task][58] [
	"0"
]
[2022/11/1 14:20:12][INFO][流程块4.task][58] [
	"0"
]
[2022/11/1 14:20:12][INFO][流程块4.task][58] [
	"0"
]
[2022/11/1 14:20:12][INFO][流程块4.task][58] [
	"0"
]
[2022/11/1 14:20:12][INFO][流程块4.task][58] [
	"0"
]
[2022/11/1 14:20:12][INFO][流程块4.task][58] [
	"956112-0003"
]
[2022/11/1 14:20:12][INFO][流程块4.task][62] [
	"650.00"
]
[2022/11/1 14:20:12][INFO][流程块4.task][80] false
[2022/11/1 14:20:17][INFO][流程块4.task][80] false
[2022/11/1 14:20:23][INFO][流程块4.task][80] false
[2022/11/1 14:20:28][INFO][流程块4.task][58] [
	"0"
]
[2022/11/1 14:20:28][INFO][流程块4.task][58] [
	"0"
]
[2022/11/1 14:20:28][INFO][流程块4.task][58] [
	"0"
]
[2022/11/1 14:20:28][INFO][流程块4.task][58] [
	"0"
]
[2022/11/1 14:20:28][INFO][流程块4.task][58] [
	"WX00030889-0006"
]
[2022/11/1 14:20:28][INFO][流程块4.task][62] [
	"250.00"
]
[2022/11/1 14:20:28][INFO][流程块4.task][80] false
[2022/11/1 14:20:34][INFO][流程块4.task][80] false
[2022/11/1 14:20:39][INFO][流程块4.task][80] false
[2022/11/1 14:20:45][INFO][流程块4.task][80] false
[2022/11/1 14:20:50][INFO][流程块4.task][80] false
[2022/11/1 14:20:56][INFO][流程块4.task][80] false
[2022/11/1 14:21:01][INFO][流程块4.task][80] false
[2022/11/1 14:21:07][INFO][流程块4.task][80] true
[2022/11/1 14:21:07][INFO][流程块4.task][58] [
	"0"
]
[2022/11/1 14:21:07][INFO][流程块4.task][58] [
	"WX00042134-0002"
]
[2022/11/1 14:21:07][INFO][流程块4.task][62] [
	"100.00"
]
[2022/11/1 14:21:07][INFO][流程块4.task][80] false
[2022/11/1 14:21:12][INFO][流程块4.task][80] false
[2022/11/1 14:21:18][INFO][流程块4.task][58] [
	"0"
]
[2022/11/1 14:21:18][INFO][流程块4.task][58] [
	"WX00050656-0002"
]
[2022/11/1 14:21:18][INFO][流程块4.task][62] [
	"100.00"
]
[2022/11/1 14:21:18][INFO][流程块4.task][80] false
[2022/11/1 14:21:23][INFO][流程块4.task][58] [
	"0"
]
[2022/11/1 14:21:23][INFO][流程块4.task][58] [
	"0"
]
[2022/11/1 14:21:23][INFO][流程块4.task][58] [
	"0"
]
[2022/11/1 14:21:23][INFO][流程块4.task][58] [
	"0"
]
[2022/11/1 14:21:23][INFO][流程块4.task][58] [
	"0"
]
[2022/11/1 14:21:23][INFO][流程块4.task][58] [
	"WX00081044-0002"
]
[2022/11/1 14:21:23][INFO][流程块4.task][62] [
	"500.00"
]
[2022/11/1 14:21:23][INFO][流程块4.task][80] false
[2022/11/1 14:21:29][INFO][流程块4.task][80] false
[2022/11/1 14:21:34][INFO][流程块4.task][58] [
	"0"
]
[2022/11/1 14:21:34][INFO][流程块4.task][58] [
	"WX00024638-0001"
]
[2022/11/1 14:21:34][INFO][流程块4.task][62] [
	"500.00"
]
[2022/11/1 14:21:34][INFO][流程块4.task][80] false
[2022/11/1 14:21:40][INFO][流程块4.task][58] [
	"0"
]
[2022/11/1 14:21:40][INFO][流程块4.task][58] [
	"0"
]
[2022/11/1 14:21:40][INFO][流程块4.task][58] [
	"0"
]
[2022/11/1 14:21:40][INFO][流程块4.task][58] [
	"0"
]
[2022/11/1 14:21:40][INFO][流程块4.task][58] [
	"0"
]
[2022/11/1 14:21:40][INFO][流程块4.task][58] [
	"0"
]
[2022/11/1 14:21:40][INFO][流程块4.task][58] [
	"0"
]
[2022/11/1 14:21:40][INFO][流程块4.task][58] [
	"0"
]
[2022/11/1 14:21:40][INFO][流程块4.task][58] [
	"0"
]
[2022/11/1 14:21:40][INFO][流程块4.task][58] [
	"0"
]
[2022/11/1 14:21:40][INFO][流程块4.task][58] [
	"0"
]
[2022/11/1 14:21:40][INFO][流程块4.task][58] [
	"0"
]
[2022/11/1 14:21:40][INFO][流程块4.task][58] [
	"0"
]
[2022/11/1 14:21:40][INFO][流程块4.task][58] [
	"WX00081039"
]
[2022/11/1 14:21:40][INFO][流程块4.task][62] [
	"200.00"
]
[2022/11/1 14:21:45][INFO][流程块4.task][58] [
	"0"
]
[2022/11/1 14:21:45][INFO][流程块4.task][58] [
	"0"
]
[2022/11/1 14:21:45][INFO][流程块4.task][58] [
	"0"
]
[2022/11/1 14:21:45][INFO][流程块4.task][58] [
	"0"
]
[2022/11/1 14:21:45][INFO][流程块4.task][58] [
	"0"
]
[2022/11/1 14:21:45][INFO][流程块4.task][58] [
	"0"
]
[2022/11/1 14:21:45][INFO][流程块4.task][58] [
	"0"
]
[2022/11/1 14:21:45][INFO][流程块4.task][58] [
	"0"
]
[2022/11/1 14:21:45][INFO][流程块4.task][58] [
	"0"
]
[2022/11/1 14:21:45][INFO][流程块4.task][58] [
	"0"
]
[2022/11/1 14:21:45][INFO][流程块4.task][58] [
	"0"
]
[2022/11/1 14:21:45][INFO][流程块4.task][58] [
	"0"
]
[2022/11/1 14:21:45][INFO][流程块4.task][58] [
	"0"
]
[2022/11/1 14:21:45][INFO][流程块4.task][58] [
	"0"
]
[2022/11/1 14:21:45][INFO][流程块4.task][58] [
	"0"
]
[2022/11/1 14:21:45][INFO][流程块4.task][58] [
	"0"
]
[2022/11/1 14:21:46][INFO][流程块4.task][58] [
	"WX00003160-0002"
]
[2022/11/1 14:21:46][INFO][流程块4.task][62] [
	"100.00"
]
[2022/11/1 14:21:46][INFO][流程块4.task][80] false
[2022/11/1 14:21:51][INFO][流程块4.task][80] false
[2022/11/1 14:21:56][INFO][流程块4.task][58] [
	"0"
]
[2022/11/1 14:21:56][INFO][流程块4.task][58] [
	"0"
]
[2022/11/1 14:21:56][INFO][流程块4.task][58] [
	"0"
]
[2022/11/1 14:21:56][INFO][流程块4.task][58] [
	"0"
]
[2022/11/1 14:21:56][INFO][流程块4.task][58] [
	"0"
]
[2022/11/1 14:21:56][INFO][流程块4.task][58] [
	"0"
]
[2022/11/1 14:21:56][INFO][流程块4.task][58] [
	"0"
]
[2022/11/1 14:21:56][INFO][流程块4.task][58] [
	"0"
]
[2022/11/1 14:21:56][INFO][流程块4.task][58] [
	"0"
]
[2022/11/1 14:21:56][INFO][流程块4.task][58] [
	"0"
]
[2022/11/1 14:21:56][INFO][流程块4.task][58] [
	"WX00041153"
]
[2022/11/1 14:21:56][INFO][流程块4.task][62] [
	"500.00"
]
[2022/11/1 14:22:02][INFO][流程块4.task][58] [
	"WX00041684"
]
[2022/11/1 14:22:02][INFO][流程块4.task][62] [
	"1000.00"
]
[2022/11/1 14:22:07][INFO][流程块4.task][58] [
	"0"
]
[2022/11/1 14:22:07][INFO][流程块4.task][58] [
	"WX00072132"
]
[2022/11/1 14:22:07][INFO][流程块4.task][62] [
	"1000.00"
]
[2022/11/1 14:22:13][INFO][流程块4.task][58] [
	"0"
]
[2022/11/1 14:22:13][INFO][流程块4.task][58] [
	"0"
]
[2022/11/1 14:22:13][INFO][流程块4.task][58] [
	"0"
]
[2022/11/1 14:22:13][INFO][流程块4.task][58] [
	"WX00081043"
]
[2022/11/1 14:22:13][INFO][流程块4.task][62] [
	"500.00"
]
[2022/11/1 14:22:18][INFO][流程块4.task][58] [
	"0"
]
[2022/11/1 14:22:18][INFO][流程块4.task][58] [
	"0"
]
[2022/11/1 14:22:18][INFO][流程块4.task][58] [
	"0"
]
[2022/11/1 14:22:18][INFO][流程块4.task][58] [
	"0"
]
[2022/11/1 14:22:18][INFO][流程块4.task][58] [
	"0"
]
[2022/11/1 14:22:18][INFO][流程块4.task][58] [
	"0"
]
[2022/11/1 14:22:18][INFO][流程块4.task][58] [
	"0"
]
[2022/11/1 14:22:18][INFO][流程块4.task][58] [
	"0"
]
[2022/11/1 14:22:18][INFO][流程块4.task][58] [
	"WX00017190"
]
[2022/11/1 14:22:18][INFO][流程块4.task][62] [
	"1000.00"
]
[2022/11/1 14:22:19][INFO][流程块4.task][80] false
[2022/11/1 14:22:24][INFO][流程块4.task][58] [
	"0"
]
[2022/11/1 14:22:24][INFO][流程块4.task][58] [
	"WX00032276-0002"
]
[2022/11/1 14:22:24][INFO][流程块4.task][62] [
	"300.00"
]
[2022/11/1 14:22:24][INFO][流程块4.task][80] false
[2022/11/1 14:22:29][INFO][流程块4.task][58] [
	"WX00032276-0002"
]
[2022/11/1 14:22:29][INFO][流程块4.task][62] [
	"-164.00"
]
[2022/11/1 14:22:35][INFO][流程块4.task][58] [
	"WX00032276-0002"
]
[2022/11/1 14:22:35][INFO][流程块4.task][62] [
	"-164.00"
]
[2022/11/1 14:22:35][INFO][流程块4.task][80] false
[2022/11/1 14:22:40][INFO][流程块4.task][58] [
	"0"
]
[2022/11/1 14:22:40][INFO][流程块4.task][58] [
	"0"
]
[2022/11/1 14:22:40][INFO][流程块4.task][58] [
	"0"
]
[2022/11/1 14:22:40][INFO][流程块4.task][58] [
	"0"
]
[2022/11/1 14:22:40][INFO][流程块4.task][58] [
	"0"
]
[2022/11/1 14:22:40][INFO][流程块4.task][58] [
	"0"
]
[2022/11/1 14:22:40][INFO][流程块4.task][58] [
	"0"
]
[2022/11/1 14:22:41][INFO][流程块4.task][58] [
	"WX00067623"
]
[2022/11/1 14:22:41][INFO][流程块4.task][62] [
	"200.00"
]
[2022/11/1 14:22:46][INFO][流程块4.task][58] [
	"0"
]
[2022/11/1 14:22:46][INFO][流程块4.task][58] [
	"0"
]
[2022/11/1 14:22:46][INFO][流程块4.task][58] [
	"0"
]
[2022/11/1 14:22:46][INFO][流程块4.task][58] [
	"0"
]
[2022/11/1 14:22:46][INFO][流程块4.task][58] [
	"0"
]
[2022/11/1 14:22:46][INFO][流程块4.task][58] [
	"0"
]
[2022/11/1 14:22:46][INFO][流程块4.task][58] [
	"0"
]
[2022/11/1 14:22:46][INFO][流程块4.task][58] [
	"0"
]
[2022/11/1 14:22:46][INFO][流程块4.task][58] [
	"0"
]
[2022/11/1 14:22:46][INFO][流程块4.task][58] [
	"0"
]
[2022/11/1 14:22:46][INFO][流程块4.task][58] [
	"WX00081007-0021"
]
[2022/11/1 14:22:46][INFO][流程块4.task][62] [
	"600.00"
]
[2022/11/1 14:22:46][INFO][流程块4.task][80] false
[2022/11/1 14:22:51][INFO][流程块4.task][80] false
[2022/11/1 14:22:57][INFO][流程块4.task][80] false
[2022/11/1 14:23:02][INFO][流程块4.task][80] false
[2022/11/1 14:23:08][INFO][流程块4.task][80] false
[2022/11/1 14:23:13][INFO][流程块4.task][80] false
[2022/11/1 14:23:19][INFO][流程块4.task][80] false
[2022/11/1 14:23:24][INFO][流程块4.task][80] false
[2022/11/1 14:23:30][INFO][流程块4.task][80] false
[2022/11/1 14:23:36][INFO][流程块4.task][80] false
[2022/11/1 14:23:41][INFO][流程块4.task][80] false
[2022/11/1 14:23:47][INFO][流程块4.task][80] false
[2022/11/1 14:23:52][INFO][流程块4.task][80] false
[2022/11/1 14:23:58][INFO][流程块4.task][80] false
[2022/11/1 14:24:03][INFO][流程块4.task][58] [
	"0"
]
[2022/11/1 14:24:03][INFO][流程块4.task][58] [
	"0"
]
[2022/11/1 14:24:03][INFO][流程块4.task][58] [
	"0"
]
[2022/11/1 14:24:03][INFO][流程块4.task][58] [
	"0"
]
[2022/11/1 14:24:03][INFO][流程块4.task][58] [
	"WX00078039-0005"
]
[2022/11/1 14:24:03][INFO][流程块4.task][62] [
	"250.00"
]
[2022/11/1 14:24:03][INFO][流程块4.task][80] false
[2022/11/1 14:24:09][INFO][流程块4.task][80] false
[2022/11/1 14:24:14][INFO][流程块4.task][80] false
[2022/11/1 14:24:20][INFO][流程块4.task][80] false
[2022/11/1 14:24:25][INFO][流程块4.task][80] false
[2022/11/1 14:24:31][INFO][流程块4.task][58] [
	"WX00078759-0002"
]
[2022/11/1 14:24:31][INFO][流程块4.task][62] [
	"100.00"
]
[2022/11/1 14:24:31][INFO][流程块4.task][80] false
[2022/11/1 14:24:36][INFO][流程块4.task][80] false
[2022/11/1 14:24:42][INFO][流程块4.task][58] [
	"0"
]
[2022/11/1 14:24:42][INFO][流程块4.task][58] [
	"0"
]
[2022/11/1 14:24:43][INFO][流程块4.task][0] 流程块4.task 运行已结束
