[2022/11/1 10:13:24][INFO][][0] 工作路径已切换到 d:\rpa机器人\百纳\
[2022/11/1 10:13:24][INFO][流程块.task][0] 流程 流程块.task 开始运行
[2022/11/1 10:13:24][INFO][流程块.task][18] 进入
[2022/11/1 10:14:06][INFO][流程块.task][98] [
	[
		"",
		"950580",
		"",
		"",
		"温女士",
		"",
		"百纳会员/百纳银",
		"",
		"",
		"微信在线",
		"4000",
		"",
		"4658",
		"WEB",
		" ",
		"2022-10-29 00:00:00",
		2.91597222222222,
		""
	],
	[
		"",
		"950580",
		"",
		"",
		"温女士",
		"",
		"百纳会员/百纳银",
		"",
		"",
		"储值卡赠",
		"",
		"200",
		"4858",
		"WEB",
		"百纳银卡充值",
		"2022-10-29 00:00:00",
		2.91597222222222,
		""
	],
	[
		"",
		"WX00001897",
		"",
		"",
		"夏正远",
		"",
		"微信会员/微信会",
		"",
		"",
		"微信在线",
		"2000",
		"",
		"2668",
		"WEB",
		" ",
		"2022-10-29 00:00:00",
		2.82291666666667,
		""
	],
	[
		"",
		"WX00001897",
		"",
		"",
		"夏正远",
		"",
		"微信会员/微信会",
		"",
		"",
		"储值卡赠",
		"",
		"100",
		"2768",
		"WEB",
		"微信返现2K-",
		"2022-10-29 00:00:00",
		2.82291666666667,
		""
	],
	[
		"",
		"WX00002525",
		"",
		"",
		"赵芳",
		"",
		"微信会员/微信会",
		"",
		"",
		"微信在线",
		"500",
		"",
		"500",
		"WEB",
		" ",
		"2022-10-29 00:00:00",
		2.5125,
		""
	],
	[
		"",
		"WX00003603",
		"",
		"",
		"周吉",
		"",
		"微信会员/微信银",
		"",
		"",
		"微信在线",
		"200",
		"",
		"1141",
		"WEB",
		" ",
		"2022-10-29 00:00:00",
		2.57916666666667,
		""
	],
	[
		"",
		"WX00006484",
		"",
		"",
		"李文亮",
		"",
		"微信会员/微信会",
		"",
		"",
		"微信在线",
		"200",
		"",
		"284",
		"WEB",
		" ",
		"2022-10-29 00:00:00",
		2.79375,
		""
	],
	[
		"",
		"WX00015658",
		"",
		"",
		"张筱祎",
		"",
		"微信会员/微信会",
		"",
		"",
		"微信在线",
		"200",
		"",
		"926",
		"WEB",
		" ",
		"2022-10-29 00:00:00",
		2.56666666666667,
		""
	],
	[
		"",
		"WX00015658",
		"",
		"",
		"张筱祎",
		"",
		"微信会员/微信会",
		"",
		"",
		"微信在线",
		"200",
		"",
		"1126",
		"WEB",
		" ",
		"2022-10-29 00:00:00",
		2.56666666666667,
		""
	],
	[
		"",
		"WX00021669",
		"",
		"",
		"陈璐",
		"",
		"微信会员/微信会",
		"",
		"",
		"微信在线",
		"200",
		"",
		"472",
		"WEB",
		" ",
		"2022-10-29 00:00:00",
		2.53541666666667,
		""
	],
	[
		"",
		"WX00028783",
		"",
		"",
		"王璐",
		"",
		"微信会员/微信会",
		"",
		"",
		"微信在线",
		"200",
		"",
		"234",
		"WEB",
		" ",
		"2022-10-29 00:00:00",
		2.56111111111111,
		""
	],
	[
		"",
		"WX00037220",
		"",
		"",
		"郭杰",
		"",
		"微信会员/微信会",
		"",
		"",
		"微信在线",
		"2000",
		"",
		"2000",
		"WEB",
		" ",
		"2022-10-29 00:00:00",
		2.88125,
		""
	],
	[
		"",
		"WX00037220",
		"",
		"",
		"郭杰",
		"",
		"微信会员/微信会",
		"",
		"",
		"储值卡赠",
		"",
		"100",
		"2100",
		"WEB",
		"微信返现2K-",
		"2022-10-29 00:00:00",
		2.88125,
		""
	],
	[
		"",
		"WX00043813",
		"",
		"",
		"锦程美容问",
		"",
		"微信会员/微信会",
		"",
		"",
		"微信在线",
		"200",
		"",
		"208",
		"WEB",
		" ",
		"2022-10-29 00:00:00",
		2.55,
		""
	],
	[
		"",
		"WX00052133",
		"",
		"",
		"张劲柏",
		"",
		"微信会员/微信会",
		"",
		"",
		"微信在线",
		"2000",
		"",
		"3108.32000000000016370904631912708282470703125",
		"WEB",
		" ",
		"2022-10-29 00:00:00",
		2.83333333333333,
		""
	],
	[
		"",
		"WX00052133",
		"",
		"",
		"张劲柏",
		"",
		"微信会员/微信会",
		"",
		"",
		"储值卡赠",
		"",
		"100",
		"3208.32000000000016370904631912708282470703125",
		"WEB",
		"微信返现2K-",
		"2022-10-29 00:00:00",
		2.83333333333333,
		""
	],
	[
		"",
		"WX00058136",
		"",
		"",
		"一诺酒行蓝",
		"",
		"微信会员/微信会",
		"",
		"",
		"微信在线",
		"2000",
		"",
		"2967",
		"WEB",
		" ",
		"2022-10-29 00:00:00",
		2.58819444444444,
		""
	],
	[
		"",
		"WX00058136",
		"",
		"",
		"一诺酒行蓝",
		"",
		"微信会员/微信会",
		"",
		"",
		"储值卡赠",
		"",
		"100",
		"3067",
		"WEB",
		"微信返现2K-",
		"2022-10-29 00:00:00",
		2.58819444444444,
		""
	],
	[
		"",
		"WX00062443",
		"",
		"",
		"曲儿",
		"",
		"微信会员/微信会",
		"",
		"",
		"微信在线",
		"2000",
		"",
		"2500",
		"WEB",
		" ",
		"2022-10-29 00:00:00",
		2.82986111111111,
		""
	],
	[
		"",
		"WX00062443",
		"",
		"",
		"曲儿",
		"",
		"微信会员/微信会",
		"",
		"",
		"储值卡赠",
		"",
		"100",
		"2600",
		"WEB",
		"微信返现2K-",
		"2022-10-29 00:00:00",
		2.82986111111111,
		""
	],
	[
		"",
		"WX00065960",
		"",
		"",
		"梁山好汉",
		"",
		"微信会员/微信会",
		"",
		"",
		"微信在线",
		"1000",
		"",
		"1210",
		"WEB",
		" ",
		"2022-10-29 00:00:00",
		2.53541666666667,
		""
	],
	[
		"",
		"WX00071545",
		"",
		"",
		"九通渔具",
		"",
		"微信会员/微信会",
		"",
		"",
		"微信在线",
		"200",
		"",
		"304",
		"WEB",
		" ",
		"2022-10-29 00:00:00",
		2.76319444444444,
		""
	],
	[
		"",
		"WX00071630",
		"",
		"",
		"赵世校",
		"",
		"微信会员/微信会",
		"",
		"",
		"微信在线",
		"500",
		"",
		"1212",
		"WEB",
		" ",
		"2022-10-29 00:00:00",
		2.50208333333333,
		""
	],
	[
		"",
		"WX00072432",
		"",
		"",
		"Three鲁林",
		"",
		"微信会员/微信会",
		"",
		"",
		"微信在线",
		"2000",
		"",
		"2000",
		"WEB",
		" ",
		"2022-10-29 00:00:00",
		2.42152777777778,
		""
	],
	[
		"",
		"WX00072432",
		"",
		"",
		"Three鲁林",
		"",
		"微信会员/微信会",
		"",
		"",
		"储值卡赠",
		"",
		"100",
		"2100",
		"WEB",
		"微信返现2K-",
		"2022-10-29 00:00:00",
		2.42152777777778,
		""
	],
	[
		"",
		"WX00077617",
		"",
		"",
		"Jennifer",
		"",
		"微信会员/微信会",
		"",
		"",
		"微信在线",
		"2000",
		"",
		"2039.299999999999954525264911353588104248046875",
		"WEB",
		" ",
		"2022-10-29 00:00:00",
		2.40694444444444,
		""
	],
	[
		"",
		"WX00077617",
		"",
		"",
		"Jennifer",
		"",
		"微信会员/微信会",
		"",
		"",
		"储值卡赠",
		"",
		"100",
		"2139.3000000000001818989403545856475830078125",
		"WEB",
		"微信返现2K-",
		"2022-10-29 00:00:00",
		2.40694444444444,
		""
	],
	[
		"",
		"WX00078909",
		"",
		"",
		"Any11",
		"",
		"微信会员/微信会",
		"",
		"",
		"微信在线",
		"5000",
		"",
		"5000",
		"WEB",
		" ",
		"2022-10-29 00:00:00",
		2.85486111111111,
		""
	],
	[
		"",
		"WX00078909",
		"",
		"",
		"Any11",
		"",
		"微信会员/微信会",
		"",
		"",
		"储值卡赠",
		"",
		"250",
		"5250",
		"WEB",
		"微信返现2K-",
		"2022-10-29 00:00:00",
		2.85486111111111,
		""
	],
	[
		"",
		"WX00078909",
		"",
		"",
		"Any11",
		"",
		"微信会员/微信会",
		"",
		"",
		"微信在线",
		"3000",
		"",
		"8250",
		"WEB",
		" ",
		"2022-10-29 00:00:00",
		2.85486111111111,
		""
	],
	[
		"",
		"WX00078909",
		"",
		"",
		"Any11",
		"",
		"微信会员/微信会",
		"",
		"",
		"储值卡赠",
		"",
		"150",
		"8400",
		"WEB",
		"微信返现2K-",
		"2022-10-29 00:00:00",
		2.85486111111111,
		""
	],
	[
		"",
		"WX00079401",
		"",
		"",
		"声远",
		"",
		"微信会员/微信会",
		"",
		"",
		"微信在线",
		"500",
		"",
		"575",
		"WEB",
		" ",
		"2022-10-29 00:00:00",
		2.7125,
		""
	],
	[
		"",
		"WX00080302",
		"",
		"",
		"19953512",
		"",
		"微信会员/微信会",
		"",
		"",
		"微信在线",
		"200",
		"",
		"2305",
		"WEB",
		" ",
		"2022-10-29 00:00:00",
		2.89722222222222,
		""
	],
	[
		"",
		"WX00080302",
		"",
		"",
		"19953512",
		"",
		"微信会员/微信会",
		"",
		"",
		"微信在线",
		"1000",
		"",
		"3305",
		"WEB",
		" ",
		"2022-10-29 00:00:00",
		2.89861111111111,
		""
	],
	[
		"",
		"WX00080799",
		"",
		"",
		"糖果",
		"",
		"微信会员/微信会",
		"",
		"",
		"微信在线",
		"500",
		"",
		"565",
		"WEB",
		" ",
		"2022-10-29 00:00:00",
		2.72986111111111,
		""
	],
	[
		"",
		"WX00081020",
		"",
		"",
		"柠檬酸酸酸",
		"",
		"微信会员/微信会",
		"",
		"",
		"微信在线",
		"200",
		"",
		"200",
		"WEB",
		" ",
		"2022-10-29 00:00:00",
		2.50902777777778,
		""
	],
	[
		"",
		"WX00081020",
		"",
		"",
		"柠檬酸酸酸",
		"",
		"微信会员/微信会",
		"",
		"",
		"微信在线",
		"200",
		"",
		"400",
		"WEB",
		" ",
		"2022-10-29 00:00:00",
		2.50902777777778,
		""
	],
	[
		"",
		"WX00081021",
		"",
		"",
		"美丽人生",
		"",
		"微信会员/微信会",
		"",
		"",
		"微信在线",
		"1000",
		"",
		"1000",
		"WEB",
		" ",
		"2022-10-29 00:00:00",
		2.59236111111111,
		""
	],
	[
		"",
		"WX00081024",
		"",
		"",
		"ポジモン",
		"",
		"微信会员/微信会",
		"",
		"",
		"微信在线",
		"2000",
		"",
		"2000",
		"WEB",
		" ",
		"2022-10-29 00:00:00",
		2.75972222222222,
		""
	],
	[
		"",
		"WX00081024",
		"",
		"",
		"ポジモン",
		"",
		"微信会员/微信会",
		"",
		"",
		"储值卡赠",
		"",
		"100",
		"2100",
		"WEB",
		"微信返现2K-",
		"2022-10-29 00:00:00",
		2.75972222222222,
		""
	],
	[
		"",
		"WX00081024",
		"",
		"",
		"ポジモン",
		"",
		"微信会员/微信会",
		"",
		"",
		"微信在线",
		"500",
		"",
		"2600",
		"WEB",
		" ",
		"2022-10-29 00:00:00",
		2.75972222222222,
		""
	],
	[
		"",
		"WX00081031",
		"",
		"",
		"涛",
		"",
		"微信会员/微信会",
		"",
		"",
		"微信在线",
		"2000",
		"",
		"2000",
		"WEB",
		" ",
		"2022-10-29 00:00:00",
		2.92152777777778,
		""
	],
	[
		"",
		"WX00081031",
		"",
		"",
		"涛",
		"",
		"微信会员/微信会",
		"",
		"",
		"储值卡赠",
		"",
		"100",
		"2100",
		"WEB",
		"微信返现2K-",
		"2022-10-29 00:00:00",
		2.92152777777778,
		""
	],
	[
		"",
		"",
		"",
		"",
		"",
		"共：",
		"",
		"",
		"",
		"43",
		"笔，合计：",
		"39200",
		"",
		"",
		"",
		"",
		0.0,
		""
	],
	[
		"",
		"",
		"",
		"",
		"",
		"",
		"",
		"",
		"",
		"Page ",
		"1)",
		"",
		"",
		"",
		"",
		"MEM22",
		0.0,
		""
	],
	[
		"",
		"",
		"",
		"",
		"",
		"",
		"",
		"",
		"",
		"",
		"",
		"",
		"",
		"",
		"",
		"",
		0.0,
		""
	]
]
[2022/11/1 10:14:07][INFO][流程块.task][109]    0          卡号 2 3        姓名  ...   工号       备注                 营业日期        时间 17
0         950580           温女士  ...  WEB           2022-10-29 00:00:00  2.915972   
1         950580           温女士  ...  WEB   百纳银卡充值  2022-10-29 00:00:00  2.915972   
2     WX00001897           夏正远  ...  WEB           2022-10-29 00:00:00  2.822917   
3     WX00001897           夏正远  ...  WEB  微信返现2K-  2022-10-29 00:00:00  2.822917   
4     WX00002525            赵芳  ...  WEB           2022-10-29 00:00:00  2.512500   
5     WX00003603            周吉  ...  WEB           2022-10-29 00:00:00  2.579167   
6     WX00006484           李文亮  ...  WEB           2022-10-29 00:00:00  2.793750   
7     WX00015658           张筱祎  ...  WEB           2022-10-29 00:00:00  2.566667   
8     WX00015658           张筱祎  ...  WEB           2022-10-29 00:00:00  2.566667   
9     WX00021669            陈璐  ...  WEB           2022-10-29 00:00:00  2.535417   
10    WX00028783            王璐  ...  WEB           2022-10-29 00:00:00  2.561111   
11    WX00037220            郭杰  ...  WEB           2022-10-29 00:00:00  2.881250   
12    WX00037220            郭杰  ...  WEB  微信返现2K-  2022-10-29 00:00:00  2.881250   
13    WX00043813         锦程美容问  ...  WEB           2022-10-29 00:00:00  2.550000   
14    WX00052133           张劲柏  ...  WEB           2022-10-29 00:00:00  2.833333   
15    WX00052133           张劲柏  ...  WEB  微信返现2K-  2022-10-29 00:00:00  2.833333   
16    WX00058136         一诺酒行蓝  ...  WEB           2022-10-29 00:00:00  2.588194   
17    WX00058136         一诺酒行蓝  ...  WEB  微信返现2K-  2022-10-29 00:00:00  2.588194   
18    WX00062443            曲儿  ...  WEB           2022-10-29 00:00:00  2.829861   
19    WX00062443            曲儿  ...  WEB  微信返现2K-  2022-10-29 00:00:00  2.829861   
20    WX00065960          梁山好汉  ...  WEB           2022-10-29 00:00:00  2.535417   
21    WX00071545          九通渔具  ...  WEB           2022-10-29 00:00:00  2.763194   
22    WX00071630           赵世校  ...  WEB           2022-10-29 00:00:00  2.502083   
23    WX00072432       Three鲁林  ...  WEB           2022-10-29 00:00:00  2.421528   
24    WX00072432       Three鲁林  ...  WEB  微信返现2K-  2022-10-29 00:00:00  2.421528   
25    WX00077617      Jennifer  ...  WEB           2022-10-29 00:00:00  2.406944   
26    WX00077617      Jennifer  ...  WEB  微信返现2K-  2022-10-29 00:00:00  2.406944   
27    WX00078909         Any11  ...  WEB           2022-10-29 00:00:00  2.854861   
28    WX00078909         Any11  ...  WEB  微信返现2K-  2022-10-29 00:00:00  2.854861   
29    WX00078909         Any11  ...  WEB           2022-10-29 00:00:00  2.854861   
30    WX00078909         Any11  ...  WEB  微信返现2K-  2022-10-29 00:00:00  2.854861   
31    WX00079401            声远  ...  WEB           2022-10-29 00:00:00  2.712500   
32    WX00080302      19953512  ...  WEB           2022-10-29 00:00:00  2.897222   
33    WX00080302      19953512  ...  WEB           2022-10-29 00:00:00  2.898611   
34    WX00080799            糖果  ...  WEB           2022-10-29 00:00:00  2.729861   
35    WX00081020         柠檬酸酸酸  ...  WEB           2022-10-29 00:00:00  2.509028   
36    WX00081020         柠檬酸酸酸  ...  WEB           2022-10-29 00:00:00  2.509028   
37    WX00081021          美丽人生  ...  WEB           2022-10-29 00:00:00  2.592361   
38    WX00081024          ポジモン  ...  WEB           2022-10-29 00:00:00  2.759722   
39    WX00081024          ポジモン  ...  WEB  微信返现2K-  2022-10-29 00:00:00  2.759722   
40    WX00081024          ポジモン  ...  WEB           2022-10-29 00:00:00  2.759722   
41    WX00081031             涛  ...  WEB           2022-10-29 00:00:00  2.921528   
42    WX00081031             涛  ...  WEB  微信返现2K-  2022-10-29 00:00:00  2.921528   

[43 rows x 18 columns]
[2022/11/1 10:14:07][INFO][流程块.task][122]    0          卡号 2 3        姓名  ...   工号       备注                 营业日期        时间 17
0         950580           温女士  ...  WEB           2022-10-29 00:00:00  2.915972   
1         950580           温女士  ...  WEB   百纳银卡充值  2022-10-29 00:00:00  2.915972   
2     WX00001897           夏正远  ...  WEB           2022-10-29 00:00:00  2.822917   
3     WX00001897           夏正远  ...  WEB  微信返现2K-  2022-10-29 00:00:00  2.822917   
4     WX00002525            赵芳  ...  WEB           2022-10-29 00:00:00  2.512500   
5     WX00003603            周吉  ...  WEB           2022-10-29 00:00:00  2.579167   
6     WX00006484           李文亮  ...  WEB           2022-10-29 00:00:00  2.793750   
7     WX00015658           张筱祎  ...  WEB           2022-10-29 00:00:00  2.566667   
8     WX00015658           张筱祎  ...  WEB           2022-10-29 00:00:00  2.566667   
9     WX00021669            陈璐  ...  WEB           2022-10-29 00:00:00  2.535417   
10    WX00028783            王璐  ...  WEB           2022-10-29 00:00:00  2.561111   
11    WX00037220            郭杰  ...  WEB           2022-10-29 00:00:00  2.881250   
12    WX00037220            郭杰  ...  WEB  微信返现2K-  2022-10-29 00:00:00  2.881250   
13    WX00043813         锦程美容问  ...  WEB           2022-10-29 00:00:00  2.550000   
14    WX00052133           张劲柏  ...  WEB           2022-10-29 00:00:00  2.833333   
15    WX00052133           张劲柏  ...  WEB  微信返现2K-  2022-10-29 00:00:00  2.833333   
16    WX00058136         一诺酒行蓝  ...  WEB           2022-10-29 00:00:00  2.588194   
17    WX00058136         一诺酒行蓝  ...  WEB  微信返现2K-  2022-10-29 00:00:00  2.588194   
18    WX00062443            曲儿  ...  WEB           2022-10-29 00:00:00  2.829861   
19    WX00062443            曲儿  ...  WEB  微信返现2K-  2022-10-29 00:00:00  2.829861   
20    WX00065960          梁山好汉  ...  WEB           2022-10-29 00:00:00  2.535417   
21    WX00071545          九通渔具  ...  WEB           2022-10-29 00:00:00  2.763194   
22    WX00071630           赵世校  ...  WEB           2022-10-29 00:00:00  2.502083   
23    WX00072432       Three鲁林  ...  WEB           2022-10-29 00:00:00  2.421528   
24    WX00072432       Three鲁林  ...  WEB  微信返现2K-  2022-10-29 00:00:00  2.421528   
25    WX00077617      Jennifer  ...  WEB           2022-10-29 00:00:00  2.406944   
26    WX00077617      Jennifer  ...  WEB  微信返现2K-  2022-10-29 00:00:00  2.406944   
27    WX00078909         Any11  ...  WEB           2022-10-29 00:00:00  2.854861   
28    WX00078909         Any11  ...  WEB  微信返现2K-  2022-10-29 00:00:00  2.854861   
29    WX00078909         Any11  ...  WEB           2022-10-29 00:00:00  2.854861   
30    WX00078909         Any11  ...  WEB  微信返现2K-  2022-10-29 00:00:00  2.854861   
31    WX00079401            声远  ...  WEB           2022-10-29 00:00:00  2.712500   
32    WX00080302      19953512  ...  WEB           2022-10-29 00:00:00  2.897222   
33    WX00080302      19953512  ...  WEB           2022-10-29 00:00:00  2.898611   
34    WX00080799            糖果  ...  WEB           2022-10-29 00:00:00  2.729861   
35    WX00081020         柠檬酸酸酸  ...  WEB           2022-10-29 00:00:00  2.509028   
36    WX00081020         柠檬酸酸酸  ...  WEB           2022-10-29 00:00:00  2.509028   
37    WX00081021          美丽人生  ...  WEB           2022-10-29 00:00:00  2.592361   
38    WX00081024          ポジモン  ...  WEB           2022-10-29 00:00:00  2.759722   
39    WX00081024          ポジモン  ...  WEB  微信返现2K-  2022-10-29 00:00:00  2.759722   
40    WX00081024          ポジモン  ...  WEB           2022-10-29 00:00:00  2.759722   
41    WX00081031             涛  ...  WEB           2022-10-29 00:00:00  2.921528   
42    WX00081031             涛  ...  WEB  微信返现2K-  2022-10-29 00:00:00  2.921528   

[43 rows x 18 columns]
[2022/11/1 10:44:29][INFO][流程块.task][345] 离开
[2022/11/1 10:44:29][INFO][流程块.task][0] 流程块.task 运行已结束
