[2022/10/17 10:02:19][INFO][][0] 工作路径已切换到 d:\rpa机器人\百纳\
[2022/10/17 10:02:19][INFO][选中的内容][0] 流程 选中的内容 开始运行
[2022/10/17 10:02:20][INFO][选中的内容][20]    0          卡号 2 3  ...        备注                 营业日期                   时间 17
0         513211      ...            2022-10-12 00:00:00             11:00:00   
1         958352      ...     王允京充值  2022-10-12 00:00:00  1970-10-12 11:23:00   
2         958352      ...   充值返现2K-  2022-10-12 00:00:00  1970-10-12 11:23:00   
3         959709      ...     原卡丢失   2022-10-12 00:00:00  1970-10-12 16:56:00   
4         960521      ...     原卡丢失   2022-10-12 00:00:00  1970-10-12 16:56:00   
5         960522      ...  10.12孙莉夏  2022-10-12 00:00:00  1970-10-12 11:42:00   
6         960522      ...   充值返现2K-  2022-10-12 00:00:00  1970-10-12 11:42:00   
7         960523      ...  10.12孙宇婷  2022-10-12 00:00:00  1970-10-12 10:39:00   
8         960525      ...  10.12孙宇婷  2022-10-12 00:00:00  1970-10-12 10:19:00   
9         960526      ...  10.12孙宇婷  2022-10-12 00:00:00  1970-10-12 10:16:00   
10        960526      ...   充值返现2K-  2022-10-12 00:00:00  1970-10-12 10:16:00   
11        960527      ...  10.12孙宇婷  2022-10-12 00:00:00  1970-10-12 10:15:00   
12        960527      ...   充值返现2K-  2022-10-12 00:00:00  1970-10-12 10:15:00   
13    WX00002169      ...            2022-10-12 00:00:00  1970-10-12 12:06:00   
14    WX00017673      ...            2022-10-12 00:00:00  1970-10-12 19:19:00   
15    WX00030889      ...            2022-10-12 00:00:00  1970-10-12 18:00:00   
16    WX00030889      ...   微信返现2K-  2022-10-12 00:00:00  1970-10-12 18:00:00   
17    WX00034417      ...            2022-10-12 00:00:00  1970-10-12 15:01:00   
18    WX00039337      ...            2022-10-12 00:00:00  1970-10-12 18:22:00   
19    WX00039337      ...   微信返现2K-  2022-10-12 00:00:00  1970-10-12 18:22:00   
20    WX00040860      ...            2022-10-12 00:00:00  1970-10-12 21:25:00   
21    WX00042616      ...            2022-10-12 00:00:00  1970-10-12 12:31:00   
22    WX00043510      ...            2022-10-12 00:00:00  1970-10-12 13:36:00   
23    WX00045016      ...            2022-10-12 00:00:00  1970-10-12 19:29:00   
24    WX00045016      ...   微信返现2K-  2022-10-12 00:00:00  1970-10-12 19:29:00   
25    WX00053049      ...            2022-10-12 00:00:00  1970-10-12 14:15:00   
26    WX00054538      ...            2022-10-12 00:00:00  1970-10-12 17:22:00   
27    WX00066556      ...            2022-10-12 00:00:00  1970-10-12 11:16:00   
28    WX00075093      ...            2022-10-12 00:00:00  1970-10-12 12:24:00   
29    WX00076860      ...            2022-10-12 00:00:00  1970-10-12 13:02:00   
30    WX00076860      ...   微信返现2K-  2022-10-12 00:00:00  1970-10-12 13:02:00   
31    WX00077350      ...            2022-10-12 00:00:00  1970-10-12 11:49:00   
32    WX00077358      ...            2022-10-12 00:00:00  1970-10-12 13:58:00   
33    WX00080755      ...            2022-10-12 00:00:00  1970-10-12 20:35:00   
34    WX00080755      ...   微信返现2K-  2022-10-12 00:00:00  1970-10-12 20:35:00   
36        517625      ...            2022-10-12 00:00:00  1970-10-12 18:33:00   
37        517626      ...            2022-10-12 00:00:00  1970-10-12 11:10:00   

[37 rows x 18 columns]
[2022/10/17 10:02:20][INFO][选中的内容][0] 选中的内容 运行已结束
