[2022/10/13 9:08:49][INFO][][0] 工作路径已切换到 d:\rpa机器人\百纳\
[2022/10/13 9:08:49][INFO][百纳.flow][0] 流程 百纳.flow 开始运行
[2022/10/13 9:08:49][INFO][百纳.flow][0] 进入流程块“初始化配置”
[2022/10/13 9:08:49][INFO][流程块1.task][1] 进入初始化配置
[2022/10/13 9:08:49][INFO][百纳.flow][0] 进入流程块“导出储值消费表”
[2022/10/13 9:08:49][INFO][流程块2.task][8] 进入导出储值消费表
[2022/10/13 9:09:22][INFO][百纳.flow][0] 进入流程块“异常处理”
[2022/10/13 9:09:22][INFO][百纳.flow][0] 判断“重试”结果为真(yes)
[2022/10/13 9:09:22][INFO][百纳.flow][0] 进入流程块“导出储值消费表”
[2022/10/13 9:09:22][INFO][流程块2.task][8] 进入导出储值消费表
[2022/10/13 9:10:36][INFO][流程块2.task][102] 离开导出储值消费表
[2022/10/13 9:10:36][INFO][百纳.flow][0] 进入流程块“储值表录入”
[2022/10/13 9:10:36][INFO][流程块.task][17] 进入储值表录入
[2022/10/13 9:48:13][INFO][流程块.task][292] 离开储值表录入
[2022/10/13 9:48:13][INFO][百纳.flow][0] 进入流程块“消费表录入”
[2022/10/13 9:48:13][INFO][流程块4.task][1] 消费表录入
[2022/10/13 10:00:01][INFO][百纳.flow][0] 进入流程块“清理数据”
[2022/10/13 10:00:01][INFO][流程块6.task][1] 清理数据
[2022/10/13 10:00:01][INFO][流程块6.task][5] [
	[
		"513211"
	],
	[
		"517625"
	],
	[
		"517626"
	],
	[
		"903160"
	],
	[
		"958352"
	],
	[
		"960521"
	],
	[
		"960522"
	],
	[
		"960523"
	],
	[
		"960525"
	],
	[
		"960526"
	],
	[
		"960527"
	],
	[
		"960528"
	],
	[
		"WX00002169"
	],
	[
		"WX00002881"
	],
	[
		"WX00011488"
	],
	[
		"WX00017433"
	],
	[
		"WX00017673"
	],
	[
		"WX00021264"
	],
	[
		"WX00030889"
	],
	[
		"WX00034417"
	],
	[
		"WX00039337"
	],
	[
		"WX00040860"
	],
	[
		"WX00042616"
	],
	[
		"WX00042812"
	],
	[
		"WX00043360"
	],
	[
		"WX00043510"
	],
	[
		"WX00045016"
	],
	[
		"WX00053049"
	],
	[
		"WX00054538"
	],
	[
		"WX00063090"
	],
	[
		"WX00064131"
	],
	[
		"WX00066556"
	],
	[
		"WX00075093"
	],
	[
		"WX00076860"
	],
	[
		"WX00077350"
	],
	[
		"WX00077358"
	],
	[
		"WX00077657"
	],
	[
		"WX00079063"
	],
	[
		"WX00079371"
	],
	[
		"WX00080750"
	],
	[
		"WX00080752"
	],
	[
		"WX00080753"
	],
	[
		"WX00080755"
	]
]
[2022/10/13 10:00:02][INFO][流程块6.task][12] 120.0
[2022/10/13 10:00:02][INFO][流程块6.task][12] 168.0
[2022/10/13 10:00:02][INFO][流程块6.task][12] 420.0
[2022/10/13 10:00:02][INFO][流程块6.task][12] 1056.0
[2022/10/13 10:00:02][INFO][流程块6.task][12] 710.0
[2022/10/13 10:00:02][INFO][流程块6.task][12] 2005.0
[2022/10/13 10:00:02][INFO][流程块6.task][12] 8568.0
[2022/10/13 10:00:02][INFO][流程块6.task][12] 1656.0
[2022/10/13 10:00:02][INFO][流程块6.task][12] 1957.0
[2022/10/13 10:00:02][INFO][流程块6.task][12] 5833.0
[2022/10/13 10:00:02][INFO][流程块6.task][12] 5833.0
[2022/10/13 10:00:02][INFO][流程块6.task][12] 2327.0
[2022/10/13 10:00:02][INFO][流程块6.task][12] -370.0
[2022/10/13 10:00:02][INFO][流程块6.task][12] 1247.0
[2022/10/13 10:00:02][INFO][流程块6.task][12] 80.0
[2022/10/13 10:00:02][INFO][流程块6.task][12] 14.0
[2022/10/13 10:00:02][INFO][流程块6.task][12] 83.0
[2022/10/13 10:00:02][INFO][流程块6.task][12] 3520.0
[2022/10/13 10:00:02][INFO][流程块6.task][12] 10500.0
[2022/10/13 10:00:02][INFO][流程块6.task][12] 130.0
[2022/10/13 10:00:02][INFO][流程块6.task][12] -334.0
[2022/10/13 10:00:02][INFO][流程块6.task][12] -1718.0
[2022/10/13 10:00:02][INFO][流程块6.task][12] 163.0
[2022/10/13 10:00:02][INFO][流程块6.task][12] 35.0
[2022/10/13 10:00:02][INFO][流程块6.task][12] 11.0
[2022/10/13 10:00:02][INFO][流程块6.task][12] 90.0
[2022/10/13 10:00:02][INFO][流程块6.task][12] 712.0
[2022/10/13 10:00:02][INFO][流程块6.task][12] 112.0
[2022/10/13 10:00:02][INFO][流程块6.task][12] 120.0
[2022/10/13 10:00:02][INFO][流程块6.task][12] 56.0
[2022/10/13 10:00:02][INFO][流程块6.task][12] 394.0
[2022/10/13 10:00:02][INFO][流程块6.task][12] 120.0
[2022/10/13 10:00:02][INFO][流程块6.task][12] 43.0
[2022/10/13 10:00:02][INFO][流程块6.task][12] -37.0
[2022/10/13 10:00:02][INFO][流程块6.task][12] 120.0
[2022/10/13 10:00:02][INFO][流程块6.task][12] -9.0
[2022/10/13 10:00:02][INFO][流程块6.task][12] -4778.0
[2022/10/13 10:00:02][INFO][流程块6.task][12] 6764.0
[2022/10/13 10:00:02][INFO][流程块6.task][12] 92.0
[2022/10/13 10:00:02][INFO][流程块6.task][12] 131.0
[2022/10/13 10:00:02][INFO][流程块6.task][12] 2100.0
[2022/10/13 10:00:02][INFO][流程块6.task][12] 15.0
[2022/10/13 10:00:02][INFO][流程块6.task][12] 288.0
[2022/10/13 10:00:02][INFO][百纳.flow][0] 百纳.flow 运行已结束
