[2022/10/11 10:16:46][INFO][][0] 工作路径已切换到 d:\rpa机器人\百纳\
[2022/10/11 10:16:46][INFO][百纳.flow][0] 流程 百纳.flow 开始运行
[2022/10/11 10:16:46][INFO][百纳.flow][0] 进入流程块“初始化配置”
[2022/10/11 10:16:46][INFO][流程块1.task][1] 进入初始化配置
[2022/10/11 10:16:53][INFO][百纳.flow][0] 进入流程块“导出储值消费表”
[2022/10/11 10:16:53][INFO][流程块2.task][8] 进入导出储值消费表
[2022/10/11 10:18:06][INFO][流程块2.task][105] 离开导出储值消费表
[2022/10/11 10:18:06][INFO][百纳.flow][0] 进入流程块“储值表录入”
[2022/10/11 10:18:07][INFO][流程块.task][17] 进入储值表录入
[2022/10/11 10:55:21][INFO][流程块.task][255] 离开储值表录入
[2022/10/11 10:55:21][INFO][百纳.flow][0] 进入流程块“消费表录入”
[2022/10/11 10:55:21][INFO][流程块4.task][1] 消费表录入
[2022/10/11 10:55:31][INFO][百纳.flow][0] 进入流程块“异常处理”
[2022/10/11 10:55:31][INFO][流程块5.task][1] 进入异常处理
[2022/10/11 10:55:31][INFO][流程块5.task][3] 离开异常处理
[2022/10/11 10:55:31][INFO][百纳.flow][0] 判断“重试”结果为真(yes)
[2022/10/11 10:55:31][INFO][百纳.flow][0] 进入流程块“消费表录入”
[2022/10/11 10:55:31][INFO][流程块4.task][1] 消费表录入
[2022/10/11 10:55:41][INFO][百纳.flow][0] 进入流程块“异常处理”
[2022/10/11 10:55:41][INFO][流程块5.task][1] 进入异常处理
[2022/10/11 10:55:41][INFO][流程块5.task][3] 离开异常处理
[2022/10/11 10:55:41][INFO][百纳.flow][0] 判断“重试”结果为真(yes)
[2022/10/11 10:55:41][INFO][百纳.flow][0] 进入流程块“消费表录入”
[2022/10/11 10:55:41][INFO][流程块4.task][1] 消费表录入
[2022/10/11 10:55:51][INFO][百纳.flow][0] 进入流程块“异常处理”
[2022/10/11 10:55:51][INFO][流程块5.task][1] 进入异常处理
[2022/10/11 10:55:51][INFO][流程块5.task][3] 离开异常处理
[2022/10/11 10:55:51][INFO][百纳.flow][0] 判断“重试”结果为真(yes)
[2022/10/11 10:55:51][INFO][百纳.flow][0] 进入流程块“消费表录入”
[2022/10/11 10:55:51][INFO][流程块4.task][1] 消费表录入
[2022/10/11 10:56:01][INFO][百纳.flow][0] 进入流程块“异常处理”
[2022/10/11 10:56:01][INFO][流程块5.task][1] 进入异常处理
[2022/10/11 10:56:01][INFO][流程块5.task][3] 离开异常处理
[2022/10/11 10:56:01][INFO][百纳.flow][0] 判断“重试”结果为真(yes)
[2022/10/11 10:56:01][INFO][百纳.flow][0] 进入流程块“消费表录入”
[2022/10/11 10:56:01][INFO][流程块4.task][1] 消费表录入
[2022/10/11 10:56:11][INFO][百纳.flow][0] 进入流程块“异常处理”
[2022/10/11 10:56:11][INFO][流程块5.task][1] 进入异常处理
[2022/10/11 10:56:11][INFO][流程块5.task][3] 离开异常处理
[2022/10/11 10:56:11][INFO][百纳.flow][0] 判断“重试”结果为假(no)
[2022/10/11 10:56:11][INFO][百纳.flow][0] 百纳.flow 运行已结束
