[2022/11/1 14:11:46][INFO][][0] 工作路径已切换到 d:\rpa机器人\百纳\
[2022/11/1 14:11:46][INFO][流程块4.task][0] 流程 流程块4.task 开始运行
[2022/11/1 14:11:46][INFO][流程块4.task][1] 
[2022/11/1 14:11:49][INFO][流程块4.task][58] [
	"0"
]
[2022/11/1 14:11:49][INFO][流程块4.task][58] [
	"950580-0004"
]
[2022/11/1 14:11:49][INFO][流程块4.task][62] [
	"200.00"
]
[2022/11/1 14:11:49][INFO][流程块4.task][80] false
[2022/11/1 14:11:54][INFO][流程块4.task][80] false
[2022/11/1 14:11:59][INFO][流程块4.task][80] false
[2022/11/1 14:12:05][INFO][流程块4.task][80] false
[2022/11/1 14:12:10][INFO][流程块4.task][58] [
	"0"
]
[2022/11/1 14:12:10][INFO][流程块4.task][58] [
	"0"
]
[2022/11/1 14:12:11][INFO][流程块4.task][58] [
	"0"
]
[2022/11/1 14:12:11][INFO][流程块4.task][58] [
	"0"
]
[2022/11/1 14:12:11][INFO][流程块4.task][58] [
	"0"
]
[2022/11/1 14:12:11][INFO][流程块4.task][58] [
	"0"
]
[2022/11/1 14:12:11][INFO][流程块4.task][58] [
	"0"
]
[2022/11/1 14:12:11][INFO][流程块4.task][58] [
	"0"
]
[2022/11/1 14:12:11][INFO][流程块4.task][58] [
	"WX00080302-0001"
]
[2022/11/1 14:12:11][INFO][流程块4.task][62] [
	"200.00"
]
[2022/11/1 14:12:16][INFO][流程块4.task][58] [
	"WX00080302-0001"
]
[2022/11/1 14:12:16][INFO][流程块4.task][62] [
	"106.00"
]
[2022/11/1 14:12:16][INFO][流程块4.task][80] false
[2022/11/1 14:12:21][INFO][流程块4.task][80] false
[2022/11/1 14:12:27][INFO][流程块4.task][80] true
[2022/11/1 14:12:27][INFO][流程块4.task][58] [
	"0"
]
[2022/11/1 14:12:27][INFO][流程块4.task][58] [
	"0"
]
[2022/11/1 14:12:27][INFO][流程块4.task][58] [
	"0"
]
[2022/11/1 14:12:27][INFO][流程块4.task][58] [
	"0"
]
[2022/11/1 14:12:27][INFO][流程块4.task][58] [
	"0"
]
[2022/11/1 14:12:27][INFO][流程块4.task][58] [
	"WX00002525"
]
[2022/11/1 14:12:27][INFO][流程块4.task][62] [
	"500.00"
]
[2022/11/1 14:12:33][INFO][流程块4.task][58] [
	"WX00021669"
]
[2022/11/1 14:12:33][INFO][流程块4.task][62] [
	"200.00"
]
[2022/11/1 14:12:33][INFO][流程块4.task][80] false
[2022/11/1 14:12:38][INFO][流程块4.task][58] [
	"0"
]
[2022/11/1 14:12:38][INFO][流程块4.task][58] [
	"0"
]
[2022/11/1 14:12:38][INFO][流程块4.task][58] [
	"0"
]
[2022/11/1 14:12:38][INFO][流程块4.task][58] [
	"0"
]
[2022/11/1 14:12:38][INFO][流程块4.task][58] [
	"0"
]
[2022/11/1 14:12:38][INFO][流程块4.task][58] [
	"WX00079401"
]
[2022/11/1 14:12:38][INFO][流程块4.task][62] [
	"500.00"
]
[2022/11/1 14:12:44][INFO][流程块4.task][58] [
	"WX00080799"
]
[2022/11/1 14:12:44][INFO][流程块4.task][62] [
	"500.00"
]
[2022/11/1 14:12:49][INFO][流程块4.task][58] [
	"0"
]
[2022/11/1 14:12:49][INFO][流程块4.task][58] [
	"WX00081024-0002"
]
[2022/11/1 14:12:49][INFO][流程块4.task][62] [
	"600.00"
]
[2022/11/1 14:12:49][INFO][流程块4.task][80] false
[2022/11/1 14:12:55][INFO][流程块4.task][80] false
[2022/11/1 14:13:00][INFO][流程块4.task][58] [
	"WX00081031-0002"
]
[2022/11/1 14:13:00][INFO][流程块4.task][62] [
	"100.00"
]
[2022/11/1 14:13:00][INFO][流程块4.task][80] false
[2022/11/1 14:13:06][INFO][流程块4.task][80] false
[2022/11/1 14:13:11][INFO][流程块4.task][80] false
[2022/11/1 14:13:16][INFO][流程块4.task][58] [
	"0"
]
[2022/11/1 14:13:16][INFO][流程块4.task][58] [
	"0"
]
[2022/11/1 14:13:16][INFO][流程块4.task][58] [
	"0"
]
[2022/11/1 14:13:16][INFO][流程块4.task][58] [
	"0"
]
[2022/11/1 14:13:16][INFO][流程块4.task][58] [
	"0"
]
[2022/11/1 14:13:16][INFO][流程块4.task][58] [
	"0"
]
[2022/11/1 14:13:16][INFO][流程块4.task][58] [
	"0"
]
[2022/11/1 14:13:16][INFO][流程块4.task][58] [
	"0"
]
[2022/11/1 14:13:16][INFO][流程块4.task][58] [
	"0"
]
[2022/11/1 14:13:16][INFO][流程块4.task][58] [
	"0"
]
[2022/11/1 14:13:16][INFO][流程块4.task][58] [
	"0"
]
[2022/11/1 14:13:16][INFO][流程块4.task][58] [
	"0"
]
[2022/11/1 14:13:16][INFO][流程块4.task][58] [
	"WX00006484"
]
[2022/11/1 14:13:16][INFO][流程块4.task][62] [
	"200.00"
]
[2022/11/1 14:13:22][INFO][流程块4.task][58] [
	"WX00071545"
]
[2022/11/1 14:13:22][INFO][流程块4.task][62] [
	"200.00"
]
[2022/11/1 14:13:27][INFO][流程块4.task][58] [
	"WX00081020"
]
[2022/11/1 14:13:27][INFO][流程块4.task][62] [
	"400.00"
]
[2022/11/1 14:13:33][INFO][流程块4.task][58] [
	"0"
]
[2022/11/1 14:13:33][INFO][流程块4.task][58] [
	"0"
]
[2022/11/1 14:13:33][INFO][流程块4.task][58] [
	"0"
]
[2022/11/1 14:13:33][INFO][流程块4.task][58] [
	"0"
]
[2022/11/1 14:13:33][INFO][流程块4.task][58] [
	"0"
]
[2022/11/1 14:13:33][INFO][流程块4.task][58] [
	"0"
]
[2022/11/1 14:13:33][INFO][流程块4.task][58] [
	"0"
]
[2022/11/1 14:13:33][INFO][流程块4.task][58] [
	"WX00043813"
]
[2022/11/1 14:13:33][INFO][流程块4.task][62] [
	"200.00"
]
[2022/11/1 14:13:33][INFO][流程块4.task][80] false
[2022/11/1 14:13:38][INFO][流程块4.task][58] [
	"0"
]
[2022/11/1 14:13:38][INFO][流程块4.task][58] [
	"0"
]
[2022/11/1 14:13:38][INFO][流程块4.task][58] [
	"0"
]
[2022/11/1 14:13:38][INFO][流程块4.task][58] [
	"0"
]
[2022/11/1 14:13:38][INFO][流程块4.task][58] [
	"0"
]
[2022/11/1 14:13:38][INFO][流程块4.task][58] [
	"0"
]
[2022/11/1 14:13:38][INFO][流程块4.task][58] [
	"0"
]
[2022/11/1 14:13:38][INFO][流程块4.task][58] [
	"0"
]
[2022/11/1 14:13:38][INFO][流程块4.task][58] [
	"0"
]
[2022/11/1 14:13:38][INFO][流程块4.task][58] [
	"0"
]
[2022/11/1 14:13:38][INFO][流程块4.task][58] [
	"0"
]
[2022/11/1 14:13:38][INFO][流程块4.task][58] [
	"0"
]
[2022/11/1 14:13:38][INFO][流程块4.task][58] [
	"0"
]
[2022/11/1 14:13:38][INFO][流程块4.task][58] [
	"0"
]
[2022/11/1 14:13:38][INFO][流程块4.task][58] [
	"0"
]
[2022/11/1 14:13:38][INFO][流程块4.task][58] [
	"0"
]
[2022/11/1 14:13:38][INFO][流程块4.task][58] [
	"0"
]
[2022/11/1 14:13:38][INFO][流程块4.task][58] [
	"0"
]
[2022/11/1 14:13:38][INFO][流程块4.task][58] [
	"0"
]
[2022/11/1 14:13:38][INFO][流程块4.task][58] [
	"0"
]
[2022/11/1 14:13:38][INFO][流程块4.task][58] [
	"0"
]
[2022/11/1 14:13:39][INFO][流程块4.task][58] [
	"WX00001897-0002"
]
[2022/11/1 14:13:39][INFO][流程块4.task][62] [
	"100.00"
]
[2022/11/1 14:13:39][INFO][流程块4.task][80] false
[2022/11/1 14:13:44][INFO][流程块4.task][58] [
	"0"
]
[2022/11/1 14:13:44][INFO][流程块4.task][58] [
	"WX00003603"
]
[2022/11/1 14:13:44][INFO][流程块4.task][62] [
	"200.00"
]
[2022/11/1 14:13:44][INFO][流程块4.task][80] false
[2022/11/1 14:13:49][INFO][流程块4.task][58] [
	"0"
]
[2022/11/1 14:13:49][INFO][流程块4.task][58] [
	"WX00015658"
]
[2022/11/1 14:13:49][INFO][流程块4.task][62] [
	"400.00"
]
[2022/11/1 14:13:49][INFO][流程块4.task][80] false
[2022/11/1 14:13:55][INFO][流程块4.task][58] [
	"0"
]
[2022/11/1 14:13:55][INFO][流程块4.task][58] [
	"0"
]
[2022/11/1 14:13:55][INFO][流程块4.task][58] [
	"WX00028783"
]
[2022/11/1 14:13:55][INFO][流程块4.task][62] [
	"200.00"
]
[2022/11/1 14:14:00][INFO][流程块4.task][58] [
	"0"
]
[2022/11/1 14:14:00][INFO][流程块4.task][58] [
	"0"
]
[2022/11/1 14:14:00][INFO][流程块4.task][58] [
	"WX00037220-0002"
]
[2022/11/1 14:14:00][INFO][流程块4.task][62] [
	"100.00"
]
[2022/11/1 14:14:00][INFO][流程块4.task][80] false
[2022/11/1 14:14:06][INFO][流程块4.task][80] false
[2022/11/1 14:14:11][INFO][流程块4.task][58] [
	"0"
]
[2022/11/1 14:14:11][INFO][流程块4.task][58] [
	"0"
]
[2022/11/1 14:14:11][INFO][流程块4.task][58] [
	"0"
]
[2022/11/1 14:14:11][INFO][流程块4.task][58] [
	"0"
]
[2022/11/1 14:14:11][INFO][流程块4.task][58] [
	"WX00052133-0002"
]
[2022/11/1 14:14:11][INFO][流程块4.task][62] [
	"100.00"
]
[2022/11/1 14:14:11][INFO][流程块4.task][80] false
[2022/11/1 14:14:17][INFO][流程块4.task][80] false
[2022/11/1 14:14:22][INFO][流程块4.task][58] [
	"0"
]
[2022/11/1 14:14:22][INFO][流程块4.task][58] [
	"0"
]
[2022/11/1 14:14:22][INFO][流程块4.task][58] [
	"WX00071630"
]
[2022/11/1 14:14:22][INFO][流程块4.task][62] [
	"500.00"
]
[2022/11/1 14:14:22][INFO][流程块4.task][80] false
[2022/11/1 14:14:28][INFO][流程块4.task][58] [
	"0"
]
[2022/11/1 14:14:28][INFO][流程块4.task][58] [
	"WX00078909-0008"
]
[2022/11/1 14:14:28][INFO][流程块4.task][62] [
	"400.00"
]
[2022/11/1 14:14:28][INFO][流程块4.task][80] false
[2022/11/1 14:14:33][INFO][流程块4.task][80] false
[2022/11/1 14:14:39][INFO][流程块4.task][80] false
[2022/11/1 14:14:44][INFO][流程块4.task][80] false
[2022/11/1 14:14:50][INFO][流程块4.task][80] false
[2022/11/1 14:14:55][INFO][流程块4.task][80] false
[2022/11/1 14:15:01][INFO][流程块4.task][80] false
[2022/11/1 14:15:07][INFO][流程块4.task][80] false
[2022/11/1 14:15:12][INFO][流程块4.task][58] [
	"0"
]
[2022/11/1 14:15:12][INFO][流程块4.task][58] [
	"0"
]
[2022/11/1 14:15:12][INFO][流程块4.task][58] [
	"WX00081021"
]
[2022/11/1 14:15:12][INFO][流程块4.task][62] [
	"1000.00"
]
[2022/11/1 14:15:18][INFO][流程块4.task][58] [
	"0"
]
[2022/11/1 14:15:18][INFO][流程块4.task][58] [
	"0"
]
[2022/11/1 14:15:18][INFO][流程块4.task][58] [
	"0"
]
[2022/11/1 14:15:18][INFO][流程块4.task][58] [
	"0"
]
[2022/11/1 14:15:18][INFO][流程块4.task][58] [
	"0"
]
[2022/11/1 14:15:18][INFO][流程块4.task][58] [
	"0"
]
[2022/11/1 14:15:18][INFO][流程块4.task][58] [
	"0"
]
[2022/11/1 14:15:18][INFO][流程块4.task][58] [
	"0"
]
[2022/11/1 14:15:18][INFO][流程块4.task][58] [
	"0"
]
[2022/11/1 14:15:18][INFO][流程块4.task][58] [
	"0"
]
[2022/11/1 14:15:18][INFO][流程块4.task][58] [
	"0"
]
[2022/11/1 14:15:18][INFO][流程块4.task][58] [
	"0"
]
[2022/11/1 14:15:18][INFO][流程块4.task][58] [
	"0"
]
[2022/11/1 14:15:18][INFO][流程块4.task][58] [
	"WX00058136"
]
[2022/11/1 14:15:18][INFO][流程块4.task][62] [
	"160.00"
]
[2022/11/1 14:15:18][INFO][流程块4.task][80] false
[2022/11/1 14:15:23][INFO][流程块4.task][80] true
[2022/11/1 14:15:23][INFO][流程块4.task][58] [
	"WX00062443-0002"
]
[2022/11/1 14:15:23][INFO][流程块4.task][62] [
	"100.00"
]
[2022/11/1 14:15:23][INFO][流程块4.task][80] false
[2022/11/1 14:15:29][INFO][流程块4.task][80] false
[2022/11/1 14:15:34][INFO][流程块4.task][58] [
	"WX00065960"
]
[2022/11/1 14:15:34][INFO][流程块4.task][62] [
	"1000.00"
]
[2022/11/1 14:15:40][INFO][流程块4.task][58] [
	"0"
]
[2022/11/1 14:15:40][INFO][流程块4.task][58] [
	"0"
]
[2022/11/1 14:15:40][INFO][流程块4.task][58] [
	"0"
]
[2022/11/1 14:15:40][INFO][流程块4.task][58] [
	"0"
]
[2022/11/1 14:15:40][INFO][流程块4.task][58] [
	"0"
]
[2022/11/1 14:15:40][INFO][流程块4.task][58] [
	"0"
]
[2022/11/1 14:15:40][INFO][流程块4.task][58] [
	"WX00077617-0002"
]
[2022/11/1 14:15:40][INFO][流程块4.task][62] [
	"100.00"
]
[2022/11/1 14:15:40][INFO][流程块4.task][80] false
[2022/11/1 14:15:45][INFO][流程块4.task][80] false
[2022/11/1 14:15:51][INFO][流程块4.task][58] [
	"0"
]
[2022/11/1 14:15:51][INFO][流程块4.task][58] [
	"0"
]
[2022/11/1 14:15:51][INFO][流程块4.task][58] [
	"0"
]
[2022/11/1 14:15:51][INFO][流程块4.task][58] [
	"0"
]
[2022/11/1 14:15:51][INFO][流程块4.task][58] [
	"0"
]
[2022/11/1 14:15:51][INFO][流程块4.task][58] [
	"0"
]
[2022/11/1 14:15:51][INFO][流程块4.task][58] [
	"0"
]
[2022/11/1 14:15:51][INFO][流程块4.task][58] [
	"0"
]
[2022/11/1 14:15:51][INFO][流程块4.task][58] [
	"0"
]
[2022/11/1 14:15:51][INFO][流程块4.task][58] [
	"0"
]
[2022/11/1 14:15:51][INFO][流程块4.task][58] [
	"0"
]
[2022/11/1 14:15:51][INFO][流程块4.task][58] [
	"0"
]
[2022/11/1 14:15:51][INFO][流程块4.task][58] [
	"0"
]
[2022/11/1 14:15:51][INFO][流程块4.task][58] [
	"0"
]
[2022/11/1 14:15:51][INFO][流程块4.task][58] [
	"0"
]
[2022/11/1 14:15:51][INFO][流程块4.task][58] [
	"0"
]
[2022/11/1 14:15:51][INFO][流程块4.task][58] [
	"0"
]
[2022/11/1 14:15:51][INFO][流程块4.task][58] [
	"0"
]
[2022/11/1 14:15:51][INFO][流程块4.task][58] [
	"0"
]
[2022/11/1 14:15:51][INFO][流程块4.task][58] [
	"0"
]
[2022/11/1 14:15:52][INFO][流程块4.task][0] 流程块4.task 运行已结束
