[2022/11/25 22:45:41][INFO][][0] 工作路径已切换到 d:\rpa机器人\百纳\
[2022/11/25 22:45:41][INFO][流程块4.task][0] 流程 流程块4.task 开始运行
[2022/11/25 22:45:41][INFO][流程块4.task][1] 
[2022/11/25 22:45:53][INFO][流程块4.task][71] [
	"0"
]
[2022/11/25 22:45:53][INFO][流程块4.task][71] [
	"0"
]
[2022/11/25 22:45:53][INFO][流程块4.task][71] [
	"0"
]
[2022/11/25 22:45:53][INFO][流程块4.task][71] [
	"0"
]
[2022/11/25 22:45:53][INFO][流程块4.task][71] [
	"0"
]
[2022/11/25 22:45:53][INFO][流程块4.task][71] [
	"0"
]
[2022/11/25 22:45:53][INFO][流程块4.task][71] [
	"0"
]
[2022/11/25 22:45:53][INFO][流程块4.task][71] [
	"0"
]
[2022/11/25 22:45:54][INFO][流程块4.task][71] [
	"0"
]
[2022/11/25 22:45:54][INFO][流程块4.task][71] [
	"0"
]
[2022/11/25 22:45:54][INFO][流程块4.task][71] [
	"0"
]
[2022/11/25 22:45:54][INFO][流程块4.task][71] [
	"517732"
]
[2022/11/25 22:45:54][INFO][流程块4.task][75] [
	"500.00"
]
[2022/11/25 22:45:58][INFO][流程块4.task][71] [
	"0"
]
[2022/11/25 22:45:58][INFO][流程块4.task][71] [
	"0"
]
[2022/11/25 22:45:58][INFO][流程块4.task][71] [
	"0"
]
[2022/11/25 22:45:58][INFO][流程块4.task][71] [
	"0"
]
[2022/11/25 22:45:58][INFO][流程块4.task][71] [
	"0"
]
[2022/11/25 22:45:59][INFO][流程块4.task][71] [
	"0"
]
[2022/11/25 22:45:59][INFO][流程块4.task][71] [
	"0"
]
[2022/11/25 22:45:59][INFO][流程块4.task][71] [
	"0"
]
[2022/11/25 22:45:59][INFO][流程块4.task][71] [
	"0"
]
[2022/11/25 22:45:59][INFO][流程块4.task][71] [
	"0"
]
[2022/11/25 22:45:59][INFO][流程块4.task][71] [
	"0"
]
[2022/11/25 22:45:59][INFO][流程块4.task][71] [
	"0"
]
[2022/11/25 22:45:59][INFO][流程块4.task][71] [
	"0"
]
[2022/11/25 22:45:59][INFO][流程块4.task][71] [
	"0"
]
[2022/11/25 22:45:59][INFO][流程块4.task][71] [
	"957555-0002"
]
[2022/11/25 22:45:59][INFO][流程块4.task][75] [
	"120.00"
]
[2022/11/25 22:45:59][INFO][流程块4.task][94] false
[2022/11/25 22:46:04][INFO][流程块4.task][71] [
	"0"
]
[2022/11/25 22:46:04][INFO][流程块4.task][71] [
	"0"
]
[2022/11/25 22:46:04][INFO][流程块4.task][71] [
	"0"
]
[2022/11/25 22:46:04][INFO][流程块4.task][71] [
	"0"
]
[2022/11/25 22:46:04][INFO][流程块4.task][71] [
	"0"
]
[2022/11/25 22:46:04][INFO][流程块4.task][71] [
	"0"
]
[2022/11/25 22:46:04][INFO][流程块4.task][71] [
	"0"
]
[2022/11/25 22:46:04][INFO][流程块4.task][71] [
	"0"
]
[2022/11/25 22:46:04][INFO][流程块4.task][71] [
	"0"
]
[2022/11/25 22:46:04][INFO][流程块4.task][71] [
	"0"
]
[2022/11/25 22:46:04][INFO][流程块4.task][71] [
	"0"
]
[2022/11/25 22:46:04][INFO][流程块4.task][71] [
	"0"
]
[2022/11/25 22:46:04][INFO][流程块4.task][71] [
	"0"
]
[2022/11/25 22:46:04][INFO][流程块4.task][71] [
	"0"
]
[2022/11/25 22:46:04][INFO][流程块4.task][71] [
	"0"
]
[2022/11/25 22:46:04][INFO][流程块4.task][71] [
	"0"
]
[2022/11/25 22:46:04][INFO][流程块4.task][71] [
	"0"
]
[2022/11/25 22:46:04][INFO][流程块4.task][71] [
	"0"
]
[2022/11/25 22:46:04][INFO][流程块4.task][71] [
	"0"
]
[2022/11/25 22:46:04][INFO][流程块4.task][71] [
	"0"
]
[2022/11/25 22:46:04][INFO][流程块4.task][71] [
	"WX00033717"
]
[2022/11/25 22:46:04][INFO][流程块4.task][75] [
	"500.00"
]
[2022/11/25 22:46:09][INFO][流程块4.task][71] [
	"0"
]
[2022/11/25 22:46:09][INFO][流程块4.task][71] [
	"0"
]
[2022/11/25 22:46:09][INFO][流程块4.task][71] [
	"0"
]
[2022/11/25 22:46:10][INFO][流程块4.task][71] [
	"WX00042428-0002"
]
[2022/11/25 22:46:10][INFO][流程块4.task][75] [
	"100.00"
]
[2022/11/25 22:46:10][INFO][流程块4.task][94] false
[2022/11/25 22:46:15][INFO][流程块4.task][71] [
	"0"
]
[2022/11/25 22:46:15][INFO][流程块4.task][71] [
	"0"
]
[2022/11/25 22:46:15][INFO][流程块4.task][71] [
	"0"
]
[2022/11/25 22:46:15][INFO][流程块4.task][71] [
	"0"
]
[2022/11/25 22:46:15][INFO][流程块4.task][71] [
	"0"
]
[2022/11/25 22:46:15][INFO][流程块4.task][71] [
	"0"
]
[2022/11/25 22:46:15][INFO][流程块4.task][71] [
	"0"
]
[2022/11/25 22:46:15][INFO][流程块4.task][71] [
	"0"
]
[2022/11/25 22:46:15][INFO][流程块4.task][71] [
	"0"
]
[2022/11/25 22:46:15][INFO][流程块4.task][71] [
	"0"
]
[2022/11/25 22:46:15][INFO][流程块4.task][71] [
	"0"
]
[2022/11/25 22:46:15][INFO][流程块4.task][71] [
	"0"
]
[2022/11/25 22:46:15][INFO][流程块4.task][71] [
	"0"
]
[2022/11/25 22:46:15][INFO][流程块4.task][71] [
	"0"
]
[2022/11/25 22:46:15][INFO][流程块4.task][71] [
	"0"
]
[2022/11/25 22:46:15][INFO][流程块4.task][71] [
	"0"
]
[2022/11/25 22:46:15][INFO][流程块4.task][71] [
	"0"
]
[2022/11/25 22:46:15][INFO][流程块4.task][71] [
	"0"
]
[2022/11/25 22:46:16][INFO][流程块4.task][0] 流程块4.task 运行已结束
