[2022/10/31 11:51:05][INFO][][0] 工作路径已切换到 d:\rpa机器人\百纳\
[2022/10/31 11:51:05][INFO][流程块4.task][0] 流程 流程块4.task 开始运行
[2022/10/31 11:51:05][INFO][流程块4.task][1] 
[2022/10/31 11:51:11][INFO][流程块4.task][58] [
	"0"
]
[2022/10/31 11:51:11][INFO][流程块4.task][58] [
	"0"
]
[2022/10/31 11:51:11][INFO][流程块4.task][58] [
	"0"
]
[2022/10/31 11:51:11][INFO][流程块4.task][58] [
	"0"
]
[2022/10/31 11:51:11][INFO][流程块4.task][58] [
	"0"
]
[2022/10/31 11:51:11][INFO][流程块4.task][58] [
	"0"
]
[2022/10/31 11:51:11][INFO][流程块4.task][58] [
	"0"
]
[2022/10/31 11:51:11][INFO][流程块4.task][58] [
	"0"
]
[2022/10/31 11:51:11][INFO][流程块4.task][58] [
	"0"
]
[2022/10/31 11:51:11][INFO][流程块4.task][58] [
	"0"
]
[2022/10/31 11:51:11][INFO][流程块4.task][58] [
	"0"
]
[2022/10/31 11:51:11][INFO][流程块4.task][58] [
	"0"
]
[2022/10/31 11:51:11][INFO][流程块4.task][58] [
	"0"
]
[2022/10/31 11:51:11][INFO][流程块4.task][58] [
	"0"
]
[2022/10/31 11:51:11][INFO][流程块4.task][58] [
	"0"
]
[2022/10/31 11:51:11][INFO][流程块4.task][58] [
	"0"
]
[2022/10/31 11:51:11][INFO][流程块4.task][58] [
	"0"
]
[2022/10/31 11:51:11][INFO][流程块4.task][58] [
	"WX00002525"
]
[2022/10/31 11:51:11][INFO][流程块4.task][62] [
	"500.00"
]
[2022/10/31 11:51:16][INFO][流程块4.task][58] [
	"WX00021669"
]
[2022/10/31 11:51:16][INFO][流程块4.task][62] [
	"200.00"
]
[2022/10/31 11:51:16][INFO][流程块4.task][80] false
[2022/10/31 11:51:22][INFO][流程块4.task][58] [
	"0"
]
[2022/10/31 11:51:22][INFO][流程块4.task][58] [
	"0"
]
[2022/10/31 11:51:22][INFO][流程块4.task][58] [
	"0"
]
[2022/10/31 11:51:22][INFO][流程块4.task][58] [
	"0"
]
[2022/10/31 11:51:22][INFO][流程块4.task][58] [
	"0"
]
[2022/10/31 11:51:22][INFO][流程块4.task][58] [
	"WX00079401"
]
[2022/10/31 11:51:22][INFO][流程块4.task][62] [
	"500.00"
]
[2022/10/31 11:51:27][INFO][流程块4.task][58] [
	"WX00080799"
]
[2022/10/31 11:51:27][INFO][流程块4.task][62] [
	"500.00"
]
[2022/10/31 11:51:33][INFO][流程块4.task][58] [
	"0"
]
[2022/10/31 11:51:33][INFO][流程块4.task][58] [
	"WX00081024-0002"
]
[2022/10/31 11:51:33][INFO][流程块4.task][62] [
	"600.00"
]
[2022/10/31 11:51:33][INFO][流程块4.task][80] false
[2022/10/31 11:51:38][INFO][流程块4.task][80] false
[2022/10/31 11:51:44][INFO][流程块4.task][58] [
	"WX00081031-0002"
]
[2022/10/31 11:51:44][INFO][流程块4.task][62] [
	"100.00"
]
[2022/10/31 11:51:44][INFO][流程块4.task][80] false
[2022/10/31 11:51:49][INFO][流程块4.task][80] false
[2022/10/31 11:51:55][INFO][流程块4.task][80] false
[2022/10/31 11:52:00][INFO][流程块4.task][58] [
	"0"
]
[2022/10/31 11:52:00][INFO][流程块4.task][58] [
	"0"
]
[2022/10/31 11:52:00][INFO][流程块4.task][58] [
	"0"
]
[2022/10/31 11:52:00][INFO][流程块4.task][58] [
	"0"
]
[2022/10/31 11:52:00][INFO][流程块4.task][58] [
	"0"
]
[2022/10/31 11:52:00][INFO][流程块4.task][58] [
	"0"
]
[2022/10/31 11:52:00][INFO][流程块4.task][58] [
	"0"
]
[2022/10/31 11:52:00][INFO][流程块4.task][58] [
	"0"
]
[2022/10/31 11:52:00][INFO][流程块4.task][58] [
	"0"
]
[2022/10/31 11:52:00][INFO][流程块4.task][58] [
	"0"
]
[2022/10/31 11:52:00][INFO][流程块4.task][58] [
	"0"
]
[2022/10/31 11:52:00][INFO][流程块4.task][58] [
	"0"
]
[2022/10/31 11:52:00][INFO][流程块4.task][58] [
	"WX00006484"
]
[2022/10/31 11:52:00][INFO][流程块4.task][62] [
	"200.00"
]
[2022/10/31 11:52:05][INFO][流程块4.task][58] [
	"WX00071545"
]
[2022/10/31 11:52:05][INFO][流程块4.task][62] [
	"200.00"
]
[2022/10/31 11:52:11][INFO][流程块4.task][58] [
	"WX00081020"
]
[2022/10/31 11:52:11][INFO][流程块4.task][62] [
	"400.00"
]
[2022/10/31 11:52:16][INFO][流程块4.task][58] [
	"0"
]
[2022/10/31 11:52:16][INFO][流程块4.task][58] [
	"0"
]
[2022/10/31 11:52:16][INFO][流程块4.task][58] [
	"0"
]
[2022/10/31 11:52:16][INFO][流程块4.task][58] [
	"0"
]
[2022/10/31 11:52:16][INFO][流程块4.task][58] [
	"0"
]
[2022/10/31 11:52:16][INFO][流程块4.task][58] [
	"0"
]
[2022/10/31 11:52:16][INFO][流程块4.task][58] [
	"0"
]
[2022/10/31 11:52:16][INFO][流程块4.task][58] [
	"WX00043813"
]
[2022/10/31 11:52:16][INFO][流程块4.task][62] [
	"200.00"
]
[2022/10/31 11:52:16][INFO][流程块4.task][80] false
[2022/10/31 11:52:22][INFO][流程块4.task][58] [
	"0"
]
[2022/10/31 11:52:22][INFO][流程块4.task][58] [
	"0"
]
[2022/10/31 11:52:22][INFO][流程块4.task][58] [
	"0"
]
[2022/10/31 11:52:22][INFO][流程块4.task][58] [
	"0"
]
[2022/10/31 11:52:22][INFO][流程块4.task][58] [
	"0"
]
[2022/10/31 11:52:22][INFO][流程块4.task][58] [
	"0"
]
[2022/10/31 11:52:22][INFO][流程块4.task][58] [
	"0"
]
[2022/10/31 11:52:22][INFO][流程块4.task][58] [
	"0"
]
[2022/10/31 11:52:22][INFO][流程块4.task][58] [
	"0"
]
[2022/10/31 11:52:22][INFO][流程块4.task][58] [
	"0"
]
[2022/10/31 11:52:22][INFO][流程块4.task][58] [
	"0"
]
[2022/10/31 11:52:22][INFO][流程块4.task][58] [
	"0"
]
[2022/10/31 11:52:22][INFO][流程块4.task][58] [
	"0"
]
[2022/10/31 11:52:22][INFO][流程块4.task][58] [
	"0"
]
[2022/10/31 11:52:22][INFO][流程块4.task][58] [
	"0"
]
[2022/10/31 11:52:22][INFO][流程块4.task][58] [
	"0"
]
[2022/10/31 11:52:22][INFO][流程块4.task][58] [
	"0"
]
[2022/10/31 11:52:22][INFO][流程块4.task][58] [
	"0"
]
[2022/10/31 11:52:22][INFO][流程块4.task][58] [
	"0"
]
[2022/10/31 11:52:22][INFO][流程块4.task][58] [
	"0"
]
[2022/10/31 11:52:22][INFO][流程块4.task][58] [
	"0"
]
[2022/10/31 11:52:22][INFO][流程块4.task][58] [
	"WX00001897-0002"
]
[2022/10/31 11:52:22][INFO][流程块4.task][62] [
	"100.00"
]
[2022/10/31 11:52:22][INFO][流程块4.task][80] false
[2022/10/31 11:52:27][INFO][流程块4.task][58] [
	"0"
]
[2022/10/31 11:52:27][INFO][流程块4.task][58] [
	"WX00003603"
]
[2022/10/31 11:52:27][INFO][流程块4.task][62] [
	"200.00"
]
[2022/10/31 11:52:27][INFO][流程块4.task][80] false
[2022/10/31 11:52:33][INFO][流程块4.task][58] [
	"0"
]
[2022/10/31 11:52:33][INFO][流程块4.task][58] [
	"WX00015658"
]
[2022/10/31 11:52:33][INFO][流程块4.task][62] [
	"400.00"
]
[2022/10/31 11:52:33][INFO][流程块4.task][80] false
[2022/10/31 11:52:38][INFO][流程块4.task][58] [
	"0"
]
[2022/10/31 11:52:38][INFO][流程块4.task][58] [
	"0"
]
[2022/10/31 11:52:38][INFO][流程块4.task][58] [
	"WX00028783"
]
[2022/10/31 11:52:38][INFO][流程块4.task][62] [
	"200.00"
]
[2022/10/31 11:52:44][INFO][流程块4.task][58] [
	"0"
]
[2022/10/31 11:52:44][INFO][流程块4.task][58] [
	"0"
]
[2022/10/31 11:52:44][INFO][流程块4.task][58] [
	"WX00037220-0002"
]
[2022/10/31 11:52:44][INFO][流程块4.task][62] [
	"100.00"
]
[2022/10/31 11:52:44][INFO][流程块4.task][80] false
[2022/10/31 11:52:49][INFO][流程块4.task][80] false
[2022/10/31 11:52:55][INFO][流程块4.task][58] [
	"0"
]
[2022/10/31 11:52:55][INFO][流程块4.task][58] [
	"0"
]
[2022/10/31 11:52:55][INFO][流程块4.task][58] [
	"0"
]
[2022/10/31 11:52:55][INFO][流程块4.task][58] [
	"0"
]
[2022/10/31 11:52:55][INFO][流程块4.task][58] [
	"WX00052133-0002"
]
[2022/10/31 11:52:55][INFO][流程块4.task][62] [
	"100.00"
]
[2022/10/31 11:52:55][INFO][流程块4.task][80] false
[2022/10/31 11:53:00][INFO][流程块4.task][80] false
[2022/10/31 11:53:06][INFO][流程块4.task][58] [
	"0"
]
[2022/10/31 11:53:06][INFO][流程块4.task][58] [
	"0"
]
[2022/10/31 11:53:06][INFO][流程块4.task][58] [
	"WX00071630"
]
[2022/10/31 11:53:06][INFO][流程块4.task][62] [
	"500.00"
]
[2022/10/31 11:53:06][INFO][流程块4.task][80] false
[2022/10/31 11:53:11][INFO][流程块4.task][58] [
	"0"
]
[2022/10/31 11:53:11][INFO][流程块4.task][58] [
	"WX00078909-0008"
]
[2022/10/31 11:53:11][INFO][流程块4.task][62] [
	"400.00"
]
[2022/10/31 11:53:11][INFO][流程块4.task][80] false
[2022/10/31 11:53:17][INFO][流程块4.task][80] false
[2022/10/31 11:53:22][INFO][流程块4.task][80] false
[2022/10/31 11:53:28][INFO][流程块4.task][80] false
[2022/10/31 11:53:33][INFO][流程块4.task][80] false
[2022/10/31 11:53:39][INFO][流程块4.task][80] false
[2022/10/31 11:53:45][INFO][流程块4.task][80] false
[2022/10/31 11:53:50][INFO][流程块4.task][80] false
[2022/10/31 11:53:56][INFO][流程块4.task][58] [
	"0"
]
[2022/10/31 11:53:56][INFO][流程块4.task][58] [
	"0"
]
[2022/10/31 11:53:56][INFO][流程块4.task][58] [
	"WX00081021"
]
[2022/10/31 11:53:56][INFO][流程块4.task][62] [
	"1000.00"
]
[2022/10/31 11:54:01][INFO][流程块4.task][58] [
	"0"
]
[2022/10/31 11:54:01][INFO][流程块4.task][58] [
	"0"
]
[2022/10/31 11:54:01][INFO][流程块4.task][58] [
	"0"
]
[2022/10/31 11:54:01][INFO][流程块4.task][58] [
	"0"
]
[2022/10/31 11:54:01][INFO][流程块4.task][58] [
	"0"
]
[2022/10/31 11:54:01][INFO][流程块4.task][58] [
	"0"
]
[2022/10/31 11:54:01][INFO][流程块4.task][58] [
	"0"
]
[2022/10/31 11:54:01][INFO][流程块4.task][58] [
	"0"
]
[2022/10/31 11:54:01][INFO][流程块4.task][58] [
	"0"
]
[2022/10/31 11:54:01][INFO][流程块4.task][58] [
	"0"
]
[2022/10/31 11:54:01][INFO][流程块4.task][58] [
	"0"
]
[2022/10/31 11:54:01][INFO][流程块4.task][58] [
	"0"
]
[2022/10/31 11:54:01][INFO][流程块4.task][58] [
	"0"
]
[2022/10/31 11:54:01][INFO][流程块4.task][58] [
	"WX00058136-0002"
]
[2022/10/31 11:54:01][INFO][流程块4.task][62] [
	"100.00"
]
[2022/10/31 11:54:01][INFO][流程块4.task][80] false
[2022/10/31 11:54:07][INFO][流程块4.task][80] false
[2022/10/31 11:54:12][INFO][流程块4.task][58] [
	"WX00062443-0002"
]
[2022/10/31 11:54:12][INFO][流程块4.task][62] [
	"100.00"
]
[2022/10/31 11:54:12][INFO][流程块4.task][80] false
[2022/10/31 11:54:18][INFO][流程块4.task][80] false
[2022/10/31 11:54:23][INFO][流程块4.task][58] [
	"WX00065960"
]
[2022/10/31 11:54:23][INFO][流程块4.task][62] [
	"1000.00"
]
[2022/10/31 11:54:29][INFO][流程块4.task][58] [
	"0"
]
[2022/10/31 11:54:29][INFO][流程块4.task][58] [
	"0"
]
[2022/10/31 11:54:29][INFO][流程块4.task][58] [
	"0"
]
[2022/10/31 11:54:29][INFO][流程块4.task][58] [
	"0"
]
[2022/10/31 11:54:29][INFO][流程块4.task][58] [
	"0"
]
[2022/10/31 11:54:29][INFO][流程块4.task][58] [
	"0"
]
[2022/10/31 11:54:29][INFO][流程块4.task][58] [
	"WX00077617-0002"
]
[2022/10/31 11:54:29][INFO][流程块4.task][62] [
	"100.00"
]
[2022/10/31 11:54:29][INFO][流程块4.task][80] false
[2022/10/31 11:54:34][INFO][流程块4.task][80] false
[2022/10/31 11:54:40][INFO][流程块4.task][58] [
	"0"
]
[2022/10/31 11:54:40][INFO][流程块4.task][58] [
	"0"
]
[2022/10/31 11:54:40][INFO][流程块4.task][58] [
	"0"
]
[2022/10/31 11:54:40][INFO][流程块4.task][58] [
	"0"
]
[2022/10/31 11:54:40][INFO][流程块4.task][58] [
	"0"
]
[2022/10/31 11:54:40][INFO][流程块4.task][58] [
	"0"
]
[2022/10/31 11:54:40][INFO][流程块4.task][58] [
	"0"
]
[2022/10/31 11:54:40][INFO][流程块4.task][58] [
	"0"
]
[2022/10/31 11:54:40][INFO][流程块4.task][58] [
	"0"
]
[2022/10/31 11:54:40][INFO][流程块4.task][58] [
	"0"
]
[2022/10/31 11:54:40][INFO][流程块4.task][58] [
	"0"
]
[2022/10/31 11:54:40][INFO][流程块4.task][58] [
	"0"
]
[2022/10/31 11:54:40][INFO][流程块4.task][58] [
	"0"
]
[2022/10/31 11:54:40][INFO][流程块4.task][58] [
	"0"
]
[2022/10/31 11:54:40][INFO][流程块4.task][58] [
	"0"
]
[2022/10/31 11:54:40][INFO][流程块4.task][58] [
	"0"
]
[2022/10/31 11:54:40][INFO][流程块4.task][58] [
	"0"
]
[2022/10/31 11:54:40][INFO][流程块4.task][58] [
	"0"
]
[2022/10/31 11:54:40][INFO][流程块4.task][58] [
	"0"
]
[2022/10/31 11:54:40][INFO][流程块4.task][58] [
	"0"
]
[2022/10/31 11:54:41][INFO][流程块4.task][0] 流程块4.task 运行已结束
