[2022/11/23 19:47:24][INFO][][0] 工作路径已切换到 d:\rpa机器人\百纳\
[2022/11/23 19:47:24][INFO][流程块4.task][0] 流程 流程块4.task 开始运行
[2022/11/23 19:47:24][INFO][流程块4.task][1] 
[2022/11/23 19:47:34][INFO][流程块4.task][71] [
	"0"
]
[2022/11/23 19:47:34][INFO][流程块4.task][71] [
	"507507"
]
[2022/11/23 19:47:34][INFO][流程块4.task][75] [
	"100.00"
]
[2022/11/23 19:47:38][INFO][流程块4.task][71] [
	"0"
]
[2022/11/23 19:47:38][INFO][流程块4.task][71] [
	"0"
]
[2022/11/23 19:47:38][INFO][流程块4.task][71] [
	"0"
]
[2022/11/23 19:47:38][INFO][流程块4.task][71] [
	"0"
]
[2022/11/23 19:47:39][INFO][流程块4.task][71] [
	"0"
]
[2022/11/23 19:47:39][INFO][流程块4.task][71] [
	"0"
]
[2022/11/23 19:47:39][INFO][流程块4.task][71] [
	"0"
]
[2022/11/23 19:47:39][INFO][流程块4.task][71] [
	"0"
]
[2022/11/23 19:47:39][INFO][流程块4.task][71] [
	"0"
]
[2022/11/23 19:47:39][INFO][流程块4.task][71] [
	"0"
]
[2022/11/23 19:47:39][INFO][流程块4.task][71] [
	"0"
]
[2022/11/23 19:47:39][INFO][流程块4.task][71] [
	"0"
]
[2022/11/23 19:47:39][INFO][流程块4.task][71] [
	"0"
]
[2022/11/23 19:47:39][INFO][流程块4.task][71] [
	"0"
]
[2022/11/23 19:47:39][INFO][流程块4.task][71] [
	"0"
]
[2022/11/23 19:47:39][INFO][流程块4.task][71] [
	"0"
]
[2022/11/23 19:47:39][INFO][流程块4.task][71] [
	"960355-0084"
]
[2022/11/23 19:47:39][INFO][流程块4.task][75] [
	"51.00"
]
[2022/11/23 19:47:39][INFO][流程块4.task][94] false
[2022/11/23 19:47:44][INFO][流程块4.task][94] false
[2022/11/23 19:47:49][INFO][流程块4.task][94] false
[2022/11/23 19:47:55][INFO][流程块4.task][94] false
[2022/11/23 19:48:00][INFO][流程块4.task][94] false
[2022/11/23 19:48:06][INFO][流程块4.task][94] false
[2022/11/23 19:48:12][INFO][流程块4.task][71] [
	"0"
]
[2022/11/23 19:48:12][INFO][流程块4.task][71] [
	"0"
]
[2022/11/23 19:48:12][INFO][流程块4.task][71] [
	"0"
]
[2022/11/23 19:48:12][INFO][流程块4.task][71] [
	"0"
]
[2022/11/23 19:48:12][INFO][流程块4.task][71] [
	"0"
]
[2022/11/23 19:48:12][INFO][流程块4.task][71] [
	"0"
]
[2022/11/23 19:48:12][INFO][流程块4.task][71] [
	"0"
]
[2022/11/23 19:48:12][INFO][流程块4.task][71] [
	"0"
]
[2022/11/23 19:48:12][INFO][流程块4.task][71] [
	"0"
]
[2022/11/23 19:48:12][INFO][流程块4.task][71] [
	"WX00017212-0020"
]
[2022/11/23 19:48:12][INFO][流程块4.task][75] [
	"450.00"
]
[2022/11/23 19:48:12][INFO][流程块4.task][94] false
[2022/11/23 19:48:17][INFO][流程块4.task][71] [
	"0"
]
[2022/11/23 19:48:17][INFO][流程块4.task][71] [
	"0"
]
[2022/11/23 19:48:17][INFO][流程块4.task][71] [
	"0"
]
[2022/11/23 19:48:17][INFO][流程块4.task][71] [
	"WX00027149"
]
[2022/11/23 19:48:17][INFO][流程块4.task][75] [
	"200.00"
]
[2022/11/23 19:48:17][INFO][流程块4.task][94] false
[2022/11/23 19:48:23][INFO][流程块4.task][71] [
	"0"
]
[2022/11/23 19:48:23][INFO][流程块4.task][71] [
	"0"
]
[2022/11/23 19:48:23][INFO][流程块4.task][71] [
	"WX00033717"
]
[2022/11/23 19:48:23][INFO][流程块4.task][75] [
	"500.00"
]
[2022/11/23 19:48:28][INFO][流程块4.task][71] [
	"0"
]
[2022/11/23 19:48:28][INFO][流程块4.task][71] [
	"0"
]
[2022/11/23 19:48:28][INFO][流程块4.task][71] [
	"0"
]
[2022/11/23 19:48:28][INFO][流程块4.task][71] [
	"0"
]
[2022/11/23 19:48:28][INFO][流程块4.task][71] [
	"WX00056763-0004"
]
[2022/11/23 19:48:28][INFO][流程块4.task][75] [
	"724.00"
]
[2022/11/23 19:48:28][INFO][流程块4.task][94] false
[2022/11/23 19:48:33][INFO][流程块4.task][94] false
[2022/11/23 19:48:39][INFO][流程块4.task][71] [
	"0"
]
[2022/11/23 19:48:39][INFO][流程块4.task][71] [
	"0"
]
[2022/11/23 19:48:39][INFO][流程块4.task][71] [
	"0"
]
[2022/11/23 19:48:39][INFO][流程块4.task][71] [
	"0"
]
[2022/11/23 19:48:39][INFO][流程块4.task][71] [
	"0"
]
[2022/11/23 19:48:39][INFO][流程块4.task][71] [
	"0"
]
[2022/11/23 19:48:39][INFO][流程块4.task][71] [
	"0"
]
[2022/11/23 19:48:39][INFO][流程块4.task][71] [
	"0"
]
[2022/11/23 19:48:39][INFO][流程块4.task][71] [
	"0"
]
[2022/11/23 19:48:39][INFO][流程块4.task][71] [
	"0"
]
[2022/11/23 19:48:39][INFO][流程块4.task][71] [
	"WX00080815"
]
[2022/11/23 19:48:39][INFO][流程块4.task][75] [
	"200.00"
]
[2022/11/23 19:48:44][INFO][流程块4.task][71] [
	"0"
]
[2022/11/23 19:48:44][INFO][流程块4.task][71] [
	"0"
]
[2022/11/23 19:48:44][INFO][流程块4.task][71] [
	"0"
]
[2022/11/23 19:48:44][INFO][流程块4.task][71] [
	"0"
]
[2022/11/23 19:48:44][INFO][流程块4.task][71] [
	"0"
]
[2022/11/23 19:48:45][INFO][流程块4.task][0] 流程块4.task 运行已结束
