[2022/10/31 11:38:22][INFO][][0] 工作路径已切换到 d:\rpa机器人\百纳\
[2022/10/31 11:38:22][INFO][流程块4.task][0] 流程 流程块4.task 开始运行
[2022/10/31 11:38:22][INFO][流程块4.task][1] 
[2022/10/31 11:38:26][INFO][流程块4.task][58] [
	"0"
]
[2022/10/31 11:38:26][INFO][流程块4.task][58] [
	"950580-0004"
]
[2022/10/31 11:38:26][INFO][流程块4.task][62] [
	"200.00"
]
[2022/10/31 11:38:48][INFO][流程块4.task][58] [
	"0"
]
[2022/10/31 11:38:48][INFO][流程块4.task][58] [
	"0"
]
[2022/10/31 11:38:48][INFO][流程块4.task][58] [
	"0"
]
[2022/10/31 11:38:48][INFO][流程块4.task][58] [
	"0"
]
[2022/10/31 11:38:48][INFO][流程块4.task][58] [
	"0"
]
[2022/10/31 11:38:48][INFO][流程块4.task][58] [
	"0"
]
[2022/10/31 11:38:48][INFO][流程块4.task][58] [
	"0"
]
[2022/10/31 11:38:48][INFO][流程块4.task][58] [
	"0"
]
[2022/10/31 11:38:48][INFO][流程块4.task][58] [
	"WX00080302-0001"
]
[2022/10/31 11:38:48][INFO][流程块4.task][62] [
	"200.00"
]
[2022/10/31 11:38:53][INFO][流程块4.task][58] [
	"WX00080302-0001"
]
[2022/10/31 11:38:53][INFO][流程块4.task][62] [
	"106.00"
]
[2022/10/31 11:39:08][ERROR][流程块4.task][101] 运行发生错误，流程中止
错误信息如下：
流程块4.task 第101行：模块 Keyboard.KeyboardAuto.InputText 命令出错：Exception has been thrown by the target of an invocation.
元素不可用
[2022/10/31 11:39:08][INFO][流程块4.task][0] 流程块4.task 运行已结束
