[2022/11/1 14:06:49][INFO][][0] 工作路径已切换到 d:\rpa机器人\百纳\
[2022/11/1 14:06:49][INFO][流程块4.task][0] 流程 流程块4.task 开始运行
[2022/11/1 14:06:49][INFO][流程块4.task][1] 
[2022/11/1 14:06:52][INFO][流程块4.task][58] [
	"0"
]
[2022/11/1 14:06:52][INFO][流程块4.task][58] [
	"0"
]
[2022/11/1 14:06:52][INFO][流程块4.task][58] [
	"0"
]
[2022/11/1 14:06:52][INFO][流程块4.task][58] [
	"0"
]
[2022/11/1 14:06:52][INFO][流程块4.task][58] [
	"0"
]
[2022/11/1 14:06:52][INFO][流程块4.task][58] [
	"0"
]
[2022/11/1 14:06:52][INFO][流程块4.task][58] [
	"0"
]
[2022/11/1 14:06:52][INFO][流程块4.task][58] [
	"0"
]
[2022/11/1 14:06:52][INFO][流程块4.task][58] [
	"0"
]
[2022/11/1 14:06:52][INFO][流程块4.task][58] [
	"0"
]
[2022/11/1 14:06:52][INFO][流程块4.task][58] [
	"0"
]
[2022/11/1 14:06:52][INFO][流程块4.task][58] [
	"WX00061092-0003"
]
[2022/11/1 14:06:52][INFO][流程块4.task][62] [
	"150.00"
]
[2022/11/1 14:06:52][INFO][流程块4.task][80] false
[2022/11/1 14:06:57][INFO][流程块4.task][80] false
[2022/11/1 14:07:03][INFO][流程块4.task][80] false
[2022/11/1 14:07:08][INFO][流程块4.task][58] [
	"0"
]
[2022/11/1 14:07:08][INFO][流程块4.task][58] [
	"0"
]
[2022/11/1 14:07:08][INFO][流程块4.task][58] [
	"0"
]
[2022/11/1 14:07:08][INFO][流程块4.task][58] [
	"0"
]
[2022/11/1 14:07:08][INFO][流程块4.task][58] [
	"WX00007082-0004"
]
[2022/11/1 14:07:08][INFO][流程块4.task][62] [
	"200.00"
]
[2022/11/1 14:07:08][INFO][流程块4.task][80] false
[2022/11/1 14:07:14][INFO][流程块4.task][80] false
[2022/11/1 14:07:19][INFO][流程块4.task][80] false
[2022/11/1 14:07:25][INFO][流程块4.task][80] false
[2022/11/1 14:07:30][INFO][流程块4.task][58] [
	"WX00033638-0005"
]
[2022/11/1 14:07:30][INFO][流程块4.task][62] [
	"250.00"
]
[2022/11/1 14:07:30][INFO][流程块4.task][80] false
[2022/11/1 14:07:36][INFO][流程块4.task][80] false
[2022/11/1 14:07:41][INFO][流程块4.task][80] false
[2022/11/1 14:07:47][INFO][流程块4.task][80] false
[2022/11/1 14:07:52][INFO][流程块4.task][58] [
	"0"
]
[2022/11/1 14:07:52][INFO][流程块4.task][58] [
	"0"
]
[2022/11/1 14:07:52][INFO][流程块4.task][58] [
	"0"
]
[2022/11/1 14:07:52][INFO][流程块4.task][58] [
	"0"
]
[2022/11/1 14:07:52][INFO][流程块4.task][58] [
	"WX00077215-0003"
]
[2022/11/1 14:07:52][INFO][流程块4.task][62] [
	"350.00"
]
[2022/11/1 14:07:52][INFO][流程块4.task][80] false
[2022/11/1 14:07:58][INFO][流程块4.task][80] false
[2022/11/1 14:08:03][INFO][流程块4.task][80] false
[2022/11/1 14:08:09][INFO][流程块4.task][80] false
[2022/11/1 14:08:14][INFO][流程块4.task][58] [
	"0"
]
[2022/11/1 14:08:14][INFO][流程块4.task][58] [
	"0"
]
[2022/11/1 14:08:14][INFO][流程块4.task][58] [
	"0"
]
[2022/11/1 14:08:14][INFO][流程块4.task][58] [
	"WX00003122"
]
[2022/11/1 14:08:14][INFO][流程块4.task][62] [
	"200.00"
]
[2022/11/1 14:08:15][INFO][流程块4.task][80] false
[2022/11/1 14:08:20][INFO][流程块4.task][58] [
	"WX00019639-0002"
]
[2022/11/1 14:08:20][INFO][流程块4.task][62] [
	"100.00"
]
[2022/11/1 14:08:20][INFO][流程块4.task][80] false
[2022/11/1 14:08:25][INFO][流程块4.task][58] [
	"WX00045894"
]
[2022/11/1 14:08:25][INFO][流程块4.task][62] [
	"200.00"
]
[2022/11/1 14:08:25][INFO][流程块4.task][80] false
[2022/11/1 14:08:31][INFO][流程块4.task][58] [
	"WX00058136-0002"
]
[2022/11/1 14:08:31][INFO][流程块4.task][62] [
	"100.00"
]
[2022/11/1 14:08:31][INFO][流程块4.task][80] false
[2022/11/1 14:08:36][INFO][流程块4.task][80] false
[2022/11/1 14:08:42][INFO][流程块4.task][80] false
[2022/11/1 14:08:48][INFO][流程块4.task][58] [
	"WX00081010-0004"
]
[2022/11/1 14:08:48][INFO][流程块4.task][62] [
	"200.00"
]
[2022/11/1 14:08:48][INFO][流程块4.task][80] false
[2022/11/1 14:08:53][INFO][流程块4.task][80] false
[2022/11/1 14:08:59][INFO][流程块4.task][80] false
[2022/11/1 14:09:04][INFO][流程块4.task][80] false
[2022/11/1 14:09:10][INFO][流程块4.task][58] [
	"WX00081011-0003"
]
[2022/11/1 14:09:10][INFO][流程块4.task][62] [
	"850.00"
]
[2022/11/1 14:09:10][INFO][流程块4.task][80] false
[2022/11/1 14:09:15][INFO][流程块4.task][80] false
[2022/11/1 14:09:21][INFO][流程块4.task][80] false
[2022/11/1 14:09:26][INFO][流程块4.task][58] [
	"0"
]
[2022/11/1 14:09:26][INFO][流程块4.task][58] [
	"0"
]
[2022/11/1 14:09:26][INFO][流程块4.task][58] [
	"0"
]
[2022/11/1 14:09:26][INFO][流程块4.task][58] [
	"0"
]
[2022/11/1 14:09:26][INFO][流程块4.task][58] [
	"0"
]
[2022/11/1 14:09:26][INFO][流程块4.task][58] [
	"0"
]
[2022/11/1 14:09:26][INFO][流程块4.task][58] [
	"0"
]
[2022/11/1 14:09:26][INFO][流程块4.task][58] [
	"0"
]
[2022/11/1 14:09:26][INFO][流程块4.task][58] [
	"0"
]
[2022/11/1 14:09:26][INFO][流程块4.task][58] [
	"WX00063586-0002"
]
[2022/11/1 14:09:26][INFO][流程块4.task][62] [
	"100.00"
]
[2022/11/1 14:09:26][INFO][流程块4.task][80] false
[2022/11/1 14:09:32][INFO][流程块4.task][80] false
[2022/11/1 14:09:37][INFO][流程块4.task][58] [
	"0"
]
[2022/11/1 14:09:37][INFO][流程块4.task][58] [
	"0"
]
[2022/11/1 14:09:37][INFO][流程块4.task][58] [
	"0"
]
[2022/11/1 14:09:37][INFO][流程块4.task][58] [
	"0"
]
[2022/11/1 14:09:37][INFO][流程块4.task][58] [
	"0"
]
[2022/11/1 14:09:37][INFO][流程块4.task][58] [
	"0"
]
[2022/11/1 14:09:37][INFO][流程块4.task][58] [
	"WX00008623-0002"
]
[2022/11/1 14:09:37][INFO][流程块4.task][62] [
	"100.00"
]
[2022/11/1 14:09:37][INFO][流程块4.task][80] false
[2022/11/1 14:09:43][INFO][流程块4.task][58] [
	"0"
]
[2022/11/1 14:09:43][INFO][流程块4.task][58] [
	"0"
]
[2022/11/1 14:09:43][INFO][流程块4.task][58] [
	"0"
]
[2022/11/1 14:09:43][INFO][流程块4.task][58] [
	"0"
]
[2022/11/1 14:09:43][INFO][流程块4.task][58] [
	"0"
]
[2022/11/1 14:09:43][INFO][流程块4.task][58] [
	"0"
]
[2022/11/1 14:09:43][INFO][流程块4.task][58] [
	"0"
]
[2022/11/1 14:09:43][INFO][流程块4.task][58] [
	"0"
]
[2022/11/1 14:09:43][INFO][流程块4.task][58] [
	"0"
]
[2022/11/1 14:09:43][INFO][流程块4.task][58] [
	"0"
]
[2022/11/1 14:09:43][INFO][流程块4.task][58] [
	"WX00081006-0001"
]
[2022/11/1 14:09:43][INFO][流程块4.task][62] [
	"500.00"
]
[2022/11/1 14:09:43][INFO][流程块4.task][80] false
[2022/11/1 14:09:48][INFO][流程块4.task][58] [
	"0"
]
[2022/11/1 14:09:48][INFO][流程块4.task][58] [
	"0"
]
[2022/11/1 14:09:48][INFO][流程块4.task][58] [
	"WX00014779-0002"
]
[2022/11/1 14:09:48][INFO][流程块4.task][62] [
	"100.00"
]
[2022/11/1 14:09:48][INFO][流程块4.task][80] false
[2022/11/1 14:09:54][INFO][流程块4.task][80] false
[2022/11/1 14:09:59][INFO][流程块4.task][80] false
[2022/11/1 14:10:05][INFO][流程块4.task][58] [
	"0"
]
[2022/11/1 14:10:05][INFO][流程块4.task][58] [
	"0"
]
[2022/11/1 14:10:05][INFO][流程块4.task][58] [
	"WX00032679"
]
[2022/11/1 14:10:05][INFO][流程块4.task][62] [
	"200.00"
]
[2022/11/1 14:10:05][INFO][流程块4.task][80] false
[2022/11/1 14:10:10][INFO][流程块4.task][58] [
	"WX00035922"
]
[2022/11/1 14:10:10][INFO][流程块4.task][62] [
	"200.00"
]
[2022/11/1 14:10:10][INFO][流程块4.task][80] false
[2022/11/1 14:10:16][INFO][流程块4.task][58] [
	"0"
]
[2022/11/1 14:10:16][INFO][流程块4.task][58] [
	"0"
]
[2022/11/1 14:10:16][INFO][流程块4.task][58] [
	"0"
]
[2022/11/1 14:10:16][INFO][流程块4.task][58] [
	"0"
]
[2022/11/1 14:10:16][INFO][流程块4.task][58] [
	"0"
]
[2022/11/1 14:10:16][INFO][流程块4.task][58] [
	"0"
]
[2022/11/1 14:10:16][INFO][流程块4.task][58] [
	"0"
]
[2022/11/1 14:10:16][INFO][流程块4.task][58] [
	"0"
]
[2022/11/1 14:10:16][INFO][流程块4.task][58] [
	"0"
]
[2022/11/1 14:10:16][INFO][流程块4.task][58] [
	"0"
]
[2022/11/1 14:10:16][INFO][流程块4.task][58] [
	"0"
]
[2022/11/1 14:10:16][INFO][流程块4.task][58] [
	"0"
]
[2022/11/1 14:10:16][INFO][流程块4.task][58] [
	"0"
]
[2022/11/1 14:10:16][INFO][流程块4.task][58] [
	"0"
]
[2022/11/1 14:10:16][INFO][流程块4.task][58] [
	"0"
]
[2022/11/1 14:10:16][INFO][流程块4.task][58] [
	"0"
]
[2022/11/1 14:10:16][INFO][流程块4.task][58] [
	"WX00058985-0005"
]
[2022/11/1 14:10:16][INFO][流程块4.task][62] [
	"250.00"
]
[2022/11/1 14:10:16][INFO][流程块4.task][80] false
[2022/11/1 14:10:21][INFO][流程块4.task][80] false
[2022/11/1 14:10:27][INFO][流程块4.task][80] false
[2022/11/1 14:10:32][INFO][流程块4.task][80] false
[2022/11/1 14:10:38][INFO][流程块4.task][80] false
[2022/11/1 14:10:43][INFO][流程块4.task][58] [
	"0"
]
[2022/11/1 14:10:43][INFO][流程块4.task][58] [
	"0"
]
[2022/11/1 14:10:43][INFO][流程块4.task][58] [
	"0"
]
[2022/11/1 14:10:43][INFO][流程块4.task][58] [
	"0"
]
[2022/11/1 14:10:43][INFO][流程块4.task][58] [
	"0"
]
[2022/11/1 14:10:43][INFO][流程块4.task][58] [
	"WX00079776-0003"
]
[2022/11/1 14:10:43][INFO][流程块4.task][62] [
	"150.00"
]
[2022/11/1 14:10:43][INFO][流程块4.task][80] false
[2022/11/1 14:10:49][INFO][流程块4.task][80] false
[2022/11/1 14:10:54][INFO][流程块4.task][80] false
[2022/11/1 14:11:00][INFO][流程块4.task][58] [
	"0"
]
[2022/11/1 14:11:00][INFO][流程块4.task][58] [
	"0"
]
[2022/11/1 14:11:01][INFO][流程块4.task][0] 流程块4.task 运行已结束
