[2022/11/21 19:01:31][INFO][][0] 工作路径已切换到 d:\rpa机器人\百纳\
[2022/11/21 19:01:31][INFO][流程块4.task][0] 流程 流程块4.task 开始运行
[2022/11/21 19:01:31][INFO][流程块4.task][1] 
[2022/11/21 19:01:50][INFO][流程块4.task][71] [
	"0"
]
[2022/11/21 19:01:50][INFO][流程块4.task][71] [
	"0"
]
[2022/11/21 19:01:50][INFO][流程块4.task][71] [
	"0"
]
[2022/11/21 19:01:50][INFO][流程块4.task][71] [
	"0"
]
[2022/11/21 19:01:50][INFO][流程块4.task][71] [
	"0"
]
[2022/11/21 19:01:50][INFO][流程块4.task][71] [
	"0"
]
[2022/11/21 19:01:50][INFO][流程块4.task][71] [
	"0"
]
[2022/11/21 19:01:50][INFO][流程块4.task][71] [
	"0"
]
[2022/11/21 19:01:50][INFO][流程块4.task][71] [
	"515789"
]
[2022/11/21 19:01:50][INFO][流程块4.task][75] [
	"500.00"
]
[2022/11/21 19:01:55][INFO][流程块4.task][71] [
	"0"
]
[2022/11/21 19:01:55][INFO][流程块4.task][71] [
	"0"
]
[2022/11/21 19:01:55][INFO][流程块4.task][71] [
	"0"
]
[2022/11/21 19:01:55][INFO][流程块4.task][71] [
	"0"
]
[2022/11/21 19:01:55][INFO][流程块4.task][71] [
	"0"
]
[2022/11/21 19:01:55][INFO][流程块4.task][71] [
	"0"
]
[2022/11/21 19:01:55][INFO][流程块4.task][71] [
	"0"
]
[2022/11/21 19:01:55][INFO][流程块4.task][71] [
	"901705"
]
[2022/11/21 19:01:55][INFO][流程块4.task][75] [
	"500.00"
]
[2022/11/21 19:02:00][INFO][流程块4.task][71] [
	"0"
]
[2022/11/21 19:02:00][INFO][流程块4.task][71] [
	"0"
]
[2022/11/21 19:02:00][INFO][流程块4.task][71] [
	"0"
]
[2022/11/21 19:02:00][INFO][流程块4.task][71] [
	"0"
]
[2022/11/21 19:02:00][INFO][流程块4.task][71] [
	"0"
]
[2022/11/21 19:02:00][INFO][流程块4.task][71] [
	"0"
]
[2022/11/21 19:02:00][INFO][流程块4.task][71] [
	"0"
]
[2022/11/21 19:02:00][INFO][流程块4.task][71] [
	"0"
]
[2022/11/21 19:02:00][INFO][流程块4.task][71] [
	"0"
]
[2022/11/21 19:02:00][INFO][流程块4.task][71] [
	"0"
]
[2022/11/21 19:02:00][INFO][流程块4.task][71] [
	"0"
]
[2022/11/21 19:02:00][INFO][流程块4.task][71] [
	"0"
]
[2022/11/21 19:02:00][INFO][流程块4.task][71] [
	"0"
]
[2022/11/21 19:02:00][INFO][流程块4.task][71] [
	"0"
]
[2022/11/21 19:02:00][INFO][流程块4.task][71] [
	"0"
]
[2022/11/21 19:02:00][INFO][流程块4.task][71] [
	"0"
]
[2022/11/21 19:02:00][INFO][流程块4.task][71] [
	"0"
]
[2022/11/21 19:02:00][INFO][流程块4.task][71] [
	"0"
]
[2022/11/21 19:02:00][INFO][流程块4.task][71] [
	"0"
]
[2022/11/21 19:02:00][INFO][流程块4.task][71] [
	"0"
]
[2022/11/21 19:02:00][INFO][流程块4.task][71] [
	"0"
]
[2022/11/21 19:02:00][INFO][流程块4.task][71] [
	"0"
]
[2022/11/21 19:02:00][INFO][流程块4.task][71] [
	"0"
]
[2022/11/21 19:02:00][INFO][流程块4.task][71] [
	"0"
]
[2022/11/21 19:02:00][INFO][流程块4.task][71] [
	"0"
]
[2022/11/21 19:02:00][INFO][流程块4.task][71] [
	"0"
]
[2022/11/21 19:02:00][INFO][流程块4.task][71] [
	"0"
]
[2022/11/21 19:02:00][INFO][流程块4.task][71] [
	"0"
]
[2022/11/21 19:02:00][INFO][流程块4.task][71] [
	"0"
]
[2022/11/21 19:02:00][INFO][流程块4.task][71] [
	"0"
]
[2022/11/21 19:02:00][INFO][流程块4.task][71] [
	"0"
]
[2022/11/21 19:02:00][INFO][流程块4.task][71] [
	"0"
]
[2022/11/21 19:02:00][INFO][流程块4.task][71] [
	"0"
]
[2022/11/21 19:02:00][INFO][流程块4.task][71] [
	"WX00011343"
]
[2022/11/21 19:02:00][INFO][流程块4.task][75] [
	"500.00"
]
[2022/11/21 19:02:05][INFO][流程块4.task][71] [
	"0"
]
[2022/11/21 19:02:05][INFO][流程块4.task][71] [
	"0"
]
[2022/11/21 19:02:05][INFO][流程块4.task][71] [
	"0"
]
[2022/11/21 19:02:05][INFO][流程块4.task][71] [
	"WX00016758-0002"
]
[2022/11/21 19:02:05][INFO][流程块4.task][75] [
	"100.00"
]
[2022/11/21 19:02:05][INFO][流程块4.task][94] false
[2022/11/21 19:02:11][INFO][流程块4.task][71] [
	"0"
]
[2022/11/21 19:02:11][INFO][流程块4.task][71] [
	"0"
]
[2022/11/21 19:02:11][INFO][流程块4.task][71] [
	"0"
]
[2022/11/21 19:02:11][INFO][流程块4.task][71] [
	"0"
]
[2022/11/21 19:02:11][INFO][流程块4.task][71] [
	"0"
]
[2022/11/21 19:02:11][INFO][流程块4.task][71] [
	"WX00023319-0002"
]
[2022/11/21 19:02:11][INFO][流程块4.task][75] [
	"100.00"
]
[2022/11/21 19:02:11][INFO][流程块4.task][94] false
[2022/11/21 19:02:16][INFO][流程块4.task][94] false
[2022/11/21 19:02:22][INFO][流程块4.task][71] [
	"0"
]
[2022/11/21 19:02:22][INFO][流程块4.task][71] [
	"0"
]
[2022/11/21 19:02:22][INFO][流程块4.task][71] [
	"0"
]
[2022/11/21 19:02:22][INFO][流程块4.task][71] [
	"0"
]
[2022/11/21 19:02:22][INFO][流程块4.task][71] [
	"WX00028282"
]
[2022/11/21 19:02:22][INFO][流程块4.task][75] [
	"200.00"
]
[2022/11/21 19:02:27][INFO][流程块4.task][71] [
	"0"
]
[2022/11/21 19:02:27][INFO][流程块4.task][71] [
	"0"
]
[2022/11/21 19:02:27][INFO][流程块4.task][71] [
	"0"
]
[2022/11/21 19:02:27][INFO][流程块4.task][71] [
	"0"
]
[2022/11/21 19:02:27][INFO][流程块4.task][71] [
	"0"
]
[2022/11/21 19:02:28][INFO][流程块4.task][71] [
	"0"
]
[2022/11/21 19:02:28][INFO][流程块4.task][71] [
	"0"
]
[2022/11/21 19:02:28][INFO][流程块4.task][71] [
	"0"
]
[2022/11/21 19:02:28][INFO][流程块4.task][71] [
	"0"
]
[2022/11/21 19:02:28][INFO][流程块4.task][71] [
	"0"
]
[2022/11/21 19:02:28][INFO][流程块4.task][71] [
	"0"
]
[2022/11/21 19:02:28][INFO][流程块4.task][71] [
	"0"
]
[2022/11/21 19:02:28][INFO][流程块4.task][71] [
	"0"
]
[2022/11/21 19:02:28][INFO][流程块4.task][71] [
	"0"
]
[2022/11/21 19:02:28][INFO][流程块4.task][71] [
	"0"
]
[2022/11/21 19:02:28][INFO][流程块4.task][71] [
	"WX00041916-0005"
]
[2022/11/21 19:02:28][INFO][流程块4.task][75] [
	"1000.00"
]
[2022/11/21 19:02:33][INFO][流程块4.task][71] [
	"0"
]
[2022/11/21 19:02:33][INFO][流程块4.task][71] [
	"0"
]
[2022/11/21 19:02:33][INFO][流程块4.task][71] [
	"0"
]
[2022/11/21 19:02:33][INFO][流程块4.task][71] [
	"0"
]
[2022/11/21 19:02:33][INFO][流程块4.task][71] [
	"0"
]
[2022/11/21 19:02:33][INFO][流程块4.task][71] [
	"0"
]
[2022/11/21 19:02:33][INFO][流程块4.task][71] [
	"WX00048657"
]
[2022/11/21 19:02:33][INFO][流程块4.task][75] [
	"500.00"
]
[2022/11/21 19:02:33][INFO][流程块4.task][94] false
[2022/11/21 19:02:39][INFO][流程块4.task][71] [
	"0"
]
[2022/11/21 19:02:39][INFO][流程块4.task][71] [
	"0"
]
[2022/11/21 19:02:39][INFO][流程块4.task][71] [
	"0"
]
[2022/11/21 19:02:39][INFO][流程块4.task][71] [
	"WX00052925"
]
[2022/11/21 19:02:39][INFO][流程块4.task][75] [
	"1000.00"
]
[2022/11/21 19:02:44][INFO][流程块4.task][71] [
	"0"
]
[2022/11/21 19:02:44][INFO][流程块4.task][71] [
	"WX00057165"
]
[2022/11/21 19:02:44][INFO][流程块4.task][75] [
	"200.00"
]
[2022/11/21 19:02:44][INFO][流程块4.task][94] false
[2022/11/21 19:02:50][INFO][流程块4.task][71] [
	"0"
]
[2022/11/21 19:02:50][INFO][流程块4.task][71] [
	"WX00062235"
]
[2022/11/21 19:02:50][INFO][流程块4.task][75] [
	"1000.00"
]
[2022/11/21 19:02:55][INFO][流程块4.task][71] [
	"WX00064066"
]
[2022/11/21 19:02:55][INFO][流程块4.task][75] [
	"500.00"
]
[2022/11/21 19:03:01][INFO][流程块4.task][71] [
	"0"
]
[2022/11/21 19:03:01][INFO][流程块4.task][71] [
	"0"
]
[2022/11/21 19:03:01][INFO][流程块4.task][71] [
	"0"
]
[2022/11/21 19:03:01][INFO][流程块4.task][71] [
	"0"
]
[2022/11/21 19:03:01][INFO][流程块4.task][71] [
	"0"
]
[2022/11/21 19:03:01][INFO][流程块4.task][71] [
	"WX00069308-0002"
]
[2022/11/21 19:03:01][INFO][流程块4.task][75] [
	"110.00"
]
[2022/11/21 19:03:01][INFO][流程块4.task][94] false
[2022/11/21 19:03:06][INFO][流程块4.task][71] [
	"0"
]
[2022/11/21 19:03:06][INFO][流程块4.task][71] [
	"0"
]
[2022/11/21 19:03:06][INFO][流程块4.task][71] [
	"0"
]
[2022/11/21 19:03:06][INFO][流程块4.task][71] [
	"0"
]
[2022/11/21 19:03:06][INFO][流程块4.task][71] [
	"0"
]
[2022/11/21 19:03:06][INFO][流程块4.task][71] [
	"0"
]
[2022/11/21 19:03:06][INFO][流程块4.task][71] [
	"0"
]
[2022/11/21 19:03:06][INFO][流程块4.task][71] [
	"0"
]
[2022/11/21 19:03:06][INFO][流程块4.task][71] [
	"0"
]
[2022/11/21 19:03:06][INFO][流程块4.task][71] [
	"0"
]
[2022/11/21 19:03:06][INFO][流程块4.task][71] [
	"0"
]
[2022/11/21 19:03:06][INFO][流程块4.task][71] [
	"0"
]
[2022/11/21 19:03:06][INFO][流程块4.task][71] [
	"WX00080006"
]
[2022/11/21 19:03:06][INFO][流程块4.task][75] [
	"600.00"
]
[2022/11/21 19:03:12][INFO][流程块4.task][71] [
	"0"
]
[2022/11/21 19:03:12][INFO][流程块4.task][71] [
	"WX00081050-0004"
]
[2022/11/21 19:03:12][INFO][流程块4.task][75] [
	"1000.00"
]
[2022/11/21 19:03:12][INFO][流程块4.task][94] false
[2022/11/21 19:03:17][INFO][流程块4.task][71] [
	"WX00081156-0003"
]
[2022/11/21 19:03:17][INFO][流程块4.task][75] [
	"864.00"
]
[2022/11/21 19:03:17][INFO][流程块4.task][94] false
[2022/11/21 19:03:23][INFO][流程块4.task][94] false
[2022/11/21 19:03:28][INFO][流程块4.task][71] [
	"WX00081247-0002"
]
[2022/11/21 19:03:28][INFO][流程块4.task][75] [
	"300.00"
]
[2022/11/21 19:03:28][INFO][流程块4.task][94] false
[2022/11/21 19:03:34][INFO][流程块4.task][94] false
[2022/11/21 19:03:39][INFO][流程块4.task][94] false
[2022/11/21 19:03:45][INFO][流程块4.task][94] true
[2022/11/21 19:03:45][INFO][流程块4.task][71] [
	"0"
]
[2022/11/21 19:03:45][INFO][流程块4.task][71] [
	"WX00081299-0004"
]
[2022/11/21 19:03:45][INFO][流程块4.task][75] [
	"200.00"
]
[2022/11/21 19:03:45][INFO][流程块4.task][94] false
[2022/11/21 19:03:50][INFO][流程块4.task][94] false
[2022/11/21 19:03:56][INFO][流程块4.task][94] false
[2022/11/21 19:04:01][INFO][流程块4.task][94] false
[2022/11/21 19:04:07][INFO][流程块4.task][94] false
[2022/11/21 19:04:12][INFO][流程块4.task][94] true
[2022/11/21 19:04:12][INFO][流程块4.task][71] [
	"0"
]
[2022/11/21 19:04:12][INFO][流程块4.task][71] [
	"WX00081319"
]
[2022/11/21 19:04:12][INFO][流程块4.task][75] [
	"500.00"
]
[2022/11/21 19:04:18][INFO][流程块4.task][71] [
	"WX00081322-0008"
]
[2022/11/21 19:04:18][INFO][流程块4.task][75] [
	"400.00"
]
[2022/11/21 19:04:18][INFO][流程块4.task][94] false
[2022/11/21 19:04:23][INFO][流程块4.task][94] false
[2022/11/21 19:04:29][INFO][流程块4.task][94] false
[2022/11/21 19:04:34][INFO][流程块4.task][94] false
[2022/11/21 19:04:40][INFO][流程块4.task][94] false
[2022/11/21 19:04:45][INFO][流程块4.task][94] false
[2022/11/21 19:04:51][INFO][流程块4.task][94] false
[2022/11/21 19:04:56][INFO][流程块4.task][94] false
[2022/11/21 19:05:02][INFO][流程块4.task][71] [
	"WX00081324"
]
[2022/11/21 19:05:02][INFO][流程块4.task][75] [
	"1000.00"
]
[2022/11/21 19:05:07][INFO][流程块4.task][71] [
	"WX00081326-0005"
]
[2022/11/21 19:05:07][INFO][流程块4.task][75] [
	"250.00"
]
[2022/11/21 19:05:07][INFO][流程块4.task][94] false
[2022/11/21 19:05:13][INFO][流程块4.task][94] false
[2022/11/21 19:05:18][INFO][流程块4.task][94] false
[2022/11/21 19:05:24][INFO][流程块4.task][94] false
[2022/11/21 19:05:29][INFO][流程块4.task][94] false
[2022/11/21 19:05:35][INFO][流程块4.task][71] [
	"WX00081329"
]
[2022/11/21 19:05:35][INFO][流程块4.task][75] [
	"200.00"
]
[2022/11/21 19:05:40][INFO][流程块4.task][71] [
	"WX00081330-0003"
]
[2022/11/21 19:05:40][INFO][流程块4.task][75] [
	"650.00"
]
[2022/11/21 19:05:40][INFO][流程块4.task][94] false
[2022/11/21 19:05:46][INFO][流程块4.task][94] false
[2022/11/21 19:05:51][INFO][流程块4.task][94] false
[2022/11/21 19:05:57][INFO][流程块4.task][71] [
	"WX00081331-0001"
]
[2022/11/21 19:05:57][INFO][流程块4.task][75] [
	"200.00"
]
[2022/11/21 19:05:57][INFO][流程块4.task][94] false
[2022/11/21 19:06:03][INFO][流程块4.task][71] [
	"0"
]
[2022/11/21 19:06:03][INFO][流程块4.task][0] 流程块4.task 运行已结束
