[2022/10/31 9:37:27][INFO][][0] 工作路径已切换到 d:\rpa机器人\百纳\
[2022/10/31 9:37:27][INFO][流程块4.task][0] 流程 流程块4.task 开始运行
[2022/10/31 9:37:28][INFO][流程块4.task][1] 
[2022/10/31 9:37:34][INFO][流程块4.task][58] [
	"0"
]
[2022/10/31 9:37:34][INFO][流程块4.task][58] [
	"950726-0005"
]
[2022/10/31 9:37:34][INFO][流程块4.task][62] [
	"250.00"
]
[2022/10/31 9:37:39][INFO][流程块4.task][58] [
	"0"
]
[2022/10/31 9:37:39][INFO][流程块4.task][58] [
	"WX00080956-0005"
]
[2022/10/31 9:37:39][INFO][流程块4.task][62] [
	"250.00"
]
[2022/10/31 9:38:07][INFO][流程块4.task][58] [
	"WX00080956"
]
[2022/10/31 9:38:07][INFO][流程块4.task][62] [
	"1000.00"
]
[2022/10/31 9:38:12][INFO][流程块4.task][58] [
	"WX00080977-0004"
]
[2022/10/31 9:38:12][INFO][流程块4.task][62] [
	"200.00"
]
[2022/10/31 9:38:34][INFO][流程块4.task][58] [
	"0"
]
[2022/10/31 9:38:34][INFO][流程块4.task][58] [
	"0"
]
[2022/10/31 9:38:34][INFO][流程块4.task][58] [
	"0"
]
[2022/10/31 9:38:35][INFO][流程块4.task][58] [
	"0"
]
[2022/10/31 9:38:35][INFO][流程块4.task][58] [
	"0"
]
[2022/10/31 9:38:35][INFO][流程块4.task][58] [
	"0"
]
[2022/10/31 9:38:35][INFO][流程块4.task][58] [
	"0"
]
[2022/10/31 9:38:35][INFO][流程块4.task][58] [
	"0"
]
[2022/10/31 9:38:35][INFO][流程块4.task][58] [
	"0"
]
[2022/10/31 9:38:35][INFO][流程块4.task][58] [
	"0"
]
[2022/10/31 9:38:35][INFO][流程块4.task][58] [
	"0"
]
[2022/10/31 9:38:35][INFO][流程块4.task][58] [
	"0"
]
[2022/10/31 9:38:35][INFO][流程块4.task][58] [
	"0"
]
[2022/10/31 9:38:35][INFO][流程块4.task][58] [
	"0"
]
[2022/10/31 9:38:35][INFO][流程块4.task][58] [
	"0"
]
[2022/10/31 9:38:35][INFO][流程块4.task][58] [
	"0"
]
[2022/10/31 9:38:35][INFO][流程块4.task][58] [
	"WX00080983-0010"
]
[2022/10/31 9:38:35][INFO][流程块4.task][62] [
	"500.00"
]
[2022/10/31 9:38:40][INFO][流程块4.task][58] [
	"0"
]
[2022/10/31 9:38:40][INFO][流程块4.task][58] [
	"0"
]
[2022/10/31 9:38:40][INFO][流程块4.task][58] [
	"0"
]
[2022/10/31 9:38:40][INFO][流程块4.task][58] [
	"0"
]
[2022/10/31 9:38:40][INFO][流程块4.task][58] [
	"WX00080980-0005"
]
[2022/10/31 9:38:40][INFO][流程块4.task][62] [
	"250.00"
]
[2022/10/31 9:38:57][INFO][流程块4.task][58] [
	"0"
]
[2022/10/31 9:38:57][INFO][流程块4.task][58] [
	"0"
]
[2022/10/31 9:38:57][INFO][流程块4.task][58] [
	"0"
]
[2022/10/31 9:38:57][INFO][流程块4.task][58] [
	"WX00076565"
]
[2022/10/31 9:38:57][INFO][流程块4.task][62] [
	"200.00"
]
[2022/10/31 9:39:02][INFO][流程块4.task][58] [
	"WX00080974"
]
[2022/10/31 9:39:02][INFO][流程块4.task][62] [
	"200.00"
]
[2022/10/31 9:39:07][INFO][流程块4.task][58] [
	"0"
]
[2022/10/31 9:39:07][INFO][流程块4.task][58] [
	"0"
]
[2022/10/31 9:39:07][INFO][流程块4.task][58] [
	"0"
]
[2022/10/31 9:39:07][INFO][流程块4.task][58] [
	"0"
]
[2022/10/31 9:39:07][INFO][流程块4.task][58] [
	"WX00039765"
]
[2022/10/31 9:39:07][INFO][流程块4.task][62] [
	"200.00"
]
[2022/10/31 9:39:13][INFO][流程块4.task][58] [
	"0"
]
[2022/10/31 9:39:13][INFO][流程块4.task][58] [
	"0"
]
[2022/10/31 9:39:13][INFO][流程块4.task][58] [
	"0"
]
[2022/10/31 9:39:13][INFO][流程块4.task][58] [
	"0"
]
[2022/10/31 9:39:13][INFO][流程块4.task][58] [
	"0"
]
[2022/10/31 9:39:13][INFO][流程块4.task][58] [
	"0"
]
[2022/10/31 9:39:13][INFO][流程块4.task][58] [
	"0"
]
[2022/10/31 9:39:13][INFO][流程块4.task][58] [
	"0"
]
[2022/10/31 9:39:13][INFO][流程块4.task][58] [
	"0"
]
[2022/10/31 9:39:13][INFO][流程块4.task][58] [
	"WX00078933-0002"
]
[2022/10/31 9:39:13][INFO][流程块4.task][62] [
	"100.00"
]
[2022/10/31 9:39:18][INFO][流程块4.task][58] [
	"0"
]
[2022/10/31 9:39:18][INFO][流程块4.task][58] [
	"0"
]
[2022/10/31 9:39:18][INFO][流程块4.task][58] [
	"0"
]
[2022/10/31 9:39:18][INFO][流程块4.task][58] [
	"0"
]
[2022/10/31 9:39:18][INFO][流程块4.task][58] [
	"0"
]
[2022/10/31 9:39:18][INFO][流程块4.task][58] [
	"0"
]
[2022/10/31 9:39:18][INFO][流程块4.task][58] [
	"510101-0002"
]
[2022/10/31 9:39:18][INFO][流程块4.task][62] [
	"100.00"
]
[2022/10/31 9:39:24][INFO][流程块4.task][58] [
	"0"
]
[2022/10/31 9:39:24][INFO][流程块4.task][58] [
	"0"
]
[2022/10/31 9:39:24][INFO][流程块4.task][58] [
	"0"
]
[2022/10/31 9:39:24][INFO][流程块4.task][58] [
	"0"
]
[2022/10/31 9:39:24][INFO][流程块4.task][58] [
	"0"
]
[2022/10/31 9:39:24][INFO][流程块4.task][58] [
	"0"
]
[2022/10/31 9:39:24][INFO][流程块4.task][58] [
	"0"
]
[2022/10/31 9:39:24][INFO][流程块4.task][58] [
	"0"
]
[2022/10/31 9:39:24][INFO][流程块4.task][58] [
	"517738"
]
[2022/10/31 9:39:24][INFO][流程块4.task][62] [
	"500.00"
]
[2022/10/31 9:39:29][INFO][流程块4.task][58] [
	"0"
]
[2022/10/31 9:39:29][INFO][流程块4.task][58] [
	"WX00004944"
]
[2022/10/31 9:39:29][INFO][流程块4.task][62] [
	"200.00"
]
[2022/10/31 9:39:34][INFO][流程块4.task][58] [
	"WX00036078"
]
[2022/10/31 9:39:34][INFO][流程块4.task][62] [
	"200.00"
]
[2022/10/31 9:39:39][INFO][流程块4.task][58] [
	"0"
]
[2022/10/31 9:39:39][INFO][流程块4.task][58] [
	"0"
]
[2022/10/31 9:39:39][INFO][流程块4.task][58] [
	"0"
]
[2022/10/31 9:39:39][INFO][流程块4.task][58] [
	"0"
]
[2022/10/31 9:39:39][INFO][流程块4.task][58] [
	"0"
]
[2022/10/31 9:39:39][INFO][流程块4.task][58] [
	"0"
]
[2022/10/31 9:39:39][INFO][流程块4.task][58] [
	"0"
]
[2022/10/31 9:39:39][INFO][流程块4.task][58] [
	"WX00079213"
]
[2022/10/31 9:39:39][INFO][流程块4.task][62] [
	"200.00"
]
[2022/10/31 9:39:45][INFO][流程块4.task][58] [
	"WX00079797-0005"
]
[2022/10/31 9:39:45][INFO][流程块4.task][62] [
	"250.00"
]
[2022/10/31 9:39:56][INFO][流程块4.task][58] [
	"WX00079797-0003"
]
[2022/10/31 9:39:56][INFO][流程块4.task][62] [
	"1000.00"
]
[2022/10/31 9:40:01][INFO][流程块4.task][58] [
	"WX00080970-0002"
]
[2022/10/31 9:40:01][INFO][流程块4.task][62] [
	"100.00"
]
[2022/10/31 9:40:07][INFO][流程块4.task][58] [
	"WX00080971"
]
[2022/10/31 9:40:07][INFO][流程块4.task][62] [
	"400.00"
]
[2022/10/31 9:40:12][INFO][流程块4.task][58] [
	"0"
]
[2022/10/31 9:40:12][INFO][流程块4.task][58] [
	"0"
]
[2022/10/31 9:40:12][INFO][流程块4.task][58] [
	"0"
]
[2022/10/31 9:40:12][INFO][流程块4.task][58] [
	"0"
]
[2022/10/31 9:40:12][INFO][流程块4.task][58] [
	"0"
]
[2022/10/31 9:40:12][INFO][流程块4.task][58] [
	"0"
]
[2022/10/31 9:40:12][INFO][流程块4.task][58] [
	"0"
]
[2022/10/31 9:40:12][INFO][流程块4.task][58] [
	"WX00077139"
]
[2022/10/31 9:40:12][INFO][流程块4.task][62] [
	"200.00"
]
[2022/10/31 9:40:16][INFO][流程块4.task][0] 流程块4.task 运行已结束
