[2022/11/1 11:36:13][INFO][][0] 工作路径已切换到 d:\rpa机器人\百纳\
[2022/11/1 11:36:13][INFO][流程块.task][0] 流程 流程块.task 开始运行
[2022/11/1 11:36:13][INFO][流程块.task][18] 进入
[2022/11/1 11:36:48][INFO][流程块.task][98] [
	[
		"",
		"956112",
		"",
		"",
		"马建伟",
		"",
		"百纳会员/百纳银",
		"",
		"",
		"微信在线",
		"3000",
		"",
		"3000",
		"WEB",
		" ",
		"2022-10-30 00:00:00",
		2.59722222222222,
		""
	],
	[
		"",
		"956112",
		"",
		"",
		"马建伟",
		"",
		"百纳会员/百纳银",
		"",
		"",
		"储值卡赠",
		"",
		"150",
		"3150",
		"WEB",
		"百纳银卡充值",
		"2022-10-30 00:00:00",
		2.59722222222222,
		""
	],
	[
		"",
		"956112",
		"",
		"",
		"马建伟",
		"",
		"百纳会员/百纳银",
		"",
		"",
		"微信在线",
		"500",
		"",
		"3650",
		"WEB",
		" ",
		"2022-10-30 00:00:00",
		2.59791666666667,
		""
	],
	[
		"",
		"960392",
		"",
		"",
		"宋先生",
		"",
		"百纳会员/一卡通",
		"",
		"",
		"工行pos",
		"2280",
		"",
		"2280",
		"RT002",
		"10.30日陈迎",
		"2022-10-30 00:00:00",
		2.51111111111111,
		""
	],
	[
		"",
		"960392",
		"",
		"",
		"宋先生",
		"",
		"百纳会员/一卡通",
		"",
		"",
		"储值卡赠",
		"",
		"114",
		"2394",
		"RT002",
		"充值返现2K-",
		"2022-10-30 00:00:00",
		2.51111111111111,
		""
	],
	[
		"",
		"WX00003160",
		"",
		"",
		"李敏",
		"",
		"微信会员/微信会",
		"",
		"",
		"微信在线",
		"2000",
		"",
		"3710",
		"WEB",
		" ",
		"2022-10-30 00:00:00",
		2.87291666666667,
		""
	],
	[
		"",
		"WX00003160",
		"",
		"",
		"李敏",
		"",
		"微信会员/微信会",
		"",
		"",
		"储值卡赠",
		"",
		"100",
		"3810",
		"WEB",
		"微信返现2K-",
		"2022-10-30 00:00:00",
		2.87291666666667,
		""
	],
	[
		"",
		"WX00017190",
		"",
		"",
		"尹绍洋",
		"",
		"微信会员/微信银",
		"",
		"",
		"微信在线",
		"1000",
		"",
		"2380",
		"WEB",
		" ",
		"2022-10-30 00:00:00",
		2.58472222222222,
		""
	],
	[
		"",
		"WX00024638",
		"",
		"",
		"孙冬",
		"",
		"微信会员/微信银",
		"",
		"",
		"微信在线",
		"1500",
		"",
		"3467",
		"WEB",
		" ",
		"2022-10-30 00:00:00",
		2.82569444444444,
		""
	],
	[
		"",
		"WX00030889",
		"",
		"",
		"张爱党",
		"",
		"微信会员/微信会",
		"",
		"",
		"微信在线",
		"5000",
		"",
		"14347",
		"WEB",
		" ",
		"2022-10-30 00:00:00",
		2.45416666666667,
		""
	],
	[
		"",
		"WX00030889",
		"",
		"",
		"张爱党",
		"",
		"微信会员/微信会",
		"",
		"",
		"储值卡赠",
		"",
		"250",
		"14597",
		"WEB",
		"微信返现2K-",
		"2022-10-30 00:00:00",
		2.45416666666667,
		""
	],
	[
		"",
		"WX00030889",
		"",
		"",
		"张爱党",
		"",
		"微信会员/微信会",
		"",
		"",
		"微信在线",
		"1000",
		"",
		"15597",
		"WEB",
		" ",
		"2022-10-30 00:00:00",
		2.45416666666667,
		""
	],
	[
		"",
		"WX00032276",
		"",
		"",
		"张鲁",
		"",
		"微信会员/微信会",
		"",
		"",
		"微信在线",
		"200",
		"",
		"703",
		"WEB",
		" ",
		"2022-10-30 00:00:00",
		2.50486111111111,
		""
	],
	[
		"",
		"WX00032276",
		"",
		"",
		"张鲁",
		"",
		"微信会员/微信会",
		"",
		"",
		"微信在线",
		"2000",
		"",
		"2703",
		"WEB",
		" ",
		"2022-10-30 00:00:00",
		2.50555555555556,
		""
	],
	[
		"",
		"WX00032276",
		"",
		"",
		"张鲁",
		"",
		"微信会员/微信会",
		"",
		"",
		"储值卡赠",
		"",
		"100",
		"2803",
		"WEB",
		"微信返现2K-",
		"2022-10-30 00:00:00",
		2.50555555555556,
		""
	],
	[
		"",
		"WX00041153",
		"",
		"",
		"易水寒",
		"",
		"微信会员/微信会",
		"",
		"",
		"微信在线",
		"500",
		"",
		"500",
		"WEB",
		" ",
		"2022-10-30 00:00:00",
		2.61111111111111,
		""
	],
	[
		"",
		"WX00041684",
		"",
		"",
		"刘书斌",
		"",
		"微信会员/微信会",
		"",
		"",
		"微信在线",
		"1000",
		"",
		"1000",
		"WEB",
		" ",
		"2022-10-30 00:00:00",
		2.49097222222222,
		""
	],
	[
		"",
		"WX00042134",
		"",
		"",
		"李小白",
		"",
		"微信会员/微信会",
		"",
		"",
		"微信在线",
		"2000",
		"",
		"2416",
		"WEB",
		" ",
		"2022-10-30 00:00:00",
		2.8875,
		""
	],
	[
		"",
		"WX00042134",
		"",
		"",
		"李小白",
		"",
		"微信会员/微信会",
		"",
		"",
		"储值卡赠",
		"",
		"100",
		"2516",
		"WEB",
		"微信返现2K-",
		"2022-10-30 00:00:00",
		2.8875,
		""
	],
	[
		"",
		"WX00050656",
		"",
		"",
		"允儿",
		"",
		"微信会员/微信会",
		"",
		"",
		"微信在线",
		"2000",
		"",
		"2000",
		"WEB",
		" ",
		"2022-10-30 00:00:00",
		2.75,
		""
	],
	[
		"",
		"WX00050656",
		"",
		"",
		"允儿",
		"",
		"微信会员/微信会",
		"",
		"",
		"储值卡赠",
		"",
		"100",
		"2100",
		"WEB",
		"微信返现2K-",
		"2022-10-30 00:00:00",
		2.75,
		""
	],
	[
		"",
		"WX00067623",
		"",
		"",
		"刘吉光",
		"",
		"微信会员/微信会",
		"",
		"",
		"微信在线",
		"200",
		"",
		"202",
		"WEB",
		" ",
		"2022-10-30 00:00:00",
		2.46111111111111,
		""
	],
	[
		"",
		"WX00072132",
		"",
		"",
		"高山流水",
		"",
		"微信会员/微信会",
		"",
		"",
		"微信在线",
		"1000",
		"",
		"1000",
		"WEB",
		" ",
		"2022-10-30 00:00:00",
		2.57777777777778,
		""
	],
	[
		"",
		"WX00078039",
		"",
		"",
		"郑十三",
		"",
		"微信会员/微信会",
		"",
		"",
		"微信在线",
		"5000",
		"",
		"5000",
		"WEB",
		" ",
		"2022-10-30 00:00:00",
		2.58680555555556,
		""
	],
	[
		"",
		"WX00078039",
		"",
		"",
		"郑十三",
		"",
		"微信会员/微信会",
		"",
		"",
		"储值卡赠",
		"",
		"250",
		"5250",
		"WEB",
		"微信返现2K-",
		"2022-10-30 00:00:00",
		2.58680555555556,
		""
	],
	[
		"",
		"WX00078759",
		"",
		"",
		"孙伟忠",
		"",
		"微信会员/微信会",
		"",
		"",
		"微信在线",
		"2000",
		"",
		"2985",
		"WEB",
		" ",
		"2022-10-30 00:00:00",
		2.48680555555556,
		""
	],
	[
		"",
		"WX00078759",
		"",
		"",
		"孙伟忠",
		"",
		"微信会员/微信会",
		"",
		"",
		"储值卡赠",
		"",
		"100",
		"3085",
		"WEB",
		"微信返现2K-",
		"2022-10-30 00:00:00",
		2.48680555555556,
		""
	],
	[
		"",
		"WX00080020",
		"",
		"",
		"汉先森",
		"",
		"微信会员/微信会",
		"",
		"",
		"微信在线",
		"2000",
		"",
		"2158",
		"WEB",
		" ",
		"2022-10-30 00:00:00",
		2.22569444444444,
		""
	],
	[
		"",
		"WX00080020",
		"",
		"",
		"汉先森",
		"",
		"微信会员/微信会",
		"",
		"",
		"储值卡赠",
		"",
		"100",
		"2258",
		"WEB",
		"微信返现2K-",
		"2022-10-30 00:00:00",
		2.22569444444444,
		""
	],
	[
		"",
		"WX00081039",
		"",
		"",
		"花小凡～",
		"",
		"微信会员/微信会",
		"",
		"",
		"微信在线",
		"200",
		"",
		"200",
		"WEB",
		" ",
		"2022-10-30 00:00:00",
		2.54444444444444,
		""
	],
	[
		"",
		"WX00081043",
		"",
		"",
		"天嘉化工连",
		"",
		"微信会员/微信会",
		"",
		"",
		"微信在线",
		"500",
		"",
		"500",
		"WEB",
		" ",
		"2022-10-30 00:00:00",
		2.77569444444444,
		""
	],
	[
		"",
		"WX00081044",
		"",
		"",
		"刘晓",
		"",
		"微信会员/微信会",
		"",
		"",
		"微信在线",
		"2000",
		"",
		"2000",
		"WEB",
		" ",
		"2022-10-30 00:00:00",
		2.83055555555556,
		""
	],
	[
		"",
		"WX00081044",
		"",
		"",
		"刘晓",
		"",
		"微信会员/微信会",
		"",
		"",
		"储值卡赠",
		"",
		"100",
		"2100",
		"WEB",
		"微信返现2K-",
		"2022-10-30 00:00:00",
		2.83055555555556,
		""
	],
	[
		"",
		"WX00081044",
		"",
		"",
		"刘晓",
		"",
		"微信会员/微信会",
		"",
		"",
		"微信在线",
		"200",
		"",
		"2300",
		"WEB",
		" ",
		"2022-10-30 00:00:00",
		2.83055555555556,
		""
	],
	[
		"",
		"WX00081044",
		"",
		"",
		"刘晓",
		"",
		"微信会员/微信会",
		"",
		"",
		"微信在线",
		"200",
		"",
		"2500",
		"WEB",
		" ",
		"2022-10-30 00:00:00",
		2.83055555555556,
		""
	],
	[
		"",
		"酒店：",
		"威海百纳瑞汀酒店",
		"",
		"",
		"",
		"",
		"33",
		"",
		"",
		"共:1",
		"笔，合计：",
		"500",
		"",
		"",
		"",
		0.0,
		""
	],
	[
		"",
		"513506",
		"",
		"",
		"闫先生",
		"",
		"百纳会员/百纳银",
		"",
		"",
		"国内卡",
		"500",
		"",
		"1121",
		"WHQSM",
		" ",
		"2022-10-30 00:00:00",
		2.53819444444444,
		""
	],
	[
		"",
		"",
		"",
		"",
		"",
		"共：",
		"",
		"",
		"",
		"36",
		"笔，合计：",
		"39244",
		"",
		"",
		"",
		"",
		0.0,
		""
	],
	[
		"",
		"",
		"",
		"",
		"",
		"",
		"",
		"",
		"",
		"Page ",
		"1)",
		"",
		"",
		"",
		"",
		"MEM22",
		0.0,
		""
	],
	[
		"",
		"",
		"",
		"",
		"",
		"",
		"",
		"",
		"",
		"",
		"",
		"",
		"",
		"",
		"",
		"",
		0.0,
		""
	]
]
[2022/11/1 11:36:49][INFO][流程块.task][109]    0          卡号 2 3     姓名  ...     工号        备注                 营业日期        时间 17
0         956112        马建伟  ...    WEB            2022-10-30 00:00:00  2.597222   
1         956112        马建伟  ...    WEB    百纳银卡充值  2022-10-30 00:00:00  2.597222   
2         956112        马建伟  ...    WEB            2022-10-30 00:00:00  2.597917   
3         960392        宋先生  ...  RT002  10.30日陈迎  2022-10-30 00:00:00  2.511111   
4         960392        宋先生  ...  RT002   充值返现2K-  2022-10-30 00:00:00  2.511111   
5     WX00003160         李敏  ...    WEB            2022-10-30 00:00:00  2.872917   
6     WX00003160         李敏  ...    WEB   微信返现2K-  2022-10-30 00:00:00  2.872917   
7     WX00017190        尹绍洋  ...    WEB            2022-10-30 00:00:00  2.584722   
8     WX00024638         孙冬  ...    WEB            2022-10-30 00:00:00  2.825694   
9     WX00030889       张爱党  ...    WEB            2022-10-30 00:00:00  2.454167   
10    WX00030889       张爱党  ...    WEB   微信返现2K-  2022-10-30 00:00:00  2.454167   
11    WX00030889       张爱党  ...    WEB            2022-10-30 00:00:00  2.454167   
12    WX00032276         张鲁  ...    WEB            2022-10-30 00:00:00  2.504861   
13    WX00032276         张鲁  ...    WEB            2022-10-30 00:00:00  2.505556   
14    WX00032276         张鲁  ...    WEB   微信返现2K-  2022-10-30 00:00:00  2.505556   
15    WX00041153        易水寒  ...    WEB            2022-10-30 00:00:00  2.611111   
16    WX00041684        刘书斌  ...    WEB            2022-10-30 00:00:00  2.490972   
17    WX00042134        李小白  ...    WEB            2022-10-30 00:00:00  2.887500   
18    WX00042134        李小白  ...    WEB   微信返现2K-  2022-10-30 00:00:00  2.887500   
19    WX00050656         允儿  ...    WEB            2022-10-30 00:00:00  2.750000   
20    WX00050656         允儿  ...    WEB   微信返现2K-  2022-10-30 00:00:00  2.750000   
21    WX00067623        刘吉光  ...    WEB            2022-10-30 00:00:00  2.461111   
22    WX00072132       高山流水  ...    WEB            2022-10-30 00:00:00  2.577778   
23    WX00078039        郑十三  ...    WEB            2022-10-30 00:00:00  2.586806   
24    WX00078039        郑十三  ...    WEB   微信返现2K-  2022-10-30 00:00:00  2.586806   
25    WX00078759        孙伟忠  ...    WEB            2022-10-30 00:00:00  2.486806   
26    WX00078759        孙伟忠  ...    WEB   微信返现2K-  2022-10-30 00:00:00  2.486806   
27    WX00080020        汉先森  ...    WEB            2022-10-30 00:00:00  2.225694   
28    WX00080020        汉先森  ...    WEB   微信返现2K-  2022-10-30 00:00:00  2.225694   
29    WX00081039       花小凡～  ...    WEB            2022-10-30 00:00:00  2.544444   
30    WX00081043      天嘉化工连  ...    WEB            2022-10-30 00:00:00  2.775694   
31    WX00081044         刘晓  ...    WEB            2022-10-30 00:00:00  2.830556   
32    WX00081044         刘晓  ...    WEB   微信返现2K-  2022-10-30 00:00:00  2.830556   
33    WX00081044         刘晓  ...    WEB            2022-10-30 00:00:00  2.830556   
34    WX00081044         刘晓  ...    WEB            2022-10-30 00:00:00  2.830556   
36        513506        闫先生  ...  WHQSM            2022-10-30 00:00:00  2.538194   

[36 rows x 18 columns]
[2022/11/1 11:36:49][INFO][流程块.task][122]    0          卡号 2 3     姓名  ...     工号        备注                 营业日期        时间 17
0         956112        马建伟  ...    WEB            2022-10-30 00:00:00  2.597222   
1         956112        马建伟  ...    WEB    百纳银卡充值  2022-10-30 00:00:00  2.597222   
2         956112        马建伟  ...    WEB            2022-10-30 00:00:00  2.597917   
3         960392        宋先生  ...  RT002  10.30日陈迎  2022-10-30 00:00:00  2.511111   
4         960392        宋先生  ...  RT002   充值返现2K-  2022-10-30 00:00:00  2.511111   
5     WX00003160         李敏  ...    WEB            2022-10-30 00:00:00  2.872917   
6     WX00003160         李敏  ...    WEB   微信返现2K-  2022-10-30 00:00:00  2.872917   
7     WX00017190        尹绍洋  ...    WEB            2022-10-30 00:00:00  2.584722   
8     WX00024638         孙冬  ...    WEB            2022-10-30 00:00:00  2.825694   
9     WX00030889       张爱党  ...    WEB            2022-10-30 00:00:00  2.454167   
10    WX00030889       张爱党  ...    WEB   微信返现2K-  2022-10-30 00:00:00  2.454167   
11    WX00030889       张爱党  ...    WEB            2022-10-30 00:00:00  2.454167   
12    WX00032276         张鲁  ...    WEB            2022-10-30 00:00:00  2.504861   
13    WX00032276         张鲁  ...    WEB            2022-10-30 00:00:00  2.505556   
14    WX00032276         张鲁  ...    WEB   微信返现2K-  2022-10-30 00:00:00  2.505556   
15    WX00041153        易水寒  ...    WEB            2022-10-30 00:00:00  2.611111   
16    WX00041684        刘书斌  ...    WEB            2022-10-30 00:00:00  2.490972   
17    WX00042134        李小白  ...    WEB            2022-10-30 00:00:00  2.887500   
18    WX00042134        李小白  ...    WEB   微信返现2K-  2022-10-30 00:00:00  2.887500   
19    WX00050656         允儿  ...    WEB            2022-10-30 00:00:00  2.750000   
20    WX00050656         允儿  ...    WEB   微信返现2K-  2022-10-30 00:00:00  2.750000   
21    WX00067623        刘吉光  ...    WEB            2022-10-30 00:00:00  2.461111   
22    WX00072132       高山流水  ...    WEB            2022-10-30 00:00:00  2.577778   
23    WX00078039        郑十三  ...    WEB            2022-10-30 00:00:00  2.586806   
24    WX00078039        郑十三  ...    WEB   微信返现2K-  2022-10-30 00:00:00  2.586806   
25    WX00078759        孙伟忠  ...    WEB            2022-10-30 00:00:00  2.486806   
26    WX00078759        孙伟忠  ...    WEB   微信返现2K-  2022-10-30 00:00:00  2.486806   
27    WX00080020        汉先森  ...    WEB            2022-10-30 00:00:00  2.225694   
28    WX00080020        汉先森  ...    WEB   微信返现2K-  2022-10-30 00:00:00  2.225694   
29    WX00081039       花小凡～  ...    WEB            2022-10-30 00:00:00  2.544444   
30    WX00081043      天嘉化工连  ...    WEB            2022-10-30 00:00:00  2.775694   
31    WX00081044         刘晓  ...    WEB            2022-10-30 00:00:00  2.830556   
32    WX00081044         刘晓  ...    WEB   微信返现2K-  2022-10-30 00:00:00  2.830556   
33    WX00081044         刘晓  ...    WEB            2022-10-30 00:00:00  2.830556   
34    WX00081044         刘晓  ...    WEB            2022-10-30 00:00:00  2.830556   
36        513506        闫先生  ...  WHQSM            2022-10-30 00:00:00  2.538194   

[36 rows x 18 columns]
[2022/11/1 12:04:38][INFO][流程块.task][345] 离开
[2022/11/1 12:04:38][INFO][流程块.task][0] 流程块.task 运行已结束
